2024-10-31 10:51:04,853 - mmcls - INFO - Environment info:
------------------------------------------------------------
sys.platform: linux
Python: 3.9.18 (main, Sep 11 2023, 13:41:44) [GCC 11.2.0]
CUDA available: True
GPU 0: NVIDIA A100-SXM4-80GB
CUDA_HOME: /mnt/lustre/share/cuda-11.8
NVCC: Cuda compilation tools, release 11.8, V11.8.89
GCC: gcc (GCC) 7.3.0
PyTorch: 2.2.0+cu121
PyTorch compiling details: PyTorch built with:
  - GCC 9.3
  - C++ Version: 201703
  - Intel(R) oneAPI Math Kernel Library Version 2022.2-Product Build 20220804 for Intel(R) 64 architecture applications
  - Intel(R) MKL-DNN v3.3.2 (Git Hash 2dc95a2ad0841e29db8b22fbccaf3e5da7992b01)
  - OpenMP 201511 (a.k.a. OpenMP 4.5)
  - LAPACK is enabled (usually provided by MKL)
  - NNPACK is enabled
  - CPU capability usage: AVX512
  - CUDA Runtime 12.1
  - NVCC architecture flags: -gencode;arch=compute_50,code=sm_50;-gencode;arch=compute_60,code=sm_60;-gencode;arch=compute_70,code=sm_70;-gencode;arch=compute_75,code=sm_75;-gencode;arch=compute_80,code=sm_80;-gencode;arch=compute_86,code=sm_86;-gencode;arch=compute_90,code=sm_90
  - CuDNN 8.9.2
  - Magma 2.6.1
  - Build settings: BLAS_INFO=mkl, BUILD_TYPE=Release, CUDA_VERSION=12.1, CUDNN_VERSION=8.9.2, CXX_COMPILER=/opt/rh/devtoolset-9/root/usr/bin/c++, CXX_FLAGS= -D_GLIBCXX_USE_CXX11_ABI=0 -fabi-version=11 -fvisibility-inlines-hidden -DUSE_PTHREADPOOL -DNDEBUG -DUSE_KINETO -DLIBKINETO_NOROCTRACER -DUSE_FBGEMM -DUSE_QNNPACK -DUSE_PYTORCH_QNNPACK -DUSE_XNNPACK -DSYMBOLICATE_MOBILE_DEBUG_HANDLE -O2 -fPIC -Wall -Wextra -Werror=return-type -Werror=non-virtual-dtor -Werror=bool-operation -Wnarrowing -Wno-missing-field-initializers -Wno-type-limits -Wno-array-bounds -Wno-unknown-pragmas -Wno-unused-parameter -Wno-unused-function -Wno-unused-result -Wno-strict-overflow -Wno-strict-aliasing -Wno-stringop-overflow -Wsuggest-override -Wno-psabi -Wno-error=pedantic -Wno-error=old-style-cast -Wno-missing-braces -fdiagnostics-color=always -faligned-new -Wno-unused-but-set-variable -Wno-maybe-uninitialized -fno-math-errno -fno-trapping-math -Werror=format -Wno-stringop-overflow, LAPACK_INFO=mkl, PERF_WITH_AVX=1, PERF_WITH_AVX2=1, PERF_WITH_AVX512=1, TORCH_VERSION=2.2.0, USE_CUDA=ON, USE_CUDNN=ON, USE_EXCEPTION_PTR=1, USE_GFLAGS=OFF, USE_GLOG=OFF, USE_MKL=ON, USE_MKLDNN=ON, USE_MPI=OFF, USE_NCCL=1, USE_NNPACK=ON, USE_OPENMP=ON, USE_ROCM=OFF, USE_ROCM_KERNEL_ASSERT=OFF, 

TorchVision: 0.17.0+cu121
OpenCV: 4.9.0
MMCV: 1.6.0
MMCV Compiler: n/a
MMCV CUDA Compiler: n/a
MMClassification: 0.25.0+68bac71
------------------------------------------------------------

2024-10-31 10:51:04,854 - mmcls - INFO - Distributed training: False
2024-10-31 10:51:05,374 - mmcls - INFO - Config:
model = dict(
    type='ImageClassifier',
    backbone=dict(
        type='DenseNet',
        arch='121',
        init_cfg=dict(
            type='Pretrained',
            checkpoint='weights/densenet121_4xb256_in1k_20220426-07450f99.pth',
            prefix='backbone')),
    neck=dict(type='GlobalAveragePooling'),
    head=dict(
        type='MultiLabelLinearClsHead', num_classes=19, in_channels=1024))
dataset_type = 'Chest19'
img_norm_cfg = dict(
    mean=[123.675, 116.28, 103.53], std=[58.395, 57.12, 57.375], to_rgb=True)
train_pipeline = [
    dict(type='LoadImageFromFile'),
    dict(
        type='RandomResizedCrop',
        size=256,
        backend='pillow',
        interpolation='bicubic'),
    dict(type='RandomFlip', flip_prob=0.5, direction='horizontal'),
    dict(
        type='Normalize',
        mean=[123.675, 116.28, 103.53],
        std=[58.395, 57.12, 57.375],
        to_rgb=True),
    dict(type='ImageToTensor', keys=['img']),
    dict(type='ToTensor', keys=['gt_label']),
    dict(type='Collect', keys=['img', 'gt_label'])
]
test_pipeline = [
    dict(type='LoadImageFromFile'),
    dict(type='Resize', size=256, backend='pillow', interpolation='bicubic'),
    dict(
        type='Normalize',
        mean=[123.675, 116.28, 103.53],
        std=[58.395, 57.12, 57.375],
        to_rgb=True),
    dict(type='ImageToTensor', keys=['img']),
    dict(type='Collect', keys=['img'])
]
data = dict(
    samples_per_gpu=4,
    workers_per_gpu=4,
    train=dict(
        type='Chest19',
        data_prefix=
        '/mnt/petrelfs/jiyuanfeng.p/data/medfmc/MedFMC_train/chest/images',
        ann_file=
        '/mnt/petrelfs/jiyuanfeng.p/project/radiffuser/tools/downstream/medfm/data_backup/MedFMC/chest/chest_10-shot_train_exp5.txt',
        pipeline=[
            dict(type='LoadImageFromFile'),
            dict(
                type='RandomResizedCrop',
                size=256,
                backend='pillow',
                interpolation='bicubic'),
            dict(type='RandomFlip', flip_prob=0.5, direction='horizontal'),
            dict(
                type='Normalize',
                mean=[123.675, 116.28, 103.53],
                std=[58.395, 57.12, 57.375],
                to_rgb=True),
            dict(type='ImageToTensor', keys=['img']),
            dict(type='ToTensor', keys=['gt_label']),
            dict(type='Collect', keys=['img', 'gt_label'])
        ]),
    val=dict(
        type='Chest19',
        data_prefix=
        '/mnt/petrelfs/jiyuanfeng.p/data/medfmc/MedFMC_train/chest/images',
        ann_file=
        '/mnt/petrelfs/jiyuanfeng.p/project/radiffuser/tools/downstream/medfm/data_backup/MedFMC/chest/chest_10-shot_val_exp5.txt',
        pipeline=[
            dict(type='LoadImageFromFile'),
            dict(
                type='Resize',
                size=256,
                backend='pillow',
                interpolation='bicubic'),
            dict(
                type='Normalize',
                mean=[123.675, 116.28, 103.53],
                std=[58.395, 57.12, 57.375],
                to_rgb=True),
            dict(type='ImageToTensor', keys=['img']),
            dict(type='Collect', keys=['img'])
        ]),
    test=dict(
        type='Chest19',
        data_prefix=
        '/mnt/petrelfs/jiyuanfeng.p/data/medfmc/MedFMC_train/chest/images',
        ann_file=
        '/mnt/petrelfs/jiyuanfeng.p/project/radiffuser/tools/downstream/medfm/data_backup/MedFMC/chest/test_WithLabel.txt',
        pipeline=[
            dict(type='LoadImageFromFile'),
            dict(
                type='Resize',
                size=256,
                backend='pillow',
                interpolation='bicubic'),
            dict(
                type='Normalize',
                mean=[123.675, 116.28, 103.53],
                std=[58.395, 57.12, 57.375],
                to_rgb=True),
            dict(type='ImageToTensor', keys=['img']),
            dict(type='Collect', keys=['img'])
        ]))
evaluation = dict(interval=1, metric='mAP', save_best='auto')
optimizer = dict(type='SGD', lr=0.001, momentum=0.9, weight_decay=0.0001)
optimizer_config = dict(grad_clip=None)
lr_config = dict(policy='CosineAnnealing', min_lr=0)
runner = dict(type='EpochBasedRunner', max_epochs=20)
checkpoint_config = dict(interval=1, max_keep_ckpts=1)
log_config = dict(interval=5, hooks=[dict(type='TextLoggerHook')])
dist_params = dict(backend='nccl')
log_level = 'INFO'
load_from = 'work_dirs/downsteam/cls/mimic/pretrain/sync5/latest.pth'
resume_from = None
workflow = [('train', 1)]
custom_imports = dict(
    imports=[
        'medfmc.models', 'medfmc.datasets.medical_datasets',
        'medfmc.core.evaluation'
    ],
    allow_failed_imports=False)
dataset = 'chest'
nshot = 10
exp = 5
base_path = '/mnt/petrelfs/jiyuanfeng.p/project/radiffuser/tools/downstream/medfm/data_backup/MedFMC'
train_val_template = '/mnt/petrelfs/jiyuanfeng.p/project/radiffuser/tools/downstream/medfm/data_backup/MedFMC/{dataset}/{dataset}_{nshot}-shot_{split}_exp{exp}.txt'
work_dir = 'work_dirs/downsteam/cls/medfmc/fewshot/syn5/10_shot_exp5'
gpu_ids = [0]

2024-10-31 10:51:05,376 - mmcls - INFO - Set random seed to 0, deterministic: False
2024-10-31 10:51:05,788 - mmcls - INFO - initialize DenseNet with init_cfg {'type': 'Pretrained', 'checkpoint': 'weights/densenet121_4xb256_in1k_20220426-07450f99.pth', 'prefix': 'backbone'}
2024-10-31 10:51:07,494 - mmcls - INFO - initialize MultiLabelLinearClsHead with init_cfg {'type': 'Normal', 'layer': 'Linear', 'std': 0.01}
Name of parameter - Initialization information

backbone.stem.0.weight - torch.Size([64, 3, 7, 7]): 
PretrainedInit: load from weights/densenet121_4xb256_in1k_20220426-07450f99.pth 

backbone.stem.1.weight - torch.Size([64]): 
PretrainedInit: load from weights/densenet121_4xb256_in1k_20220426-07450f99.pth 

backbone.stem.1.bias - torch.Size([64]): 
PretrainedInit: load from weights/densenet121_4xb256_in1k_20220426-07450f99.pth 

backbone.stages.0.block.0.norm1.weight - torch.Size([64]): 
PretrainedInit: load from weights/densenet121_4xb256_in1k_20220426-07450f99.pth 

backbone.stages.0.block.0.norm1.bias - torch.Size([64]): 
PretrainedInit: load from weights/densenet121_4xb256_in1k_20220426-07450f99.pth 

backbone.stages.0.block.0.conv1.weight - torch.Size([128, 64, 1, 1]): 
PretrainedInit: load from weights/densenet121_4xb256_in1k_20220426-07450f99.pth 

backbone.stages.0.block.0.norm2.weight - torch.Size([128]): 
PretrainedInit: load from weights/densenet121_4xb256_in1k_20220426-07450f99.pth 

backbone.stages.0.block.0.norm2.bias - torch.Size([128]): 
PretrainedInit: load from weights/densenet121_4xb256_in1k_20220426-07450f99.pth 

backbone.stages.0.block.0.conv2.weight - torch.Size([32, 128, 3, 3]): 
PretrainedInit: load from weights/densenet121_4xb256_in1k_20220426-07450f99.pth 

backbone.stages.0.block.1.norm1.weight - torch.Size([96]): 
PretrainedInit: load from weights/densenet121_4xb256_in1k_20220426-07450f99.pth 

backbone.stages.0.block.1.norm1.bias - torch.Size([96]): 
PretrainedInit: load from weights/densenet121_4xb256_in1k_20220426-07450f99.pth 

backbone.stages.0.block.1.conv1.weight - torch.Size([128, 96, 1, 1]): 
PretrainedInit: load from weights/densenet121_4xb256_in1k_20220426-07450f99.pth 

backbone.stages.0.block.1.norm2.weight - torch.Size([128]): 
PretrainedInit: load from weights/densenet121_4xb256_in1k_20220426-07450f99.pth 

backbone.stages.0.block.1.norm2.bias - torch.Size([128]): 
PretrainedInit: load from weights/densenet121_4xb256_in1k_20220426-07450f99.pth 

backbone.stages.0.block.1.conv2.weight - torch.Size([32, 128, 3, 3]): 
PretrainedInit: load from weights/densenet121_4xb256_in1k_20220426-07450f99.pth 

backbone.stages.0.block.2.norm1.weight - torch.Size([128]): 
PretrainedInit: load from weights/densenet121_4xb256_in1k_20220426-07450f99.pth 

backbone.stages.0.block.2.norm1.bias - torch.Size([128]): 
PretrainedInit: load from weights/densenet121_4xb256_in1k_20220426-07450f99.pth 

backbone.stages.0.block.2.conv1.weight - torch.Size([128, 128, 1, 1]): 
PretrainedInit: load from weights/densenet121_4xb256_in1k_20220426-07450f99.pth 

backbone.stages.0.block.2.norm2.weight - torch.Size([128]): 
PretrainedInit: load from weights/densenet121_4xb256_in1k_20220426-07450f99.pth 

backbone.stages.0.block.2.norm2.bias - torch.Size([128]): 
PretrainedInit: load from weights/densenet121_4xb256_in1k_20220426-07450f99.pth 

backbone.stages.0.block.2.conv2.weight - torch.Size([32, 128, 3, 3]): 
PretrainedInit: load from weights/densenet121_4xb256_in1k_20220426-07450f99.pth 

backbone.stages.0.block.3.norm1.weight - torch.Size([160]): 
PretrainedInit: load from weights/densenet121_4xb256_in1k_20220426-07450f99.pth 

backbone.stages.0.block.3.norm1.bias - torch.Size([160]): 
PretrainedInit: load from weights/densenet121_4xb256_in1k_20220426-07450f99.pth 

backbone.stages.0.block.3.conv1.weight - torch.Size([128, 160, 1, 1]): 
PretrainedInit: load from weights/densenet121_4xb256_in1k_20220426-07450f99.pth 

backbone.stages.0.block.3.norm2.weight - torch.Size([128]): 
PretrainedInit: load from weights/densenet121_4xb256_in1k_20220426-07450f99.pth 

backbone.stages.0.block.3.norm2.bias - torch.Size([128]): 
PretrainedInit: load from weights/densenet121_4xb256_in1k_20220426-07450f99.pth 

backbone.stages.0.block.3.conv2.weight - torch.Size([32, 128, 3, 3]): 
PretrainedInit: load from weights/densenet121_4xb256_in1k_20220426-07450f99.pth 

backbone.stages.0.block.4.norm1.weight - torch.Size([192]): 
PretrainedInit: load from weights/densenet121_4xb256_in1k_20220426-07450f99.pth 

backbone.stages.0.block.4.norm1.bias - torch.Size([192]): 
PretrainedInit: load from weights/densenet121_4xb256_in1k_20220426-07450f99.pth 

backbone.stages.0.block.4.conv1.weight - torch.Size([128, 192, 1, 1]): 
PretrainedInit: load from weights/densenet121_4xb256_in1k_20220426-07450f99.pth 

backbone.stages.0.block.4.norm2.weight - torch.Size([128]): 
PretrainedInit: load from weights/densenet121_4xb256_in1k_20220426-07450f99.pth 

backbone.stages.0.block.4.norm2.bias - torch.Size([128]): 
PretrainedInit: load from weights/densenet121_4xb256_in1k_20220426-07450f99.pth 

backbone.stages.0.block.4.conv2.weight - torch.Size([32, 128, 3, 3]): 
PretrainedInit: load from weights/densenet121_4xb256_in1k_20220426-07450f99.pth 

backbone.stages.0.block.5.norm1.weight - torch.Size([224]): 
PretrainedInit: load from weights/densenet121_4xb256_in1k_20220426-07450f99.pth 

backbone.stages.0.block.5.norm1.bias - torch.Size([224]): 
PretrainedInit: load from weights/densenet121_4xb256_in1k_20220426-07450f99.pth 

backbone.stages.0.block.5.conv1.weight - torch.Size([128, 224, 1, 1]): 
PretrainedInit: load from weights/densenet121_4xb256_in1k_20220426-07450f99.pth 

backbone.stages.0.block.5.norm2.weight - torch.Size([128]): 
PretrainedInit: load from weights/densenet121_4xb256_in1k_20220426-07450f99.pth 

backbone.stages.0.block.5.norm2.bias - torch.Size([128]): 
PretrainedInit: load from weights/densenet121_4xb256_in1k_20220426-07450f99.pth 

backbone.stages.0.block.5.conv2.weight - torch.Size([32, 128, 3, 3]): 
PretrainedInit: load from weights/densenet121_4xb256_in1k_20220426-07450f99.pth 

backbone.stages.1.block.0.norm1.weight - torch.Size([128]): 
PretrainedInit: load from weights/densenet121_4xb256_in1k_20220426-07450f99.pth 

backbone.stages.1.block.0.norm1.bias - torch.Size([128]): 
PretrainedInit: load from weights/densenet121_4xb256_in1k_20220426-07450f99.pth 

backbone.stages.1.block.0.conv1.weight - torch.Size([128, 128, 1, 1]): 
PretrainedInit: load from weights/densenet121_4xb256_in1k_20220426-07450f99.pth 

backbone.stages.1.block.0.norm2.weight - torch.Size([128]): 
PretrainedInit: load from weights/densenet121_4xb256_in1k_20220426-07450f99.pth 

backbone.stages.1.block.0.norm2.bias - torch.Size([128]): 
PretrainedInit: load from weights/densenet121_4xb256_in1k_20220426-07450f99.pth 

backbone.stages.1.block.0.conv2.weight - torch.Size([32, 128, 3, 3]): 
PretrainedInit: load from weights/densenet121_4xb256_in1k_20220426-07450f99.pth 

backbone.stages.1.block.1.norm1.weight - torch.Size([160]): 
PretrainedInit: load from weights/densenet121_4xb256_in1k_20220426-07450f99.pth 

backbone.stages.1.block.1.norm1.bias - torch.Size([160]): 
PretrainedInit: load from weights/densenet121_4xb256_in1k_20220426-07450f99.pth 

backbone.stages.1.block.1.conv1.weight - torch.Size([128, 160, 1, 1]): 
PretrainedInit: load from weights/densenet121_4xb256_in1k_20220426-07450f99.pth 

backbone.stages.1.block.1.norm2.weight - torch.Size([128]): 
PretrainedInit: load from weights/densenet121_4xb256_in1k_20220426-07450f99.pth 

backbone.stages.1.block.1.norm2.bias - torch.Size([128]): 
PretrainedInit: load from weights/densenet121_4xb256_in1k_20220426-07450f99.pth 

backbone.stages.1.block.1.conv2.weight - torch.Size([32, 128, 3, 3]): 
PretrainedInit: load from weights/densenet121_4xb256_in1k_20220426-07450f99.pth 

backbone.stages.1.block.2.norm1.weight - torch.Size([192]): 
PretrainedInit: load from weights/densenet121_4xb256_in1k_20220426-07450f99.pth 

backbone.stages.1.block.2.norm1.bias - torch.Size([192]): 
PretrainedInit: load from weights/densenet121_4xb256_in1k_20220426-07450f99.pth 

backbone.stages.1.block.2.conv1.weight - torch.Size([128, 192, 1, 1]): 
PretrainedInit: load from weights/densenet121_4xb256_in1k_20220426-07450f99.pth 

backbone.stages.1.block.2.norm2.weight - torch.Size([128]): 
PretrainedInit: load from weights/densenet121_4xb256_in1k_20220426-07450f99.pth 

backbone.stages.1.block.2.norm2.bias - torch.Size([128]): 
PretrainedInit: load from weights/densenet121_4xb256_in1k_20220426-07450f99.pth 

backbone.stages.1.block.2.conv2.weight - torch.Size([32, 128, 3, 3]): 
PretrainedInit: load from weights/densenet121_4xb256_in1k_20220426-07450f99.pth 

backbone.stages.1.block.3.norm1.weight - torch.Size([224]): 
PretrainedInit: load from weights/densenet121_4xb256_in1k_20220426-07450f99.pth 

backbone.stages.1.block.3.norm1.bias - torch.Size([224]): 
PretrainedInit: load from weights/densenet121_4xb256_in1k_20220426-07450f99.pth 

backbone.stages.1.block.3.conv1.weight - torch.Size([128, 224, 1, 1]): 
PretrainedInit: load from weights/densenet121_4xb256_in1k_20220426-07450f99.pth 

backbone.stages.1.block.3.norm2.weight - torch.Size([128]): 
PretrainedInit: load from weights/densenet121_4xb256_in1k_20220426-07450f99.pth 

backbone.stages.1.block.3.norm2.bias - torch.Size([128]): 
PretrainedInit: load from weights/densenet121_4xb256_in1k_20220426-07450f99.pth 

backbone.stages.1.block.3.conv2.weight - torch.Size([32, 128, 3, 3]): 
PretrainedInit: load from weights/densenet121_4xb256_in1k_20220426-07450f99.pth 

backbone.stages.1.block.4.norm1.weight - torch.Size([256]): 
PretrainedInit: load from weights/densenet121_4xb256_in1k_20220426-07450f99.pth 

backbone.stages.1.block.4.norm1.bias - torch.Size([256]): 
PretrainedInit: load from weights/densenet121_4xb256_in1k_20220426-07450f99.pth 

backbone.stages.1.block.4.conv1.weight - torch.Size([128, 256, 1, 1]): 
PretrainedInit: load from weights/densenet121_4xb256_in1k_20220426-07450f99.pth 

backbone.stages.1.block.4.norm2.weight - torch.Size([128]): 
PretrainedInit: load from weights/densenet121_4xb256_in1k_20220426-07450f99.pth 

backbone.stages.1.block.4.norm2.bias - torch.Size([128]): 
PretrainedInit: load from weights/densenet121_4xb256_in1k_20220426-07450f99.pth 

backbone.stages.1.block.4.conv2.weight - torch.Size([32, 128, 3, 3]): 
PretrainedInit: load from weights/densenet121_4xb256_in1k_20220426-07450f99.pth 

backbone.stages.1.block.5.norm1.weight - torch.Size([288]): 
PretrainedInit: load from weights/densenet121_4xb256_in1k_20220426-07450f99.pth 

backbone.stages.1.block.5.norm1.bias - torch.Size([288]): 
PretrainedInit: load from weights/densenet121_4xb256_in1k_20220426-07450f99.pth 

backbone.stages.1.block.5.conv1.weight - torch.Size([128, 288, 1, 1]): 
PretrainedInit: load from weights/densenet121_4xb256_in1k_20220426-07450f99.pth 

backbone.stages.1.block.5.norm2.weight - torch.Size([128]): 
PretrainedInit: load from weights/densenet121_4xb256_in1k_20220426-07450f99.pth 

backbone.stages.1.block.5.norm2.bias - torch.Size([128]): 
PretrainedInit: load from weights/densenet121_4xb256_in1k_20220426-07450f99.pth 

backbone.stages.1.block.5.conv2.weight - torch.Size([32, 128, 3, 3]): 
PretrainedInit: load from weights/densenet121_4xb256_in1k_20220426-07450f99.pth 

backbone.stages.1.block.6.norm1.weight - torch.Size([320]): 
PretrainedInit: load from weights/densenet121_4xb256_in1k_20220426-07450f99.pth 

backbone.stages.1.block.6.norm1.bias - torch.Size([320]): 
PretrainedInit: load from weights/densenet121_4xb256_in1k_20220426-07450f99.pth 

backbone.stages.1.block.6.conv1.weight - torch.Size([128, 320, 1, 1]): 
PretrainedInit: load from weights/densenet121_4xb256_in1k_20220426-07450f99.pth 

backbone.stages.1.block.6.norm2.weight - torch.Size([128]): 
PretrainedInit: load from weights/densenet121_4xb256_in1k_20220426-07450f99.pth 

backbone.stages.1.block.6.norm2.bias - torch.Size([128]): 
PretrainedInit: load from weights/densenet121_4xb256_in1k_20220426-07450f99.pth 

backbone.stages.1.block.6.conv2.weight - torch.Size([32, 128, 3, 3]): 
PretrainedInit: load from weights/densenet121_4xb256_in1k_20220426-07450f99.pth 

backbone.stages.1.block.7.norm1.weight - torch.Size([352]): 
PretrainedInit: load from weights/densenet121_4xb256_in1k_20220426-07450f99.pth 

backbone.stages.1.block.7.norm1.bias - torch.Size([352]): 
PretrainedInit: load from weights/densenet121_4xb256_in1k_20220426-07450f99.pth 

backbone.stages.1.block.7.conv1.weight - torch.Size([128, 352, 1, 1]): 
PretrainedInit: load from weights/densenet121_4xb256_in1k_20220426-07450f99.pth 

backbone.stages.1.block.7.norm2.weight - torch.Size([128]): 
PretrainedInit: load from weights/densenet121_4xb256_in1k_20220426-07450f99.pth 

backbone.stages.1.block.7.norm2.bias - torch.Size([128]): 
PretrainedInit: load from weights/densenet121_4xb256_in1k_20220426-07450f99.pth 

backbone.stages.1.block.7.conv2.weight - torch.Size([32, 128, 3, 3]): 
PretrainedInit: load from weights/densenet121_4xb256_in1k_20220426-07450f99.pth 

backbone.stages.1.block.8.norm1.weight - torch.Size([384]): 
PretrainedInit: load from weights/densenet121_4xb256_in1k_20220426-07450f99.pth 

backbone.stages.1.block.8.norm1.bias - torch.Size([384]): 
PretrainedInit: load from weights/densenet121_4xb256_in1k_20220426-07450f99.pth 

backbone.stages.1.block.8.conv1.weight - torch.Size([128, 384, 1, 1]): 
PretrainedInit: load from weights/densenet121_4xb256_in1k_20220426-07450f99.pth 

backbone.stages.1.block.8.norm2.weight - torch.Size([128]): 
PretrainedInit: load from weights/densenet121_4xb256_in1k_20220426-07450f99.pth 

backbone.stages.1.block.8.norm2.bias - torch.Size([128]): 
PretrainedInit: load from weights/densenet121_4xb256_in1k_20220426-07450f99.pth 

backbone.stages.1.block.8.conv2.weight - torch.Size([32, 128, 3, 3]): 
PretrainedInit: load from weights/densenet121_4xb256_in1k_20220426-07450f99.pth 

backbone.stages.1.block.9.norm1.weight - torch.Size([416]): 
PretrainedInit: load from weights/densenet121_4xb256_in1k_20220426-07450f99.pth 

backbone.stages.1.block.9.norm1.bias - torch.Size([416]): 
PretrainedInit: load from weights/densenet121_4xb256_in1k_20220426-07450f99.pth 

backbone.stages.1.block.9.conv1.weight - torch.Size([128, 416, 1, 1]): 
PretrainedInit: load from weights/densenet121_4xb256_in1k_20220426-07450f99.pth 

backbone.stages.1.block.9.norm2.weight - torch.Size([128]): 
PretrainedInit: load from weights/densenet121_4xb256_in1k_20220426-07450f99.pth 

backbone.stages.1.block.9.norm2.bias - torch.Size([128]): 
PretrainedInit: load from weights/densenet121_4xb256_in1k_20220426-07450f99.pth 

backbone.stages.1.block.9.conv2.weight - torch.Size([32, 128, 3, 3]): 
PretrainedInit: load from weights/densenet121_4xb256_in1k_20220426-07450f99.pth 

backbone.stages.1.block.10.norm1.weight - torch.Size([448]): 
PretrainedInit: load from weights/densenet121_4xb256_in1k_20220426-07450f99.pth 

backbone.stages.1.block.10.norm1.bias - torch.Size([448]): 
PretrainedInit: load from weights/densenet121_4xb256_in1k_20220426-07450f99.pth 

backbone.stages.1.block.10.conv1.weight - torch.Size([128, 448, 1, 1]): 
PretrainedInit: load from weights/densenet121_4xb256_in1k_20220426-07450f99.pth 

backbone.stages.1.block.10.norm2.weight - torch.Size([128]): 
PretrainedInit: load from weights/densenet121_4xb256_in1k_20220426-07450f99.pth 

backbone.stages.1.block.10.norm2.bias - torch.Size([128]): 
PretrainedInit: load from weights/densenet121_4xb256_in1k_20220426-07450f99.pth 

backbone.stages.1.block.10.conv2.weight - torch.Size([32, 128, 3, 3]): 
PretrainedInit: load from weights/densenet121_4xb256_in1k_20220426-07450f99.pth 

backbone.stages.1.block.11.norm1.weight - torch.Size([480]): 
PretrainedInit: load from weights/densenet121_4xb256_in1k_20220426-07450f99.pth 

backbone.stages.1.block.11.norm1.bias - torch.Size([480]): 
PretrainedInit: load from weights/densenet121_4xb256_in1k_20220426-07450f99.pth 

backbone.stages.1.block.11.conv1.weight - torch.Size([128, 480, 1, 1]): 
PretrainedInit: load from weights/densenet121_4xb256_in1k_20220426-07450f99.pth 

backbone.stages.1.block.11.norm2.weight - torch.Size([128]): 
PretrainedInit: load from weights/densenet121_4xb256_in1k_20220426-07450f99.pth 

backbone.stages.1.block.11.norm2.bias - torch.Size([128]): 
PretrainedInit: load from weights/densenet121_4xb256_in1k_20220426-07450f99.pth 

backbone.stages.1.block.11.conv2.weight - torch.Size([32, 128, 3, 3]): 
PretrainedInit: load from weights/densenet121_4xb256_in1k_20220426-07450f99.pth 

backbone.stages.2.block.0.norm1.weight - torch.Size([256]): 
PretrainedInit: load from weights/densenet121_4xb256_in1k_20220426-07450f99.pth 

backbone.stages.2.block.0.norm1.bias - torch.Size([256]): 
PretrainedInit: load from weights/densenet121_4xb256_in1k_20220426-07450f99.pth 

backbone.stages.2.block.0.conv1.weight - torch.Size([128, 256, 1, 1]): 
PretrainedInit: load from weights/densenet121_4xb256_in1k_20220426-07450f99.pth 

backbone.stages.2.block.0.norm2.weight - torch.Size([128]): 
PretrainedInit: load from weights/densenet121_4xb256_in1k_20220426-07450f99.pth 

backbone.stages.2.block.0.norm2.bias - torch.Size([128]): 
PretrainedInit: load from weights/densenet121_4xb256_in1k_20220426-07450f99.pth 

backbone.stages.2.block.0.conv2.weight - torch.Size([32, 128, 3, 3]): 
PretrainedInit: load from weights/densenet121_4xb256_in1k_20220426-07450f99.pth 

backbone.stages.2.block.1.norm1.weight - torch.Size([288]): 
PretrainedInit: load from weights/densenet121_4xb256_in1k_20220426-07450f99.pth 

backbone.stages.2.block.1.norm1.bias - torch.Size([288]): 
PretrainedInit: load from weights/densenet121_4xb256_in1k_20220426-07450f99.pth 

backbone.stages.2.block.1.conv1.weight - torch.Size([128, 288, 1, 1]): 
PretrainedInit: load from weights/densenet121_4xb256_in1k_20220426-07450f99.pth 

backbone.stages.2.block.1.norm2.weight - torch.Size([128]): 
PretrainedInit: load from weights/densenet121_4xb256_in1k_20220426-07450f99.pth 

backbone.stages.2.block.1.norm2.bias - torch.Size([128]): 
PretrainedInit: load from weights/densenet121_4xb256_in1k_20220426-07450f99.pth 

backbone.stages.2.block.1.conv2.weight - torch.Size([32, 128, 3, 3]): 
PretrainedInit: load from weights/densenet121_4xb256_in1k_20220426-07450f99.pth 

backbone.stages.2.block.2.norm1.weight - torch.Size([320]): 
PretrainedInit: load from weights/densenet121_4xb256_in1k_20220426-07450f99.pth 

backbone.stages.2.block.2.norm1.bias - torch.Size([320]): 
PretrainedInit: load from weights/densenet121_4xb256_in1k_20220426-07450f99.pth 

backbone.stages.2.block.2.conv1.weight - torch.Size([128, 320, 1, 1]): 
PretrainedInit: load from weights/densenet121_4xb256_in1k_20220426-07450f99.pth 

backbone.stages.2.block.2.norm2.weight - torch.Size([128]): 
PretrainedInit: load from weights/densenet121_4xb256_in1k_20220426-07450f99.pth 

backbone.stages.2.block.2.norm2.bias - torch.Size([128]): 
PretrainedInit: load from weights/densenet121_4xb256_in1k_20220426-07450f99.pth 

backbone.stages.2.block.2.conv2.weight - torch.Size([32, 128, 3, 3]): 
PretrainedInit: load from weights/densenet121_4xb256_in1k_20220426-07450f99.pth 

backbone.stages.2.block.3.norm1.weight - torch.Size([352]): 
PretrainedInit: load from weights/densenet121_4xb256_in1k_20220426-07450f99.pth 

backbone.stages.2.block.3.norm1.bias - torch.Size([352]): 
PretrainedInit: load from weights/densenet121_4xb256_in1k_20220426-07450f99.pth 

backbone.stages.2.block.3.conv1.weight - torch.Size([128, 352, 1, 1]): 
PretrainedInit: load from weights/densenet121_4xb256_in1k_20220426-07450f99.pth 

backbone.stages.2.block.3.norm2.weight - torch.Size([128]): 
PretrainedInit: load from weights/densenet121_4xb256_in1k_20220426-07450f99.pth 

backbone.stages.2.block.3.norm2.bias - torch.Size([128]): 
PretrainedInit: load from weights/densenet121_4xb256_in1k_20220426-07450f99.pth 

backbone.stages.2.block.3.conv2.weight - torch.Size([32, 128, 3, 3]): 
PretrainedInit: load from weights/densenet121_4xb256_in1k_20220426-07450f99.pth 

backbone.stages.2.block.4.norm1.weight - torch.Size([384]): 
PretrainedInit: load from weights/densenet121_4xb256_in1k_20220426-07450f99.pth 

backbone.stages.2.block.4.norm1.bias - torch.Size([384]): 
PretrainedInit: load from weights/densenet121_4xb256_in1k_20220426-07450f99.pth 

backbone.stages.2.block.4.conv1.weight - torch.Size([128, 384, 1, 1]): 
PretrainedInit: load from weights/densenet121_4xb256_in1k_20220426-07450f99.pth 

backbone.stages.2.block.4.norm2.weight - torch.Size([128]): 
PretrainedInit: load from weights/densenet121_4xb256_in1k_20220426-07450f99.pth 

backbone.stages.2.block.4.norm2.bias - torch.Size([128]): 
PretrainedInit: load from weights/densenet121_4xb256_in1k_20220426-07450f99.pth 

backbone.stages.2.block.4.conv2.weight - torch.Size([32, 128, 3, 3]): 
PretrainedInit: load from weights/densenet121_4xb256_in1k_20220426-07450f99.pth 

backbone.stages.2.block.5.norm1.weight - torch.Size([416]): 
PretrainedInit: load from weights/densenet121_4xb256_in1k_20220426-07450f99.pth 

backbone.stages.2.block.5.norm1.bias - torch.Size([416]): 
PretrainedInit: load from weights/densenet121_4xb256_in1k_20220426-07450f99.pth 

backbone.stages.2.block.5.conv1.weight - torch.Size([128, 416, 1, 1]): 
PretrainedInit: load from weights/densenet121_4xb256_in1k_20220426-07450f99.pth 

backbone.stages.2.block.5.norm2.weight - torch.Size([128]): 
PretrainedInit: load from weights/densenet121_4xb256_in1k_20220426-07450f99.pth 

backbone.stages.2.block.5.norm2.bias - torch.Size([128]): 
PretrainedInit: load from weights/densenet121_4xb256_in1k_20220426-07450f99.pth 

backbone.stages.2.block.5.conv2.weight - torch.Size([32, 128, 3, 3]): 
PretrainedInit: load from weights/densenet121_4xb256_in1k_20220426-07450f99.pth 

backbone.stages.2.block.6.norm1.weight - torch.Size([448]): 
PretrainedInit: load from weights/densenet121_4xb256_in1k_20220426-07450f99.pth 

backbone.stages.2.block.6.norm1.bias - torch.Size([448]): 
PretrainedInit: load from weights/densenet121_4xb256_in1k_20220426-07450f99.pth 

backbone.stages.2.block.6.conv1.weight - torch.Size([128, 448, 1, 1]): 
PretrainedInit: load from weights/densenet121_4xb256_in1k_20220426-07450f99.pth 

backbone.stages.2.block.6.norm2.weight - torch.Size([128]): 
PretrainedInit: load from weights/densenet121_4xb256_in1k_20220426-07450f99.pth 

backbone.stages.2.block.6.norm2.bias - torch.Size([128]): 
PretrainedInit: load from weights/densenet121_4xb256_in1k_20220426-07450f99.pth 

backbone.stages.2.block.6.conv2.weight - torch.Size([32, 128, 3, 3]): 
PretrainedInit: load from weights/densenet121_4xb256_in1k_20220426-07450f99.pth 

backbone.stages.2.block.7.norm1.weight - torch.Size([480]): 
PretrainedInit: load from weights/densenet121_4xb256_in1k_20220426-07450f99.pth 

backbone.stages.2.block.7.norm1.bias - torch.Size([480]): 
PretrainedInit: load from weights/densenet121_4xb256_in1k_20220426-07450f99.pth 

backbone.stages.2.block.7.conv1.weight - torch.Size([128, 480, 1, 1]): 
PretrainedInit: load from weights/densenet121_4xb256_in1k_20220426-07450f99.pth 

backbone.stages.2.block.7.norm2.weight - torch.Size([128]): 
PretrainedInit: load from weights/densenet121_4xb256_in1k_20220426-07450f99.pth 

backbone.stages.2.block.7.norm2.bias - torch.Size([128]): 
PretrainedInit: load from weights/densenet121_4xb256_in1k_20220426-07450f99.pth 

backbone.stages.2.block.7.conv2.weight - torch.Size([32, 128, 3, 3]): 
PretrainedInit: load from weights/densenet121_4xb256_in1k_20220426-07450f99.pth 

backbone.stages.2.block.8.norm1.weight - torch.Size([512]): 
PretrainedInit: load from weights/densenet121_4xb256_in1k_20220426-07450f99.pth 

backbone.stages.2.block.8.norm1.bias - torch.Size([512]): 
PretrainedInit: load from weights/densenet121_4xb256_in1k_20220426-07450f99.pth 

backbone.stages.2.block.8.conv1.weight - torch.Size([128, 512, 1, 1]): 
PretrainedInit: load from weights/densenet121_4xb256_in1k_20220426-07450f99.pth 

backbone.stages.2.block.8.norm2.weight - torch.Size([128]): 
PretrainedInit: load from weights/densenet121_4xb256_in1k_20220426-07450f99.pth 

backbone.stages.2.block.8.norm2.bias - torch.Size([128]): 
PretrainedInit: load from weights/densenet121_4xb256_in1k_20220426-07450f99.pth 

backbone.stages.2.block.8.conv2.weight - torch.Size([32, 128, 3, 3]): 
PretrainedInit: load from weights/densenet121_4xb256_in1k_20220426-07450f99.pth 

backbone.stages.2.block.9.norm1.weight - torch.Size([544]): 
PretrainedInit: load from weights/densenet121_4xb256_in1k_20220426-07450f99.pth 

backbone.stages.2.block.9.norm1.bias - torch.Size([544]): 
PretrainedInit: load from weights/densenet121_4xb256_in1k_20220426-07450f99.pth 

backbone.stages.2.block.9.conv1.weight - torch.Size([128, 544, 1, 1]): 
PretrainedInit: load from weights/densenet121_4xb256_in1k_20220426-07450f99.pth 

backbone.stages.2.block.9.norm2.weight - torch.Size([128]): 
PretrainedInit: load from weights/densenet121_4xb256_in1k_20220426-07450f99.pth 

backbone.stages.2.block.9.norm2.bias - torch.Size([128]): 
PretrainedInit: load from weights/densenet121_4xb256_in1k_20220426-07450f99.pth 

backbone.stages.2.block.9.conv2.weight - torch.Size([32, 128, 3, 3]): 
PretrainedInit: load from weights/densenet121_4xb256_in1k_20220426-07450f99.pth 

backbone.stages.2.block.10.norm1.weight - torch.Size([576]): 
PretrainedInit: load from weights/densenet121_4xb256_in1k_20220426-07450f99.pth 

backbone.stages.2.block.10.norm1.bias - torch.Size([576]): 
PretrainedInit: load from weights/densenet121_4xb256_in1k_20220426-07450f99.pth 

backbone.stages.2.block.10.conv1.weight - torch.Size([128, 576, 1, 1]): 
PretrainedInit: load from weights/densenet121_4xb256_in1k_20220426-07450f99.pth 

backbone.stages.2.block.10.norm2.weight - torch.Size([128]): 
PretrainedInit: load from weights/densenet121_4xb256_in1k_20220426-07450f99.pth 

backbone.stages.2.block.10.norm2.bias - torch.Size([128]): 
PretrainedInit: load from weights/densenet121_4xb256_in1k_20220426-07450f99.pth 

backbone.stages.2.block.10.conv2.weight - torch.Size([32, 128, 3, 3]): 
PretrainedInit: load from weights/densenet121_4xb256_in1k_20220426-07450f99.pth 

backbone.stages.2.block.11.norm1.weight - torch.Size([608]): 
PretrainedInit: load from weights/densenet121_4xb256_in1k_20220426-07450f99.pth 

backbone.stages.2.block.11.norm1.bias - torch.Size([608]): 
PretrainedInit: load from weights/densenet121_4xb256_in1k_20220426-07450f99.pth 

backbone.stages.2.block.11.conv1.weight - torch.Size([128, 608, 1, 1]): 
PretrainedInit: load from weights/densenet121_4xb256_in1k_20220426-07450f99.pth 

backbone.stages.2.block.11.norm2.weight - torch.Size([128]): 
PretrainedInit: load from weights/densenet121_4xb256_in1k_20220426-07450f99.pth 

backbone.stages.2.block.11.norm2.bias - torch.Size([128]): 
PretrainedInit: load from weights/densenet121_4xb256_in1k_20220426-07450f99.pth 

backbone.stages.2.block.11.conv2.weight - torch.Size([32, 128, 3, 3]): 
PretrainedInit: load from weights/densenet121_4xb256_in1k_20220426-07450f99.pth 

backbone.stages.2.block.12.norm1.weight - torch.Size([640]): 
PretrainedInit: load from weights/densenet121_4xb256_in1k_20220426-07450f99.pth 

backbone.stages.2.block.12.norm1.bias - torch.Size([640]): 
PretrainedInit: load from weights/densenet121_4xb256_in1k_20220426-07450f99.pth 

backbone.stages.2.block.12.conv1.weight - torch.Size([128, 640, 1, 1]): 
PretrainedInit: load from weights/densenet121_4xb256_in1k_20220426-07450f99.pth 

backbone.stages.2.block.12.norm2.weight - torch.Size([128]): 
PretrainedInit: load from weights/densenet121_4xb256_in1k_20220426-07450f99.pth 

backbone.stages.2.block.12.norm2.bias - torch.Size([128]): 
PretrainedInit: load from weights/densenet121_4xb256_in1k_20220426-07450f99.pth 

backbone.stages.2.block.12.conv2.weight - torch.Size([32, 128, 3, 3]): 
PretrainedInit: load from weights/densenet121_4xb256_in1k_20220426-07450f99.pth 

backbone.stages.2.block.13.norm1.weight - torch.Size([672]): 
PretrainedInit: load from weights/densenet121_4xb256_in1k_20220426-07450f99.pth 

backbone.stages.2.block.13.norm1.bias - torch.Size([672]): 
PretrainedInit: load from weights/densenet121_4xb256_in1k_20220426-07450f99.pth 

backbone.stages.2.block.13.conv1.weight - torch.Size([128, 672, 1, 1]): 
PretrainedInit: load from weights/densenet121_4xb256_in1k_20220426-07450f99.pth 

backbone.stages.2.block.13.norm2.weight - torch.Size([128]): 
PretrainedInit: load from weights/densenet121_4xb256_in1k_20220426-07450f99.pth 

backbone.stages.2.block.13.norm2.bias - torch.Size([128]): 
PretrainedInit: load from weights/densenet121_4xb256_in1k_20220426-07450f99.pth 

backbone.stages.2.block.13.conv2.weight - torch.Size([32, 128, 3, 3]): 
PretrainedInit: load from weights/densenet121_4xb256_in1k_20220426-07450f99.pth 

backbone.stages.2.block.14.norm1.weight - torch.Size([704]): 
PretrainedInit: load from weights/densenet121_4xb256_in1k_20220426-07450f99.pth 

backbone.stages.2.block.14.norm1.bias - torch.Size([704]): 
PretrainedInit: load from weights/densenet121_4xb256_in1k_20220426-07450f99.pth 

backbone.stages.2.block.14.conv1.weight - torch.Size([128, 704, 1, 1]): 
PretrainedInit: load from weights/densenet121_4xb256_in1k_20220426-07450f99.pth 

backbone.stages.2.block.14.norm2.weight - torch.Size([128]): 
PretrainedInit: load from weights/densenet121_4xb256_in1k_20220426-07450f99.pth 

backbone.stages.2.block.14.norm2.bias - torch.Size([128]): 
PretrainedInit: load from weights/densenet121_4xb256_in1k_20220426-07450f99.pth 

backbone.stages.2.block.14.conv2.weight - torch.Size([32, 128, 3, 3]): 
PretrainedInit: load from weights/densenet121_4xb256_in1k_20220426-07450f99.pth 

backbone.stages.2.block.15.norm1.weight - torch.Size([736]): 
PretrainedInit: load from weights/densenet121_4xb256_in1k_20220426-07450f99.pth 

backbone.stages.2.block.15.norm1.bias - torch.Size([736]): 
PretrainedInit: load from weights/densenet121_4xb256_in1k_20220426-07450f99.pth 

backbone.stages.2.block.15.conv1.weight - torch.Size([128, 736, 1, 1]): 
PretrainedInit: load from weights/densenet121_4xb256_in1k_20220426-07450f99.pth 

backbone.stages.2.block.15.norm2.weight - torch.Size([128]): 
PretrainedInit: load from weights/densenet121_4xb256_in1k_20220426-07450f99.pth 

backbone.stages.2.block.15.norm2.bias - torch.Size([128]): 
PretrainedInit: load from weights/densenet121_4xb256_in1k_20220426-07450f99.pth 

backbone.stages.2.block.15.conv2.weight - torch.Size([32, 128, 3, 3]): 
PretrainedInit: load from weights/densenet121_4xb256_in1k_20220426-07450f99.pth 

backbone.stages.2.block.16.norm1.weight - torch.Size([768]): 
PretrainedInit: load from weights/densenet121_4xb256_in1k_20220426-07450f99.pth 

backbone.stages.2.block.16.norm1.bias - torch.Size([768]): 
PretrainedInit: load from weights/densenet121_4xb256_in1k_20220426-07450f99.pth 

backbone.stages.2.block.16.conv1.weight - torch.Size([128, 768, 1, 1]): 
PretrainedInit: load from weights/densenet121_4xb256_in1k_20220426-07450f99.pth 

backbone.stages.2.block.16.norm2.weight - torch.Size([128]): 
PretrainedInit: load from weights/densenet121_4xb256_in1k_20220426-07450f99.pth 

backbone.stages.2.block.16.norm2.bias - torch.Size([128]): 
PretrainedInit: load from weights/densenet121_4xb256_in1k_20220426-07450f99.pth 

backbone.stages.2.block.16.conv2.weight - torch.Size([32, 128, 3, 3]): 
PretrainedInit: load from weights/densenet121_4xb256_in1k_20220426-07450f99.pth 

backbone.stages.2.block.17.norm1.weight - torch.Size([800]): 
PretrainedInit: load from weights/densenet121_4xb256_in1k_20220426-07450f99.pth 

backbone.stages.2.block.17.norm1.bias - torch.Size([800]): 
PretrainedInit: load from weights/densenet121_4xb256_in1k_20220426-07450f99.pth 

backbone.stages.2.block.17.conv1.weight - torch.Size([128, 800, 1, 1]): 
PretrainedInit: load from weights/densenet121_4xb256_in1k_20220426-07450f99.pth 

backbone.stages.2.block.17.norm2.weight - torch.Size([128]): 
PretrainedInit: load from weights/densenet121_4xb256_in1k_20220426-07450f99.pth 

backbone.stages.2.block.17.norm2.bias - torch.Size([128]): 
PretrainedInit: load from weights/densenet121_4xb256_in1k_20220426-07450f99.pth 

backbone.stages.2.block.17.conv2.weight - torch.Size([32, 128, 3, 3]): 
PretrainedInit: load from weights/densenet121_4xb256_in1k_20220426-07450f99.pth 

backbone.stages.2.block.18.norm1.weight - torch.Size([832]): 
PretrainedInit: load from weights/densenet121_4xb256_in1k_20220426-07450f99.pth 

backbone.stages.2.block.18.norm1.bias - torch.Size([832]): 
PretrainedInit: load from weights/densenet121_4xb256_in1k_20220426-07450f99.pth 

backbone.stages.2.block.18.conv1.weight - torch.Size([128, 832, 1, 1]): 
PretrainedInit: load from weights/densenet121_4xb256_in1k_20220426-07450f99.pth 

backbone.stages.2.block.18.norm2.weight - torch.Size([128]): 
PretrainedInit: load from weights/densenet121_4xb256_in1k_20220426-07450f99.pth 

backbone.stages.2.block.18.norm2.bias - torch.Size([128]): 
PretrainedInit: load from weights/densenet121_4xb256_in1k_20220426-07450f99.pth 

backbone.stages.2.block.18.conv2.weight - torch.Size([32, 128, 3, 3]): 
PretrainedInit: load from weights/densenet121_4xb256_in1k_20220426-07450f99.pth 

backbone.stages.2.block.19.norm1.weight - torch.Size([864]): 
PretrainedInit: load from weights/densenet121_4xb256_in1k_20220426-07450f99.pth 

backbone.stages.2.block.19.norm1.bias - torch.Size([864]): 
PretrainedInit: load from weights/densenet121_4xb256_in1k_20220426-07450f99.pth 

backbone.stages.2.block.19.conv1.weight - torch.Size([128, 864, 1, 1]): 
PretrainedInit: load from weights/densenet121_4xb256_in1k_20220426-07450f99.pth 

backbone.stages.2.block.19.norm2.weight - torch.Size([128]): 
PretrainedInit: load from weights/densenet121_4xb256_in1k_20220426-07450f99.pth 

backbone.stages.2.block.19.norm2.bias - torch.Size([128]): 
PretrainedInit: load from weights/densenet121_4xb256_in1k_20220426-07450f99.pth 

backbone.stages.2.block.19.conv2.weight - torch.Size([32, 128, 3, 3]): 
PretrainedInit: load from weights/densenet121_4xb256_in1k_20220426-07450f99.pth 

backbone.stages.2.block.20.norm1.weight - torch.Size([896]): 
PretrainedInit: load from weights/densenet121_4xb256_in1k_20220426-07450f99.pth 

backbone.stages.2.block.20.norm1.bias - torch.Size([896]): 
PretrainedInit: load from weights/densenet121_4xb256_in1k_20220426-07450f99.pth 

backbone.stages.2.block.20.conv1.weight - torch.Size([128, 896, 1, 1]): 
PretrainedInit: load from weights/densenet121_4xb256_in1k_20220426-07450f99.pth 

backbone.stages.2.block.20.norm2.weight - torch.Size([128]): 
PretrainedInit: load from weights/densenet121_4xb256_in1k_20220426-07450f99.pth 

backbone.stages.2.block.20.norm2.bias - torch.Size([128]): 
PretrainedInit: load from weights/densenet121_4xb256_in1k_20220426-07450f99.pth 

backbone.stages.2.block.20.conv2.weight - torch.Size([32, 128, 3, 3]): 
PretrainedInit: load from weights/densenet121_4xb256_in1k_20220426-07450f99.pth 

backbone.stages.2.block.21.norm1.weight - torch.Size([928]): 
PretrainedInit: load from weights/densenet121_4xb256_in1k_20220426-07450f99.pth 

backbone.stages.2.block.21.norm1.bias - torch.Size([928]): 
PretrainedInit: load from weights/densenet121_4xb256_in1k_20220426-07450f99.pth 

backbone.stages.2.block.21.conv1.weight - torch.Size([128, 928, 1, 1]): 
PretrainedInit: load from weights/densenet121_4xb256_in1k_20220426-07450f99.pth 

backbone.stages.2.block.21.norm2.weight - torch.Size([128]): 
PretrainedInit: load from weights/densenet121_4xb256_in1k_20220426-07450f99.pth 

backbone.stages.2.block.21.norm2.bias - torch.Size([128]): 
PretrainedInit: load from weights/densenet121_4xb256_in1k_20220426-07450f99.pth 

backbone.stages.2.block.21.conv2.weight - torch.Size([32, 128, 3, 3]): 
PretrainedInit: load from weights/densenet121_4xb256_in1k_20220426-07450f99.pth 

backbone.stages.2.block.22.norm1.weight - torch.Size([960]): 
PretrainedInit: load from weights/densenet121_4xb256_in1k_20220426-07450f99.pth 

backbone.stages.2.block.22.norm1.bias - torch.Size([960]): 
PretrainedInit: load from weights/densenet121_4xb256_in1k_20220426-07450f99.pth 

backbone.stages.2.block.22.conv1.weight - torch.Size([128, 960, 1, 1]): 
PretrainedInit: load from weights/densenet121_4xb256_in1k_20220426-07450f99.pth 

backbone.stages.2.block.22.norm2.weight - torch.Size([128]): 
PretrainedInit: load from weights/densenet121_4xb256_in1k_20220426-07450f99.pth 

backbone.stages.2.block.22.norm2.bias - torch.Size([128]): 
PretrainedInit: load from weights/densenet121_4xb256_in1k_20220426-07450f99.pth 

backbone.stages.2.block.22.conv2.weight - torch.Size([32, 128, 3, 3]): 
PretrainedInit: load from weights/densenet121_4xb256_in1k_20220426-07450f99.pth 

backbone.stages.2.block.23.norm1.weight - torch.Size([992]): 
PretrainedInit: load from weights/densenet121_4xb256_in1k_20220426-07450f99.pth 

backbone.stages.2.block.23.norm1.bias - torch.Size([992]): 
PretrainedInit: load from weights/densenet121_4xb256_in1k_20220426-07450f99.pth 

backbone.stages.2.block.23.conv1.weight - torch.Size([128, 992, 1, 1]): 
PretrainedInit: load from weights/densenet121_4xb256_in1k_20220426-07450f99.pth 

backbone.stages.2.block.23.norm2.weight - torch.Size([128]): 
PretrainedInit: load from weights/densenet121_4xb256_in1k_20220426-07450f99.pth 

backbone.stages.2.block.23.norm2.bias - torch.Size([128]): 
PretrainedInit: load from weights/densenet121_4xb256_in1k_20220426-07450f99.pth 

backbone.stages.2.block.23.conv2.weight - torch.Size([32, 128, 3, 3]): 
PretrainedInit: load from weights/densenet121_4xb256_in1k_20220426-07450f99.pth 

backbone.stages.3.block.0.norm1.weight - torch.Size([512]): 
PretrainedInit: load from weights/densenet121_4xb256_in1k_20220426-07450f99.pth 

backbone.stages.3.block.0.norm1.bias - torch.Size([512]): 
PretrainedInit: load from weights/densenet121_4xb256_in1k_20220426-07450f99.pth 

backbone.stages.3.block.0.conv1.weight - torch.Size([128, 512, 1, 1]): 
PretrainedInit: load from weights/densenet121_4xb256_in1k_20220426-07450f99.pth 

backbone.stages.3.block.0.norm2.weight - torch.Size([128]): 
PretrainedInit: load from weights/densenet121_4xb256_in1k_20220426-07450f99.pth 

backbone.stages.3.block.0.norm2.bias - torch.Size([128]): 
PretrainedInit: load from weights/densenet121_4xb256_in1k_20220426-07450f99.pth 

backbone.stages.3.block.0.conv2.weight - torch.Size([32, 128, 3, 3]): 
PretrainedInit: load from weights/densenet121_4xb256_in1k_20220426-07450f99.pth 

backbone.stages.3.block.1.norm1.weight - torch.Size([544]): 
PretrainedInit: load from weights/densenet121_4xb256_in1k_20220426-07450f99.pth 

backbone.stages.3.block.1.norm1.bias - torch.Size([544]): 
PretrainedInit: load from weights/densenet121_4xb256_in1k_20220426-07450f99.pth 

backbone.stages.3.block.1.conv1.weight - torch.Size([128, 544, 1, 1]): 
PretrainedInit: load from weights/densenet121_4xb256_in1k_20220426-07450f99.pth 

backbone.stages.3.block.1.norm2.weight - torch.Size([128]): 
PretrainedInit: load from weights/densenet121_4xb256_in1k_20220426-07450f99.pth 

backbone.stages.3.block.1.norm2.bias - torch.Size([128]): 
PretrainedInit: load from weights/densenet121_4xb256_in1k_20220426-07450f99.pth 

backbone.stages.3.block.1.conv2.weight - torch.Size([32, 128, 3, 3]): 
PretrainedInit: load from weights/densenet121_4xb256_in1k_20220426-07450f99.pth 

backbone.stages.3.block.2.norm1.weight - torch.Size([576]): 
PretrainedInit: load from weights/densenet121_4xb256_in1k_20220426-07450f99.pth 

backbone.stages.3.block.2.norm1.bias - torch.Size([576]): 
PretrainedInit: load from weights/densenet121_4xb256_in1k_20220426-07450f99.pth 

backbone.stages.3.block.2.conv1.weight - torch.Size([128, 576, 1, 1]): 
PretrainedInit: load from weights/densenet121_4xb256_in1k_20220426-07450f99.pth 

backbone.stages.3.block.2.norm2.weight - torch.Size([128]): 
PretrainedInit: load from weights/densenet121_4xb256_in1k_20220426-07450f99.pth 

backbone.stages.3.block.2.norm2.bias - torch.Size([128]): 
PretrainedInit: load from weights/densenet121_4xb256_in1k_20220426-07450f99.pth 

backbone.stages.3.block.2.conv2.weight - torch.Size([32, 128, 3, 3]): 
PretrainedInit: load from weights/densenet121_4xb256_in1k_20220426-07450f99.pth 

backbone.stages.3.block.3.norm1.weight - torch.Size([608]): 
PretrainedInit: load from weights/densenet121_4xb256_in1k_20220426-07450f99.pth 

backbone.stages.3.block.3.norm1.bias - torch.Size([608]): 
PretrainedInit: load from weights/densenet121_4xb256_in1k_20220426-07450f99.pth 

backbone.stages.3.block.3.conv1.weight - torch.Size([128, 608, 1, 1]): 
PretrainedInit: load from weights/densenet121_4xb256_in1k_20220426-07450f99.pth 

backbone.stages.3.block.3.norm2.weight - torch.Size([128]): 
PretrainedInit: load from weights/densenet121_4xb256_in1k_20220426-07450f99.pth 

backbone.stages.3.block.3.norm2.bias - torch.Size([128]): 
PretrainedInit: load from weights/densenet121_4xb256_in1k_20220426-07450f99.pth 

backbone.stages.3.block.3.conv2.weight - torch.Size([32, 128, 3, 3]): 
PretrainedInit: load from weights/densenet121_4xb256_in1k_20220426-07450f99.pth 

backbone.stages.3.block.4.norm1.weight - torch.Size([640]): 
PretrainedInit: load from weights/densenet121_4xb256_in1k_20220426-07450f99.pth 

backbone.stages.3.block.4.norm1.bias - torch.Size([640]): 
PretrainedInit: load from weights/densenet121_4xb256_in1k_20220426-07450f99.pth 

backbone.stages.3.block.4.conv1.weight - torch.Size([128, 640, 1, 1]): 
PretrainedInit: load from weights/densenet121_4xb256_in1k_20220426-07450f99.pth 

backbone.stages.3.block.4.norm2.weight - torch.Size([128]): 
PretrainedInit: load from weights/densenet121_4xb256_in1k_20220426-07450f99.pth 

backbone.stages.3.block.4.norm2.bias - torch.Size([128]): 
PretrainedInit: load from weights/densenet121_4xb256_in1k_20220426-07450f99.pth 

backbone.stages.3.block.4.conv2.weight - torch.Size([32, 128, 3, 3]): 
PretrainedInit: load from weights/densenet121_4xb256_in1k_20220426-07450f99.pth 

backbone.stages.3.block.5.norm1.weight - torch.Size([672]): 
PretrainedInit: load from weights/densenet121_4xb256_in1k_20220426-07450f99.pth 

backbone.stages.3.block.5.norm1.bias - torch.Size([672]): 
PretrainedInit: load from weights/densenet121_4xb256_in1k_20220426-07450f99.pth 

backbone.stages.3.block.5.conv1.weight - torch.Size([128, 672, 1, 1]): 
PretrainedInit: load from weights/densenet121_4xb256_in1k_20220426-07450f99.pth 

backbone.stages.3.block.5.norm2.weight - torch.Size([128]): 
PretrainedInit: load from weights/densenet121_4xb256_in1k_20220426-07450f99.pth 

backbone.stages.3.block.5.norm2.bias - torch.Size([128]): 
PretrainedInit: load from weights/densenet121_4xb256_in1k_20220426-07450f99.pth 

backbone.stages.3.block.5.conv2.weight - torch.Size([32, 128, 3, 3]): 
PretrainedInit: load from weights/densenet121_4xb256_in1k_20220426-07450f99.pth 

backbone.stages.3.block.6.norm1.weight - torch.Size([704]): 
PretrainedInit: load from weights/densenet121_4xb256_in1k_20220426-07450f99.pth 

backbone.stages.3.block.6.norm1.bias - torch.Size([704]): 
PretrainedInit: load from weights/densenet121_4xb256_in1k_20220426-07450f99.pth 

backbone.stages.3.block.6.conv1.weight - torch.Size([128, 704, 1, 1]): 
PretrainedInit: load from weights/densenet121_4xb256_in1k_20220426-07450f99.pth 

backbone.stages.3.block.6.norm2.weight - torch.Size([128]): 
PretrainedInit: load from weights/densenet121_4xb256_in1k_20220426-07450f99.pth 

backbone.stages.3.block.6.norm2.bias - torch.Size([128]): 
PretrainedInit: load from weights/densenet121_4xb256_in1k_20220426-07450f99.pth 

backbone.stages.3.block.6.conv2.weight - torch.Size([32, 128, 3, 3]): 
PretrainedInit: load from weights/densenet121_4xb256_in1k_20220426-07450f99.pth 

backbone.stages.3.block.7.norm1.weight - torch.Size([736]): 
PretrainedInit: load from weights/densenet121_4xb256_in1k_20220426-07450f99.pth 

backbone.stages.3.block.7.norm1.bias - torch.Size([736]): 
PretrainedInit: load from weights/densenet121_4xb256_in1k_20220426-07450f99.pth 

backbone.stages.3.block.7.conv1.weight - torch.Size([128, 736, 1, 1]): 
PretrainedInit: load from weights/densenet121_4xb256_in1k_20220426-07450f99.pth 

backbone.stages.3.block.7.norm2.weight - torch.Size([128]): 
PretrainedInit: load from weights/densenet121_4xb256_in1k_20220426-07450f99.pth 

backbone.stages.3.block.7.norm2.bias - torch.Size([128]): 
PretrainedInit: load from weights/densenet121_4xb256_in1k_20220426-07450f99.pth 

backbone.stages.3.block.7.conv2.weight - torch.Size([32, 128, 3, 3]): 
PretrainedInit: load from weights/densenet121_4xb256_in1k_20220426-07450f99.pth 

backbone.stages.3.block.8.norm1.weight - torch.Size([768]): 
PretrainedInit: load from weights/densenet121_4xb256_in1k_20220426-07450f99.pth 

backbone.stages.3.block.8.norm1.bias - torch.Size([768]): 
PretrainedInit: load from weights/densenet121_4xb256_in1k_20220426-07450f99.pth 

backbone.stages.3.block.8.conv1.weight - torch.Size([128, 768, 1, 1]): 
PretrainedInit: load from weights/densenet121_4xb256_in1k_20220426-07450f99.pth 

backbone.stages.3.block.8.norm2.weight - torch.Size([128]): 
PretrainedInit: load from weights/densenet121_4xb256_in1k_20220426-07450f99.pth 

backbone.stages.3.block.8.norm2.bias - torch.Size([128]): 
PretrainedInit: load from weights/densenet121_4xb256_in1k_20220426-07450f99.pth 

backbone.stages.3.block.8.conv2.weight - torch.Size([32, 128, 3, 3]): 
PretrainedInit: load from weights/densenet121_4xb256_in1k_20220426-07450f99.pth 

backbone.stages.3.block.9.norm1.weight - torch.Size([800]): 
PretrainedInit: load from weights/densenet121_4xb256_in1k_20220426-07450f99.pth 

backbone.stages.3.block.9.norm1.bias - torch.Size([800]): 
PretrainedInit: load from weights/densenet121_4xb256_in1k_20220426-07450f99.pth 

backbone.stages.3.block.9.conv1.weight - torch.Size([128, 800, 1, 1]): 
PretrainedInit: load from weights/densenet121_4xb256_in1k_20220426-07450f99.pth 

backbone.stages.3.block.9.norm2.weight - torch.Size([128]): 
PretrainedInit: load from weights/densenet121_4xb256_in1k_20220426-07450f99.pth 

backbone.stages.3.block.9.norm2.bias - torch.Size([128]): 
PretrainedInit: load from weights/densenet121_4xb256_in1k_20220426-07450f99.pth 

backbone.stages.3.block.9.conv2.weight - torch.Size([32, 128, 3, 3]): 
PretrainedInit: load from weights/densenet121_4xb256_in1k_20220426-07450f99.pth 

backbone.stages.3.block.10.norm1.weight - torch.Size([832]): 
PretrainedInit: load from weights/densenet121_4xb256_in1k_20220426-07450f99.pth 

backbone.stages.3.block.10.norm1.bias - torch.Size([832]): 
PretrainedInit: load from weights/densenet121_4xb256_in1k_20220426-07450f99.pth 

backbone.stages.3.block.10.conv1.weight - torch.Size([128, 832, 1, 1]): 
PretrainedInit: load from weights/densenet121_4xb256_in1k_20220426-07450f99.pth 

backbone.stages.3.block.10.norm2.weight - torch.Size([128]): 
PretrainedInit: load from weights/densenet121_4xb256_in1k_20220426-07450f99.pth 

backbone.stages.3.block.10.norm2.bias - torch.Size([128]): 
PretrainedInit: load from weights/densenet121_4xb256_in1k_20220426-07450f99.pth 

backbone.stages.3.block.10.conv2.weight - torch.Size([32, 128, 3, 3]): 
PretrainedInit: load from weights/densenet121_4xb256_in1k_20220426-07450f99.pth 

backbone.stages.3.block.11.norm1.weight - torch.Size([864]): 
PretrainedInit: load from weights/densenet121_4xb256_in1k_20220426-07450f99.pth 

backbone.stages.3.block.11.norm1.bias - torch.Size([864]): 
PretrainedInit: load from weights/densenet121_4xb256_in1k_20220426-07450f99.pth 

backbone.stages.3.block.11.conv1.weight - torch.Size([128, 864, 1, 1]): 
PretrainedInit: load from weights/densenet121_4xb256_in1k_20220426-07450f99.pth 

backbone.stages.3.block.11.norm2.weight - torch.Size([128]): 
PretrainedInit: load from weights/densenet121_4xb256_in1k_20220426-07450f99.pth 

backbone.stages.3.block.11.norm2.bias - torch.Size([128]): 
PretrainedInit: load from weights/densenet121_4xb256_in1k_20220426-07450f99.pth 

backbone.stages.3.block.11.conv2.weight - torch.Size([32, 128, 3, 3]): 
PretrainedInit: load from weights/densenet121_4xb256_in1k_20220426-07450f99.pth 

backbone.stages.3.block.12.norm1.weight - torch.Size([896]): 
PretrainedInit: load from weights/densenet121_4xb256_in1k_20220426-07450f99.pth 

backbone.stages.3.block.12.norm1.bias - torch.Size([896]): 
PretrainedInit: load from weights/densenet121_4xb256_in1k_20220426-07450f99.pth 

backbone.stages.3.block.12.conv1.weight - torch.Size([128, 896, 1, 1]): 
PretrainedInit: load from weights/densenet121_4xb256_in1k_20220426-07450f99.pth 

backbone.stages.3.block.12.norm2.weight - torch.Size([128]): 
PretrainedInit: load from weights/densenet121_4xb256_in1k_20220426-07450f99.pth 

backbone.stages.3.block.12.norm2.bias - torch.Size([128]): 
PretrainedInit: load from weights/densenet121_4xb256_in1k_20220426-07450f99.pth 

backbone.stages.3.block.12.conv2.weight - torch.Size([32, 128, 3, 3]): 
PretrainedInit: load from weights/densenet121_4xb256_in1k_20220426-07450f99.pth 

backbone.stages.3.block.13.norm1.weight - torch.Size([928]): 
PretrainedInit: load from weights/densenet121_4xb256_in1k_20220426-07450f99.pth 

backbone.stages.3.block.13.norm1.bias - torch.Size([928]): 
PretrainedInit: load from weights/densenet121_4xb256_in1k_20220426-07450f99.pth 

backbone.stages.3.block.13.conv1.weight - torch.Size([128, 928, 1, 1]): 
PretrainedInit: load from weights/densenet121_4xb256_in1k_20220426-07450f99.pth 

backbone.stages.3.block.13.norm2.weight - torch.Size([128]): 
PretrainedInit: load from weights/densenet121_4xb256_in1k_20220426-07450f99.pth 

backbone.stages.3.block.13.norm2.bias - torch.Size([128]): 
PretrainedInit: load from weights/densenet121_4xb256_in1k_20220426-07450f99.pth 

backbone.stages.3.block.13.conv2.weight - torch.Size([32, 128, 3, 3]): 
PretrainedInit: load from weights/densenet121_4xb256_in1k_20220426-07450f99.pth 

backbone.stages.3.block.14.norm1.weight - torch.Size([960]): 
PretrainedInit: load from weights/densenet121_4xb256_in1k_20220426-07450f99.pth 

backbone.stages.3.block.14.norm1.bias - torch.Size([960]): 
PretrainedInit: load from weights/densenet121_4xb256_in1k_20220426-07450f99.pth 

backbone.stages.3.block.14.conv1.weight - torch.Size([128, 960, 1, 1]): 
PretrainedInit: load from weights/densenet121_4xb256_in1k_20220426-07450f99.pth 

backbone.stages.3.block.14.norm2.weight - torch.Size([128]): 
PretrainedInit: load from weights/densenet121_4xb256_in1k_20220426-07450f99.pth 

backbone.stages.3.block.14.norm2.bias - torch.Size([128]): 
PretrainedInit: load from weights/densenet121_4xb256_in1k_20220426-07450f99.pth 

backbone.stages.3.block.14.conv2.weight - torch.Size([32, 128, 3, 3]): 
PretrainedInit: load from weights/densenet121_4xb256_in1k_20220426-07450f99.pth 

backbone.stages.3.block.15.norm1.weight - torch.Size([992]): 
PretrainedInit: load from weights/densenet121_4xb256_in1k_20220426-07450f99.pth 

backbone.stages.3.block.15.norm1.bias - torch.Size([992]): 
PretrainedInit: load from weights/densenet121_4xb256_in1k_20220426-07450f99.pth 

backbone.stages.3.block.15.conv1.weight - torch.Size([128, 992, 1, 1]): 
PretrainedInit: load from weights/densenet121_4xb256_in1k_20220426-07450f99.pth 

backbone.stages.3.block.15.norm2.weight - torch.Size([128]): 
PretrainedInit: load from weights/densenet121_4xb256_in1k_20220426-07450f99.pth 

backbone.stages.3.block.15.norm2.bias - torch.Size([128]): 
PretrainedInit: load from weights/densenet121_4xb256_in1k_20220426-07450f99.pth 

backbone.stages.3.block.15.conv2.weight - torch.Size([32, 128, 3, 3]): 
PretrainedInit: load from weights/densenet121_4xb256_in1k_20220426-07450f99.pth 

backbone.transitions.0.norm.weight - torch.Size([256]): 
PretrainedInit: load from weights/densenet121_4xb256_in1k_20220426-07450f99.pth 

backbone.transitions.0.norm.bias - torch.Size([256]): 
PretrainedInit: load from weights/densenet121_4xb256_in1k_20220426-07450f99.pth 

backbone.transitions.0.conv.weight - torch.Size([128, 256, 1, 1]): 
PretrainedInit: load from weights/densenet121_4xb256_in1k_20220426-07450f99.pth 

backbone.transitions.1.norm.weight - torch.Size([512]): 
PretrainedInit: load from weights/densenet121_4xb256_in1k_20220426-07450f99.pth 

backbone.transitions.1.norm.bias - torch.Size([512]): 
PretrainedInit: load from weights/densenet121_4xb256_in1k_20220426-07450f99.pth 

backbone.transitions.1.conv.weight - torch.Size([256, 512, 1, 1]): 
PretrainedInit: load from weights/densenet121_4xb256_in1k_20220426-07450f99.pth 

backbone.transitions.2.norm.weight - torch.Size([1024]): 
PretrainedInit: load from weights/densenet121_4xb256_in1k_20220426-07450f99.pth 

backbone.transitions.2.norm.bias - torch.Size([1024]): 
PretrainedInit: load from weights/densenet121_4xb256_in1k_20220426-07450f99.pth 

backbone.transitions.2.conv.weight - torch.Size([512, 1024, 1, 1]): 
PretrainedInit: load from weights/densenet121_4xb256_in1k_20220426-07450f99.pth 

backbone.transitions.3.0.weight - torch.Size([1024]): 
PretrainedInit: load from weights/densenet121_4xb256_in1k_20220426-07450f99.pth 

backbone.transitions.3.0.bias - torch.Size([1024]): 
PretrainedInit: load from weights/densenet121_4xb256_in1k_20220426-07450f99.pth 

head.fc.weight - torch.Size([19, 1024]): 
NormalInit: mean=0, std=0.01, bias=0 

head.fc.bias - torch.Size([19]): 
NormalInit: mean=0, std=0.01, bias=0 
2024-10-31 10:51:09,686 - mmcls - INFO - load checkpoint from local path: work_dirs/downsteam/cls/mimic/pretrain/sync5/latest.pth
2024-10-31 10:51:09,907 - mmcls - WARNING - The model and loaded state dict do not match exactly

size mismatch for head.fc.weight: copying a param with shape torch.Size([14, 1024]) from checkpoint, the shape in current model is torch.Size([19, 1024]).
size mismatch for head.fc.bias: copying a param with shape torch.Size([14]) from checkpoint, the shape in current model is torch.Size([19]).
2024-10-31 10:51:09,912 - mmcls - INFO - Start running, host: jiyuanfeng.p@SH-IDC1-10-140-1-2, work_dir: /mnt/petrelfs/jiyuanfeng.p/project/radiffuser/work_dirs/downsteam/cls/medfmc/fewshot/syn5/10_shot_exp5
2024-10-31 10:51:09,914 - mmcls - INFO - Hooks will be executed in the following order:
before_run:
(VERY_HIGH   ) CosineAnnealingLrUpdaterHook       
(NORMAL      ) CheckpointHook                     
(LOW         ) EvalHook                           
(VERY_LOW    ) TextLoggerHook                     
 -------------------- 
before_train_epoch:
(VERY_HIGH   ) CosineAnnealingLrUpdaterHook       
(LOW         ) IterTimerHook                      
(LOW         ) EvalHook                           
(VERY_LOW    ) TextLoggerHook                     
 -------------------- 
before_train_iter:
(VERY_HIGH   ) CosineAnnealingLrUpdaterHook       
(LOW         ) IterTimerHook                      
(LOW         ) EvalHook                           
 -------------------- 
after_train_iter:
(ABOVE_NORMAL) OptimizerHook                      
(NORMAL      ) CheckpointHook                     
(LOW         ) IterTimerHook                      
(LOW         ) EvalHook                           
(VERY_LOW    ) TextLoggerHook                     
 -------------------- 
after_train_epoch:
(NORMAL      ) CheckpointHook                     
(LOW         ) EvalHook                           
(VERY_LOW    ) TextLoggerHook                     
 -------------------- 
before_val_epoch:
(LOW         ) IterTimerHook                      
(VERY_LOW    ) TextLoggerHook                     
 -------------------- 
before_val_iter:
(LOW         ) IterTimerHook                      
 -------------------- 
after_val_iter:
(LOW         ) IterTimerHook                      
 -------------------- 
after_val_epoch:
(VERY_LOW    ) TextLoggerHook                     
 -------------------- 
after_run:
(VERY_LOW    ) TextLoggerHook                     
 -------------------- 
2024-10-31 10:51:09,915 - mmcls - INFO - workflow: [('train', 1)], max: 20 epochs
2024-10-31 10:51:09,916 - mmcls - INFO - Checkpoints will be saved to /mnt/petrelfs/jiyuanfeng.p/project/radiffuser/work_dirs/downsteam/cls/medfmc/fewshot/syn5/10_shot_exp5 by HardDiskBackend.
2024-10-31 10:51:16,015 - mmcls - INFO - Epoch [1][5/48]	lr: 1.000e-03, eta: 0:19:23, time: 1.218, data_time: 0.467, memory: 859, loss: 10.9045
2024-10-31 10:51:16,258 - mmcls - INFO - Epoch [1][10/48]	lr: 1.000e-03, eta: 0:10:01, time: 0.049, data_time: 0.002, memory: 859, loss: 8.5558
2024-10-31 10:51:16,495 - mmcls - INFO - Epoch [1][15/48]	lr: 1.000e-03, eta: 0:06:54, time: 0.047, data_time: 0.001, memory: 859, loss: 8.7236
2024-10-31 10:51:16,734 - mmcls - INFO - Epoch [1][20/48]	lr: 1.000e-03, eta: 0:05:20, time: 0.048, data_time: 0.001, memory: 859, loss: 8.1026
2024-10-31 10:51:16,979 - mmcls - INFO - Epoch [1][25/48]	lr: 1.000e-03, eta: 0:04:23, time: 0.049, data_time: 0.001, memory: 859, loss: 10.5184
2024-10-31 10:51:17,239 - mmcls - INFO - Epoch [1][30/48]	lr: 1.000e-03, eta: 0:03:46, time: 0.052, data_time: 0.001, memory: 859, loss: 7.9365
2024-10-31 10:51:17,492 - mmcls - INFO - Epoch [1][35/48]	lr: 1.000e-03, eta: 0:03:20, time: 0.050, data_time: 0.001, memory: 859, loss: 9.4464
2024-10-31 10:51:17,736 - mmcls - INFO - Epoch [1][40/48]	lr: 1.000e-03, eta: 0:02:59, time: 0.049, data_time: 0.001, memory: 859, loss: 8.2977
2024-10-31 10:51:17,976 - mmcls - INFO - Epoch [1][45/48]	lr: 1.000e-03, eta: 0:02:43, time: 0.048, data_time: 0.001, memory: 859, loss: 8.1542
2024-10-31 10:51:18,434 - mmcls - INFO - Saving checkpoint at 1 epochs
2024-10-31 10:51:26,862 - mmcls - INFO - Now best checkpoint is saved as best_mAP_epoch_1.pth.
2024-10-31 10:51:26,864 - mmcls - INFO - Best mAP is 23.0268 at 1 epoch.
2024-10-31 10:51:26,865 - mmcls - INFO - Epoch(val) [1][198]	mAP: 23.0268
2024-10-31 10:51:29,309 - mmcls - INFO - Epoch [2][5/48]	lr: 9.938e-04, eta: 0:02:59, time: 0.488, data_time: 0.433, memory: 859, loss: 8.5851
2024-10-31 10:51:29,588 - mmcls - INFO - Epoch [2][10/48]	lr: 9.938e-04, eta: 0:02:47, time: 0.054, data_time: 0.001, memory: 859, loss: 6.6895
2024-10-31 10:51:29,849 - mmcls - INFO - Epoch [2][15/48]	lr: 9.938e-04, eta: 0:02:37, time: 0.054, data_time: 0.003, memory: 859, loss: 8.8148
2024-10-31 10:51:30,134 - mmcls - INFO - Epoch [2][20/48]	lr: 9.938e-04, eta: 0:02:28, time: 0.057, data_time: 0.001, memory: 859, loss: 6.6125
2024-10-31 10:51:30,409 - mmcls - INFO - Epoch [2][25/48]	lr: 9.938e-04, eta: 0:02:20, time: 0.055, data_time: 0.001, memory: 859, loss: 7.8525
2024-10-31 10:51:30,689 - mmcls - INFO - Epoch [2][30/48]	lr: 9.938e-04, eta: 0:02:14, time: 0.056, data_time: 0.001, memory: 859, loss: 8.0957
2024-10-31 10:51:30,954 - mmcls - INFO - Epoch [2][35/48]	lr: 9.938e-04, eta: 0:02:08, time: 0.053, data_time: 0.002, memory: 859, loss: 8.3939
2024-10-31 10:51:31,203 - mmcls - INFO - Epoch [2][40/48]	lr: 9.938e-04, eta: 0:02:02, time: 0.050, data_time: 0.001, memory: 859, loss: 7.5793
2024-10-31 10:51:31,465 - mmcls - INFO - Epoch [2][45/48]	lr: 9.938e-04, eta: 0:01:57, time: 0.052, data_time: 0.001, memory: 859, loss: 6.5908
2024-10-31 10:51:31,622 - mmcls - INFO - Saving checkpoint at 2 epochs
2024-10-31 10:51:39,188 - mmcls - INFO - The previous best checkpoint /mnt/petrelfs/jiyuanfeng.p/project/radiffuser/work_dirs/downsteam/cls/medfmc/fewshot/syn5/10_shot_exp5/best_mAP_epoch_1.pth was removed
2024-10-31 10:51:39,448 - mmcls - INFO - Now best checkpoint is saved as best_mAP_epoch_2.pth.
2024-10-31 10:51:39,449 - mmcls - INFO - Best mAP is 27.5686 at 2 epoch.
2024-10-31 10:51:39,450 - mmcls - INFO - Epoch(val) [2][198]	mAP: 27.5686
2024-10-31 10:51:41,878 - mmcls - INFO - Epoch [3][5/48]	lr: 9.755e-04, eta: 0:02:08, time: 0.485, data_time: 0.433, memory: 859, loss: 7.1401
2024-10-31 10:51:42,169 - mmcls - INFO - Epoch [3][10/48]	lr: 9.755e-04, eta: 0:02:03, time: 0.058, data_time: 0.001, memory: 859, loss: 7.6436
2024-10-31 10:51:42,442 - mmcls - INFO - Epoch [3][15/48]	lr: 9.755e-04, eta: 0:01:59, time: 0.055, data_time: 0.001, memory: 859, loss: 7.6243
2024-10-31 10:51:42,704 - mmcls - INFO - Epoch [3][20/48]	lr: 9.755e-04, eta: 0:01:55, time: 0.052, data_time: 0.001, memory: 859, loss: 8.0465
2024-10-31 10:51:42,988 - mmcls - INFO - Epoch [3][25/48]	lr: 9.755e-04, eta: 0:01:52, time: 0.057, data_time: 0.001, memory: 859, loss: 7.6532
2024-10-31 10:51:43,278 - mmcls - INFO - Epoch [3][30/48]	lr: 9.755e-04, eta: 0:01:49, time: 0.058, data_time: 0.001, memory: 859, loss: 8.8633
2024-10-31 10:51:43,542 - mmcls - INFO - Epoch [3][35/48]	lr: 9.755e-04, eta: 0:01:45, time: 0.053, data_time: 0.001, memory: 859, loss: 7.2908
2024-10-31 10:51:43,798 - mmcls - INFO - Epoch [3][40/48]	lr: 9.755e-04, eta: 0:01:42, time: 0.051, data_time: 0.001, memory: 859, loss: 7.2248
2024-10-31 10:51:44,051 - mmcls - INFO - Epoch [3][45/48]	lr: 9.755e-04, eta: 0:01:40, time: 0.051, data_time: 0.001, memory: 859, loss: 7.3574
2024-10-31 10:51:44,209 - mmcls - INFO - Saving checkpoint at 3 epochs
2024-10-31 10:51:51,849 - mmcls - INFO - The previous best checkpoint /mnt/petrelfs/jiyuanfeng.p/project/radiffuser/work_dirs/downsteam/cls/medfmc/fewshot/syn5/10_shot_exp5/best_mAP_epoch_2.pth was removed
2024-10-31 10:51:52,144 - mmcls - INFO - Now best checkpoint is saved as best_mAP_epoch_3.pth.
2024-10-31 10:51:52,145 - mmcls - INFO - Best mAP is 28.8525 at 3 epoch.
2024-10-31 10:51:52,146 - mmcls - INFO - Epoch(val) [3][198]	mAP: 28.8525
2024-10-31 10:51:54,576 - mmcls - INFO - Epoch [4][5/48]	lr: 9.455e-04, eta: 0:01:47, time: 0.485, data_time: 0.431, memory: 859, loss: 8.3152
2024-10-31 10:51:54,840 - mmcls - INFO - Epoch [4][10/48]	lr: 9.455e-04, eta: 0:01:44, time: 0.053, data_time: 0.001, memory: 859, loss: 7.4531
2024-10-31 10:51:55,109 - mmcls - INFO - Epoch [4][15/48]	lr: 9.455e-04, eta: 0:01:41, time: 0.054, data_time: 0.001, memory: 859, loss: 7.9908
2024-10-31 10:51:55,370 - mmcls - INFO - Epoch [4][20/48]	lr: 9.455e-04, eta: 0:01:39, time: 0.052, data_time: 0.001, memory: 859, loss: 7.0388
2024-10-31 10:51:55,648 - mmcls - INFO - Epoch [4][25/48]	lr: 9.455e-04, eta: 0:01:37, time: 0.056, data_time: 0.001, memory: 859, loss: 6.6196
2024-10-31 10:51:55,918 - mmcls - INFO - Epoch [4][30/48]	lr: 9.455e-04, eta: 0:01:34, time: 0.054, data_time: 0.001, memory: 859, loss: 7.6547
2024-10-31 10:51:56,178 - mmcls - INFO - Epoch [4][35/48]	lr: 9.455e-04, eta: 0:01:32, time: 0.052, data_time: 0.001, memory: 859, loss: 7.1312
2024-10-31 10:51:56,434 - mmcls - INFO - Epoch [4][40/48]	lr: 9.455e-04, eta: 0:01:30, time: 0.051, data_time: 0.001, memory: 859, loss: 7.7120
2024-10-31 10:51:56,679 - mmcls - INFO - Epoch [4][45/48]	lr: 9.455e-04, eta: 0:01:28, time: 0.049, data_time: 0.001, memory: 859, loss: 8.5892
2024-10-31 10:51:56,829 - mmcls - INFO - Saving checkpoint at 4 epochs
2024-10-31 10:52:04,359 - mmcls - INFO - The previous best checkpoint /mnt/petrelfs/jiyuanfeng.p/project/radiffuser/work_dirs/downsteam/cls/medfmc/fewshot/syn5/10_shot_exp5/best_mAP_epoch_3.pth was removed
2024-10-31 10:52:04,635 - mmcls - INFO - Now best checkpoint is saved as best_mAP_epoch_4.pth.
2024-10-31 10:52:04,636 - mmcls - INFO - Best mAP is 34.6190 at 4 epoch.
2024-10-31 10:52:04,638 - mmcls - INFO - Epoch(val) [4][198]	mAP: 34.6190
2024-10-31 10:52:07,047 - mmcls - INFO - Epoch [5][5/48]	lr: 9.045e-04, eta: 0:01:33, time: 0.481, data_time: 0.427, memory: 859, loss: 6.9962
2024-10-31 10:52:07,307 - mmcls - INFO - Epoch [5][10/48]	lr: 9.045e-04, eta: 0:01:31, time: 0.052, data_time: 0.001, memory: 859, loss: 6.6981
2024-10-31 10:52:07,573 - mmcls - INFO - Epoch [5][15/48]	lr: 9.045e-04, eta: 0:01:29, time: 0.053, data_time: 0.001, memory: 859, loss: 6.6365
2024-10-31 10:52:07,835 - mmcls - INFO - Epoch [5][20/48]	lr: 9.045e-04, eta: 0:01:28, time: 0.052, data_time: 0.001, memory: 859, loss: 6.9142
2024-10-31 10:52:08,097 - mmcls - INFO - Epoch [5][25/48]	lr: 9.045e-04, eta: 0:01:26, time: 0.052, data_time: 0.001, memory: 859, loss: 7.9476
2024-10-31 10:52:08,363 - mmcls - INFO - Epoch [5][30/48]	lr: 9.045e-04, eta: 0:01:24, time: 0.053, data_time: 0.001, memory: 859, loss: 7.6352
2024-10-31 10:52:08,618 - mmcls - INFO - Epoch [5][35/48]	lr: 9.045e-04, eta: 0:01:23, time: 0.051, data_time: 0.001, memory: 859, loss: 7.8386
2024-10-31 10:52:08,882 - mmcls - INFO - Epoch [5][40/48]	lr: 9.045e-04, eta: 0:01:21, time: 0.053, data_time: 0.001, memory: 859, loss: 7.3696
2024-10-31 10:52:09,126 - mmcls - INFO - Epoch [5][45/48]	lr: 9.045e-04, eta: 0:01:20, time: 0.049, data_time: 0.001, memory: 859, loss: 7.4040
2024-10-31 10:52:09,281 - mmcls - INFO - Saving checkpoint at 5 epochs
2024-10-31 10:52:16,833 - mmcls - INFO - Epoch(val) [5][198]	mAP: 33.4309
2024-10-31 10:52:19,228 - mmcls - INFO - Epoch [6][5/48]	lr: 8.536e-04, eta: 0:01:23, time: 0.478, data_time: 0.428, memory: 859, loss: 5.9988
2024-10-31 10:52:19,494 - mmcls - INFO - Epoch [6][10/48]	lr: 8.536e-04, eta: 0:01:22, time: 0.053, data_time: 0.001, memory: 859, loss: 6.7238
2024-10-31 10:52:19,754 - mmcls - INFO - Epoch [6][15/48]	lr: 8.536e-04, eta: 0:01:20, time: 0.052, data_time: 0.001, memory: 859, loss: 6.3146
2024-10-31 10:52:20,012 - mmcls - INFO - Epoch [6][20/48]	lr: 8.536e-04, eta: 0:01:19, time: 0.052, data_time: 0.001, memory: 859, loss: 7.6077
2024-10-31 10:52:20,274 - mmcls - INFO - Epoch [6][25/48]	lr: 8.536e-04, eta: 0:01:17, time: 0.052, data_time: 0.001, memory: 859, loss: 6.4119
2024-10-31 10:52:20,531 - mmcls - INFO - Epoch [6][30/48]	lr: 8.536e-04, eta: 0:01:16, time: 0.051, data_time: 0.001, memory: 859, loss: 7.2458
2024-10-31 10:52:20,788 - mmcls - INFO - Epoch [6][35/48]	lr: 8.536e-04, eta: 0:01:15, time: 0.052, data_time: 0.001, memory: 859, loss: 7.7603
2024-10-31 10:52:21,063 - mmcls - INFO - Epoch [6][40/48]	lr: 8.536e-04, eta: 0:01:14, time: 0.055, data_time: 0.001, memory: 859, loss: 8.7890
2024-10-31 10:52:21,307 - mmcls - INFO - Epoch [6][45/48]	lr: 8.536e-04, eta: 0:01:12, time: 0.049, data_time: 0.001, memory: 859, loss: 7.1522
2024-10-31 10:52:21,456 - mmcls - INFO - Saving checkpoint at 6 epochs
2024-10-31 10:52:29,001 - mmcls - INFO - The previous best checkpoint /mnt/petrelfs/jiyuanfeng.p/project/radiffuser/work_dirs/downsteam/cls/medfmc/fewshot/syn5/10_shot_exp5/best_mAP_epoch_4.pth was removed
2024-10-31 10:52:29,263 - mmcls - INFO - Now best checkpoint is saved as best_mAP_epoch_6.pth.
2024-10-31 10:52:29,264 - mmcls - INFO - Best mAP is 35.0270 at 6 epoch.
2024-10-31 10:52:29,265 - mmcls - INFO - Epoch(val) [6][198]	mAP: 35.0270
2024-10-31 10:52:31,700 - mmcls - INFO - Epoch [7][5/48]	lr: 7.939e-04, eta: 0:01:15, time: 0.486, data_time: 0.434, memory: 859, loss: 6.4622
2024-10-31 10:52:31,994 - mmcls - INFO - Epoch [7][10/48]	lr: 7.939e-04, eta: 0:01:14, time: 0.059, data_time: 0.001, memory: 859, loss: 7.0329
2024-10-31 10:52:32,261 - mmcls - INFO - Epoch [7][15/48]	lr: 7.939e-04, eta: 0:01:13, time: 0.053, data_time: 0.001, memory: 859, loss: 7.8737
2024-10-31 10:52:32,527 - mmcls - INFO - Epoch [7][20/48]	lr: 7.939e-04, eta: 0:01:11, time: 0.053, data_time: 0.001, memory: 859, loss: 6.6008
2024-10-31 10:52:32,807 - mmcls - INFO - Epoch [7][25/48]	lr: 7.939e-04, eta: 0:01:10, time: 0.056, data_time: 0.001, memory: 859, loss: 6.5536
2024-10-31 10:52:33,068 - mmcls - INFO - Epoch [7][30/48]	lr: 7.939e-04, eta: 0:01:09, time: 0.052, data_time: 0.001, memory: 859, loss: 7.1639
2024-10-31 10:52:33,344 - mmcls - INFO - Epoch [7][35/48]	lr: 7.939e-04, eta: 0:01:08, time: 0.055, data_time: 0.001, memory: 859, loss: 7.5925
2024-10-31 10:52:33,602 - mmcls - INFO - Epoch [7][40/48]	lr: 7.939e-04, eta: 0:01:07, time: 0.052, data_time: 0.001, memory: 859, loss: 7.3766
2024-10-31 10:52:33,860 - mmcls - INFO - Epoch [7][45/48]	lr: 7.939e-04, eta: 0:01:06, time: 0.051, data_time: 0.001, memory: 859, loss: 6.6125
2024-10-31 10:52:34,019 - mmcls - INFO - Saving checkpoint at 7 epochs
2024-10-31 10:52:41,455 - mmcls - INFO - The previous best checkpoint /mnt/petrelfs/jiyuanfeng.p/project/radiffuser/work_dirs/downsteam/cls/medfmc/fewshot/syn5/10_shot_exp5/best_mAP_epoch_6.pth was removed
2024-10-31 10:52:41,714 - mmcls - INFO - Now best checkpoint is saved as best_mAP_epoch_7.pth.
2024-10-31 10:52:41,715 - mmcls - INFO - Best mAP is 35.0716 at 7 epoch.
2024-10-31 10:52:41,716 - mmcls - INFO - Epoch(val) [7][198]	mAP: 35.0716
2024-10-31 10:52:44,126 - mmcls - INFO - Epoch [8][5/48]	lr: 7.270e-04, eta: 0:01:08, time: 0.481, data_time: 0.431, memory: 859, loss: 5.7542
2024-10-31 10:52:44,379 - mmcls - INFO - Epoch [8][10/48]	lr: 7.270e-04, eta: 0:01:07, time: 0.051, data_time: 0.001, memory: 859, loss: 7.2362
2024-10-31 10:52:44,797 - mmcls - INFO - Epoch [8][15/48]	lr: 7.270e-04, eta: 0:01:06, time: 0.084, data_time: 0.001, memory: 859, loss: 6.4310
2024-10-31 10:52:45,043 - mmcls - INFO - Epoch [8][20/48]	lr: 7.270e-04, eta: 0:01:05, time: 0.049, data_time: 0.001, memory: 859, loss: 6.9887
2024-10-31 10:52:45,301 - mmcls - INFO - Epoch [8][25/48]	lr: 7.270e-04, eta: 0:01:04, time: 0.052, data_time: 0.001, memory: 859, loss: 6.2625
2024-10-31 10:52:45,557 - mmcls - INFO - Epoch [8][30/48]	lr: 7.270e-04, eta: 0:01:03, time: 0.051, data_time: 0.001, memory: 859, loss: 6.6221
2024-10-31 10:52:45,807 - mmcls - INFO - Epoch [8][35/48]	lr: 7.270e-04, eta: 0:01:02, time: 0.050, data_time: 0.001, memory: 859, loss: 6.6791
2024-10-31 10:52:46,048 - mmcls - INFO - Epoch [8][40/48]	lr: 7.270e-04, eta: 0:01:01, time: 0.048, data_time: 0.001, memory: 859, loss: 6.1935
2024-10-31 10:52:46,284 - mmcls - INFO - Epoch [8][45/48]	lr: 7.270e-04, eta: 0:01:00, time: 0.047, data_time: 0.001, memory: 859, loss: 6.1072
2024-10-31 10:52:46,430 - mmcls - INFO - Saving checkpoint at 8 epochs
2024-10-31 10:52:53,815 - mmcls - INFO - The previous best checkpoint /mnt/petrelfs/jiyuanfeng.p/project/radiffuser/work_dirs/downsteam/cls/medfmc/fewshot/syn5/10_shot_exp5/best_mAP_epoch_7.pth was removed
2024-10-31 10:52:54,077 - mmcls - INFO - Now best checkpoint is saved as best_mAP_epoch_8.pth.
2024-10-31 10:52:54,079 - mmcls - INFO - Best mAP is 37.1876 at 8 epoch.
2024-10-31 10:52:54,080 - mmcls - INFO - Epoch(val) [8][198]	mAP: 37.1876
2024-10-31 10:52:56,523 - mmcls - INFO - Epoch [9][5/48]	lr: 6.545e-04, eta: 0:01:02, time: 0.487, data_time: 0.432, memory: 859, loss: 7.1308
2024-10-31 10:52:56,773 - mmcls - INFO - Epoch [9][10/48]	lr: 6.545e-04, eta: 0:01:01, time: 0.050, data_time: 0.001, memory: 859, loss: 6.2627
2024-10-31 10:52:57,028 - mmcls - INFO - Epoch [9][15/48]	lr: 6.545e-04, eta: 0:01:00, time: 0.051, data_time: 0.001, memory: 859, loss: 5.7532
2024-10-31 10:52:57,285 - mmcls - INFO - Epoch [9][20/48]	lr: 6.545e-04, eta: 0:00:59, time: 0.051, data_time: 0.001, memory: 859, loss: 6.2437
2024-10-31 10:52:57,540 - mmcls - INFO - Epoch [9][25/48]	lr: 6.545e-04, eta: 0:00:58, time: 0.051, data_time: 0.001, memory: 859, loss: 5.9085
2024-10-31 10:52:57,786 - mmcls - INFO - Epoch [9][30/48]	lr: 6.545e-04, eta: 0:00:57, time: 0.049, data_time: 0.002, memory: 859, loss: 5.7743
2024-10-31 10:52:58,052 - mmcls - INFO - Epoch [9][35/48]	lr: 6.545e-04, eta: 0:00:56, time: 0.053, data_time: 0.001, memory: 859, loss: 5.7817
2024-10-31 10:52:58,305 - mmcls - INFO - Epoch [9][40/48]	lr: 6.545e-04, eta: 0:00:55, time: 0.051, data_time: 0.001, memory: 859, loss: 6.0468
2024-10-31 10:52:58,547 - mmcls - INFO - Epoch [9][45/48]	lr: 6.545e-04, eta: 0:00:54, time: 0.048, data_time: 0.001, memory: 859, loss: 6.1715
2024-10-31 10:52:58,692 - mmcls - INFO - Saving checkpoint at 9 epochs
2024-10-31 10:53:06,098 - mmcls - INFO - The previous best checkpoint /mnt/petrelfs/jiyuanfeng.p/project/radiffuser/work_dirs/downsteam/cls/medfmc/fewshot/syn5/10_shot_exp5/best_mAP_epoch_8.pth was removed
2024-10-31 10:53:06,364 - mmcls - INFO - Now best checkpoint is saved as best_mAP_epoch_9.pth.
2024-10-31 10:53:06,365 - mmcls - INFO - Best mAP is 40.5577 at 9 epoch.
2024-10-31 10:53:06,366 - mmcls - INFO - Epoch(val) [9][198]	mAP: 40.5577
2024-10-31 10:53:08,742 - mmcls - INFO - Epoch [10][5/48]	lr: 5.782e-04, eta: 0:00:55, time: 0.474, data_time: 0.426, memory: 859, loss: 5.6365
2024-10-31 10:53:08,989 - mmcls - INFO - Epoch [10][10/48]	lr: 5.782e-04, eta: 0:00:55, time: 0.049, data_time: 0.001, memory: 859, loss: 5.8236
2024-10-31 10:53:09,245 - mmcls - INFO - Epoch [10][15/48]	lr: 5.782e-04, eta: 0:00:54, time: 0.051, data_time: 0.001, memory: 859, loss: 6.7146
2024-10-31 10:53:09,514 - mmcls - INFO - Epoch [10][20/48]	lr: 5.782e-04, eta: 0:00:53, time: 0.054, data_time: 0.001, memory: 859, loss: 6.0368
2024-10-31 10:53:09,768 - mmcls - INFO - Epoch [10][25/48]	lr: 5.782e-04, eta: 0:00:52, time: 0.051, data_time: 0.001, memory: 859, loss: 6.1041
2024-10-31 10:53:10,021 - mmcls - INFO - Epoch [10][30/48]	lr: 5.782e-04, eta: 0:00:51, time: 0.051, data_time: 0.001, memory: 859, loss: 6.2657
2024-10-31 10:53:10,278 - mmcls - INFO - Epoch [10][35/48]	lr: 5.782e-04, eta: 0:00:50, time: 0.051, data_time: 0.001, memory: 859, loss: 4.6692
2024-10-31 10:53:10,520 - mmcls - INFO - Epoch [10][40/48]	lr: 5.782e-04, eta: 0:00:50, time: 0.048, data_time: 0.001, memory: 859, loss: 5.6969
2024-10-31 10:53:10,752 - mmcls - INFO - Epoch [10][45/48]	lr: 5.782e-04, eta: 0:00:49, time: 0.046, data_time: 0.001, memory: 859, loss: 6.8627
2024-10-31 10:53:10,892 - mmcls - INFO - Saving checkpoint at 10 epochs
2024-10-31 10:53:18,288 - mmcls - INFO - The previous best checkpoint /mnt/petrelfs/jiyuanfeng.p/project/radiffuser/work_dirs/downsteam/cls/medfmc/fewshot/syn5/10_shot_exp5/best_mAP_epoch_9.pth was removed
2024-10-31 10:53:18,554 - mmcls - INFO - Now best checkpoint is saved as best_mAP_epoch_10.pth.
2024-10-31 10:53:18,556 - mmcls - INFO - Best mAP is 42.1658 at 10 epoch.
2024-10-31 10:53:18,557 - mmcls - INFO - Epoch(val) [10][198]	mAP: 42.1658
2024-10-31 10:53:20,963 - mmcls - INFO - Epoch [11][5/48]	lr: 5.000e-04, eta: 0:00:50, time: 0.480, data_time: 0.429, memory: 859, loss: 5.8540
2024-10-31 10:53:21,213 - mmcls - INFO - Epoch [11][10/48]	lr: 5.000e-04, eta: 0:00:49, time: 0.050, data_time: 0.001, memory: 859, loss: 5.8005
2024-10-31 10:53:21,467 - mmcls - INFO - Epoch [11][15/48]	lr: 5.000e-04, eta: 0:00:48, time: 0.051, data_time: 0.001, memory: 859, loss: 5.6633
2024-10-31 10:53:21,711 - mmcls - INFO - Epoch [11][20/48]	lr: 5.000e-04, eta: 0:00:47, time: 0.049, data_time: 0.001, memory: 859, loss: 6.4973
2024-10-31 10:53:21,960 - mmcls - INFO - Epoch [11][25/48]	lr: 5.000e-04, eta: 0:00:46, time: 0.050, data_time: 0.001, memory: 859, loss: 4.7035
2024-10-31 10:53:22,208 - mmcls - INFO - Epoch [11][30/48]	lr: 5.000e-04, eta: 0:00:46, time: 0.050, data_time: 0.001, memory: 859, loss: 6.3015
2024-10-31 10:53:22,457 - mmcls - INFO - Epoch [11][35/48]	lr: 5.000e-04, eta: 0:00:45, time: 0.050, data_time: 0.001, memory: 859, loss: 5.3956
2024-10-31 10:53:22,704 - mmcls - INFO - Epoch [11][40/48]	lr: 5.000e-04, eta: 0:00:44, time: 0.049, data_time: 0.001, memory: 859, loss: 6.6278
2024-10-31 10:53:22,937 - mmcls - INFO - Epoch [11][45/48]	lr: 5.000e-04, eta: 0:00:43, time: 0.046, data_time: 0.001, memory: 859, loss: 5.6744
2024-10-31 10:53:23,083 - mmcls - INFO - Saving checkpoint at 11 epochs
2024-10-31 10:53:30,456 - mmcls - INFO - The previous best checkpoint /mnt/petrelfs/jiyuanfeng.p/project/radiffuser/work_dirs/downsteam/cls/medfmc/fewshot/syn5/10_shot_exp5/best_mAP_epoch_10.pth was removed
2024-10-31 10:53:30,723 - mmcls - INFO - Now best checkpoint is saved as best_mAP_epoch_11.pth.
2024-10-31 10:53:30,724 - mmcls - INFO - Best mAP is 44.0397 at 11 epoch.
2024-10-31 10:53:30,725 - mmcls - INFO - Epoch(val) [11][198]	mAP: 44.0397
2024-10-31 10:53:33,150 - mmcls - INFO - Epoch [12][5/48]	lr: 4.218e-04, eta: 0:00:44, time: 0.484, data_time: 0.435, memory: 859, loss: 5.1239
2024-10-31 10:53:33,401 - mmcls - INFO - Epoch [12][10/48]	lr: 4.218e-04, eta: 0:00:43, time: 0.050, data_time: 0.001, memory: 859, loss: 5.6822
2024-10-31 10:53:33,652 - mmcls - INFO - Epoch [12][15/48]	lr: 4.218e-04, eta: 0:00:43, time: 0.050, data_time: 0.001, memory: 859, loss: 5.9050
2024-10-31 10:53:33,907 - mmcls - INFO - Epoch [12][20/48]	lr: 4.218e-04, eta: 0:00:42, time: 0.051, data_time: 0.001, memory: 859, loss: 6.1091
2024-10-31 10:53:34,152 - mmcls - INFO - Epoch [12][25/48]	lr: 4.218e-04, eta: 0:00:41, time: 0.049, data_time: 0.001, memory: 859, loss: 5.2972
2024-10-31 10:53:34,396 - mmcls - INFO - Epoch [12][30/48]	lr: 4.218e-04, eta: 0:00:40, time: 0.049, data_time: 0.001, memory: 859, loss: 6.3038
2024-10-31 10:53:34,639 - mmcls - INFO - Epoch [12][35/48]	lr: 4.218e-04, eta: 0:00:40, time: 0.049, data_time: 0.001, memory: 859, loss: 5.1950
2024-10-31 10:53:34,890 - mmcls - INFO - Epoch [12][40/48]	lr: 4.218e-04, eta: 0:00:39, time: 0.050, data_time: 0.001, memory: 859, loss: 5.5596
2024-10-31 10:53:35,125 - mmcls - INFO - Epoch [12][45/48]	lr: 4.218e-04, eta: 0:00:38, time: 0.047, data_time: 0.001, memory: 859, loss: 5.7868
2024-10-31 10:53:35,264 - mmcls - INFO - Saving checkpoint at 12 epochs
2024-10-31 10:53:42,832 - mmcls - INFO - The previous best checkpoint /mnt/petrelfs/jiyuanfeng.p/project/radiffuser/work_dirs/downsteam/cls/medfmc/fewshot/syn5/10_shot_exp5/best_mAP_epoch_11.pth was removed
2024-10-31 10:53:43,095 - mmcls - INFO - Now best checkpoint is saved as best_mAP_epoch_12.pth.
2024-10-31 10:53:43,096 - mmcls - INFO - Best mAP is 47.3218 at 12 epoch.
2024-10-31 10:53:43,097 - mmcls - INFO - Epoch(val) [12][198]	mAP: 47.3218
2024-10-31 10:53:45,519 - mmcls - INFO - Epoch [13][5/48]	lr: 3.455e-04, eta: 0:00:39, time: 0.483, data_time: 0.433, memory: 859, loss: 5.3891
2024-10-31 10:53:45,767 - mmcls - INFO - Epoch [13][10/48]	lr: 3.455e-04, eta: 0:00:38, time: 0.050, data_time: 0.001, memory: 859, loss: 5.2662
2024-10-31 10:53:46,019 - mmcls - INFO - Epoch [13][15/48]	lr: 3.455e-04, eta: 0:00:37, time: 0.050, data_time: 0.001, memory: 859, loss: 5.0842
2024-10-31 10:53:46,277 - mmcls - INFO - Epoch [13][20/48]	lr: 3.455e-04, eta: 0:00:37, time: 0.052, data_time: 0.001, memory: 859, loss: 4.7610
2024-10-31 10:53:46,533 - mmcls - INFO - Epoch [13][25/48]	lr: 3.455e-04, eta: 0:00:36, time: 0.051, data_time: 0.001, memory: 859, loss: 5.6876
2024-10-31 10:53:46,782 - mmcls - INFO - Epoch [13][30/48]	lr: 3.455e-04, eta: 0:00:35, time: 0.050, data_time: 0.001, memory: 859, loss: 5.8445
2024-10-31 10:53:47,038 - mmcls - INFO - Epoch [13][35/48]	lr: 3.455e-04, eta: 0:00:35, time: 0.051, data_time: 0.001, memory: 859, loss: 4.6922
2024-10-31 10:53:47,289 - mmcls - INFO - Epoch [13][40/48]	lr: 3.455e-04, eta: 0:00:34, time: 0.050, data_time: 0.001, memory: 859, loss: 4.7115
2024-10-31 10:53:47,534 - mmcls - INFO - Epoch [13][45/48]	lr: 3.455e-04, eta: 0:00:33, time: 0.049, data_time: 0.001, memory: 859, loss: 5.9381
2024-10-31 10:53:47,682 - mmcls - INFO - Saving checkpoint at 13 epochs
2024-10-31 10:53:55,125 - mmcls - INFO - The previous best checkpoint /mnt/petrelfs/jiyuanfeng.p/project/radiffuser/work_dirs/downsteam/cls/medfmc/fewshot/syn5/10_shot_exp5/best_mAP_epoch_12.pth was removed
2024-10-31 10:53:55,394 - mmcls - INFO - Now best checkpoint is saved as best_mAP_epoch_13.pth.
2024-10-31 10:53:55,396 - mmcls - INFO - Best mAP is 47.5156 at 13 epoch.
2024-10-31 10:53:55,397 - mmcls - INFO - Epoch(val) [13][198]	mAP: 47.5156
2024-10-31 10:53:57,838 - mmcls - INFO - Epoch [14][5/48]	lr: 2.730e-04, eta: 0:00:33, time: 0.487, data_time: 0.428, memory: 859, loss: 4.7441
2024-10-31 10:53:58,111 - mmcls - INFO - Epoch [14][10/48]	lr: 2.730e-04, eta: 0:00:33, time: 0.055, data_time: 0.001, memory: 859, loss: 4.4047
2024-10-31 10:53:58,381 - mmcls - INFO - Epoch [14][15/48]	lr: 2.730e-04, eta: 0:00:32, time: 0.054, data_time: 0.001, memory: 859, loss: 5.2113
2024-10-31 10:53:58,636 - mmcls - INFO - Epoch [14][20/48]	lr: 2.730e-04, eta: 0:00:31, time: 0.051, data_time: 0.001, memory: 859, loss: 4.6909
2024-10-31 10:53:58,879 - mmcls - INFO - Epoch [14][25/48]	lr: 2.730e-04, eta: 0:00:31, time: 0.049, data_time: 0.001, memory: 859, loss: 5.5829
2024-10-31 10:53:59,128 - mmcls - INFO - Epoch [14][30/48]	lr: 2.730e-04, eta: 0:00:30, time: 0.050, data_time: 0.001, memory: 859, loss: 5.7382
2024-10-31 10:53:59,367 - mmcls - INFO - Epoch [14][35/48]	lr: 2.730e-04, eta: 0:00:30, time: 0.048, data_time: 0.001, memory: 859, loss: 5.6107
2024-10-31 10:53:59,608 - mmcls - INFO - Epoch [14][40/48]	lr: 2.730e-04, eta: 0:00:29, time: 0.048, data_time: 0.001, memory: 859, loss: 6.0181
2024-10-31 10:53:59,845 - mmcls - INFO - Epoch [14][45/48]	lr: 2.730e-04, eta: 0:00:28, time: 0.047, data_time: 0.001, memory: 859, loss: 5.4275
2024-10-31 10:53:59,995 - mmcls - INFO - Saving checkpoint at 14 epochs
2024-10-31 10:54:07,436 - mmcls - INFO - The previous best checkpoint /mnt/petrelfs/jiyuanfeng.p/project/radiffuser/work_dirs/downsteam/cls/medfmc/fewshot/syn5/10_shot_exp5/best_mAP_epoch_13.pth was removed
2024-10-31 10:54:07,699 - mmcls - INFO - Now best checkpoint is saved as best_mAP_epoch_14.pth.
2024-10-31 10:54:07,700 - mmcls - INFO - Best mAP is 48.8593 at 14 epoch.
2024-10-31 10:54:07,701 - mmcls - INFO - Epoch(val) [14][198]	mAP: 48.8593
2024-10-31 10:54:10,113 - mmcls - INFO - Epoch [15][5/48]	lr: 2.061e-04, eta: 0:00:28, time: 0.481, data_time: 0.430, memory: 859, loss: 4.6230
2024-10-31 10:54:10,369 - mmcls - INFO - Epoch [15][10/48]	lr: 2.061e-04, eta: 0:00:28, time: 0.051, data_time: 0.001, memory: 859, loss: 5.0993
2024-10-31 10:54:10,614 - mmcls - INFO - Epoch [15][15/48]	lr: 2.061e-04, eta: 0:00:27, time: 0.049, data_time: 0.001, memory: 859, loss: 5.4807
2024-10-31 10:54:10,871 - mmcls - INFO - Epoch [15][20/48]	lr: 2.061e-04, eta: 0:00:26, time: 0.051, data_time: 0.001, memory: 859, loss: 6.0664
2024-10-31 10:54:11,117 - mmcls - INFO - Epoch [15][25/48]	lr: 2.061e-04, eta: 0:00:26, time: 0.049, data_time: 0.001, memory: 859, loss: 4.7837
2024-10-31 10:54:11,362 - mmcls - INFO - Epoch [15][30/48]	lr: 2.061e-04, eta: 0:00:25, time: 0.049, data_time: 0.001, memory: 859, loss: 6.0978
2024-10-31 10:54:11,609 - mmcls - INFO - Epoch [15][35/48]	lr: 2.061e-04, eta: 0:00:25, time: 0.049, data_time: 0.001, memory: 859, loss: 5.0851
2024-10-31 10:54:11,852 - mmcls - INFO - Epoch [15][40/48]	lr: 2.061e-04, eta: 0:00:24, time: 0.049, data_time: 0.001, memory: 859, loss: 5.2730
2024-10-31 10:54:12,095 - mmcls - INFO - Epoch [15][45/48]	lr: 2.061e-04, eta: 0:00:23, time: 0.049, data_time: 0.001, memory: 859, loss: 4.6792
2024-10-31 10:54:12,242 - mmcls - INFO - Saving checkpoint at 15 epochs
2024-10-31 10:54:19,588 - mmcls - INFO - The previous best checkpoint /mnt/petrelfs/jiyuanfeng.p/project/radiffuser/work_dirs/downsteam/cls/medfmc/fewshot/syn5/10_shot_exp5/best_mAP_epoch_14.pth was removed
2024-10-31 10:54:19,853 - mmcls - INFO - Now best checkpoint is saved as best_mAP_epoch_15.pth.
2024-10-31 10:54:19,855 - mmcls - INFO - Best mAP is 49.1973 at 15 epoch.
2024-10-31 10:54:19,856 - mmcls - INFO - Epoch(val) [15][198]	mAP: 49.1973
2024-10-31 10:54:22,281 - mmcls - INFO - Epoch [16][5/48]	lr: 1.464e-04, eta: 0:00:23, time: 0.484, data_time: 0.433, memory: 859, loss: 4.8586
2024-10-31 10:54:22,537 - mmcls - INFO - Epoch [16][10/48]	lr: 1.464e-04, eta: 0:00:23, time: 0.051, data_time: 0.001, memory: 859, loss: 3.9805
2024-10-31 10:54:22,791 - mmcls - INFO - Epoch [16][15/48]	lr: 1.464e-04, eta: 0:00:22, time: 0.051, data_time: 0.001, memory: 859, loss: 5.7461
2024-10-31 10:54:23,060 - mmcls - INFO - Epoch [16][20/48]	lr: 1.464e-04, eta: 0:00:21, time: 0.054, data_time: 0.001, memory: 859, loss: 5.0087
2024-10-31 10:54:23,337 - mmcls - INFO - Epoch [16][25/48]	lr: 1.464e-04, eta: 0:00:21, time: 0.055, data_time: 0.001, memory: 859, loss: 5.1069
2024-10-31 10:54:23,596 - mmcls - INFO - Epoch [16][30/48]	lr: 1.464e-04, eta: 0:00:20, time: 0.052, data_time: 0.001, memory: 859, loss: 4.7253
2024-10-31 10:54:23,880 - mmcls - INFO - Epoch [16][35/48]	lr: 1.464e-04, eta: 0:00:20, time: 0.057, data_time: 0.001, memory: 859, loss: 4.6721
2024-10-31 10:54:24,138 - mmcls - INFO - Epoch [16][40/48]	lr: 1.464e-04, eta: 0:00:19, time: 0.052, data_time: 0.001, memory: 859, loss: 4.4651
2024-10-31 10:54:24,388 - mmcls - INFO - Epoch [16][45/48]	lr: 1.464e-04, eta: 0:00:19, time: 0.050, data_time: 0.001, memory: 859, loss: 4.6691
2024-10-31 10:54:24,545 - mmcls - INFO - Saving checkpoint at 16 epochs
2024-10-31 10:54:31,988 - mmcls - INFO - The previous best checkpoint /mnt/petrelfs/jiyuanfeng.p/project/radiffuser/work_dirs/downsteam/cls/medfmc/fewshot/syn5/10_shot_exp5/best_mAP_epoch_15.pth was removed
2024-10-31 10:54:32,277 - mmcls - INFO - Now best checkpoint is saved as best_mAP_epoch_16.pth.
2024-10-31 10:54:32,278 - mmcls - INFO - Best mAP is 50.2892 at 16 epoch.
2024-10-31 10:54:32,280 - mmcls - INFO - Epoch(val) [16][198]	mAP: 50.2892
2024-10-31 10:54:34,697 - mmcls - INFO - Epoch [17][5/48]	lr: 9.549e-05, eta: 0:00:18, time: 0.482, data_time: 0.431, memory: 859, loss: 5.6010
2024-10-31 10:54:34,948 - mmcls - INFO - Epoch [17][10/48]	lr: 9.549e-05, eta: 0:00:18, time: 0.050, data_time: 0.001, memory: 859, loss: 4.7235
2024-10-31 10:54:35,198 - mmcls - INFO - Epoch [17][15/48]	lr: 9.549e-05, eta: 0:00:17, time: 0.050, data_time: 0.001, memory: 859, loss: 4.8940
2024-10-31 10:54:35,452 - mmcls - INFO - Epoch [17][20/48]	lr: 9.549e-05, eta: 0:00:17, time: 0.051, data_time: 0.001, memory: 859, loss: 4.9372
2024-10-31 10:54:35,693 - mmcls - INFO - Epoch [17][25/48]	lr: 9.549e-05, eta: 0:00:16, time: 0.048, data_time: 0.001, memory: 859, loss: 4.4645
2024-10-31 10:54:35,939 - mmcls - INFO - Epoch [17][30/48]	lr: 9.549e-05, eta: 0:00:16, time: 0.049, data_time: 0.001, memory: 859, loss: 4.6292
2024-10-31 10:54:36,176 - mmcls - INFO - Epoch [17][35/48]	lr: 9.549e-05, eta: 0:00:15, time: 0.047, data_time: 0.001, memory: 859, loss: 4.8002
2024-10-31 10:54:36,418 - mmcls - INFO - Epoch [17][40/48]	lr: 9.549e-05, eta: 0:00:14, time: 0.048, data_time: 0.001, memory: 859, loss: 4.2218
2024-10-31 10:54:36,671 - mmcls - INFO - Epoch [17][45/48]	lr: 9.549e-05, eta: 0:00:14, time: 0.050, data_time: 0.001, memory: 859, loss: 4.2394
2024-10-31 10:54:36,822 - mmcls - INFO - Saving checkpoint at 17 epochs
2024-10-31 10:54:44,085 - mmcls - INFO - Epoch(val) [17][198]	mAP: 49.9128
2024-10-31 10:54:46,497 - mmcls - INFO - Epoch [18][5/48]	lr: 5.450e-05, eta: 0:00:13, time: 0.481, data_time: 0.431, memory: 859, loss: 4.3558
2024-10-31 10:54:46,749 - mmcls - INFO - Epoch [18][10/48]	lr: 5.450e-05, eta: 0:00:13, time: 0.050, data_time: 0.001, memory: 859, loss: 3.8721
2024-10-31 10:54:47,013 - mmcls - INFO - Epoch [18][15/48]	lr: 5.450e-05, eta: 0:00:12, time: 0.053, data_time: 0.001, memory: 859, loss: 4.0343
2024-10-31 10:54:47,269 - mmcls - INFO - Epoch [18][20/48]	lr: 5.450e-05, eta: 0:00:12, time: 0.051, data_time: 0.001, memory: 859, loss: 4.8488
2024-10-31 10:54:47,533 - mmcls - INFO - Epoch [18][25/48]	lr: 5.450e-05, eta: 0:00:11, time: 0.053, data_time: 0.001, memory: 859, loss: 4.6613
2024-10-31 10:54:47,788 - mmcls - INFO - Epoch [18][30/48]	lr: 5.450e-05, eta: 0:00:11, time: 0.051, data_time: 0.001, memory: 859, loss: 4.6161
2024-10-31 10:54:48,049 - mmcls - INFO - Epoch [18][35/48]	lr: 5.450e-05, eta: 0:00:10, time: 0.052, data_time: 0.001, memory: 859, loss: 4.9700
2024-10-31 10:54:48,439 - mmcls - INFO - Epoch [18][40/48]	lr: 5.450e-05, eta: 0:00:10, time: 0.078, data_time: 0.001, memory: 859, loss: 4.2499
2024-10-31 10:54:48,694 - mmcls - INFO - Epoch [18][45/48]	lr: 5.450e-05, eta: 0:00:09, time: 0.051, data_time: 0.001, memory: 859, loss: 4.3536
2024-10-31 10:54:48,843 - mmcls - INFO - Saving checkpoint at 18 epochs
2024-10-31 10:54:56,162 - mmcls - INFO - The previous best checkpoint /mnt/petrelfs/jiyuanfeng.p/project/radiffuser/work_dirs/downsteam/cls/medfmc/fewshot/syn5/10_shot_exp5/best_mAP_epoch_16.pth was removed
2024-10-31 10:54:56,417 - mmcls - INFO - Now best checkpoint is saved as best_mAP_epoch_18.pth.
2024-10-31 10:54:56,418 - mmcls - INFO - Best mAP is 50.3124 at 18 epoch.
2024-10-31 10:54:56,419 - mmcls - INFO - Epoch(val) [18][198]	mAP: 50.3124
2024-10-31 10:54:58,832 - mmcls - INFO - Epoch [19][5/48]	lr: 2.447e-05, eta: 0:00:09, time: 0.481, data_time: 0.430, memory: 859, loss: 4.5108
2024-10-31 10:54:59,084 - mmcls - INFO - Epoch [19][10/48]	lr: 2.447e-05, eta: 0:00:08, time: 0.051, data_time: 0.001, memory: 859, loss: 4.8588
2024-10-31 10:54:59,342 - mmcls - INFO - Epoch [19][15/48]	lr: 2.447e-05, eta: 0:00:08, time: 0.052, data_time: 0.001, memory: 859, loss: 5.3637
2024-10-31 10:54:59,612 - mmcls - INFO - Epoch [19][20/48]	lr: 2.447e-05, eta: 0:00:07, time: 0.054, data_time: 0.001, memory: 859, loss: 4.6912
2024-10-31 10:54:59,879 - mmcls - INFO - Epoch [19][25/48]	lr: 2.447e-05, eta: 0:00:07, time: 0.053, data_time: 0.001, memory: 859, loss: 4.0069
2024-10-31 10:55:00,135 - mmcls - INFO - Epoch [19][30/48]	lr: 2.447e-05, eta: 0:00:06, time: 0.051, data_time: 0.001, memory: 859, loss: 4.6846
2024-10-31 10:55:00,386 - mmcls - INFO - Epoch [19][35/48]	lr: 2.447e-05, eta: 0:00:05, time: 0.050, data_time: 0.001, memory: 859, loss: 4.8273
2024-10-31 10:55:00,636 - mmcls - INFO - Epoch [19][40/48]	lr: 2.447e-05, eta: 0:00:05, time: 0.050, data_time: 0.001, memory: 859, loss: 4.8870
2024-10-31 10:55:00,884 - mmcls - INFO - Epoch [19][45/48]	lr: 2.447e-05, eta: 0:00:04, time: 0.050, data_time: 0.001, memory: 859, loss: 4.7950
2024-10-31 10:55:01,034 - mmcls - INFO - Saving checkpoint at 19 epochs
2024-10-31 10:55:08,468 - mmcls - INFO - The previous best checkpoint /mnt/petrelfs/jiyuanfeng.p/project/radiffuser/work_dirs/downsteam/cls/medfmc/fewshot/syn5/10_shot_exp5/best_mAP_epoch_18.pth was removed
2024-10-31 10:55:08,734 - mmcls - INFO - Now best checkpoint is saved as best_mAP_epoch_19.pth.
2024-10-31 10:55:08,735 - mmcls - INFO - Best mAP is 50.6160 at 19 epoch.
2024-10-31 10:55:08,736 - mmcls - INFO - Epoch(val) [19][198]	mAP: 50.6160
2024-10-31 10:55:11,141 - mmcls - INFO - Epoch [20][5/48]	lr: 6.156e-06, eta: 0:00:04, time: 0.480, data_time: 0.428, memory: 859, loss: 4.5179
2024-10-31 10:55:11,404 - mmcls - INFO - Epoch [20][10/48]	lr: 6.156e-06, eta: 0:00:03, time: 0.052, data_time: 0.001, memory: 859, loss: 4.8217
2024-10-31 10:55:11,660 - mmcls - INFO - Epoch [20][15/48]	lr: 6.156e-06, eta: 0:00:03, time: 0.051, data_time: 0.001, memory: 859, loss: 4.8184
2024-10-31 10:55:11,926 - mmcls - INFO - Epoch [20][20/48]	lr: 6.156e-06, eta: 0:00:02, time: 0.053, data_time: 0.001, memory: 859, loss: 4.0109
2024-10-31 10:55:12,192 - mmcls - INFO - Epoch [20][25/48]	lr: 6.156e-06, eta: 0:00:02, time: 0.053, data_time: 0.001, memory: 859, loss: 5.4636
2024-10-31 10:55:12,441 - mmcls - INFO - Epoch [20][30/48]	lr: 6.156e-06, eta: 0:00:01, time: 0.050, data_time: 0.001, memory: 859, loss: 5.1441
2024-10-31 10:55:12,692 - mmcls - INFO - Epoch [20][35/48]	lr: 6.156e-06, eta: 0:00:01, time: 0.050, data_time: 0.001, memory: 859, loss: 5.0436
2024-10-31 10:55:12,942 - mmcls - INFO - Epoch [20][40/48]	lr: 6.156e-06, eta: 0:00:00, time: 0.050, data_time: 0.001, memory: 859, loss: 5.2533
2024-10-31 10:55:13,193 - mmcls - INFO - Epoch [20][45/48]	lr: 6.156e-06, eta: 0:00:00, time: 0.050, data_time: 0.001, memory: 859, loss: 4.6734
2024-10-31 10:55:13,344 - mmcls - INFO - Saving checkpoint at 20 epochs
2024-10-31 10:55:20,666 - mmcls - INFO - Epoch(val) [20][198]	mAP: 50.0177
