2024-10-31 10:51:11,841 - mmcls - INFO - Environment info:
------------------------------------------------------------
sys.platform: linux
Python: 3.9.18 (main, Sep 11 2023, 13:41:44) [GCC 11.2.0]
CUDA available: True
GPU 0: NVIDIA A100-SXM4-80GB
CUDA_HOME: /mnt/lustre/share/cuda-11.8
NVCC: Cuda compilation tools, release 11.8, V11.8.89
GCC: gcc (GCC) 7.3.0
PyTorch: 2.2.0+cu121
PyTorch compiling details: PyTorch built with:
  - GCC 9.3
  - C++ Version: 201703
  - Intel(R) oneAPI Math Kernel Library Version 2022.2-Product Build 20220804 for Intel(R) 64 architecture applications
  - Intel(R) MKL-DNN v3.3.2 (Git Hash 2dc95a2ad0841e29db8b22fbccaf3e5da7992b01)
  - OpenMP 201511 (a.k.a. OpenMP 4.5)
  - LAPACK is enabled (usually provided by MKL)
  - NNPACK is enabled
  - CPU capability usage: AVX512
  - CUDA Runtime 12.1
  - NVCC architecture flags: -gencode;arch=compute_50,code=sm_50;-gencode;arch=compute_60,code=sm_60;-gencode;arch=compute_70,code=sm_70;-gencode;arch=compute_75,code=sm_75;-gencode;arch=compute_80,code=sm_80;-gencode;arch=compute_86,code=sm_86;-gencode;arch=compute_90,code=sm_90
  - CuDNN 8.9.2
  - Magma 2.6.1
  - Build settings: BLAS_INFO=mkl, BUILD_TYPE=Release, CUDA_VERSION=12.1, CUDNN_VERSION=8.9.2, CXX_COMPILER=/opt/rh/devtoolset-9/root/usr/bin/c++, CXX_FLAGS= -D_GLIBCXX_USE_CXX11_ABI=0 -fabi-version=11 -fvisibility-inlines-hidden -DUSE_PTHREADPOOL -DNDEBUG -DUSE_KINETO -DLIBKINETO_NOROCTRACER -DUSE_FBGEMM -DUSE_QNNPACK -DUSE_PYTORCH_QNNPACK -DUSE_XNNPACK -DSYMBOLICATE_MOBILE_DEBUG_HANDLE -O2 -fPIC -Wall -Wextra -Werror=return-type -Werror=non-virtual-dtor -Werror=bool-operation -Wnarrowing -Wno-missing-field-initializers -Wno-type-limits -Wno-array-bounds -Wno-unknown-pragmas -Wno-unused-parameter -Wno-unused-function -Wno-unused-result -Wno-strict-overflow -Wno-strict-aliasing -Wno-stringop-overflow -Wsuggest-override -Wno-psabi -Wno-error=pedantic -Wno-error=old-style-cast -Wno-missing-braces -fdiagnostics-color=always -faligned-new -Wno-unused-but-set-variable -Wno-maybe-uninitialized -fno-math-errno -fno-trapping-math -Werror=format -Wno-stringop-overflow, LAPACK_INFO=mkl, PERF_WITH_AVX=1, PERF_WITH_AVX2=1, PERF_WITH_AVX512=1, TORCH_VERSION=2.2.0, USE_CUDA=ON, USE_CUDNN=ON, USE_EXCEPTION_PTR=1, USE_GFLAGS=OFF, USE_GLOG=OFF, USE_MKL=ON, USE_MKLDNN=ON, USE_MPI=OFF, USE_NCCL=1, USE_NNPACK=ON, USE_OPENMP=ON, USE_ROCM=OFF, USE_ROCM_KERNEL_ASSERT=OFF, 

TorchVision: 0.17.0+cu121
OpenCV: 4.9.0
MMCV: 1.6.0
MMCV Compiler: n/a
MMCV CUDA Compiler: n/a
MMClassification: 0.25.0+68bac71
------------------------------------------------------------

2024-10-31 10:51:11,843 - mmcls - INFO - Distributed training: False
2024-10-31 10:51:12,369 - mmcls - INFO - Config:
model = dict(
    type='ImageClassifier',
    backbone=dict(
        type='DenseNet',
        arch='121',
        init_cfg=dict(
            type='Pretrained',
            checkpoint='weights/densenet121_4xb256_in1k_20220426-07450f99.pth',
            prefix='backbone')),
    neck=dict(type='GlobalAveragePooling'),
    head=dict(
        type='MultiLabelLinearClsHead', num_classes=19, in_channels=1024))
dataset_type = 'Chest19'
img_norm_cfg = dict(
    mean=[123.675, 116.28, 103.53], std=[58.395, 57.12, 57.375], to_rgb=True)
train_pipeline = [
    dict(type='LoadImageFromFile'),
    dict(
        type='RandomResizedCrop',
        size=256,
        backend='pillow',
        interpolation='bicubic'),
    dict(type='RandomFlip', flip_prob=0.5, direction='horizontal'),
    dict(
        type='Normalize',
        mean=[123.675, 116.28, 103.53],
        std=[58.395, 57.12, 57.375],
        to_rgb=True),
    dict(type='ImageToTensor', keys=['img']),
    dict(type='ToTensor', keys=['gt_label']),
    dict(type='Collect', keys=['img', 'gt_label'])
]
test_pipeline = [
    dict(type='LoadImageFromFile'),
    dict(type='Resize', size=256, backend='pillow', interpolation='bicubic'),
    dict(
        type='Normalize',
        mean=[123.675, 116.28, 103.53],
        std=[58.395, 57.12, 57.375],
        to_rgb=True),
    dict(type='ImageToTensor', keys=['img']),
    dict(type='Collect', keys=['img'])
]
data = dict(
    samples_per_gpu=4,
    workers_per_gpu=4,
    train=dict(
        type='Chest19',
        data_prefix=
        '/mnt/petrelfs/jiyuanfeng.p/data/medfmc/MedFMC_train/chest/images',
        ann_file=
        '/mnt/petrelfs/jiyuanfeng.p/project/radiffuser/tools/downstream/medfm/data_backup/MedFMC/chest/chest_5-shot_train_exp2.txt',
        pipeline=[
            dict(type='LoadImageFromFile'),
            dict(
                type='RandomResizedCrop',
                size=256,
                backend='pillow',
                interpolation='bicubic'),
            dict(type='RandomFlip', flip_prob=0.5, direction='horizontal'),
            dict(
                type='Normalize',
                mean=[123.675, 116.28, 103.53],
                std=[58.395, 57.12, 57.375],
                to_rgb=True),
            dict(type='ImageToTensor', keys=['img']),
            dict(type='ToTensor', keys=['gt_label']),
            dict(type='Collect', keys=['img', 'gt_label'])
        ]),
    val=dict(
        type='Chest19',
        data_prefix=
        '/mnt/petrelfs/jiyuanfeng.p/data/medfmc/MedFMC_train/chest/images',
        ann_file=
        '/mnt/petrelfs/jiyuanfeng.p/project/radiffuser/tools/downstream/medfm/data_backup/MedFMC/chest/chest_5-shot_val_exp2.txt',
        pipeline=[
            dict(type='LoadImageFromFile'),
            dict(
                type='Resize',
                size=256,
                backend='pillow',
                interpolation='bicubic'),
            dict(
                type='Normalize',
                mean=[123.675, 116.28, 103.53],
                std=[58.395, 57.12, 57.375],
                to_rgb=True),
            dict(type='ImageToTensor', keys=['img']),
            dict(type='Collect', keys=['img'])
        ]),
    test=dict(
        type='Chest19',
        data_prefix=
        '/mnt/petrelfs/jiyuanfeng.p/data/medfmc/MedFMC_train/chest/images',
        ann_file=
        '/mnt/petrelfs/jiyuanfeng.p/project/radiffuser/tools/downstream/medfm/data_backup/MedFMC/chest/test_WithLabel.txt',
        pipeline=[
            dict(type='LoadImageFromFile'),
            dict(
                type='Resize',
                size=256,
                backend='pillow',
                interpolation='bicubic'),
            dict(
                type='Normalize',
                mean=[123.675, 116.28, 103.53],
                std=[58.395, 57.12, 57.375],
                to_rgb=True),
            dict(type='ImageToTensor', keys=['img']),
            dict(type='Collect', keys=['img'])
        ]))
evaluation = dict(interval=1, metric='mAP', save_best='auto')
optimizer = dict(type='SGD', lr=0.001, momentum=0.9, weight_decay=0.0001)
optimizer_config = dict(grad_clip=None)
lr_config = dict(policy='CosineAnnealing', min_lr=0)
runner = dict(type='EpochBasedRunner', max_epochs=20)
checkpoint_config = dict(interval=1, max_keep_ckpts=1)
log_config = dict(interval=5, hooks=[dict(type='TextLoggerHook')])
dist_params = dict(backend='nccl')
log_level = 'INFO'
load_from = 'work_dirs/downsteam/cls/mimic/pretrain/sync5/latest.pth'
resume_from = None
workflow = [('train', 1)]
custom_imports = dict(
    imports=[
        'medfmc.models', 'medfmc.datasets.medical_datasets',
        'medfmc.core.evaluation'
    ],
    allow_failed_imports=False)
dataset = 'chest'
nshot = 5
exp = 2
base_path = '/mnt/petrelfs/jiyuanfeng.p/project/radiffuser/tools/downstream/medfm/data_backup/MedFMC'
train_val_template = '/mnt/petrelfs/jiyuanfeng.p/project/radiffuser/tools/downstream/medfm/data_backup/MedFMC/{dataset}/{dataset}_{nshot}-shot_{split}_exp{exp}.txt'
work_dir = 'work_dirs/downsteam/cls/medfmc/fewshot/syn5/5_shot_exp2'
gpu_ids = [0]

2024-10-31 10:51:12,370 - mmcls - INFO - Set random seed to 0, deterministic: False
2024-10-31 10:51:13,257 - mmcls - INFO - initialize DenseNet with init_cfg {'type': 'Pretrained', 'checkpoint': 'weights/densenet121_4xb256_in1k_20220426-07450f99.pth', 'prefix': 'backbone'}
2024-10-31 10:51:13,396 - mmcls - INFO - initialize MultiLabelLinearClsHead with init_cfg {'type': 'Normal', 'layer': 'Linear', 'std': 0.01}
Name of parameter - Initialization information

backbone.stem.0.weight - torch.Size([64, 3, 7, 7]): 
PretrainedInit: load from weights/densenet121_4xb256_in1k_20220426-07450f99.pth 

backbone.stem.1.weight - torch.Size([64]): 
PretrainedInit: load from weights/densenet121_4xb256_in1k_20220426-07450f99.pth 

backbone.stem.1.bias - torch.Size([64]): 
PretrainedInit: load from weights/densenet121_4xb256_in1k_20220426-07450f99.pth 

backbone.stages.0.block.0.norm1.weight - torch.Size([64]): 
PretrainedInit: load from weights/densenet121_4xb256_in1k_20220426-07450f99.pth 

backbone.stages.0.block.0.norm1.bias - torch.Size([64]): 
PretrainedInit: load from weights/densenet121_4xb256_in1k_20220426-07450f99.pth 

backbone.stages.0.block.0.conv1.weight - torch.Size([128, 64, 1, 1]): 
PretrainedInit: load from weights/densenet121_4xb256_in1k_20220426-07450f99.pth 

backbone.stages.0.block.0.norm2.weight - torch.Size([128]): 
PretrainedInit: load from weights/densenet121_4xb256_in1k_20220426-07450f99.pth 

backbone.stages.0.block.0.norm2.bias - torch.Size([128]): 
PretrainedInit: load from weights/densenet121_4xb256_in1k_20220426-07450f99.pth 

backbone.stages.0.block.0.conv2.weight - torch.Size([32, 128, 3, 3]): 
PretrainedInit: load from weights/densenet121_4xb256_in1k_20220426-07450f99.pth 

backbone.stages.0.block.1.norm1.weight - torch.Size([96]): 
PretrainedInit: load from weights/densenet121_4xb256_in1k_20220426-07450f99.pth 

backbone.stages.0.block.1.norm1.bias - torch.Size([96]): 
PretrainedInit: load from weights/densenet121_4xb256_in1k_20220426-07450f99.pth 

backbone.stages.0.block.1.conv1.weight - torch.Size([128, 96, 1, 1]): 
PretrainedInit: load from weights/densenet121_4xb256_in1k_20220426-07450f99.pth 

backbone.stages.0.block.1.norm2.weight - torch.Size([128]): 
PretrainedInit: load from weights/densenet121_4xb256_in1k_20220426-07450f99.pth 

backbone.stages.0.block.1.norm2.bias - torch.Size([128]): 
PretrainedInit: load from weights/densenet121_4xb256_in1k_20220426-07450f99.pth 

backbone.stages.0.block.1.conv2.weight - torch.Size([32, 128, 3, 3]): 
PretrainedInit: load from weights/densenet121_4xb256_in1k_20220426-07450f99.pth 

backbone.stages.0.block.2.norm1.weight - torch.Size([128]): 
PretrainedInit: load from weights/densenet121_4xb256_in1k_20220426-07450f99.pth 

backbone.stages.0.block.2.norm1.bias - torch.Size([128]): 
PretrainedInit: load from weights/densenet121_4xb256_in1k_20220426-07450f99.pth 

backbone.stages.0.block.2.conv1.weight - torch.Size([128, 128, 1, 1]): 
PretrainedInit: load from weights/densenet121_4xb256_in1k_20220426-07450f99.pth 

backbone.stages.0.block.2.norm2.weight - torch.Size([128]): 
PretrainedInit: load from weights/densenet121_4xb256_in1k_20220426-07450f99.pth 

backbone.stages.0.block.2.norm2.bias - torch.Size([128]): 
PretrainedInit: load from weights/densenet121_4xb256_in1k_20220426-07450f99.pth 

backbone.stages.0.block.2.conv2.weight - torch.Size([32, 128, 3, 3]): 
PretrainedInit: load from weights/densenet121_4xb256_in1k_20220426-07450f99.pth 

backbone.stages.0.block.3.norm1.weight - torch.Size([160]): 
PretrainedInit: load from weights/densenet121_4xb256_in1k_20220426-07450f99.pth 

backbone.stages.0.block.3.norm1.bias - torch.Size([160]): 
PretrainedInit: load from weights/densenet121_4xb256_in1k_20220426-07450f99.pth 

backbone.stages.0.block.3.conv1.weight - torch.Size([128, 160, 1, 1]): 
PretrainedInit: load from weights/densenet121_4xb256_in1k_20220426-07450f99.pth 

backbone.stages.0.block.3.norm2.weight - torch.Size([128]): 
PretrainedInit: load from weights/densenet121_4xb256_in1k_20220426-07450f99.pth 

backbone.stages.0.block.3.norm2.bias - torch.Size([128]): 
PretrainedInit: load from weights/densenet121_4xb256_in1k_20220426-07450f99.pth 

backbone.stages.0.block.3.conv2.weight - torch.Size([32, 128, 3, 3]): 
PretrainedInit: load from weights/densenet121_4xb256_in1k_20220426-07450f99.pth 

backbone.stages.0.block.4.norm1.weight - torch.Size([192]): 
PretrainedInit: load from weights/densenet121_4xb256_in1k_20220426-07450f99.pth 

backbone.stages.0.block.4.norm1.bias - torch.Size([192]): 
PretrainedInit: load from weights/densenet121_4xb256_in1k_20220426-07450f99.pth 

backbone.stages.0.block.4.conv1.weight - torch.Size([128, 192, 1, 1]): 
PretrainedInit: load from weights/densenet121_4xb256_in1k_20220426-07450f99.pth 

backbone.stages.0.block.4.norm2.weight - torch.Size([128]): 
PretrainedInit: load from weights/densenet121_4xb256_in1k_20220426-07450f99.pth 

backbone.stages.0.block.4.norm2.bias - torch.Size([128]): 
PretrainedInit: load from weights/densenet121_4xb256_in1k_20220426-07450f99.pth 

backbone.stages.0.block.4.conv2.weight - torch.Size([32, 128, 3, 3]): 
PretrainedInit: load from weights/densenet121_4xb256_in1k_20220426-07450f99.pth 

backbone.stages.0.block.5.norm1.weight - torch.Size([224]): 
PretrainedInit: load from weights/densenet121_4xb256_in1k_20220426-07450f99.pth 

backbone.stages.0.block.5.norm1.bias - torch.Size([224]): 
PretrainedInit: load from weights/densenet121_4xb256_in1k_20220426-07450f99.pth 

backbone.stages.0.block.5.conv1.weight - torch.Size([128, 224, 1, 1]): 
PretrainedInit: load from weights/densenet121_4xb256_in1k_20220426-07450f99.pth 

backbone.stages.0.block.5.norm2.weight - torch.Size([128]): 
PretrainedInit: load from weights/densenet121_4xb256_in1k_20220426-07450f99.pth 

backbone.stages.0.block.5.norm2.bias - torch.Size([128]): 
PretrainedInit: load from weights/densenet121_4xb256_in1k_20220426-07450f99.pth 

backbone.stages.0.block.5.conv2.weight - torch.Size([32, 128, 3, 3]): 
PretrainedInit: load from weights/densenet121_4xb256_in1k_20220426-07450f99.pth 

backbone.stages.1.block.0.norm1.weight - torch.Size([128]): 
PretrainedInit: load from weights/densenet121_4xb256_in1k_20220426-07450f99.pth 

backbone.stages.1.block.0.norm1.bias - torch.Size([128]): 
PretrainedInit: load from weights/densenet121_4xb256_in1k_20220426-07450f99.pth 

backbone.stages.1.block.0.conv1.weight - torch.Size([128, 128, 1, 1]): 
PretrainedInit: load from weights/densenet121_4xb256_in1k_20220426-07450f99.pth 

backbone.stages.1.block.0.norm2.weight - torch.Size([128]): 
PretrainedInit: load from weights/densenet121_4xb256_in1k_20220426-07450f99.pth 

backbone.stages.1.block.0.norm2.bias - torch.Size([128]): 
PretrainedInit: load from weights/densenet121_4xb256_in1k_20220426-07450f99.pth 

backbone.stages.1.block.0.conv2.weight - torch.Size([32, 128, 3, 3]): 
PretrainedInit: load from weights/densenet121_4xb256_in1k_20220426-07450f99.pth 

backbone.stages.1.block.1.norm1.weight - torch.Size([160]): 
PretrainedInit: load from weights/densenet121_4xb256_in1k_20220426-07450f99.pth 

backbone.stages.1.block.1.norm1.bias - torch.Size([160]): 
PretrainedInit: load from weights/densenet121_4xb256_in1k_20220426-07450f99.pth 

backbone.stages.1.block.1.conv1.weight - torch.Size([128, 160, 1, 1]): 
PretrainedInit: load from weights/densenet121_4xb256_in1k_20220426-07450f99.pth 

backbone.stages.1.block.1.norm2.weight - torch.Size([128]): 
PretrainedInit: load from weights/densenet121_4xb256_in1k_20220426-07450f99.pth 

backbone.stages.1.block.1.norm2.bias - torch.Size([128]): 
PretrainedInit: load from weights/densenet121_4xb256_in1k_20220426-07450f99.pth 

backbone.stages.1.block.1.conv2.weight - torch.Size([32, 128, 3, 3]): 
PretrainedInit: load from weights/densenet121_4xb256_in1k_20220426-07450f99.pth 

backbone.stages.1.block.2.norm1.weight - torch.Size([192]): 
PretrainedInit: load from weights/densenet121_4xb256_in1k_20220426-07450f99.pth 

backbone.stages.1.block.2.norm1.bias - torch.Size([192]): 
PretrainedInit: load from weights/densenet121_4xb256_in1k_20220426-07450f99.pth 

backbone.stages.1.block.2.conv1.weight - torch.Size([128, 192, 1, 1]): 
PretrainedInit: load from weights/densenet121_4xb256_in1k_20220426-07450f99.pth 

backbone.stages.1.block.2.norm2.weight - torch.Size([128]): 
PretrainedInit: load from weights/densenet121_4xb256_in1k_20220426-07450f99.pth 

backbone.stages.1.block.2.norm2.bias - torch.Size([128]): 
PretrainedInit: load from weights/densenet121_4xb256_in1k_20220426-07450f99.pth 

backbone.stages.1.block.2.conv2.weight - torch.Size([32, 128, 3, 3]): 
PretrainedInit: load from weights/densenet121_4xb256_in1k_20220426-07450f99.pth 

backbone.stages.1.block.3.norm1.weight - torch.Size([224]): 
PretrainedInit: load from weights/densenet121_4xb256_in1k_20220426-07450f99.pth 

backbone.stages.1.block.3.norm1.bias - torch.Size([224]): 
PretrainedInit: load from weights/densenet121_4xb256_in1k_20220426-07450f99.pth 

backbone.stages.1.block.3.conv1.weight - torch.Size([128, 224, 1, 1]): 
PretrainedInit: load from weights/densenet121_4xb256_in1k_20220426-07450f99.pth 

backbone.stages.1.block.3.norm2.weight - torch.Size([128]): 
PretrainedInit: load from weights/densenet121_4xb256_in1k_20220426-07450f99.pth 

backbone.stages.1.block.3.norm2.bias - torch.Size([128]): 
PretrainedInit: load from weights/densenet121_4xb256_in1k_20220426-07450f99.pth 

backbone.stages.1.block.3.conv2.weight - torch.Size([32, 128, 3, 3]): 
PretrainedInit: load from weights/densenet121_4xb256_in1k_20220426-07450f99.pth 

backbone.stages.1.block.4.norm1.weight - torch.Size([256]): 
PretrainedInit: load from weights/densenet121_4xb256_in1k_20220426-07450f99.pth 

backbone.stages.1.block.4.norm1.bias - torch.Size([256]): 
PretrainedInit: load from weights/densenet121_4xb256_in1k_20220426-07450f99.pth 

backbone.stages.1.block.4.conv1.weight - torch.Size([128, 256, 1, 1]): 
PretrainedInit: load from weights/densenet121_4xb256_in1k_20220426-07450f99.pth 

backbone.stages.1.block.4.norm2.weight - torch.Size([128]): 
PretrainedInit: load from weights/densenet121_4xb256_in1k_20220426-07450f99.pth 

backbone.stages.1.block.4.norm2.bias - torch.Size([128]): 
PretrainedInit: load from weights/densenet121_4xb256_in1k_20220426-07450f99.pth 

backbone.stages.1.block.4.conv2.weight - torch.Size([32, 128, 3, 3]): 
PretrainedInit: load from weights/densenet121_4xb256_in1k_20220426-07450f99.pth 

backbone.stages.1.block.5.norm1.weight - torch.Size([288]): 
PretrainedInit: load from weights/densenet121_4xb256_in1k_20220426-07450f99.pth 

backbone.stages.1.block.5.norm1.bias - torch.Size([288]): 
PretrainedInit: load from weights/densenet121_4xb256_in1k_20220426-07450f99.pth 

backbone.stages.1.block.5.conv1.weight - torch.Size([128, 288, 1, 1]): 
PretrainedInit: load from weights/densenet121_4xb256_in1k_20220426-07450f99.pth 

backbone.stages.1.block.5.norm2.weight - torch.Size([128]): 
PretrainedInit: load from weights/densenet121_4xb256_in1k_20220426-07450f99.pth 

backbone.stages.1.block.5.norm2.bias - torch.Size([128]): 
PretrainedInit: load from weights/densenet121_4xb256_in1k_20220426-07450f99.pth 

backbone.stages.1.block.5.conv2.weight - torch.Size([32, 128, 3, 3]): 
PretrainedInit: load from weights/densenet121_4xb256_in1k_20220426-07450f99.pth 

backbone.stages.1.block.6.norm1.weight - torch.Size([320]): 
PretrainedInit: load from weights/densenet121_4xb256_in1k_20220426-07450f99.pth 

backbone.stages.1.block.6.norm1.bias - torch.Size([320]): 
PretrainedInit: load from weights/densenet121_4xb256_in1k_20220426-07450f99.pth 

backbone.stages.1.block.6.conv1.weight - torch.Size([128, 320, 1, 1]): 
PretrainedInit: load from weights/densenet121_4xb256_in1k_20220426-07450f99.pth 

backbone.stages.1.block.6.norm2.weight - torch.Size([128]): 
PretrainedInit: load from weights/densenet121_4xb256_in1k_20220426-07450f99.pth 

backbone.stages.1.block.6.norm2.bias - torch.Size([128]): 
PretrainedInit: load from weights/densenet121_4xb256_in1k_20220426-07450f99.pth 

backbone.stages.1.block.6.conv2.weight - torch.Size([32, 128, 3, 3]): 
PretrainedInit: load from weights/densenet121_4xb256_in1k_20220426-07450f99.pth 

backbone.stages.1.block.7.norm1.weight - torch.Size([352]): 
PretrainedInit: load from weights/densenet121_4xb256_in1k_20220426-07450f99.pth 

backbone.stages.1.block.7.norm1.bias - torch.Size([352]): 
PretrainedInit: load from weights/densenet121_4xb256_in1k_20220426-07450f99.pth 

backbone.stages.1.block.7.conv1.weight - torch.Size([128, 352, 1, 1]): 
PretrainedInit: load from weights/densenet121_4xb256_in1k_20220426-07450f99.pth 

backbone.stages.1.block.7.norm2.weight - torch.Size([128]): 
PretrainedInit: load from weights/densenet121_4xb256_in1k_20220426-07450f99.pth 

backbone.stages.1.block.7.norm2.bias - torch.Size([128]): 
PretrainedInit: load from weights/densenet121_4xb256_in1k_20220426-07450f99.pth 

backbone.stages.1.block.7.conv2.weight - torch.Size([32, 128, 3, 3]): 
PretrainedInit: load from weights/densenet121_4xb256_in1k_20220426-07450f99.pth 

backbone.stages.1.block.8.norm1.weight - torch.Size([384]): 
PretrainedInit: load from weights/densenet121_4xb256_in1k_20220426-07450f99.pth 

backbone.stages.1.block.8.norm1.bias - torch.Size([384]): 
PretrainedInit: load from weights/densenet121_4xb256_in1k_20220426-07450f99.pth 

backbone.stages.1.block.8.conv1.weight - torch.Size([128, 384, 1, 1]): 
PretrainedInit: load from weights/densenet121_4xb256_in1k_20220426-07450f99.pth 

backbone.stages.1.block.8.norm2.weight - torch.Size([128]): 
PretrainedInit: load from weights/densenet121_4xb256_in1k_20220426-07450f99.pth 

backbone.stages.1.block.8.norm2.bias - torch.Size([128]): 
PretrainedInit: load from weights/densenet121_4xb256_in1k_20220426-07450f99.pth 

backbone.stages.1.block.8.conv2.weight - torch.Size([32, 128, 3, 3]): 
PretrainedInit: load from weights/densenet121_4xb256_in1k_20220426-07450f99.pth 

backbone.stages.1.block.9.norm1.weight - torch.Size([416]): 
PretrainedInit: load from weights/densenet121_4xb256_in1k_20220426-07450f99.pth 

backbone.stages.1.block.9.norm1.bias - torch.Size([416]): 
PretrainedInit: load from weights/densenet121_4xb256_in1k_20220426-07450f99.pth 

backbone.stages.1.block.9.conv1.weight - torch.Size([128, 416, 1, 1]): 
PretrainedInit: load from weights/densenet121_4xb256_in1k_20220426-07450f99.pth 

backbone.stages.1.block.9.norm2.weight - torch.Size([128]): 
PretrainedInit: load from weights/densenet121_4xb256_in1k_20220426-07450f99.pth 

backbone.stages.1.block.9.norm2.bias - torch.Size([128]): 
PretrainedInit: load from weights/densenet121_4xb256_in1k_20220426-07450f99.pth 

backbone.stages.1.block.9.conv2.weight - torch.Size([32, 128, 3, 3]): 
PretrainedInit: load from weights/densenet121_4xb256_in1k_20220426-07450f99.pth 

backbone.stages.1.block.10.norm1.weight - torch.Size([448]): 
PretrainedInit: load from weights/densenet121_4xb256_in1k_20220426-07450f99.pth 

backbone.stages.1.block.10.norm1.bias - torch.Size([448]): 
PretrainedInit: load from weights/densenet121_4xb256_in1k_20220426-07450f99.pth 

backbone.stages.1.block.10.conv1.weight - torch.Size([128, 448, 1, 1]): 
PretrainedInit: load from weights/densenet121_4xb256_in1k_20220426-07450f99.pth 

backbone.stages.1.block.10.norm2.weight - torch.Size([128]): 
PretrainedInit: load from weights/densenet121_4xb256_in1k_20220426-07450f99.pth 

backbone.stages.1.block.10.norm2.bias - torch.Size([128]): 
PretrainedInit: load from weights/densenet121_4xb256_in1k_20220426-07450f99.pth 

backbone.stages.1.block.10.conv2.weight - torch.Size([32, 128, 3, 3]): 
PretrainedInit: load from weights/densenet121_4xb256_in1k_20220426-07450f99.pth 

backbone.stages.1.block.11.norm1.weight - torch.Size([480]): 
PretrainedInit: load from weights/densenet121_4xb256_in1k_20220426-07450f99.pth 

backbone.stages.1.block.11.norm1.bias - torch.Size([480]): 
PretrainedInit: load from weights/densenet121_4xb256_in1k_20220426-07450f99.pth 

backbone.stages.1.block.11.conv1.weight - torch.Size([128, 480, 1, 1]): 
PretrainedInit: load from weights/densenet121_4xb256_in1k_20220426-07450f99.pth 

backbone.stages.1.block.11.norm2.weight - torch.Size([128]): 
PretrainedInit: load from weights/densenet121_4xb256_in1k_20220426-07450f99.pth 

backbone.stages.1.block.11.norm2.bias - torch.Size([128]): 
PretrainedInit: load from weights/densenet121_4xb256_in1k_20220426-07450f99.pth 

backbone.stages.1.block.11.conv2.weight - torch.Size([32, 128, 3, 3]): 
PretrainedInit: load from weights/densenet121_4xb256_in1k_20220426-07450f99.pth 

backbone.stages.2.block.0.norm1.weight - torch.Size([256]): 
PretrainedInit: load from weights/densenet121_4xb256_in1k_20220426-07450f99.pth 

backbone.stages.2.block.0.norm1.bias - torch.Size([256]): 
PretrainedInit: load from weights/densenet121_4xb256_in1k_20220426-07450f99.pth 

backbone.stages.2.block.0.conv1.weight - torch.Size([128, 256, 1, 1]): 
PretrainedInit: load from weights/densenet121_4xb256_in1k_20220426-07450f99.pth 

backbone.stages.2.block.0.norm2.weight - torch.Size([128]): 
PretrainedInit: load from weights/densenet121_4xb256_in1k_20220426-07450f99.pth 

backbone.stages.2.block.0.norm2.bias - torch.Size([128]): 
PretrainedInit: load from weights/densenet121_4xb256_in1k_20220426-07450f99.pth 

backbone.stages.2.block.0.conv2.weight - torch.Size([32, 128, 3, 3]): 
PretrainedInit: load from weights/densenet121_4xb256_in1k_20220426-07450f99.pth 

backbone.stages.2.block.1.norm1.weight - torch.Size([288]): 
PretrainedInit: load from weights/densenet121_4xb256_in1k_20220426-07450f99.pth 

backbone.stages.2.block.1.norm1.bias - torch.Size([288]): 
PretrainedInit: load from weights/densenet121_4xb256_in1k_20220426-07450f99.pth 

backbone.stages.2.block.1.conv1.weight - torch.Size([128, 288, 1, 1]): 
PretrainedInit: load from weights/densenet121_4xb256_in1k_20220426-07450f99.pth 

backbone.stages.2.block.1.norm2.weight - torch.Size([128]): 
PretrainedInit: load from weights/densenet121_4xb256_in1k_20220426-07450f99.pth 

backbone.stages.2.block.1.norm2.bias - torch.Size([128]): 
PretrainedInit: load from weights/densenet121_4xb256_in1k_20220426-07450f99.pth 

backbone.stages.2.block.1.conv2.weight - torch.Size([32, 128, 3, 3]): 
PretrainedInit: load from weights/densenet121_4xb256_in1k_20220426-07450f99.pth 

backbone.stages.2.block.2.norm1.weight - torch.Size([320]): 
PretrainedInit: load from weights/densenet121_4xb256_in1k_20220426-07450f99.pth 

backbone.stages.2.block.2.norm1.bias - torch.Size([320]): 
PretrainedInit: load from weights/densenet121_4xb256_in1k_20220426-07450f99.pth 

backbone.stages.2.block.2.conv1.weight - torch.Size([128, 320, 1, 1]): 
PretrainedInit: load from weights/densenet121_4xb256_in1k_20220426-07450f99.pth 

backbone.stages.2.block.2.norm2.weight - torch.Size([128]): 
PretrainedInit: load from weights/densenet121_4xb256_in1k_20220426-07450f99.pth 

backbone.stages.2.block.2.norm2.bias - torch.Size([128]): 
PretrainedInit: load from weights/densenet121_4xb256_in1k_20220426-07450f99.pth 

backbone.stages.2.block.2.conv2.weight - torch.Size([32, 128, 3, 3]): 
PretrainedInit: load from weights/densenet121_4xb256_in1k_20220426-07450f99.pth 

backbone.stages.2.block.3.norm1.weight - torch.Size([352]): 
PretrainedInit: load from weights/densenet121_4xb256_in1k_20220426-07450f99.pth 

backbone.stages.2.block.3.norm1.bias - torch.Size([352]): 
PretrainedInit: load from weights/densenet121_4xb256_in1k_20220426-07450f99.pth 

backbone.stages.2.block.3.conv1.weight - torch.Size([128, 352, 1, 1]): 
PretrainedInit: load from weights/densenet121_4xb256_in1k_20220426-07450f99.pth 

backbone.stages.2.block.3.norm2.weight - torch.Size([128]): 
PretrainedInit: load from weights/densenet121_4xb256_in1k_20220426-07450f99.pth 

backbone.stages.2.block.3.norm2.bias - torch.Size([128]): 
PretrainedInit: load from weights/densenet121_4xb256_in1k_20220426-07450f99.pth 

backbone.stages.2.block.3.conv2.weight - torch.Size([32, 128, 3, 3]): 
PretrainedInit: load from weights/densenet121_4xb256_in1k_20220426-07450f99.pth 

backbone.stages.2.block.4.norm1.weight - torch.Size([384]): 
PretrainedInit: load from weights/densenet121_4xb256_in1k_20220426-07450f99.pth 

backbone.stages.2.block.4.norm1.bias - torch.Size([384]): 
PretrainedInit: load from weights/densenet121_4xb256_in1k_20220426-07450f99.pth 

backbone.stages.2.block.4.conv1.weight - torch.Size([128, 384, 1, 1]): 
PretrainedInit: load from weights/densenet121_4xb256_in1k_20220426-07450f99.pth 

backbone.stages.2.block.4.norm2.weight - torch.Size([128]): 
PretrainedInit: load from weights/densenet121_4xb256_in1k_20220426-07450f99.pth 

backbone.stages.2.block.4.norm2.bias - torch.Size([128]): 
PretrainedInit: load from weights/densenet121_4xb256_in1k_20220426-07450f99.pth 

backbone.stages.2.block.4.conv2.weight - torch.Size([32, 128, 3, 3]): 
PretrainedInit: load from weights/densenet121_4xb256_in1k_20220426-07450f99.pth 

backbone.stages.2.block.5.norm1.weight - torch.Size([416]): 
PretrainedInit: load from weights/densenet121_4xb256_in1k_20220426-07450f99.pth 

backbone.stages.2.block.5.norm1.bias - torch.Size([416]): 
PretrainedInit: load from weights/densenet121_4xb256_in1k_20220426-07450f99.pth 

backbone.stages.2.block.5.conv1.weight - torch.Size([128, 416, 1, 1]): 
PretrainedInit: load from weights/densenet121_4xb256_in1k_20220426-07450f99.pth 

backbone.stages.2.block.5.norm2.weight - torch.Size([128]): 
PretrainedInit: load from weights/densenet121_4xb256_in1k_20220426-07450f99.pth 

backbone.stages.2.block.5.norm2.bias - torch.Size([128]): 
PretrainedInit: load from weights/densenet121_4xb256_in1k_20220426-07450f99.pth 

backbone.stages.2.block.5.conv2.weight - torch.Size([32, 128, 3, 3]): 
PretrainedInit: load from weights/densenet121_4xb256_in1k_20220426-07450f99.pth 

backbone.stages.2.block.6.norm1.weight - torch.Size([448]): 
PretrainedInit: load from weights/densenet121_4xb256_in1k_20220426-07450f99.pth 

backbone.stages.2.block.6.norm1.bias - torch.Size([448]): 
PretrainedInit: load from weights/densenet121_4xb256_in1k_20220426-07450f99.pth 

backbone.stages.2.block.6.conv1.weight - torch.Size([128, 448, 1, 1]): 
PretrainedInit: load from weights/densenet121_4xb256_in1k_20220426-07450f99.pth 

backbone.stages.2.block.6.norm2.weight - torch.Size([128]): 
PretrainedInit: load from weights/densenet121_4xb256_in1k_20220426-07450f99.pth 

backbone.stages.2.block.6.norm2.bias - torch.Size([128]): 
PretrainedInit: load from weights/densenet121_4xb256_in1k_20220426-07450f99.pth 

backbone.stages.2.block.6.conv2.weight - torch.Size([32, 128, 3, 3]): 
PretrainedInit: load from weights/densenet121_4xb256_in1k_20220426-07450f99.pth 

backbone.stages.2.block.7.norm1.weight - torch.Size([480]): 
PretrainedInit: load from weights/densenet121_4xb256_in1k_20220426-07450f99.pth 

backbone.stages.2.block.7.norm1.bias - torch.Size([480]): 
PretrainedInit: load from weights/densenet121_4xb256_in1k_20220426-07450f99.pth 

backbone.stages.2.block.7.conv1.weight - torch.Size([128, 480, 1, 1]): 
PretrainedInit: load from weights/densenet121_4xb256_in1k_20220426-07450f99.pth 

backbone.stages.2.block.7.norm2.weight - torch.Size([128]): 
PretrainedInit: load from weights/densenet121_4xb256_in1k_20220426-07450f99.pth 

backbone.stages.2.block.7.norm2.bias - torch.Size([128]): 
PretrainedInit: load from weights/densenet121_4xb256_in1k_20220426-07450f99.pth 

backbone.stages.2.block.7.conv2.weight - torch.Size([32, 128, 3, 3]): 
PretrainedInit: load from weights/densenet121_4xb256_in1k_20220426-07450f99.pth 

backbone.stages.2.block.8.norm1.weight - torch.Size([512]): 
PretrainedInit: load from weights/densenet121_4xb256_in1k_20220426-07450f99.pth 

backbone.stages.2.block.8.norm1.bias - torch.Size([512]): 
PretrainedInit: load from weights/densenet121_4xb256_in1k_20220426-07450f99.pth 

backbone.stages.2.block.8.conv1.weight - torch.Size([128, 512, 1, 1]): 
PretrainedInit: load from weights/densenet121_4xb256_in1k_20220426-07450f99.pth 

backbone.stages.2.block.8.norm2.weight - torch.Size([128]): 
PretrainedInit: load from weights/densenet121_4xb256_in1k_20220426-07450f99.pth 

backbone.stages.2.block.8.norm2.bias - torch.Size([128]): 
PretrainedInit: load from weights/densenet121_4xb256_in1k_20220426-07450f99.pth 

backbone.stages.2.block.8.conv2.weight - torch.Size([32, 128, 3, 3]): 
PretrainedInit: load from weights/densenet121_4xb256_in1k_20220426-07450f99.pth 

backbone.stages.2.block.9.norm1.weight - torch.Size([544]): 
PretrainedInit: load from weights/densenet121_4xb256_in1k_20220426-07450f99.pth 

backbone.stages.2.block.9.norm1.bias - torch.Size([544]): 
PretrainedInit: load from weights/densenet121_4xb256_in1k_20220426-07450f99.pth 

backbone.stages.2.block.9.conv1.weight - torch.Size([128, 544, 1, 1]): 
PretrainedInit: load from weights/densenet121_4xb256_in1k_20220426-07450f99.pth 

backbone.stages.2.block.9.norm2.weight - torch.Size([128]): 
PretrainedInit: load from weights/densenet121_4xb256_in1k_20220426-07450f99.pth 

backbone.stages.2.block.9.norm2.bias - torch.Size([128]): 
PretrainedInit: load from weights/densenet121_4xb256_in1k_20220426-07450f99.pth 

backbone.stages.2.block.9.conv2.weight - torch.Size([32, 128, 3, 3]): 
PretrainedInit: load from weights/densenet121_4xb256_in1k_20220426-07450f99.pth 

backbone.stages.2.block.10.norm1.weight - torch.Size([576]): 
PretrainedInit: load from weights/densenet121_4xb256_in1k_20220426-07450f99.pth 

backbone.stages.2.block.10.norm1.bias - torch.Size([576]): 
PretrainedInit: load from weights/densenet121_4xb256_in1k_20220426-07450f99.pth 

backbone.stages.2.block.10.conv1.weight - torch.Size([128, 576, 1, 1]): 
PretrainedInit: load from weights/densenet121_4xb256_in1k_20220426-07450f99.pth 

backbone.stages.2.block.10.norm2.weight - torch.Size([128]): 
PretrainedInit: load from weights/densenet121_4xb256_in1k_20220426-07450f99.pth 

backbone.stages.2.block.10.norm2.bias - torch.Size([128]): 
PretrainedInit: load from weights/densenet121_4xb256_in1k_20220426-07450f99.pth 

backbone.stages.2.block.10.conv2.weight - torch.Size([32, 128, 3, 3]): 
PretrainedInit: load from weights/densenet121_4xb256_in1k_20220426-07450f99.pth 

backbone.stages.2.block.11.norm1.weight - torch.Size([608]): 
PretrainedInit: load from weights/densenet121_4xb256_in1k_20220426-07450f99.pth 

backbone.stages.2.block.11.norm1.bias - torch.Size([608]): 
PretrainedInit: load from weights/densenet121_4xb256_in1k_20220426-07450f99.pth 

backbone.stages.2.block.11.conv1.weight - torch.Size([128, 608, 1, 1]): 
PretrainedInit: load from weights/densenet121_4xb256_in1k_20220426-07450f99.pth 

backbone.stages.2.block.11.norm2.weight - torch.Size([128]): 
PretrainedInit: load from weights/densenet121_4xb256_in1k_20220426-07450f99.pth 

backbone.stages.2.block.11.norm2.bias - torch.Size([128]): 
PretrainedInit: load from weights/densenet121_4xb256_in1k_20220426-07450f99.pth 

backbone.stages.2.block.11.conv2.weight - torch.Size([32, 128, 3, 3]): 
PretrainedInit: load from weights/densenet121_4xb256_in1k_20220426-07450f99.pth 

backbone.stages.2.block.12.norm1.weight - torch.Size([640]): 
PretrainedInit: load from weights/densenet121_4xb256_in1k_20220426-07450f99.pth 

backbone.stages.2.block.12.norm1.bias - torch.Size([640]): 
PretrainedInit: load from weights/densenet121_4xb256_in1k_20220426-07450f99.pth 

backbone.stages.2.block.12.conv1.weight - torch.Size([128, 640, 1, 1]): 
PretrainedInit: load from weights/densenet121_4xb256_in1k_20220426-07450f99.pth 

backbone.stages.2.block.12.norm2.weight - torch.Size([128]): 
PretrainedInit: load from weights/densenet121_4xb256_in1k_20220426-07450f99.pth 

backbone.stages.2.block.12.norm2.bias - torch.Size([128]): 
PretrainedInit: load from weights/densenet121_4xb256_in1k_20220426-07450f99.pth 

backbone.stages.2.block.12.conv2.weight - torch.Size([32, 128, 3, 3]): 
PretrainedInit: load from weights/densenet121_4xb256_in1k_20220426-07450f99.pth 

backbone.stages.2.block.13.norm1.weight - torch.Size([672]): 
PretrainedInit: load from weights/densenet121_4xb256_in1k_20220426-07450f99.pth 

backbone.stages.2.block.13.norm1.bias - torch.Size([672]): 
PretrainedInit: load from weights/densenet121_4xb256_in1k_20220426-07450f99.pth 

backbone.stages.2.block.13.conv1.weight - torch.Size([128, 672, 1, 1]): 
PretrainedInit: load from weights/densenet121_4xb256_in1k_20220426-07450f99.pth 

backbone.stages.2.block.13.norm2.weight - torch.Size([128]): 
PretrainedInit: load from weights/densenet121_4xb256_in1k_20220426-07450f99.pth 

backbone.stages.2.block.13.norm2.bias - torch.Size([128]): 
PretrainedInit: load from weights/densenet121_4xb256_in1k_20220426-07450f99.pth 

backbone.stages.2.block.13.conv2.weight - torch.Size([32, 128, 3, 3]): 
PretrainedInit: load from weights/densenet121_4xb256_in1k_20220426-07450f99.pth 

backbone.stages.2.block.14.norm1.weight - torch.Size([704]): 
PretrainedInit: load from weights/densenet121_4xb256_in1k_20220426-07450f99.pth 

backbone.stages.2.block.14.norm1.bias - torch.Size([704]): 
PretrainedInit: load from weights/densenet121_4xb256_in1k_20220426-07450f99.pth 

backbone.stages.2.block.14.conv1.weight - torch.Size([128, 704, 1, 1]): 
PretrainedInit: load from weights/densenet121_4xb256_in1k_20220426-07450f99.pth 

backbone.stages.2.block.14.norm2.weight - torch.Size([128]): 
PretrainedInit: load from weights/densenet121_4xb256_in1k_20220426-07450f99.pth 

backbone.stages.2.block.14.norm2.bias - torch.Size([128]): 
PretrainedInit: load from weights/densenet121_4xb256_in1k_20220426-07450f99.pth 

backbone.stages.2.block.14.conv2.weight - torch.Size([32, 128, 3, 3]): 
PretrainedInit: load from weights/densenet121_4xb256_in1k_20220426-07450f99.pth 

backbone.stages.2.block.15.norm1.weight - torch.Size([736]): 
PretrainedInit: load from weights/densenet121_4xb256_in1k_20220426-07450f99.pth 

backbone.stages.2.block.15.norm1.bias - torch.Size([736]): 
PretrainedInit: load from weights/densenet121_4xb256_in1k_20220426-07450f99.pth 

backbone.stages.2.block.15.conv1.weight - torch.Size([128, 736, 1, 1]): 
PretrainedInit: load from weights/densenet121_4xb256_in1k_20220426-07450f99.pth 

backbone.stages.2.block.15.norm2.weight - torch.Size([128]): 
PretrainedInit: load from weights/densenet121_4xb256_in1k_20220426-07450f99.pth 

backbone.stages.2.block.15.norm2.bias - torch.Size([128]): 
PretrainedInit: load from weights/densenet121_4xb256_in1k_20220426-07450f99.pth 

backbone.stages.2.block.15.conv2.weight - torch.Size([32, 128, 3, 3]): 
PretrainedInit: load from weights/densenet121_4xb256_in1k_20220426-07450f99.pth 

backbone.stages.2.block.16.norm1.weight - torch.Size([768]): 
PretrainedInit: load from weights/densenet121_4xb256_in1k_20220426-07450f99.pth 

backbone.stages.2.block.16.norm1.bias - torch.Size([768]): 
PretrainedInit: load from weights/densenet121_4xb256_in1k_20220426-07450f99.pth 

backbone.stages.2.block.16.conv1.weight - torch.Size([128, 768, 1, 1]): 
PretrainedInit: load from weights/densenet121_4xb256_in1k_20220426-07450f99.pth 

backbone.stages.2.block.16.norm2.weight - torch.Size([128]): 
PretrainedInit: load from weights/densenet121_4xb256_in1k_20220426-07450f99.pth 

backbone.stages.2.block.16.norm2.bias - torch.Size([128]): 
PretrainedInit: load from weights/densenet121_4xb256_in1k_20220426-07450f99.pth 

backbone.stages.2.block.16.conv2.weight - torch.Size([32, 128, 3, 3]): 
PretrainedInit: load from weights/densenet121_4xb256_in1k_20220426-07450f99.pth 

backbone.stages.2.block.17.norm1.weight - torch.Size([800]): 
PretrainedInit: load from weights/densenet121_4xb256_in1k_20220426-07450f99.pth 

backbone.stages.2.block.17.norm1.bias - torch.Size([800]): 
PretrainedInit: load from weights/densenet121_4xb256_in1k_20220426-07450f99.pth 

backbone.stages.2.block.17.conv1.weight - torch.Size([128, 800, 1, 1]): 
PretrainedInit: load from weights/densenet121_4xb256_in1k_20220426-07450f99.pth 

backbone.stages.2.block.17.norm2.weight - torch.Size([128]): 
PretrainedInit: load from weights/densenet121_4xb256_in1k_20220426-07450f99.pth 

backbone.stages.2.block.17.norm2.bias - torch.Size([128]): 
PretrainedInit: load from weights/densenet121_4xb256_in1k_20220426-07450f99.pth 

backbone.stages.2.block.17.conv2.weight - torch.Size([32, 128, 3, 3]): 
PretrainedInit: load from weights/densenet121_4xb256_in1k_20220426-07450f99.pth 

backbone.stages.2.block.18.norm1.weight - torch.Size([832]): 
PretrainedInit: load from weights/densenet121_4xb256_in1k_20220426-07450f99.pth 

backbone.stages.2.block.18.norm1.bias - torch.Size([832]): 
PretrainedInit: load from weights/densenet121_4xb256_in1k_20220426-07450f99.pth 

backbone.stages.2.block.18.conv1.weight - torch.Size([128, 832, 1, 1]): 
PretrainedInit: load from weights/densenet121_4xb256_in1k_20220426-07450f99.pth 

backbone.stages.2.block.18.norm2.weight - torch.Size([128]): 
PretrainedInit: load from weights/densenet121_4xb256_in1k_20220426-07450f99.pth 

backbone.stages.2.block.18.norm2.bias - torch.Size([128]): 
PretrainedInit: load from weights/densenet121_4xb256_in1k_20220426-07450f99.pth 

backbone.stages.2.block.18.conv2.weight - torch.Size([32, 128, 3, 3]): 
PretrainedInit: load from weights/densenet121_4xb256_in1k_20220426-07450f99.pth 

backbone.stages.2.block.19.norm1.weight - torch.Size([864]): 
PretrainedInit: load from weights/densenet121_4xb256_in1k_20220426-07450f99.pth 

backbone.stages.2.block.19.norm1.bias - torch.Size([864]): 
PretrainedInit: load from weights/densenet121_4xb256_in1k_20220426-07450f99.pth 

backbone.stages.2.block.19.conv1.weight - torch.Size([128, 864, 1, 1]): 
PretrainedInit: load from weights/densenet121_4xb256_in1k_20220426-07450f99.pth 

backbone.stages.2.block.19.norm2.weight - torch.Size([128]): 
PretrainedInit: load from weights/densenet121_4xb256_in1k_20220426-07450f99.pth 

backbone.stages.2.block.19.norm2.bias - torch.Size([128]): 
PretrainedInit: load from weights/densenet121_4xb256_in1k_20220426-07450f99.pth 

backbone.stages.2.block.19.conv2.weight - torch.Size([32, 128, 3, 3]): 
PretrainedInit: load from weights/densenet121_4xb256_in1k_20220426-07450f99.pth 

backbone.stages.2.block.20.norm1.weight - torch.Size([896]): 
PretrainedInit: load from weights/densenet121_4xb256_in1k_20220426-07450f99.pth 

backbone.stages.2.block.20.norm1.bias - torch.Size([896]): 
PretrainedInit: load from weights/densenet121_4xb256_in1k_20220426-07450f99.pth 

backbone.stages.2.block.20.conv1.weight - torch.Size([128, 896, 1, 1]): 
PretrainedInit: load from weights/densenet121_4xb256_in1k_20220426-07450f99.pth 

backbone.stages.2.block.20.norm2.weight - torch.Size([128]): 
PretrainedInit: load from weights/densenet121_4xb256_in1k_20220426-07450f99.pth 

backbone.stages.2.block.20.norm2.bias - torch.Size([128]): 
PretrainedInit: load from weights/densenet121_4xb256_in1k_20220426-07450f99.pth 

backbone.stages.2.block.20.conv2.weight - torch.Size([32, 128, 3, 3]): 
PretrainedInit: load from weights/densenet121_4xb256_in1k_20220426-07450f99.pth 

backbone.stages.2.block.21.norm1.weight - torch.Size([928]): 
PretrainedInit: load from weights/densenet121_4xb256_in1k_20220426-07450f99.pth 

backbone.stages.2.block.21.norm1.bias - torch.Size([928]): 
PretrainedInit: load from weights/densenet121_4xb256_in1k_20220426-07450f99.pth 

backbone.stages.2.block.21.conv1.weight - torch.Size([128, 928, 1, 1]): 
PretrainedInit: load from weights/densenet121_4xb256_in1k_20220426-07450f99.pth 

backbone.stages.2.block.21.norm2.weight - torch.Size([128]): 
PretrainedInit: load from weights/densenet121_4xb256_in1k_20220426-07450f99.pth 

backbone.stages.2.block.21.norm2.bias - torch.Size([128]): 
PretrainedInit: load from weights/densenet121_4xb256_in1k_20220426-07450f99.pth 

backbone.stages.2.block.21.conv2.weight - torch.Size([32, 128, 3, 3]): 
PretrainedInit: load from weights/densenet121_4xb256_in1k_20220426-07450f99.pth 

backbone.stages.2.block.22.norm1.weight - torch.Size([960]): 
PretrainedInit: load from weights/densenet121_4xb256_in1k_20220426-07450f99.pth 

backbone.stages.2.block.22.norm1.bias - torch.Size([960]): 
PretrainedInit: load from weights/densenet121_4xb256_in1k_20220426-07450f99.pth 

backbone.stages.2.block.22.conv1.weight - torch.Size([128, 960, 1, 1]): 
PretrainedInit: load from weights/densenet121_4xb256_in1k_20220426-07450f99.pth 

backbone.stages.2.block.22.norm2.weight - torch.Size([128]): 
PretrainedInit: load from weights/densenet121_4xb256_in1k_20220426-07450f99.pth 

backbone.stages.2.block.22.norm2.bias - torch.Size([128]): 
PretrainedInit: load from weights/densenet121_4xb256_in1k_20220426-07450f99.pth 

backbone.stages.2.block.22.conv2.weight - torch.Size([32, 128, 3, 3]): 
PretrainedInit: load from weights/densenet121_4xb256_in1k_20220426-07450f99.pth 

backbone.stages.2.block.23.norm1.weight - torch.Size([992]): 
PretrainedInit: load from weights/densenet121_4xb256_in1k_20220426-07450f99.pth 

backbone.stages.2.block.23.norm1.bias - torch.Size([992]): 
PretrainedInit: load from weights/densenet121_4xb256_in1k_20220426-07450f99.pth 

backbone.stages.2.block.23.conv1.weight - torch.Size([128, 992, 1, 1]): 
PretrainedInit: load from weights/densenet121_4xb256_in1k_20220426-07450f99.pth 

backbone.stages.2.block.23.norm2.weight - torch.Size([128]): 
PretrainedInit: load from weights/densenet121_4xb256_in1k_20220426-07450f99.pth 

backbone.stages.2.block.23.norm2.bias - torch.Size([128]): 
PretrainedInit: load from weights/densenet121_4xb256_in1k_20220426-07450f99.pth 

backbone.stages.2.block.23.conv2.weight - torch.Size([32, 128, 3, 3]): 
PretrainedInit: load from weights/densenet121_4xb256_in1k_20220426-07450f99.pth 

backbone.stages.3.block.0.norm1.weight - torch.Size([512]): 
PretrainedInit: load from weights/densenet121_4xb256_in1k_20220426-07450f99.pth 

backbone.stages.3.block.0.norm1.bias - torch.Size([512]): 
PretrainedInit: load from weights/densenet121_4xb256_in1k_20220426-07450f99.pth 

backbone.stages.3.block.0.conv1.weight - torch.Size([128, 512, 1, 1]): 
PretrainedInit: load from weights/densenet121_4xb256_in1k_20220426-07450f99.pth 

backbone.stages.3.block.0.norm2.weight - torch.Size([128]): 
PretrainedInit: load from weights/densenet121_4xb256_in1k_20220426-07450f99.pth 

backbone.stages.3.block.0.norm2.bias - torch.Size([128]): 
PretrainedInit: load from weights/densenet121_4xb256_in1k_20220426-07450f99.pth 

backbone.stages.3.block.0.conv2.weight - torch.Size([32, 128, 3, 3]): 
PretrainedInit: load from weights/densenet121_4xb256_in1k_20220426-07450f99.pth 

backbone.stages.3.block.1.norm1.weight - torch.Size([544]): 
PretrainedInit: load from weights/densenet121_4xb256_in1k_20220426-07450f99.pth 

backbone.stages.3.block.1.norm1.bias - torch.Size([544]): 
PretrainedInit: load from weights/densenet121_4xb256_in1k_20220426-07450f99.pth 

backbone.stages.3.block.1.conv1.weight - torch.Size([128, 544, 1, 1]): 
PretrainedInit: load from weights/densenet121_4xb256_in1k_20220426-07450f99.pth 

backbone.stages.3.block.1.norm2.weight - torch.Size([128]): 
PretrainedInit: load from weights/densenet121_4xb256_in1k_20220426-07450f99.pth 

backbone.stages.3.block.1.norm2.bias - torch.Size([128]): 
PretrainedInit: load from weights/densenet121_4xb256_in1k_20220426-07450f99.pth 

backbone.stages.3.block.1.conv2.weight - torch.Size([32, 128, 3, 3]): 
PretrainedInit: load from weights/densenet121_4xb256_in1k_20220426-07450f99.pth 

backbone.stages.3.block.2.norm1.weight - torch.Size([576]): 
PretrainedInit: load from weights/densenet121_4xb256_in1k_20220426-07450f99.pth 

backbone.stages.3.block.2.norm1.bias - torch.Size([576]): 
PretrainedInit: load from weights/densenet121_4xb256_in1k_20220426-07450f99.pth 

backbone.stages.3.block.2.conv1.weight - torch.Size([128, 576, 1, 1]): 
PretrainedInit: load from weights/densenet121_4xb256_in1k_20220426-07450f99.pth 

backbone.stages.3.block.2.norm2.weight - torch.Size([128]): 
PretrainedInit: load from weights/densenet121_4xb256_in1k_20220426-07450f99.pth 

backbone.stages.3.block.2.norm2.bias - torch.Size([128]): 
PretrainedInit: load from weights/densenet121_4xb256_in1k_20220426-07450f99.pth 

backbone.stages.3.block.2.conv2.weight - torch.Size([32, 128, 3, 3]): 
PretrainedInit: load from weights/densenet121_4xb256_in1k_20220426-07450f99.pth 

backbone.stages.3.block.3.norm1.weight - torch.Size([608]): 
PretrainedInit: load from weights/densenet121_4xb256_in1k_20220426-07450f99.pth 

backbone.stages.3.block.3.norm1.bias - torch.Size([608]): 
PretrainedInit: load from weights/densenet121_4xb256_in1k_20220426-07450f99.pth 

backbone.stages.3.block.3.conv1.weight - torch.Size([128, 608, 1, 1]): 
PretrainedInit: load from weights/densenet121_4xb256_in1k_20220426-07450f99.pth 

backbone.stages.3.block.3.norm2.weight - torch.Size([128]): 
PretrainedInit: load from weights/densenet121_4xb256_in1k_20220426-07450f99.pth 

backbone.stages.3.block.3.norm2.bias - torch.Size([128]): 
PretrainedInit: load from weights/densenet121_4xb256_in1k_20220426-07450f99.pth 

backbone.stages.3.block.3.conv2.weight - torch.Size([32, 128, 3, 3]): 
PretrainedInit: load from weights/densenet121_4xb256_in1k_20220426-07450f99.pth 

backbone.stages.3.block.4.norm1.weight - torch.Size([640]): 
PretrainedInit: load from weights/densenet121_4xb256_in1k_20220426-07450f99.pth 

backbone.stages.3.block.4.norm1.bias - torch.Size([640]): 
PretrainedInit: load from weights/densenet121_4xb256_in1k_20220426-07450f99.pth 

backbone.stages.3.block.4.conv1.weight - torch.Size([128, 640, 1, 1]): 
PretrainedInit: load from weights/densenet121_4xb256_in1k_20220426-07450f99.pth 

backbone.stages.3.block.4.norm2.weight - torch.Size([128]): 
PretrainedInit: load from weights/densenet121_4xb256_in1k_20220426-07450f99.pth 

backbone.stages.3.block.4.norm2.bias - torch.Size([128]): 
PretrainedInit: load from weights/densenet121_4xb256_in1k_20220426-07450f99.pth 

backbone.stages.3.block.4.conv2.weight - torch.Size([32, 128, 3, 3]): 
PretrainedInit: load from weights/densenet121_4xb256_in1k_20220426-07450f99.pth 

backbone.stages.3.block.5.norm1.weight - torch.Size([672]): 
PretrainedInit: load from weights/densenet121_4xb256_in1k_20220426-07450f99.pth 

backbone.stages.3.block.5.norm1.bias - torch.Size([672]): 
PretrainedInit: load from weights/densenet121_4xb256_in1k_20220426-07450f99.pth 

backbone.stages.3.block.5.conv1.weight - torch.Size([128, 672, 1, 1]): 
PretrainedInit: load from weights/densenet121_4xb256_in1k_20220426-07450f99.pth 

backbone.stages.3.block.5.norm2.weight - torch.Size([128]): 
PretrainedInit: load from weights/densenet121_4xb256_in1k_20220426-07450f99.pth 

backbone.stages.3.block.5.norm2.bias - torch.Size([128]): 
PretrainedInit: load from weights/densenet121_4xb256_in1k_20220426-07450f99.pth 

backbone.stages.3.block.5.conv2.weight - torch.Size([32, 128, 3, 3]): 
PretrainedInit: load from weights/densenet121_4xb256_in1k_20220426-07450f99.pth 

backbone.stages.3.block.6.norm1.weight - torch.Size([704]): 
PretrainedInit: load from weights/densenet121_4xb256_in1k_20220426-07450f99.pth 

backbone.stages.3.block.6.norm1.bias - torch.Size([704]): 
PretrainedInit: load from weights/densenet121_4xb256_in1k_20220426-07450f99.pth 

backbone.stages.3.block.6.conv1.weight - torch.Size([128, 704, 1, 1]): 
PretrainedInit: load from weights/densenet121_4xb256_in1k_20220426-07450f99.pth 

backbone.stages.3.block.6.norm2.weight - torch.Size([128]): 
PretrainedInit: load from weights/densenet121_4xb256_in1k_20220426-07450f99.pth 

backbone.stages.3.block.6.norm2.bias - torch.Size([128]): 
PretrainedInit: load from weights/densenet121_4xb256_in1k_20220426-07450f99.pth 

backbone.stages.3.block.6.conv2.weight - torch.Size([32, 128, 3, 3]): 
PretrainedInit: load from weights/densenet121_4xb256_in1k_20220426-07450f99.pth 

backbone.stages.3.block.7.norm1.weight - torch.Size([736]): 
PretrainedInit: load from weights/densenet121_4xb256_in1k_20220426-07450f99.pth 

backbone.stages.3.block.7.norm1.bias - torch.Size([736]): 
PretrainedInit: load from weights/densenet121_4xb256_in1k_20220426-07450f99.pth 

backbone.stages.3.block.7.conv1.weight - torch.Size([128, 736, 1, 1]): 
PretrainedInit: load from weights/densenet121_4xb256_in1k_20220426-07450f99.pth 

backbone.stages.3.block.7.norm2.weight - torch.Size([128]): 
PretrainedInit: load from weights/densenet121_4xb256_in1k_20220426-07450f99.pth 

backbone.stages.3.block.7.norm2.bias - torch.Size([128]): 
PretrainedInit: load from weights/densenet121_4xb256_in1k_20220426-07450f99.pth 

backbone.stages.3.block.7.conv2.weight - torch.Size([32, 128, 3, 3]): 
PretrainedInit: load from weights/densenet121_4xb256_in1k_20220426-07450f99.pth 

backbone.stages.3.block.8.norm1.weight - torch.Size([768]): 
PretrainedInit: load from weights/densenet121_4xb256_in1k_20220426-07450f99.pth 

backbone.stages.3.block.8.norm1.bias - torch.Size([768]): 
PretrainedInit: load from weights/densenet121_4xb256_in1k_20220426-07450f99.pth 

backbone.stages.3.block.8.conv1.weight - torch.Size([128, 768, 1, 1]): 
PretrainedInit: load from weights/densenet121_4xb256_in1k_20220426-07450f99.pth 

backbone.stages.3.block.8.norm2.weight - torch.Size([128]): 
PretrainedInit: load from weights/densenet121_4xb256_in1k_20220426-07450f99.pth 

backbone.stages.3.block.8.norm2.bias - torch.Size([128]): 
PretrainedInit: load from weights/densenet121_4xb256_in1k_20220426-07450f99.pth 

backbone.stages.3.block.8.conv2.weight - torch.Size([32, 128, 3, 3]): 
PretrainedInit: load from weights/densenet121_4xb256_in1k_20220426-07450f99.pth 

backbone.stages.3.block.9.norm1.weight - torch.Size([800]): 
PretrainedInit: load from weights/densenet121_4xb256_in1k_20220426-07450f99.pth 

backbone.stages.3.block.9.norm1.bias - torch.Size([800]): 
PretrainedInit: load from weights/densenet121_4xb256_in1k_20220426-07450f99.pth 

backbone.stages.3.block.9.conv1.weight - torch.Size([128, 800, 1, 1]): 
PretrainedInit: load from weights/densenet121_4xb256_in1k_20220426-07450f99.pth 

backbone.stages.3.block.9.norm2.weight - torch.Size([128]): 
PretrainedInit: load from weights/densenet121_4xb256_in1k_20220426-07450f99.pth 

backbone.stages.3.block.9.norm2.bias - torch.Size([128]): 
PretrainedInit: load from weights/densenet121_4xb256_in1k_20220426-07450f99.pth 

backbone.stages.3.block.9.conv2.weight - torch.Size([32, 128, 3, 3]): 
PretrainedInit: load from weights/densenet121_4xb256_in1k_20220426-07450f99.pth 

backbone.stages.3.block.10.norm1.weight - torch.Size([832]): 
PretrainedInit: load from weights/densenet121_4xb256_in1k_20220426-07450f99.pth 

backbone.stages.3.block.10.norm1.bias - torch.Size([832]): 
PretrainedInit: load from weights/densenet121_4xb256_in1k_20220426-07450f99.pth 

backbone.stages.3.block.10.conv1.weight - torch.Size([128, 832, 1, 1]): 
PretrainedInit: load from weights/densenet121_4xb256_in1k_20220426-07450f99.pth 

backbone.stages.3.block.10.norm2.weight - torch.Size([128]): 
PretrainedInit: load from weights/densenet121_4xb256_in1k_20220426-07450f99.pth 

backbone.stages.3.block.10.norm2.bias - torch.Size([128]): 
PretrainedInit: load from weights/densenet121_4xb256_in1k_20220426-07450f99.pth 

backbone.stages.3.block.10.conv2.weight - torch.Size([32, 128, 3, 3]): 
PretrainedInit: load from weights/densenet121_4xb256_in1k_20220426-07450f99.pth 

backbone.stages.3.block.11.norm1.weight - torch.Size([864]): 
PretrainedInit: load from weights/densenet121_4xb256_in1k_20220426-07450f99.pth 

backbone.stages.3.block.11.norm1.bias - torch.Size([864]): 
PretrainedInit: load from weights/densenet121_4xb256_in1k_20220426-07450f99.pth 

backbone.stages.3.block.11.conv1.weight - torch.Size([128, 864, 1, 1]): 
PretrainedInit: load from weights/densenet121_4xb256_in1k_20220426-07450f99.pth 

backbone.stages.3.block.11.norm2.weight - torch.Size([128]): 
PretrainedInit: load from weights/densenet121_4xb256_in1k_20220426-07450f99.pth 

backbone.stages.3.block.11.norm2.bias - torch.Size([128]): 
PretrainedInit: load from weights/densenet121_4xb256_in1k_20220426-07450f99.pth 

backbone.stages.3.block.11.conv2.weight - torch.Size([32, 128, 3, 3]): 
PretrainedInit: load from weights/densenet121_4xb256_in1k_20220426-07450f99.pth 

backbone.stages.3.block.12.norm1.weight - torch.Size([896]): 
PretrainedInit: load from weights/densenet121_4xb256_in1k_20220426-07450f99.pth 

backbone.stages.3.block.12.norm1.bias - torch.Size([896]): 
PretrainedInit: load from weights/densenet121_4xb256_in1k_20220426-07450f99.pth 

backbone.stages.3.block.12.conv1.weight - torch.Size([128, 896, 1, 1]): 
PretrainedInit: load from weights/densenet121_4xb256_in1k_20220426-07450f99.pth 

backbone.stages.3.block.12.norm2.weight - torch.Size([128]): 
PretrainedInit: load from weights/densenet121_4xb256_in1k_20220426-07450f99.pth 

backbone.stages.3.block.12.norm2.bias - torch.Size([128]): 
PretrainedInit: load from weights/densenet121_4xb256_in1k_20220426-07450f99.pth 

backbone.stages.3.block.12.conv2.weight - torch.Size([32, 128, 3, 3]): 
PretrainedInit: load from weights/densenet121_4xb256_in1k_20220426-07450f99.pth 

backbone.stages.3.block.13.norm1.weight - torch.Size([928]): 
PretrainedInit: load from weights/densenet121_4xb256_in1k_20220426-07450f99.pth 

backbone.stages.3.block.13.norm1.bias - torch.Size([928]): 
PretrainedInit: load from weights/densenet121_4xb256_in1k_20220426-07450f99.pth 

backbone.stages.3.block.13.conv1.weight - torch.Size([128, 928, 1, 1]): 
PretrainedInit: load from weights/densenet121_4xb256_in1k_20220426-07450f99.pth 

backbone.stages.3.block.13.norm2.weight - torch.Size([128]): 
PretrainedInit: load from weights/densenet121_4xb256_in1k_20220426-07450f99.pth 

backbone.stages.3.block.13.norm2.bias - torch.Size([128]): 
PretrainedInit: load from weights/densenet121_4xb256_in1k_20220426-07450f99.pth 

backbone.stages.3.block.13.conv2.weight - torch.Size([32, 128, 3, 3]): 
PretrainedInit: load from weights/densenet121_4xb256_in1k_20220426-07450f99.pth 

backbone.stages.3.block.14.norm1.weight - torch.Size([960]): 
PretrainedInit: load from weights/densenet121_4xb256_in1k_20220426-07450f99.pth 

backbone.stages.3.block.14.norm1.bias - torch.Size([960]): 
PretrainedInit: load from weights/densenet121_4xb256_in1k_20220426-07450f99.pth 

backbone.stages.3.block.14.conv1.weight - torch.Size([128, 960, 1, 1]): 
PretrainedInit: load from weights/densenet121_4xb256_in1k_20220426-07450f99.pth 

backbone.stages.3.block.14.norm2.weight - torch.Size([128]): 
PretrainedInit: load from weights/densenet121_4xb256_in1k_20220426-07450f99.pth 

backbone.stages.3.block.14.norm2.bias - torch.Size([128]): 
PretrainedInit: load from weights/densenet121_4xb256_in1k_20220426-07450f99.pth 

backbone.stages.3.block.14.conv2.weight - torch.Size([32, 128, 3, 3]): 
PretrainedInit: load from weights/densenet121_4xb256_in1k_20220426-07450f99.pth 

backbone.stages.3.block.15.norm1.weight - torch.Size([992]): 
PretrainedInit: load from weights/densenet121_4xb256_in1k_20220426-07450f99.pth 

backbone.stages.3.block.15.norm1.bias - torch.Size([992]): 
PretrainedInit: load from weights/densenet121_4xb256_in1k_20220426-07450f99.pth 

backbone.stages.3.block.15.conv1.weight - torch.Size([128, 992, 1, 1]): 
PretrainedInit: load from weights/densenet121_4xb256_in1k_20220426-07450f99.pth 

backbone.stages.3.block.15.norm2.weight - torch.Size([128]): 
PretrainedInit: load from weights/densenet121_4xb256_in1k_20220426-07450f99.pth 

backbone.stages.3.block.15.norm2.bias - torch.Size([128]): 
PretrainedInit: load from weights/densenet121_4xb256_in1k_20220426-07450f99.pth 

backbone.stages.3.block.15.conv2.weight - torch.Size([32, 128, 3, 3]): 
PretrainedInit: load from weights/densenet121_4xb256_in1k_20220426-07450f99.pth 

backbone.transitions.0.norm.weight - torch.Size([256]): 
PretrainedInit: load from weights/densenet121_4xb256_in1k_20220426-07450f99.pth 

backbone.transitions.0.norm.bias - torch.Size([256]): 
PretrainedInit: load from weights/densenet121_4xb256_in1k_20220426-07450f99.pth 

backbone.transitions.0.conv.weight - torch.Size([128, 256, 1, 1]): 
PretrainedInit: load from weights/densenet121_4xb256_in1k_20220426-07450f99.pth 

backbone.transitions.1.norm.weight - torch.Size([512]): 
PretrainedInit: load from weights/densenet121_4xb256_in1k_20220426-07450f99.pth 

backbone.transitions.1.norm.bias - torch.Size([512]): 
PretrainedInit: load from weights/densenet121_4xb256_in1k_20220426-07450f99.pth 

backbone.transitions.1.conv.weight - torch.Size([256, 512, 1, 1]): 
PretrainedInit: load from weights/densenet121_4xb256_in1k_20220426-07450f99.pth 

backbone.transitions.2.norm.weight - torch.Size([1024]): 
PretrainedInit: load from weights/densenet121_4xb256_in1k_20220426-07450f99.pth 

backbone.transitions.2.norm.bias - torch.Size([1024]): 
PretrainedInit: load from weights/densenet121_4xb256_in1k_20220426-07450f99.pth 

backbone.transitions.2.conv.weight - torch.Size([512, 1024, 1, 1]): 
PretrainedInit: load from weights/densenet121_4xb256_in1k_20220426-07450f99.pth 

backbone.transitions.3.0.weight - torch.Size([1024]): 
PretrainedInit: load from weights/densenet121_4xb256_in1k_20220426-07450f99.pth 

backbone.transitions.3.0.bias - torch.Size([1024]): 
PretrainedInit: load from weights/densenet121_4xb256_in1k_20220426-07450f99.pth 

head.fc.weight - torch.Size([19, 1024]): 
NormalInit: mean=0, std=0.01, bias=0 

head.fc.bias - torch.Size([19]): 
NormalInit: mean=0, std=0.01, bias=0 
2024-10-31 10:51:15,472 - mmcls - INFO - load checkpoint from local path: work_dirs/downsteam/cls/mimic/pretrain/sync5/latest.pth
2024-10-31 10:51:15,655 - mmcls - WARNING - The model and loaded state dict do not match exactly

size mismatch for head.fc.weight: copying a param with shape torch.Size([14, 1024]) from checkpoint, the shape in current model is torch.Size([19, 1024]).
size mismatch for head.fc.bias: copying a param with shape torch.Size([14]) from checkpoint, the shape in current model is torch.Size([19]).
2024-10-31 10:51:15,660 - mmcls - INFO - Start running, host: jiyuanfeng.p@SH-IDC1-10-140-0-212, work_dir: /mnt/petrelfs/jiyuanfeng.p/project/radiffuser/work_dirs/downsteam/cls/medfmc/fewshot/syn5/5_shot_exp2
2024-10-31 10:51:15,661 - mmcls - INFO - Hooks will be executed in the following order:
before_run:
(VERY_HIGH   ) CosineAnnealingLrUpdaterHook       
(NORMAL      ) CheckpointHook                     
(LOW         ) EvalHook                           
(VERY_LOW    ) TextLoggerHook                     
 -------------------- 
before_train_epoch:
(VERY_HIGH   ) CosineAnnealingLrUpdaterHook       
(LOW         ) IterTimerHook                      
(LOW         ) EvalHook                           
(VERY_LOW    ) TextLoggerHook                     
 -------------------- 
before_train_iter:
(VERY_HIGH   ) CosineAnnealingLrUpdaterHook       
(LOW         ) IterTimerHook                      
(LOW         ) EvalHook                           
 -------------------- 
after_train_iter:
(ABOVE_NORMAL) OptimizerHook                      
(NORMAL      ) CheckpointHook                     
(LOW         ) IterTimerHook                      
(LOW         ) EvalHook                           
(VERY_LOW    ) TextLoggerHook                     
 -------------------- 
after_train_epoch:
(NORMAL      ) CheckpointHook                     
(LOW         ) EvalHook                           
(VERY_LOW    ) TextLoggerHook                     
 -------------------- 
before_val_epoch:
(LOW         ) IterTimerHook                      
(VERY_LOW    ) TextLoggerHook                     
 -------------------- 
before_val_iter:
(LOW         ) IterTimerHook                      
 -------------------- 
after_val_iter:
(LOW         ) IterTimerHook                      
 -------------------- 
after_val_epoch:
(VERY_LOW    ) TextLoggerHook                     
 -------------------- 
after_run:
(VERY_LOW    ) TextLoggerHook                     
 -------------------- 
2024-10-31 10:51:15,662 - mmcls - INFO - workflow: [('train', 1)], max: 20 epochs
2024-10-31 10:51:15,663 - mmcls - INFO - Checkpoints will be saved to /mnt/petrelfs/jiyuanfeng.p/project/radiffuser/work_dirs/downsteam/cls/medfmc/fewshot/syn5/5_shot_exp2 by HardDiskBackend.
2024-10-31 10:51:22,476 - mmcls - INFO - Epoch [1][5/24]	lr: 1.000e-03, eta: 0:10:46, time: 1.361, data_time: 0.459, memory: 859, loss: 10.9478
2024-10-31 10:51:22,737 - mmcls - INFO - Epoch [1][10/24]	lr: 1.000e-03, eta: 0:05:32, time: 0.052, data_time: 0.002, memory: 859, loss: 8.7382
2024-10-31 10:51:23,007 - mmcls - INFO - Epoch [1][15/24]	lr: 1.000e-03, eta: 0:03:47, time: 0.054, data_time: 0.001, memory: 859, loss: 10.0538
2024-10-31 10:51:23,229 - mmcls - INFO - Epoch [1][20/24]	lr: 1.000e-03, eta: 0:02:53, time: 0.044, data_time: 0.001, memory: 859, loss: 9.4685
2024-10-31 10:51:23,728 - mmcls - INFO - Saving checkpoint at 1 epochs
2024-10-31 10:51:32,973 - mmcls - INFO - Now best checkpoint is saved as best_mAP_epoch_1.pth.
2024-10-31 10:51:32,975 - mmcls - INFO - Best mAP is 20.2887 at 1 epoch.
2024-10-31 10:51:32,976 - mmcls - INFO - Epoch(val) [1][221]	mAP: 20.2887
2024-10-31 10:51:35,412 - mmcls - INFO - Epoch [2][5/24]	lr: 9.938e-04, eta: 0:02:35, time: 0.486, data_time: 0.432, memory: 859, loss: 8.5740
2024-10-31 10:51:35,658 - mmcls - INFO - Epoch [2][10/24]	lr: 9.938e-04, eta: 0:02:14, time: 0.049, data_time: 0.002, memory: 859, loss: 8.2212
2024-10-31 10:51:35,947 - mmcls - INFO - Epoch [2][15/24]	lr: 9.938e-04, eta: 0:01:58, time: 0.058, data_time: 0.001, memory: 859, loss: 8.8198
2024-10-31 10:51:36,216 - mmcls - INFO - Epoch [2][20/24]	lr: 9.938e-04, eta: 0:01:46, time: 0.054, data_time: 0.001, memory: 859, loss: 7.9919
2024-10-31 10:51:36,401 - mmcls - INFO - Saving checkpoint at 2 epochs
2024-10-31 10:51:44,970 - mmcls - INFO - The previous best checkpoint /mnt/petrelfs/jiyuanfeng.p/project/radiffuser/work_dirs/downsteam/cls/medfmc/fewshot/syn5/5_shot_exp2/best_mAP_epoch_1.pth was removed
2024-10-31 10:51:45,250 - mmcls - INFO - Now best checkpoint is saved as best_mAP_epoch_2.pth.
2024-10-31 10:51:45,251 - mmcls - INFO - Best mAP is 22.4643 at 2 epoch.
2024-10-31 10:51:45,252 - mmcls - INFO - Epoch(val) [2][221]	mAP: 22.4643
2024-10-31 10:51:47,675 - mmcls - INFO - Epoch [3][5/24]	lr: 9.755e-04, eta: 0:01:46, time: 0.483, data_time: 0.435, memory: 859, loss: 7.9908
2024-10-31 10:51:47,928 - mmcls - INFO - Epoch [3][10/24]	lr: 9.755e-04, eta: 0:01:37, time: 0.051, data_time: 0.001, memory: 859, loss: 7.5350
2024-10-31 10:51:48,180 - mmcls - INFO - Epoch [3][15/24]	lr: 9.755e-04, eta: 0:01:30, time: 0.050, data_time: 0.001, memory: 859, loss: 7.8214
2024-10-31 10:51:48,403 - mmcls - INFO - Epoch [3][20/24]	lr: 9.755e-04, eta: 0:01:24, time: 0.045, data_time: 0.001, memory: 859, loss: 8.6153
2024-10-31 10:51:48,643 - mmcls - INFO - Saving checkpoint at 3 epochs
2024-10-31 10:51:57,024 - mmcls - INFO - The previous best checkpoint /mnt/petrelfs/jiyuanfeng.p/project/radiffuser/work_dirs/downsteam/cls/medfmc/fewshot/syn5/5_shot_exp2/best_mAP_epoch_2.pth was removed
2024-10-31 10:51:57,293 - mmcls - INFO - Now best checkpoint is saved as best_mAP_epoch_3.pth.
2024-10-31 10:51:57,294 - mmcls - INFO - Best mAP is 24.3732 at 3 epoch.
2024-10-31 10:51:57,295 - mmcls - INFO - Epoch(val) [3][221]	mAP: 24.3732
2024-10-31 10:51:59,725 - mmcls - INFO - Epoch [4][5/24]	lr: 9.455e-04, eta: 0:01:25, time: 0.485, data_time: 0.427, memory: 859, loss: 7.9403
2024-10-31 10:51:59,977 - mmcls - INFO - Epoch [4][10/24]	lr: 9.455e-04, eta: 0:01:20, time: 0.050, data_time: 0.001, memory: 859, loss: 7.3233
2024-10-31 10:52:00,218 - mmcls - INFO - Epoch [4][15/24]	lr: 9.455e-04, eta: 0:01:16, time: 0.048, data_time: 0.001, memory: 859, loss: 7.3992
2024-10-31 10:52:00,471 - mmcls - INFO - Epoch [4][20/24]	lr: 9.455e-04, eta: 0:01:12, time: 0.051, data_time: 0.001, memory: 859, loss: 8.2278
2024-10-31 10:52:00,660 - mmcls - INFO - Saving checkpoint at 4 epochs
2024-10-31 10:52:09,114 - mmcls - INFO - The previous best checkpoint /mnt/petrelfs/jiyuanfeng.p/project/radiffuser/work_dirs/downsteam/cls/medfmc/fewshot/syn5/5_shot_exp2/best_mAP_epoch_3.pth was removed
2024-10-31 10:52:09,436 - mmcls - INFO - Now best checkpoint is saved as best_mAP_epoch_4.pth.
2024-10-31 10:52:09,437 - mmcls - INFO - Best mAP is 25.3309 at 4 epoch.
2024-10-31 10:52:09,438 - mmcls - INFO - Epoch(val) [4][221]	mAP: 25.3309
2024-10-31 10:52:11,899 - mmcls - INFO - Epoch [5][5/24]	lr: 9.045e-04, eta: 0:01:13, time: 0.491, data_time: 0.440, memory: 859, loss: 6.3488
2024-10-31 10:52:12,147 - mmcls - INFO - Epoch [5][10/24]	lr: 9.045e-04, eta: 0:01:09, time: 0.050, data_time: 0.001, memory: 859, loss: 6.8845
2024-10-31 10:52:12,406 - mmcls - INFO - Epoch [5][15/24]	lr: 9.045e-04, eta: 0:01:06, time: 0.052, data_time: 0.001, memory: 859, loss: 8.7740
2024-10-31 10:52:12,649 - mmcls - INFO - Epoch [5][20/24]	lr: 9.045e-04, eta: 0:01:03, time: 0.049, data_time: 0.001, memory: 859, loss: 7.6065
2024-10-31 10:52:12,883 - mmcls - INFO - Saving checkpoint at 5 epochs
2024-10-31 10:52:21,475 - mmcls - INFO - The previous best checkpoint /mnt/petrelfs/jiyuanfeng.p/project/radiffuser/work_dirs/downsteam/cls/medfmc/fewshot/syn5/5_shot_exp2/best_mAP_epoch_4.pth was removed
2024-10-31 10:52:21,741 - mmcls - INFO - Now best checkpoint is saved as best_mAP_epoch_5.pth.
2024-10-31 10:52:21,742 - mmcls - INFO - Best mAP is 28.8376 at 5 epoch.
2024-10-31 10:52:21,743 - mmcls - INFO - Epoch(val) [5][221]	mAP: 28.8376
2024-10-31 10:52:24,142 - mmcls - INFO - Epoch [6][5/24]	lr: 8.536e-04, eta: 0:01:04, time: 0.479, data_time: 0.426, memory: 859, loss: 7.6768
2024-10-31 10:52:24,381 - mmcls - INFO - Epoch [6][10/24]	lr: 8.536e-04, eta: 0:01:01, time: 0.048, data_time: 0.001, memory: 859, loss: 6.8919
2024-10-31 10:52:24,647 - mmcls - INFO - Epoch [6][15/24]	lr: 8.536e-04, eta: 0:00:59, time: 0.053, data_time: 0.001, memory: 859, loss: 7.0000
2024-10-31 10:52:24,890 - mmcls - INFO - Epoch [6][20/24]	lr: 8.536e-04, eta: 0:00:56, time: 0.049, data_time: 0.001, memory: 859, loss: 7.2399
2024-10-31 10:52:25,116 - mmcls - INFO - Saving checkpoint at 6 epochs
2024-10-31 10:52:33,842 - mmcls - INFO - Epoch(val) [6][221]	mAP: 25.2208
2024-10-31 10:52:36,241 - mmcls - INFO - Epoch [7][5/24]	lr: 7.939e-04, eta: 0:00:57, time: 0.479, data_time: 0.431, memory: 859, loss: 6.7249
2024-10-31 10:52:36,500 - mmcls - INFO - Epoch [7][10/24]	lr: 7.939e-04, eta: 0:00:55, time: 0.052, data_time: 0.001, memory: 859, loss: 7.8101
2024-10-31 10:52:36,734 - mmcls - INFO - Epoch [7][15/24]	lr: 7.939e-04, eta: 0:00:53, time: 0.047, data_time: 0.001, memory: 859, loss: 7.4388
2024-10-31 10:52:36,951 - mmcls - INFO - Epoch [7][20/24]	lr: 7.939e-04, eta: 0:00:51, time: 0.043, data_time: 0.001, memory: 859, loss: 6.0990
2024-10-31 10:52:37,118 - mmcls - INFO - Saving checkpoint at 7 epochs
2024-10-31 10:52:45,441 - mmcls - INFO - Epoch(val) [7][221]	mAP: 28.4827
2024-10-31 10:52:47,868 - mmcls - INFO - Epoch [8][5/24]	lr: 7.270e-04, eta: 0:00:51, time: 0.484, data_time: 0.429, memory: 859, loss: 7.0000
2024-10-31 10:52:48,141 - mmcls - INFO - Epoch [8][10/24]	lr: 7.270e-04, eta: 0:00:49, time: 0.054, data_time: 0.001, memory: 859, loss: 6.7720
2024-10-31 10:52:48,404 - mmcls - INFO - Epoch [8][15/24]	lr: 7.270e-04, eta: 0:00:47, time: 0.053, data_time: 0.001, memory: 859, loss: 7.1591
2024-10-31 10:52:48,628 - mmcls - INFO - Epoch [8][20/24]	lr: 7.270e-04, eta: 0:00:46, time: 0.045, data_time: 0.001, memory: 859, loss: 7.0441
2024-10-31 10:52:48,808 - mmcls - INFO - Saving checkpoint at 8 epochs
2024-10-31 10:52:57,241 - mmcls - INFO - The previous best checkpoint /mnt/petrelfs/jiyuanfeng.p/project/radiffuser/work_dirs/downsteam/cls/medfmc/fewshot/syn5/5_shot_exp2/best_mAP_epoch_5.pth was removed
2024-10-31 10:52:57,758 - mmcls - INFO - Now best checkpoint is saved as best_mAP_epoch_8.pth.
2024-10-31 10:52:57,760 - mmcls - INFO - Best mAP is 29.2607 at 8 epoch.
2024-10-31 10:52:57,761 - mmcls - INFO - Epoch(val) [8][221]	mAP: 29.2607
2024-10-31 10:53:00,154 - mmcls - INFO - Epoch [9][5/24]	lr: 6.545e-04, eta: 0:00:46, time: 0.478, data_time: 0.426, memory: 859, loss: 6.4106
2024-10-31 10:53:00,391 - mmcls - INFO - Epoch [9][10/24]	lr: 6.545e-04, eta: 0:00:44, time: 0.047, data_time: 0.001, memory: 859, loss: 7.1617
2024-10-31 10:53:00,622 - mmcls - INFO - Epoch [9][15/24]	lr: 6.545e-04, eta: 0:00:42, time: 0.046, data_time: 0.001, memory: 859, loss: 6.2722
2024-10-31 10:53:00,870 - mmcls - INFO - Epoch [9][20/24]	lr: 6.545e-04, eta: 0:00:41, time: 0.050, data_time: 0.001, memory: 859, loss: 6.5813
2024-10-31 10:53:01,069 - mmcls - INFO - Saving checkpoint at 9 epochs
2024-10-31 10:53:09,689 - mmcls - INFO - The previous best checkpoint /mnt/petrelfs/jiyuanfeng.p/project/radiffuser/work_dirs/downsteam/cls/medfmc/fewshot/syn5/5_shot_exp2/best_mAP_epoch_8.pth was removed
2024-10-31 10:53:09,956 - mmcls - INFO - Now best checkpoint is saved as best_mAP_epoch_9.pth.
2024-10-31 10:53:09,957 - mmcls - INFO - Best mAP is 31.3895 at 9 epoch.
2024-10-31 10:53:09,958 - mmcls - INFO - Epoch(val) [9][221]	mAP: 31.3895
2024-10-31 10:53:12,369 - mmcls - INFO - Epoch [10][5/24]	lr: 5.782e-04, eta: 0:00:41, time: 0.481, data_time: 0.434, memory: 859, loss: 6.2883
2024-10-31 10:53:12,631 - mmcls - INFO - Epoch [10][10/24]	lr: 5.782e-04, eta: 0:00:39, time: 0.052, data_time: 0.001, memory: 859, loss: 6.7010
2024-10-31 10:53:12,876 - mmcls - INFO - Epoch [10][15/24]	lr: 5.782e-04, eta: 0:00:38, time: 0.049, data_time: 0.001, memory: 859, loss: 5.4983
2024-10-31 10:53:13,120 - mmcls - INFO - Epoch [10][20/24]	lr: 5.782e-04, eta: 0:00:37, time: 0.049, data_time: 0.001, memory: 859, loss: 6.6481
2024-10-31 10:53:13,295 - mmcls - INFO - Saving checkpoint at 10 epochs
2024-10-31 10:53:21,705 - mmcls - INFO - The previous best checkpoint /mnt/petrelfs/jiyuanfeng.p/project/radiffuser/work_dirs/downsteam/cls/medfmc/fewshot/syn5/5_shot_exp2/best_mAP_epoch_9.pth was removed
2024-10-31 10:53:22,004 - mmcls - INFO - Now best checkpoint is saved as best_mAP_epoch_10.pth.
2024-10-31 10:53:22,006 - mmcls - INFO - Best mAP is 32.1933 at 10 epoch.
2024-10-31 10:53:22,007 - mmcls - INFO - Epoch(val) [10][221]	mAP: 32.1933
2024-10-31 10:53:24,414 - mmcls - INFO - Epoch [11][5/24]	lr: 5.000e-04, eta: 0:00:36, time: 0.480, data_time: 0.431, memory: 859, loss: 5.8306
2024-10-31 10:53:24,674 - mmcls - INFO - Epoch [11][10/24]	lr: 5.000e-04, eta: 0:00:35, time: 0.052, data_time: 0.002, memory: 859, loss: 6.2709
2024-10-31 10:53:24,930 - mmcls - INFO - Epoch [11][15/24]	lr: 5.000e-04, eta: 0:00:34, time: 0.051, data_time: 0.001, memory: 859, loss: 6.2033
2024-10-31 10:53:25,163 - mmcls - INFO - Epoch [11][20/24]	lr: 5.000e-04, eta: 0:00:33, time: 0.047, data_time: 0.001, memory: 859, loss: 6.5576
2024-10-31 10:53:25,374 - mmcls - INFO - Saving checkpoint at 11 epochs
2024-10-31 10:53:33,811 - mmcls - INFO - The previous best checkpoint /mnt/petrelfs/jiyuanfeng.p/project/radiffuser/work_dirs/downsteam/cls/medfmc/fewshot/syn5/5_shot_exp2/best_mAP_epoch_10.pth was removed
2024-10-31 10:53:34,075 - mmcls - INFO - Now best checkpoint is saved as best_mAP_epoch_11.pth.
2024-10-31 10:53:34,077 - mmcls - INFO - Best mAP is 33.3108 at 11 epoch.
2024-10-31 10:53:34,078 - mmcls - INFO - Epoch(val) [11][221]	mAP: 33.3108
2024-10-31 10:53:36,493 - mmcls - INFO - Epoch [12][5/24]	lr: 4.218e-04, eta: 0:00:32, time: 0.482, data_time: 0.430, memory: 859, loss: 5.4494
2024-10-31 10:53:36,734 - mmcls - INFO - Epoch [12][10/24]	lr: 4.218e-04, eta: 0:00:31, time: 0.048, data_time: 0.001, memory: 859, loss: 6.8041
2024-10-31 10:53:36,976 - mmcls - INFO - Epoch [12][15/24]	lr: 4.218e-04, eta: 0:00:30, time: 0.048, data_time: 0.001, memory: 859, loss: 5.1590
2024-10-31 10:53:37,226 - mmcls - INFO - Epoch [12][20/24]	lr: 4.218e-04, eta: 0:00:29, time: 0.050, data_time: 0.001, memory: 859, loss: 6.0011
2024-10-31 10:53:37,409 - mmcls - INFO - Saving checkpoint at 12 epochs
2024-10-31 10:53:45,924 - mmcls - INFO - The previous best checkpoint /mnt/petrelfs/jiyuanfeng.p/project/radiffuser/work_dirs/downsteam/cls/medfmc/fewshot/syn5/5_shot_exp2/best_mAP_epoch_11.pth was removed
2024-10-31 10:53:46,189 - mmcls - INFO - Now best checkpoint is saved as best_mAP_epoch_12.pth.
2024-10-31 10:53:46,190 - mmcls - INFO - Best mAP is 33.7553 at 12 epoch.
2024-10-31 10:53:46,191 - mmcls - INFO - Epoch(val) [12][221]	mAP: 33.7553
2024-10-31 10:53:48,608 - mmcls - INFO - Epoch [13][5/24]	lr: 3.455e-04, eta: 0:00:28, time: 0.482, data_time: 0.432, memory: 859, loss: 6.2581
2024-10-31 10:53:48,845 - mmcls - INFO - Epoch [13][10/24]	lr: 3.455e-04, eta: 0:00:27, time: 0.047, data_time: 0.001, memory: 859, loss: 5.4941
2024-10-31 10:53:49,099 - mmcls - INFO - Epoch [13][15/24]	lr: 3.455e-04, eta: 0:00:26, time: 0.051, data_time: 0.001, memory: 859, loss: 4.7164
2024-10-31 10:53:49,351 - mmcls - INFO - Epoch [13][20/24]	lr: 3.455e-04, eta: 0:00:25, time: 0.050, data_time: 0.001, memory: 859, loss: 6.0632
2024-10-31 10:53:49,570 - mmcls - INFO - Saving checkpoint at 13 epochs
2024-10-31 10:53:58,002 - mmcls - INFO - The previous best checkpoint /mnt/petrelfs/jiyuanfeng.p/project/radiffuser/work_dirs/downsteam/cls/medfmc/fewshot/syn5/5_shot_exp2/best_mAP_epoch_12.pth was removed
2024-10-31 10:53:58,263 - mmcls - INFO - Now best checkpoint is saved as best_mAP_epoch_13.pth.
2024-10-31 10:53:58,265 - mmcls - INFO - Best mAP is 34.6767 at 13 epoch.
2024-10-31 10:53:58,266 - mmcls - INFO - Epoch(val) [13][221]	mAP: 34.6767
2024-10-31 10:54:00,725 - mmcls - INFO - Epoch [14][5/24]	lr: 2.730e-04, eta: 0:00:24, time: 0.491, data_time: 0.441, memory: 859, loss: 5.7823
2024-10-31 10:54:00,964 - mmcls - INFO - Epoch [14][10/24]	lr: 2.730e-04, eta: 0:00:23, time: 0.048, data_time: 0.001, memory: 859, loss: 5.8543
2024-10-31 10:54:01,244 - mmcls - INFO - Epoch [14][15/24]	lr: 2.730e-04, eta: 0:00:22, time: 0.056, data_time: 0.001, memory: 859, loss: 5.5559
2024-10-31 10:54:01,502 - mmcls - INFO - Epoch [14][20/24]	lr: 2.730e-04, eta: 0:00:21, time: 0.052, data_time: 0.001, memory: 859, loss: 4.6774
2024-10-31 10:54:01,688 - mmcls - INFO - Saving checkpoint at 14 epochs
2024-10-31 10:54:10,168 - mmcls - INFO - Epoch(val) [14][221]	mAP: 34.2551
2024-10-31 10:54:12,633 - mmcls - INFO - Epoch [15][5/24]	lr: 2.061e-04, eta: 0:00:20, time: 0.492, data_time: 0.435, memory: 859, loss: 4.1136
2024-10-31 10:54:12,980 - mmcls - INFO - Epoch [15][10/24]	lr: 2.061e-04, eta: 0:00:19, time: 0.069, data_time: 0.001, memory: 859, loss: 4.9287
2024-10-31 10:54:13,228 - mmcls - INFO - Epoch [15][15/24]	lr: 2.061e-04, eta: 0:00:19, time: 0.050, data_time: 0.001, memory: 859, loss: 5.2090
2024-10-31 10:54:13,463 - mmcls - INFO - Epoch [15][20/24]	lr: 2.061e-04, eta: 0:00:18, time: 0.047, data_time: 0.001, memory: 859, loss: 5.4824
2024-10-31 10:54:13,670 - mmcls - INFO - Saving checkpoint at 15 epochs
2024-10-31 10:54:21,923 - mmcls - INFO - Epoch(val) [15][221]	mAP: 34.1451
2024-10-31 10:54:24,321 - mmcls - INFO - Epoch [16][5/24]	lr: 1.464e-04, eta: 0:00:17, time: 0.478, data_time: 0.430, memory: 859, loss: 5.1080
2024-10-31 10:54:24,572 - mmcls - INFO - Epoch [16][10/24]	lr: 1.464e-04, eta: 0:00:16, time: 0.050, data_time: 0.001, memory: 859, loss: 5.5460
2024-10-31 10:54:24,813 - mmcls - INFO - Epoch [16][15/24]	lr: 1.464e-04, eta: 0:00:15, time: 0.048, data_time: 0.001, memory: 859, loss: 5.4860
2024-10-31 10:54:25,039 - mmcls - INFO - Epoch [16][20/24]	lr: 1.464e-04, eta: 0:00:14, time: 0.045, data_time: 0.001, memory: 859, loss: 5.5217
2024-10-31 10:54:25,238 - mmcls - INFO - Saving checkpoint at 16 epochs
2024-10-31 10:54:33,695 - mmcls - INFO - The previous best checkpoint /mnt/petrelfs/jiyuanfeng.p/project/radiffuser/work_dirs/downsteam/cls/medfmc/fewshot/syn5/5_shot_exp2/best_mAP_epoch_13.pth was removed
2024-10-31 10:54:33,978 - mmcls - INFO - Now best checkpoint is saved as best_mAP_epoch_16.pth.
2024-10-31 10:54:33,979 - mmcls - INFO - Best mAP is 35.0947 at 16 epoch.
2024-10-31 10:54:33,980 - mmcls - INFO - Epoch(val) [16][221]	mAP: 35.0947
2024-10-31 10:54:36,418 - mmcls - INFO - Epoch [17][5/24]	lr: 9.549e-05, eta: 0:00:13, time: 0.487, data_time: 0.438, memory: 859, loss: 5.6225
2024-10-31 10:54:36,666 - mmcls - INFO - Epoch [17][10/24]	lr: 9.549e-05, eta: 0:00:12, time: 0.050, data_time: 0.001, memory: 859, loss: 5.5975
2024-10-31 10:54:36,926 - mmcls - INFO - Epoch [17][15/24]	lr: 9.549e-05, eta: 0:00:11, time: 0.052, data_time: 0.001, memory: 859, loss: 4.4339
2024-10-31 10:54:37,168 - mmcls - INFO - Epoch [17][20/24]	lr: 9.549e-05, eta: 0:00:10, time: 0.048, data_time: 0.001, memory: 859, loss: 4.6988
2024-10-31 10:54:37,378 - mmcls - INFO - Saving checkpoint at 17 epochs
2024-10-31 10:54:45,840 - mmcls - INFO - The previous best checkpoint /mnt/petrelfs/jiyuanfeng.p/project/radiffuser/work_dirs/downsteam/cls/medfmc/fewshot/syn5/5_shot_exp2/best_mAP_epoch_16.pth was removed
2024-10-31 10:54:46,123 - mmcls - INFO - Now best checkpoint is saved as best_mAP_epoch_17.pth.
2024-10-31 10:54:46,124 - mmcls - INFO - Best mAP is 35.1626 at 17 epoch.
2024-10-31 10:54:46,126 - mmcls - INFO - Epoch(val) [17][221]	mAP: 35.1626
2024-10-31 10:54:48,585 - mmcls - INFO - Epoch [18][5/24]	lr: 5.450e-05, eta: 0:00:09, time: 0.491, data_time: 0.440, memory: 859, loss: 5.0323
2024-10-31 10:54:48,837 - mmcls - INFO - Epoch [18][10/24]	lr: 5.450e-05, eta: 0:00:09, time: 0.050, data_time: 0.001, memory: 859, loss: 4.4721
2024-10-31 10:54:49,100 - mmcls - INFO - Epoch [18][15/24]	lr: 5.450e-05, eta: 0:00:08, time: 0.052, data_time: 0.001, memory: 859, loss: 4.6989
2024-10-31 10:54:49,346 - mmcls - INFO - Epoch [18][20/24]	lr: 5.450e-05, eta: 0:00:07, time: 0.049, data_time: 0.001, memory: 859, loss: 5.2201
2024-10-31 10:54:49,555 - mmcls - INFO - Saving checkpoint at 18 epochs
2024-10-31 10:54:58,017 - mmcls - INFO - The previous best checkpoint /mnt/petrelfs/jiyuanfeng.p/project/radiffuser/work_dirs/downsteam/cls/medfmc/fewshot/syn5/5_shot_exp2/best_mAP_epoch_17.pth was removed
2024-10-31 10:54:58,274 - mmcls - INFO - Now best checkpoint is saved as best_mAP_epoch_18.pth.
2024-10-31 10:54:58,275 - mmcls - INFO - Best mAP is 35.7138 at 18 epoch.
2024-10-31 10:54:58,276 - mmcls - INFO - Epoch(val) [18][221]	mAP: 35.7138
2024-10-31 10:55:00,692 - mmcls - INFO - Epoch [19][5/24]	lr: 2.447e-05, eta: 0:00:06, time: 0.482, data_time: 0.429, memory: 859, loss: 4.7210
2024-10-31 10:55:00,923 - mmcls - INFO - Epoch [19][10/24]	lr: 2.447e-05, eta: 0:00:05, time: 0.046, data_time: 0.001, memory: 859, loss: 5.2383
2024-10-31 10:55:01,190 - mmcls - INFO - Epoch [19][15/24]	lr: 2.447e-05, eta: 0:00:04, time: 0.053, data_time: 0.001, memory: 859, loss: 5.4332
2024-10-31 10:55:01,460 - mmcls - INFO - Epoch [19][20/24]	lr: 2.447e-05, eta: 0:00:04, time: 0.054, data_time: 0.001, memory: 859, loss: 3.8465
2024-10-31 10:55:01,695 - mmcls - INFO - Saving checkpoint at 19 epochs
2024-10-31 10:55:10,018 - mmcls - INFO - Epoch(val) [19][221]	mAP: 35.1594
2024-10-31 10:55:12,469 - mmcls - INFO - Epoch [20][5/24]	lr: 6.156e-06, eta: 0:00:02, time: 0.489, data_time: 0.440, memory: 859, loss: 4.0863
2024-10-31 10:55:12,732 - mmcls - INFO - Epoch [20][10/24]	lr: 6.156e-06, eta: 0:00:02, time: 0.053, data_time: 0.002, memory: 859, loss: 4.7582
2024-10-31 10:55:12,993 - mmcls - INFO - Epoch [20][15/24]	lr: 6.156e-06, eta: 0:00:01, time: 0.052, data_time: 0.001, memory: 859, loss: 5.2228
2024-10-31 10:55:13,234 - mmcls - INFO - Epoch [20][20/24]	lr: 6.156e-06, eta: 0:00:00, time: 0.048, data_time: 0.001, memory: 859, loss: 4.5728
2024-10-31 10:55:13,424 - mmcls - INFO - Saving checkpoint at 20 epochs
2024-10-31 10:55:21,899 - mmcls - INFO - Epoch(val) [20][221]	mAP: 35.7001
