2024-10-31 10:51:10,757 - mmcls - INFO - Environment info:
------------------------------------------------------------
sys.platform: linux
Python: 3.9.18 (main, Sep 11 2023, 13:41:44) [GCC 11.2.0]
CUDA available: True
GPU 0: NVIDIA A100-SXM4-80GB
CUDA_HOME: /mnt/lustre/share/cuda-11.8
NVCC: Cuda compilation tools, release 11.8, V11.8.89
GCC: gcc (GCC) 7.3.0
PyTorch: 2.2.0+cu121
PyTorch compiling details: PyTorch built with:
  - GCC 9.3
  - C++ Version: 201703
  - Intel(R) oneAPI Math Kernel Library Version 2022.2-Product Build 20220804 for Intel(R) 64 architecture applications
  - Intel(R) MKL-DNN v3.3.2 (Git Hash 2dc95a2ad0841e29db8b22fbccaf3e5da7992b01)
  - OpenMP 201511 (a.k.a. OpenMP 4.5)
  - LAPACK is enabled (usually provided by MKL)
  - NNPACK is enabled
  - CPU capability usage: AVX512
  - CUDA Runtime 12.1
  - NVCC architecture flags: -gencode;arch=compute_50,code=sm_50;-gencode;arch=compute_60,code=sm_60;-gencode;arch=compute_70,code=sm_70;-gencode;arch=compute_75,code=sm_75;-gencode;arch=compute_80,code=sm_80;-gencode;arch=compute_86,code=sm_86;-gencode;arch=compute_90,code=sm_90
  - CuDNN 8.9.2
  - Magma 2.6.1
  - Build settings: BLAS_INFO=mkl, BUILD_TYPE=Release, CUDA_VERSION=12.1, CUDNN_VERSION=8.9.2, CXX_COMPILER=/opt/rh/devtoolset-9/root/usr/bin/c++, CXX_FLAGS= -D_GLIBCXX_USE_CXX11_ABI=0 -fabi-version=11 -fvisibility-inlines-hidden -DUSE_PTHREADPOOL -DNDEBUG -DUSE_KINETO -DLIBKINETO_NOROCTRACER -DUSE_FBGEMM -DUSE_QNNPACK -DUSE_PYTORCH_QNNPACK -DUSE_XNNPACK -DSYMBOLICATE_MOBILE_DEBUG_HANDLE -O2 -fPIC -Wall -Wextra -Werror=return-type -Werror=non-virtual-dtor -Werror=bool-operation -Wnarrowing -Wno-missing-field-initializers -Wno-type-limits -Wno-array-bounds -Wno-unknown-pragmas -Wno-unused-parameter -Wno-unused-function -Wno-unused-result -Wno-strict-overflow -Wno-strict-aliasing -Wno-stringop-overflow -Wsuggest-override -Wno-psabi -Wno-error=pedantic -Wno-error=old-style-cast -Wno-missing-braces -fdiagnostics-color=always -faligned-new -Wno-unused-but-set-variable -Wno-maybe-uninitialized -fno-math-errno -fno-trapping-math -Werror=format -Wno-stringop-overflow, LAPACK_INFO=mkl, PERF_WITH_AVX=1, PERF_WITH_AVX2=1, PERF_WITH_AVX512=1, TORCH_VERSION=2.2.0, USE_CUDA=ON, USE_CUDNN=ON, USE_EXCEPTION_PTR=1, USE_GFLAGS=OFF, USE_GLOG=OFF, USE_MKL=ON, USE_MKLDNN=ON, USE_MPI=OFF, USE_NCCL=1, USE_NNPACK=ON, USE_OPENMP=ON, USE_ROCM=OFF, USE_ROCM_KERNEL_ASSERT=OFF, 

TorchVision: 0.17.0+cu121
OpenCV: 4.9.0
MMCV: 1.6.0
MMCV Compiler: n/a
MMCV CUDA Compiler: n/a
MMClassification: 0.25.0+68bac71
------------------------------------------------------------

2024-10-31 10:51:10,758 - mmcls - INFO - Distributed training: False
2024-10-31 10:51:11,335 - mmcls - INFO - Config:
model = dict(
    type='ImageClassifier',
    backbone=dict(
        type='DenseNet',
        arch='121',
        init_cfg=dict(
            type='Pretrained',
            checkpoint='weights/densenet121_4xb256_in1k_20220426-07450f99.pth',
            prefix='backbone')),
    neck=dict(type='GlobalAveragePooling'),
    head=dict(
        type='MultiLabelLinearClsHead', num_classes=19, in_channels=1024))
dataset_type = 'Chest19'
img_norm_cfg = dict(
    mean=[123.675, 116.28, 103.53], std=[58.395, 57.12, 57.375], to_rgb=True)
train_pipeline = [
    dict(type='LoadImageFromFile'),
    dict(
        type='RandomResizedCrop',
        size=256,
        backend='pillow',
        interpolation='bicubic'),
    dict(type='RandomFlip', flip_prob=0.5, direction='horizontal'),
    dict(
        type='Normalize',
        mean=[123.675, 116.28, 103.53],
        std=[58.395, 57.12, 57.375],
        to_rgb=True),
    dict(type='ImageToTensor', keys=['img']),
    dict(type='ToTensor', keys=['gt_label']),
    dict(type='Collect', keys=['img', 'gt_label'])
]
test_pipeline = [
    dict(type='LoadImageFromFile'),
    dict(type='Resize', size=256, backend='pillow', interpolation='bicubic'),
    dict(
        type='Normalize',
        mean=[123.675, 116.28, 103.53],
        std=[58.395, 57.12, 57.375],
        to_rgb=True),
    dict(type='ImageToTensor', keys=['img']),
    dict(type='Collect', keys=['img'])
]
data = dict(
    samples_per_gpu=4,
    workers_per_gpu=4,
    train=dict(
        type='Chest19',
        data_prefix=
        '/mnt/petrelfs/jiyuanfeng.p/data/medfmc/MedFMC_train/chest/images',
        ann_file=
        '/mnt/petrelfs/jiyuanfeng.p/project/radiffuser/tools/downstream/medfm/data_backup/MedFMC/chest/chest_10-shot_train_exp1.txt',
        pipeline=[
            dict(type='LoadImageFromFile'),
            dict(
                type='RandomResizedCrop',
                size=256,
                backend='pillow',
                interpolation='bicubic'),
            dict(type='RandomFlip', flip_prob=0.5, direction='horizontal'),
            dict(
                type='Normalize',
                mean=[123.675, 116.28, 103.53],
                std=[58.395, 57.12, 57.375],
                to_rgb=True),
            dict(type='ImageToTensor', keys=['img']),
            dict(type='ToTensor', keys=['gt_label']),
            dict(type='Collect', keys=['img', 'gt_label'])
        ]),
    val=dict(
        type='Chest19',
        data_prefix=
        '/mnt/petrelfs/jiyuanfeng.p/data/medfmc/MedFMC_train/chest/images',
        ann_file=
        '/mnt/petrelfs/jiyuanfeng.p/project/radiffuser/tools/downstream/medfm/data_backup/MedFMC/chest/chest_10-shot_val_exp1.txt',
        pipeline=[
            dict(type='LoadImageFromFile'),
            dict(
                type='Resize',
                size=256,
                backend='pillow',
                interpolation='bicubic'),
            dict(
                type='Normalize',
                mean=[123.675, 116.28, 103.53],
                std=[58.395, 57.12, 57.375],
                to_rgb=True),
            dict(type='ImageToTensor', keys=['img']),
            dict(type='Collect', keys=['img'])
        ]),
    test=dict(
        type='Chest19',
        data_prefix=
        '/mnt/petrelfs/jiyuanfeng.p/data/medfmc/MedFMC_train/chest/images',
        ann_file=
        '/mnt/petrelfs/jiyuanfeng.p/project/radiffuser/tools/downstream/medfm/data_backup/MedFMC/chest/test_WithLabel.txt',
        pipeline=[
            dict(type='LoadImageFromFile'),
            dict(
                type='Resize',
                size=256,
                backend='pillow',
                interpolation='bicubic'),
            dict(
                type='Normalize',
                mean=[123.675, 116.28, 103.53],
                std=[58.395, 57.12, 57.375],
                to_rgb=True),
            dict(type='ImageToTensor', keys=['img']),
            dict(type='Collect', keys=['img'])
        ]))
evaluation = dict(interval=1, metric='mAP', save_best='auto')
optimizer = dict(type='SGD', lr=0.001, momentum=0.9, weight_decay=0.0001)
optimizer_config = dict(grad_clip=None)
lr_config = dict(policy='CosineAnnealing', min_lr=0)
runner = dict(type='EpochBasedRunner', max_epochs=20)
checkpoint_config = dict(interval=1, max_keep_ckpts=1)
log_config = dict(interval=5, hooks=[dict(type='TextLoggerHook')])
dist_params = dict(backend='nccl')
log_level = 'INFO'
load_from = 'work_dirs/downsteam/cls/mimic/pretrain/sync5/latest.pth'
resume_from = None
workflow = [('train', 1)]
custom_imports = dict(
    imports=[
        'medfmc.models', 'medfmc.datasets.medical_datasets',
        'medfmc.core.evaluation'
    ],
    allow_failed_imports=False)
dataset = 'chest'
nshot = 10
exp = 1
work_dir = 'work_dirs/downsteam/cls/medfmc/fewshot/syn5/10_shot_exp1'
gpu_ids = [0]

2024-10-31 10:51:11,336 - mmcls - INFO - Set random seed to 0, deterministic: False
2024-10-31 10:51:11,462 - mmcls - INFO - initialize DenseNet with init_cfg {'type': 'Pretrained', 'checkpoint': 'weights/densenet121_4xb256_in1k_20220426-07450f99.pth', 'prefix': 'backbone'}
2024-10-31 10:51:11,608 - mmcls - INFO - initialize MultiLabelLinearClsHead with init_cfg {'type': 'Normal', 'layer': 'Linear', 'std': 0.01}
Name of parameter - Initialization information

backbone.stem.0.weight - torch.Size([64, 3, 7, 7]): 
PretrainedInit: load from weights/densenet121_4xb256_in1k_20220426-07450f99.pth 

backbone.stem.1.weight - torch.Size([64]): 
PretrainedInit: load from weights/densenet121_4xb256_in1k_20220426-07450f99.pth 

backbone.stem.1.bias - torch.Size([64]): 
PretrainedInit: load from weights/densenet121_4xb256_in1k_20220426-07450f99.pth 

backbone.stages.0.block.0.norm1.weight - torch.Size([64]): 
PretrainedInit: load from weights/densenet121_4xb256_in1k_20220426-07450f99.pth 

backbone.stages.0.block.0.norm1.bias - torch.Size([64]): 
PretrainedInit: load from weights/densenet121_4xb256_in1k_20220426-07450f99.pth 

backbone.stages.0.block.0.conv1.weight - torch.Size([128, 64, 1, 1]): 
PretrainedInit: load from weights/densenet121_4xb256_in1k_20220426-07450f99.pth 

backbone.stages.0.block.0.norm2.weight - torch.Size([128]): 
PretrainedInit: load from weights/densenet121_4xb256_in1k_20220426-07450f99.pth 

backbone.stages.0.block.0.norm2.bias - torch.Size([128]): 
PretrainedInit: load from weights/densenet121_4xb256_in1k_20220426-07450f99.pth 

backbone.stages.0.block.0.conv2.weight - torch.Size([32, 128, 3, 3]): 
PretrainedInit: load from weights/densenet121_4xb256_in1k_20220426-07450f99.pth 

backbone.stages.0.block.1.norm1.weight - torch.Size([96]): 
PretrainedInit: load from weights/densenet121_4xb256_in1k_20220426-07450f99.pth 

backbone.stages.0.block.1.norm1.bias - torch.Size([96]): 
PretrainedInit: load from weights/densenet121_4xb256_in1k_20220426-07450f99.pth 

backbone.stages.0.block.1.conv1.weight - torch.Size([128, 96, 1, 1]): 
PretrainedInit: load from weights/densenet121_4xb256_in1k_20220426-07450f99.pth 

backbone.stages.0.block.1.norm2.weight - torch.Size([128]): 
PretrainedInit: load from weights/densenet121_4xb256_in1k_20220426-07450f99.pth 

backbone.stages.0.block.1.norm2.bias - torch.Size([128]): 
PretrainedInit: load from weights/densenet121_4xb256_in1k_20220426-07450f99.pth 

backbone.stages.0.block.1.conv2.weight - torch.Size([32, 128, 3, 3]): 
PretrainedInit: load from weights/densenet121_4xb256_in1k_20220426-07450f99.pth 

backbone.stages.0.block.2.norm1.weight - torch.Size([128]): 
PretrainedInit: load from weights/densenet121_4xb256_in1k_20220426-07450f99.pth 

backbone.stages.0.block.2.norm1.bias - torch.Size([128]): 
PretrainedInit: load from weights/densenet121_4xb256_in1k_20220426-07450f99.pth 

backbone.stages.0.block.2.conv1.weight - torch.Size([128, 128, 1, 1]): 
PretrainedInit: load from weights/densenet121_4xb256_in1k_20220426-07450f99.pth 

backbone.stages.0.block.2.norm2.weight - torch.Size([128]): 
PretrainedInit: load from weights/densenet121_4xb256_in1k_20220426-07450f99.pth 

backbone.stages.0.block.2.norm2.bias - torch.Size([128]): 
PretrainedInit: load from weights/densenet121_4xb256_in1k_20220426-07450f99.pth 

backbone.stages.0.block.2.conv2.weight - torch.Size([32, 128, 3, 3]): 
PretrainedInit: load from weights/densenet121_4xb256_in1k_20220426-07450f99.pth 

backbone.stages.0.block.3.norm1.weight - torch.Size([160]): 
PretrainedInit: load from weights/densenet121_4xb256_in1k_20220426-07450f99.pth 

backbone.stages.0.block.3.norm1.bias - torch.Size([160]): 
PretrainedInit: load from weights/densenet121_4xb256_in1k_20220426-07450f99.pth 

backbone.stages.0.block.3.conv1.weight - torch.Size([128, 160, 1, 1]): 
PretrainedInit: load from weights/densenet121_4xb256_in1k_20220426-07450f99.pth 

backbone.stages.0.block.3.norm2.weight - torch.Size([128]): 
PretrainedInit: load from weights/densenet121_4xb256_in1k_20220426-07450f99.pth 

backbone.stages.0.block.3.norm2.bias - torch.Size([128]): 
PretrainedInit: load from weights/densenet121_4xb256_in1k_20220426-07450f99.pth 

backbone.stages.0.block.3.conv2.weight - torch.Size([32, 128, 3, 3]): 
PretrainedInit: load from weights/densenet121_4xb256_in1k_20220426-07450f99.pth 

backbone.stages.0.block.4.norm1.weight - torch.Size([192]): 
PretrainedInit: load from weights/densenet121_4xb256_in1k_20220426-07450f99.pth 

backbone.stages.0.block.4.norm1.bias - torch.Size([192]): 
PretrainedInit: load from weights/densenet121_4xb256_in1k_20220426-07450f99.pth 

backbone.stages.0.block.4.conv1.weight - torch.Size([128, 192, 1, 1]): 
PretrainedInit: load from weights/densenet121_4xb256_in1k_20220426-07450f99.pth 

backbone.stages.0.block.4.norm2.weight - torch.Size([128]): 
PretrainedInit: load from weights/densenet121_4xb256_in1k_20220426-07450f99.pth 

backbone.stages.0.block.4.norm2.bias - torch.Size([128]): 
PretrainedInit: load from weights/densenet121_4xb256_in1k_20220426-07450f99.pth 

backbone.stages.0.block.4.conv2.weight - torch.Size([32, 128, 3, 3]): 
PretrainedInit: load from weights/densenet121_4xb256_in1k_20220426-07450f99.pth 

backbone.stages.0.block.5.norm1.weight - torch.Size([224]): 
PretrainedInit: load from weights/densenet121_4xb256_in1k_20220426-07450f99.pth 

backbone.stages.0.block.5.norm1.bias - torch.Size([224]): 
PretrainedInit: load from weights/densenet121_4xb256_in1k_20220426-07450f99.pth 

backbone.stages.0.block.5.conv1.weight - torch.Size([128, 224, 1, 1]): 
PretrainedInit: load from weights/densenet121_4xb256_in1k_20220426-07450f99.pth 

backbone.stages.0.block.5.norm2.weight - torch.Size([128]): 
PretrainedInit: load from weights/densenet121_4xb256_in1k_20220426-07450f99.pth 

backbone.stages.0.block.5.norm2.bias - torch.Size([128]): 
PretrainedInit: load from weights/densenet121_4xb256_in1k_20220426-07450f99.pth 

backbone.stages.0.block.5.conv2.weight - torch.Size([32, 128, 3, 3]): 
PretrainedInit: load from weights/densenet121_4xb256_in1k_20220426-07450f99.pth 

backbone.stages.1.block.0.norm1.weight - torch.Size([128]): 
PretrainedInit: load from weights/densenet121_4xb256_in1k_20220426-07450f99.pth 

backbone.stages.1.block.0.norm1.bias - torch.Size([128]): 
PretrainedInit: load from weights/densenet121_4xb256_in1k_20220426-07450f99.pth 

backbone.stages.1.block.0.conv1.weight - torch.Size([128, 128, 1, 1]): 
PretrainedInit: load from weights/densenet121_4xb256_in1k_20220426-07450f99.pth 

backbone.stages.1.block.0.norm2.weight - torch.Size([128]): 
PretrainedInit: load from weights/densenet121_4xb256_in1k_20220426-07450f99.pth 

backbone.stages.1.block.0.norm2.bias - torch.Size([128]): 
PretrainedInit: load from weights/densenet121_4xb256_in1k_20220426-07450f99.pth 

backbone.stages.1.block.0.conv2.weight - torch.Size([32, 128, 3, 3]): 
PretrainedInit: load from weights/densenet121_4xb256_in1k_20220426-07450f99.pth 

backbone.stages.1.block.1.norm1.weight - torch.Size([160]): 
PretrainedInit: load from weights/densenet121_4xb256_in1k_20220426-07450f99.pth 

backbone.stages.1.block.1.norm1.bias - torch.Size([160]): 
PretrainedInit: load from weights/densenet121_4xb256_in1k_20220426-07450f99.pth 

backbone.stages.1.block.1.conv1.weight - torch.Size([128, 160, 1, 1]): 
PretrainedInit: load from weights/densenet121_4xb256_in1k_20220426-07450f99.pth 

backbone.stages.1.block.1.norm2.weight - torch.Size([128]): 
PretrainedInit: load from weights/densenet121_4xb256_in1k_20220426-07450f99.pth 

backbone.stages.1.block.1.norm2.bias - torch.Size([128]): 
PretrainedInit: load from weights/densenet121_4xb256_in1k_20220426-07450f99.pth 

backbone.stages.1.block.1.conv2.weight - torch.Size([32, 128, 3, 3]): 
PretrainedInit: load from weights/densenet121_4xb256_in1k_20220426-07450f99.pth 

backbone.stages.1.block.2.norm1.weight - torch.Size([192]): 
PretrainedInit: load from weights/densenet121_4xb256_in1k_20220426-07450f99.pth 

backbone.stages.1.block.2.norm1.bias - torch.Size([192]): 
PretrainedInit: load from weights/densenet121_4xb256_in1k_20220426-07450f99.pth 

backbone.stages.1.block.2.conv1.weight - torch.Size([128, 192, 1, 1]): 
PretrainedInit: load from weights/densenet121_4xb256_in1k_20220426-07450f99.pth 

backbone.stages.1.block.2.norm2.weight - torch.Size([128]): 
PretrainedInit: load from weights/densenet121_4xb256_in1k_20220426-07450f99.pth 

backbone.stages.1.block.2.norm2.bias - torch.Size([128]): 
PretrainedInit: load from weights/densenet121_4xb256_in1k_20220426-07450f99.pth 

backbone.stages.1.block.2.conv2.weight - torch.Size([32, 128, 3, 3]): 
PretrainedInit: load from weights/densenet121_4xb256_in1k_20220426-07450f99.pth 

backbone.stages.1.block.3.norm1.weight - torch.Size([224]): 
PretrainedInit: load from weights/densenet121_4xb256_in1k_20220426-07450f99.pth 

backbone.stages.1.block.3.norm1.bias - torch.Size([224]): 
PretrainedInit: load from weights/densenet121_4xb256_in1k_20220426-07450f99.pth 

backbone.stages.1.block.3.conv1.weight - torch.Size([128, 224, 1, 1]): 
PretrainedInit: load from weights/densenet121_4xb256_in1k_20220426-07450f99.pth 

backbone.stages.1.block.3.norm2.weight - torch.Size([128]): 
PretrainedInit: load from weights/densenet121_4xb256_in1k_20220426-07450f99.pth 

backbone.stages.1.block.3.norm2.bias - torch.Size([128]): 
PretrainedInit: load from weights/densenet121_4xb256_in1k_20220426-07450f99.pth 

backbone.stages.1.block.3.conv2.weight - torch.Size([32, 128, 3, 3]): 
PretrainedInit: load from weights/densenet121_4xb256_in1k_20220426-07450f99.pth 

backbone.stages.1.block.4.norm1.weight - torch.Size([256]): 
PretrainedInit: load from weights/densenet121_4xb256_in1k_20220426-07450f99.pth 

backbone.stages.1.block.4.norm1.bias - torch.Size([256]): 
PretrainedInit: load from weights/densenet121_4xb256_in1k_20220426-07450f99.pth 

backbone.stages.1.block.4.conv1.weight - torch.Size([128, 256, 1, 1]): 
PretrainedInit: load from weights/densenet121_4xb256_in1k_20220426-07450f99.pth 

backbone.stages.1.block.4.norm2.weight - torch.Size([128]): 
PretrainedInit: load from weights/densenet121_4xb256_in1k_20220426-07450f99.pth 

backbone.stages.1.block.4.norm2.bias - torch.Size([128]): 
PretrainedInit: load from weights/densenet121_4xb256_in1k_20220426-07450f99.pth 

backbone.stages.1.block.4.conv2.weight - torch.Size([32, 128, 3, 3]): 
PretrainedInit: load from weights/densenet121_4xb256_in1k_20220426-07450f99.pth 

backbone.stages.1.block.5.norm1.weight - torch.Size([288]): 
PretrainedInit: load from weights/densenet121_4xb256_in1k_20220426-07450f99.pth 

backbone.stages.1.block.5.norm1.bias - torch.Size([288]): 
PretrainedInit: load from weights/densenet121_4xb256_in1k_20220426-07450f99.pth 

backbone.stages.1.block.5.conv1.weight - torch.Size([128, 288, 1, 1]): 
PretrainedInit: load from weights/densenet121_4xb256_in1k_20220426-07450f99.pth 

backbone.stages.1.block.5.norm2.weight - torch.Size([128]): 
PretrainedInit: load from weights/densenet121_4xb256_in1k_20220426-07450f99.pth 

backbone.stages.1.block.5.norm2.bias - torch.Size([128]): 
PretrainedInit: load from weights/densenet121_4xb256_in1k_20220426-07450f99.pth 

backbone.stages.1.block.5.conv2.weight - torch.Size([32, 128, 3, 3]): 
PretrainedInit: load from weights/densenet121_4xb256_in1k_20220426-07450f99.pth 

backbone.stages.1.block.6.norm1.weight - torch.Size([320]): 
PretrainedInit: load from weights/densenet121_4xb256_in1k_20220426-07450f99.pth 

backbone.stages.1.block.6.norm1.bias - torch.Size([320]): 
PretrainedInit: load from weights/densenet121_4xb256_in1k_20220426-07450f99.pth 

backbone.stages.1.block.6.conv1.weight - torch.Size([128, 320, 1, 1]): 
PretrainedInit: load from weights/densenet121_4xb256_in1k_20220426-07450f99.pth 

backbone.stages.1.block.6.norm2.weight - torch.Size([128]): 
PretrainedInit: load from weights/densenet121_4xb256_in1k_20220426-07450f99.pth 

backbone.stages.1.block.6.norm2.bias - torch.Size([128]): 
PretrainedInit: load from weights/densenet121_4xb256_in1k_20220426-07450f99.pth 

backbone.stages.1.block.6.conv2.weight - torch.Size([32, 128, 3, 3]): 
PretrainedInit: load from weights/densenet121_4xb256_in1k_20220426-07450f99.pth 

backbone.stages.1.block.7.norm1.weight - torch.Size([352]): 
PretrainedInit: load from weights/densenet121_4xb256_in1k_20220426-07450f99.pth 

backbone.stages.1.block.7.norm1.bias - torch.Size([352]): 
PretrainedInit: load from weights/densenet121_4xb256_in1k_20220426-07450f99.pth 

backbone.stages.1.block.7.conv1.weight - torch.Size([128, 352, 1, 1]): 
PretrainedInit: load from weights/densenet121_4xb256_in1k_20220426-07450f99.pth 

backbone.stages.1.block.7.norm2.weight - torch.Size([128]): 
PretrainedInit: load from weights/densenet121_4xb256_in1k_20220426-07450f99.pth 

backbone.stages.1.block.7.norm2.bias - torch.Size([128]): 
PretrainedInit: load from weights/densenet121_4xb256_in1k_20220426-07450f99.pth 

backbone.stages.1.block.7.conv2.weight - torch.Size([32, 128, 3, 3]): 
PretrainedInit: load from weights/densenet121_4xb256_in1k_20220426-07450f99.pth 

backbone.stages.1.block.8.norm1.weight - torch.Size([384]): 
PretrainedInit: load from weights/densenet121_4xb256_in1k_20220426-07450f99.pth 

backbone.stages.1.block.8.norm1.bias - torch.Size([384]): 
PretrainedInit: load from weights/densenet121_4xb256_in1k_20220426-07450f99.pth 

backbone.stages.1.block.8.conv1.weight - torch.Size([128, 384, 1, 1]): 
PretrainedInit: load from weights/densenet121_4xb256_in1k_20220426-07450f99.pth 

backbone.stages.1.block.8.norm2.weight - torch.Size([128]): 
PretrainedInit: load from weights/densenet121_4xb256_in1k_20220426-07450f99.pth 

backbone.stages.1.block.8.norm2.bias - torch.Size([128]): 
PretrainedInit: load from weights/densenet121_4xb256_in1k_20220426-07450f99.pth 

backbone.stages.1.block.8.conv2.weight - torch.Size([32, 128, 3, 3]): 
PretrainedInit: load from weights/densenet121_4xb256_in1k_20220426-07450f99.pth 

backbone.stages.1.block.9.norm1.weight - torch.Size([416]): 
PretrainedInit: load from weights/densenet121_4xb256_in1k_20220426-07450f99.pth 

backbone.stages.1.block.9.norm1.bias - torch.Size([416]): 
PretrainedInit: load from weights/densenet121_4xb256_in1k_20220426-07450f99.pth 

backbone.stages.1.block.9.conv1.weight - torch.Size([128, 416, 1, 1]): 
PretrainedInit: load from weights/densenet121_4xb256_in1k_20220426-07450f99.pth 

backbone.stages.1.block.9.norm2.weight - torch.Size([128]): 
PretrainedInit: load from weights/densenet121_4xb256_in1k_20220426-07450f99.pth 

backbone.stages.1.block.9.norm2.bias - torch.Size([128]): 
PretrainedInit: load from weights/densenet121_4xb256_in1k_20220426-07450f99.pth 

backbone.stages.1.block.9.conv2.weight - torch.Size([32, 128, 3, 3]): 
PretrainedInit: load from weights/densenet121_4xb256_in1k_20220426-07450f99.pth 

backbone.stages.1.block.10.norm1.weight - torch.Size([448]): 
PretrainedInit: load from weights/densenet121_4xb256_in1k_20220426-07450f99.pth 

backbone.stages.1.block.10.norm1.bias - torch.Size([448]): 
PretrainedInit: load from weights/densenet121_4xb256_in1k_20220426-07450f99.pth 

backbone.stages.1.block.10.conv1.weight - torch.Size([128, 448, 1, 1]): 
PretrainedInit: load from weights/densenet121_4xb256_in1k_20220426-07450f99.pth 

backbone.stages.1.block.10.norm2.weight - torch.Size([128]): 
PretrainedInit: load from weights/densenet121_4xb256_in1k_20220426-07450f99.pth 

backbone.stages.1.block.10.norm2.bias - torch.Size([128]): 
PretrainedInit: load from weights/densenet121_4xb256_in1k_20220426-07450f99.pth 

backbone.stages.1.block.10.conv2.weight - torch.Size([32, 128, 3, 3]): 
PretrainedInit: load from weights/densenet121_4xb256_in1k_20220426-07450f99.pth 

backbone.stages.1.block.11.norm1.weight - torch.Size([480]): 
PretrainedInit: load from weights/densenet121_4xb256_in1k_20220426-07450f99.pth 

backbone.stages.1.block.11.norm1.bias - torch.Size([480]): 
PretrainedInit: load from weights/densenet121_4xb256_in1k_20220426-07450f99.pth 

backbone.stages.1.block.11.conv1.weight - torch.Size([128, 480, 1, 1]): 
PretrainedInit: load from weights/densenet121_4xb256_in1k_20220426-07450f99.pth 

backbone.stages.1.block.11.norm2.weight - torch.Size([128]): 
PretrainedInit: load from weights/densenet121_4xb256_in1k_20220426-07450f99.pth 

backbone.stages.1.block.11.norm2.bias - torch.Size([128]): 
PretrainedInit: load from weights/densenet121_4xb256_in1k_20220426-07450f99.pth 

backbone.stages.1.block.11.conv2.weight - torch.Size([32, 128, 3, 3]): 
PretrainedInit: load from weights/densenet121_4xb256_in1k_20220426-07450f99.pth 

backbone.stages.2.block.0.norm1.weight - torch.Size([256]): 
PretrainedInit: load from weights/densenet121_4xb256_in1k_20220426-07450f99.pth 

backbone.stages.2.block.0.norm1.bias - torch.Size([256]): 
PretrainedInit: load from weights/densenet121_4xb256_in1k_20220426-07450f99.pth 

backbone.stages.2.block.0.conv1.weight - torch.Size([128, 256, 1, 1]): 
PretrainedInit: load from weights/densenet121_4xb256_in1k_20220426-07450f99.pth 

backbone.stages.2.block.0.norm2.weight - torch.Size([128]): 
PretrainedInit: load from weights/densenet121_4xb256_in1k_20220426-07450f99.pth 

backbone.stages.2.block.0.norm2.bias - torch.Size([128]): 
PretrainedInit: load from weights/densenet121_4xb256_in1k_20220426-07450f99.pth 

backbone.stages.2.block.0.conv2.weight - torch.Size([32, 128, 3, 3]): 
PretrainedInit: load from weights/densenet121_4xb256_in1k_20220426-07450f99.pth 

backbone.stages.2.block.1.norm1.weight - torch.Size([288]): 
PretrainedInit: load from weights/densenet121_4xb256_in1k_20220426-07450f99.pth 

backbone.stages.2.block.1.norm1.bias - torch.Size([288]): 
PretrainedInit: load from weights/densenet121_4xb256_in1k_20220426-07450f99.pth 

backbone.stages.2.block.1.conv1.weight - torch.Size([128, 288, 1, 1]): 
PretrainedInit: load from weights/densenet121_4xb256_in1k_20220426-07450f99.pth 

backbone.stages.2.block.1.norm2.weight - torch.Size([128]): 
PretrainedInit: load from weights/densenet121_4xb256_in1k_20220426-07450f99.pth 

backbone.stages.2.block.1.norm2.bias - torch.Size([128]): 
PretrainedInit: load from weights/densenet121_4xb256_in1k_20220426-07450f99.pth 

backbone.stages.2.block.1.conv2.weight - torch.Size([32, 128, 3, 3]): 
PretrainedInit: load from weights/densenet121_4xb256_in1k_20220426-07450f99.pth 

backbone.stages.2.block.2.norm1.weight - torch.Size([320]): 
PretrainedInit: load from weights/densenet121_4xb256_in1k_20220426-07450f99.pth 

backbone.stages.2.block.2.norm1.bias - torch.Size([320]): 
PretrainedInit: load from weights/densenet121_4xb256_in1k_20220426-07450f99.pth 

backbone.stages.2.block.2.conv1.weight - torch.Size([128, 320, 1, 1]): 
PretrainedInit: load from weights/densenet121_4xb256_in1k_20220426-07450f99.pth 

backbone.stages.2.block.2.norm2.weight - torch.Size([128]): 
PretrainedInit: load from weights/densenet121_4xb256_in1k_20220426-07450f99.pth 

backbone.stages.2.block.2.norm2.bias - torch.Size([128]): 
PretrainedInit: load from weights/densenet121_4xb256_in1k_20220426-07450f99.pth 

backbone.stages.2.block.2.conv2.weight - torch.Size([32, 128, 3, 3]): 
PretrainedInit: load from weights/densenet121_4xb256_in1k_20220426-07450f99.pth 

backbone.stages.2.block.3.norm1.weight - torch.Size([352]): 
PretrainedInit: load from weights/densenet121_4xb256_in1k_20220426-07450f99.pth 

backbone.stages.2.block.3.norm1.bias - torch.Size([352]): 
PretrainedInit: load from weights/densenet121_4xb256_in1k_20220426-07450f99.pth 

backbone.stages.2.block.3.conv1.weight - torch.Size([128, 352, 1, 1]): 
PretrainedInit: load from weights/densenet121_4xb256_in1k_20220426-07450f99.pth 

backbone.stages.2.block.3.norm2.weight - torch.Size([128]): 
PretrainedInit: load from weights/densenet121_4xb256_in1k_20220426-07450f99.pth 

backbone.stages.2.block.3.norm2.bias - torch.Size([128]): 
PretrainedInit: load from weights/densenet121_4xb256_in1k_20220426-07450f99.pth 

backbone.stages.2.block.3.conv2.weight - torch.Size([32, 128, 3, 3]): 
PretrainedInit: load from weights/densenet121_4xb256_in1k_20220426-07450f99.pth 

backbone.stages.2.block.4.norm1.weight - torch.Size([384]): 
PretrainedInit: load from weights/densenet121_4xb256_in1k_20220426-07450f99.pth 

backbone.stages.2.block.4.norm1.bias - torch.Size([384]): 
PretrainedInit: load from weights/densenet121_4xb256_in1k_20220426-07450f99.pth 

backbone.stages.2.block.4.conv1.weight - torch.Size([128, 384, 1, 1]): 
PretrainedInit: load from weights/densenet121_4xb256_in1k_20220426-07450f99.pth 

backbone.stages.2.block.4.norm2.weight - torch.Size([128]): 
PretrainedInit: load from weights/densenet121_4xb256_in1k_20220426-07450f99.pth 

backbone.stages.2.block.4.norm2.bias - torch.Size([128]): 
PretrainedInit: load from weights/densenet121_4xb256_in1k_20220426-07450f99.pth 

backbone.stages.2.block.4.conv2.weight - torch.Size([32, 128, 3, 3]): 
PretrainedInit: load from weights/densenet121_4xb256_in1k_20220426-07450f99.pth 

backbone.stages.2.block.5.norm1.weight - torch.Size([416]): 
PretrainedInit: load from weights/densenet121_4xb256_in1k_20220426-07450f99.pth 

backbone.stages.2.block.5.norm1.bias - torch.Size([416]): 
PretrainedInit: load from weights/densenet121_4xb256_in1k_20220426-07450f99.pth 

backbone.stages.2.block.5.conv1.weight - torch.Size([128, 416, 1, 1]): 
PretrainedInit: load from weights/densenet121_4xb256_in1k_20220426-07450f99.pth 

backbone.stages.2.block.5.norm2.weight - torch.Size([128]): 
PretrainedInit: load from weights/densenet121_4xb256_in1k_20220426-07450f99.pth 

backbone.stages.2.block.5.norm2.bias - torch.Size([128]): 
PretrainedInit: load from weights/densenet121_4xb256_in1k_20220426-07450f99.pth 

backbone.stages.2.block.5.conv2.weight - torch.Size([32, 128, 3, 3]): 
PretrainedInit: load from weights/densenet121_4xb256_in1k_20220426-07450f99.pth 

backbone.stages.2.block.6.norm1.weight - torch.Size([448]): 
PretrainedInit: load from weights/densenet121_4xb256_in1k_20220426-07450f99.pth 

backbone.stages.2.block.6.norm1.bias - torch.Size([448]): 
PretrainedInit: load from weights/densenet121_4xb256_in1k_20220426-07450f99.pth 

backbone.stages.2.block.6.conv1.weight - torch.Size([128, 448, 1, 1]): 
PretrainedInit: load from weights/densenet121_4xb256_in1k_20220426-07450f99.pth 

backbone.stages.2.block.6.norm2.weight - torch.Size([128]): 
PretrainedInit: load from weights/densenet121_4xb256_in1k_20220426-07450f99.pth 

backbone.stages.2.block.6.norm2.bias - torch.Size([128]): 
PretrainedInit: load from weights/densenet121_4xb256_in1k_20220426-07450f99.pth 

backbone.stages.2.block.6.conv2.weight - torch.Size([32, 128, 3, 3]): 
PretrainedInit: load from weights/densenet121_4xb256_in1k_20220426-07450f99.pth 

backbone.stages.2.block.7.norm1.weight - torch.Size([480]): 
PretrainedInit: load from weights/densenet121_4xb256_in1k_20220426-07450f99.pth 

backbone.stages.2.block.7.norm1.bias - torch.Size([480]): 
PretrainedInit: load from weights/densenet121_4xb256_in1k_20220426-07450f99.pth 

backbone.stages.2.block.7.conv1.weight - torch.Size([128, 480, 1, 1]): 
PretrainedInit: load from weights/densenet121_4xb256_in1k_20220426-07450f99.pth 

backbone.stages.2.block.7.norm2.weight - torch.Size([128]): 
PretrainedInit: load from weights/densenet121_4xb256_in1k_20220426-07450f99.pth 

backbone.stages.2.block.7.norm2.bias - torch.Size([128]): 
PretrainedInit: load from weights/densenet121_4xb256_in1k_20220426-07450f99.pth 

backbone.stages.2.block.7.conv2.weight - torch.Size([32, 128, 3, 3]): 
PretrainedInit: load from weights/densenet121_4xb256_in1k_20220426-07450f99.pth 

backbone.stages.2.block.8.norm1.weight - torch.Size([512]): 
PretrainedInit: load from weights/densenet121_4xb256_in1k_20220426-07450f99.pth 

backbone.stages.2.block.8.norm1.bias - torch.Size([512]): 
PretrainedInit: load from weights/densenet121_4xb256_in1k_20220426-07450f99.pth 

backbone.stages.2.block.8.conv1.weight - torch.Size([128, 512, 1, 1]): 
PretrainedInit: load from weights/densenet121_4xb256_in1k_20220426-07450f99.pth 

backbone.stages.2.block.8.norm2.weight - torch.Size([128]): 
PretrainedInit: load from weights/densenet121_4xb256_in1k_20220426-07450f99.pth 

backbone.stages.2.block.8.norm2.bias - torch.Size([128]): 
PretrainedInit: load from weights/densenet121_4xb256_in1k_20220426-07450f99.pth 

backbone.stages.2.block.8.conv2.weight - torch.Size([32, 128, 3, 3]): 
PretrainedInit: load from weights/densenet121_4xb256_in1k_20220426-07450f99.pth 

backbone.stages.2.block.9.norm1.weight - torch.Size([544]): 
PretrainedInit: load from weights/densenet121_4xb256_in1k_20220426-07450f99.pth 

backbone.stages.2.block.9.norm1.bias - torch.Size([544]): 
PretrainedInit: load from weights/densenet121_4xb256_in1k_20220426-07450f99.pth 

backbone.stages.2.block.9.conv1.weight - torch.Size([128, 544, 1, 1]): 
PretrainedInit: load from weights/densenet121_4xb256_in1k_20220426-07450f99.pth 

backbone.stages.2.block.9.norm2.weight - torch.Size([128]): 
PretrainedInit: load from weights/densenet121_4xb256_in1k_20220426-07450f99.pth 

backbone.stages.2.block.9.norm2.bias - torch.Size([128]): 
PretrainedInit: load from weights/densenet121_4xb256_in1k_20220426-07450f99.pth 

backbone.stages.2.block.9.conv2.weight - torch.Size([32, 128, 3, 3]): 
PretrainedInit: load from weights/densenet121_4xb256_in1k_20220426-07450f99.pth 

backbone.stages.2.block.10.norm1.weight - torch.Size([576]): 
PretrainedInit: load from weights/densenet121_4xb256_in1k_20220426-07450f99.pth 

backbone.stages.2.block.10.norm1.bias - torch.Size([576]): 
PretrainedInit: load from weights/densenet121_4xb256_in1k_20220426-07450f99.pth 

backbone.stages.2.block.10.conv1.weight - torch.Size([128, 576, 1, 1]): 
PretrainedInit: load from weights/densenet121_4xb256_in1k_20220426-07450f99.pth 

backbone.stages.2.block.10.norm2.weight - torch.Size([128]): 
PretrainedInit: load from weights/densenet121_4xb256_in1k_20220426-07450f99.pth 

backbone.stages.2.block.10.norm2.bias - torch.Size([128]): 
PretrainedInit: load from weights/densenet121_4xb256_in1k_20220426-07450f99.pth 

backbone.stages.2.block.10.conv2.weight - torch.Size([32, 128, 3, 3]): 
PretrainedInit: load from weights/densenet121_4xb256_in1k_20220426-07450f99.pth 

backbone.stages.2.block.11.norm1.weight - torch.Size([608]): 
PretrainedInit: load from weights/densenet121_4xb256_in1k_20220426-07450f99.pth 

backbone.stages.2.block.11.norm1.bias - torch.Size([608]): 
PretrainedInit: load from weights/densenet121_4xb256_in1k_20220426-07450f99.pth 

backbone.stages.2.block.11.conv1.weight - torch.Size([128, 608, 1, 1]): 
PretrainedInit: load from weights/densenet121_4xb256_in1k_20220426-07450f99.pth 

backbone.stages.2.block.11.norm2.weight - torch.Size([128]): 
PretrainedInit: load from weights/densenet121_4xb256_in1k_20220426-07450f99.pth 

backbone.stages.2.block.11.norm2.bias - torch.Size([128]): 
PretrainedInit: load from weights/densenet121_4xb256_in1k_20220426-07450f99.pth 

backbone.stages.2.block.11.conv2.weight - torch.Size([32, 128, 3, 3]): 
PretrainedInit: load from weights/densenet121_4xb256_in1k_20220426-07450f99.pth 

backbone.stages.2.block.12.norm1.weight - torch.Size([640]): 
PretrainedInit: load from weights/densenet121_4xb256_in1k_20220426-07450f99.pth 

backbone.stages.2.block.12.norm1.bias - torch.Size([640]): 
PretrainedInit: load from weights/densenet121_4xb256_in1k_20220426-07450f99.pth 

backbone.stages.2.block.12.conv1.weight - torch.Size([128, 640, 1, 1]): 
PretrainedInit: load from weights/densenet121_4xb256_in1k_20220426-07450f99.pth 

backbone.stages.2.block.12.norm2.weight - torch.Size([128]): 
PretrainedInit: load from weights/densenet121_4xb256_in1k_20220426-07450f99.pth 

backbone.stages.2.block.12.norm2.bias - torch.Size([128]): 
PretrainedInit: load from weights/densenet121_4xb256_in1k_20220426-07450f99.pth 

backbone.stages.2.block.12.conv2.weight - torch.Size([32, 128, 3, 3]): 
PretrainedInit: load from weights/densenet121_4xb256_in1k_20220426-07450f99.pth 

backbone.stages.2.block.13.norm1.weight - torch.Size([672]): 
PretrainedInit: load from weights/densenet121_4xb256_in1k_20220426-07450f99.pth 

backbone.stages.2.block.13.norm1.bias - torch.Size([672]): 
PretrainedInit: load from weights/densenet121_4xb256_in1k_20220426-07450f99.pth 

backbone.stages.2.block.13.conv1.weight - torch.Size([128, 672, 1, 1]): 
PretrainedInit: load from weights/densenet121_4xb256_in1k_20220426-07450f99.pth 

backbone.stages.2.block.13.norm2.weight - torch.Size([128]): 
PretrainedInit: load from weights/densenet121_4xb256_in1k_20220426-07450f99.pth 

backbone.stages.2.block.13.norm2.bias - torch.Size([128]): 
PretrainedInit: load from weights/densenet121_4xb256_in1k_20220426-07450f99.pth 

backbone.stages.2.block.13.conv2.weight - torch.Size([32, 128, 3, 3]): 
PretrainedInit: load from weights/densenet121_4xb256_in1k_20220426-07450f99.pth 

backbone.stages.2.block.14.norm1.weight - torch.Size([704]): 
PretrainedInit: load from weights/densenet121_4xb256_in1k_20220426-07450f99.pth 

backbone.stages.2.block.14.norm1.bias - torch.Size([704]): 
PretrainedInit: load from weights/densenet121_4xb256_in1k_20220426-07450f99.pth 

backbone.stages.2.block.14.conv1.weight - torch.Size([128, 704, 1, 1]): 
PretrainedInit: load from weights/densenet121_4xb256_in1k_20220426-07450f99.pth 

backbone.stages.2.block.14.norm2.weight - torch.Size([128]): 
PretrainedInit: load from weights/densenet121_4xb256_in1k_20220426-07450f99.pth 

backbone.stages.2.block.14.norm2.bias - torch.Size([128]): 
PretrainedInit: load from weights/densenet121_4xb256_in1k_20220426-07450f99.pth 

backbone.stages.2.block.14.conv2.weight - torch.Size([32, 128, 3, 3]): 
PretrainedInit: load from weights/densenet121_4xb256_in1k_20220426-07450f99.pth 

backbone.stages.2.block.15.norm1.weight - torch.Size([736]): 
PretrainedInit: load from weights/densenet121_4xb256_in1k_20220426-07450f99.pth 

backbone.stages.2.block.15.norm1.bias - torch.Size([736]): 
PretrainedInit: load from weights/densenet121_4xb256_in1k_20220426-07450f99.pth 

backbone.stages.2.block.15.conv1.weight - torch.Size([128, 736, 1, 1]): 
PretrainedInit: load from weights/densenet121_4xb256_in1k_20220426-07450f99.pth 

backbone.stages.2.block.15.norm2.weight - torch.Size([128]): 
PretrainedInit: load from weights/densenet121_4xb256_in1k_20220426-07450f99.pth 

backbone.stages.2.block.15.norm2.bias - torch.Size([128]): 
PretrainedInit: load from weights/densenet121_4xb256_in1k_20220426-07450f99.pth 

backbone.stages.2.block.15.conv2.weight - torch.Size([32, 128, 3, 3]): 
PretrainedInit: load from weights/densenet121_4xb256_in1k_20220426-07450f99.pth 

backbone.stages.2.block.16.norm1.weight - torch.Size([768]): 
PretrainedInit: load from weights/densenet121_4xb256_in1k_20220426-07450f99.pth 

backbone.stages.2.block.16.norm1.bias - torch.Size([768]): 
PretrainedInit: load from weights/densenet121_4xb256_in1k_20220426-07450f99.pth 

backbone.stages.2.block.16.conv1.weight - torch.Size([128, 768, 1, 1]): 
PretrainedInit: load from weights/densenet121_4xb256_in1k_20220426-07450f99.pth 

backbone.stages.2.block.16.norm2.weight - torch.Size([128]): 
PretrainedInit: load from weights/densenet121_4xb256_in1k_20220426-07450f99.pth 

backbone.stages.2.block.16.norm2.bias - torch.Size([128]): 
PretrainedInit: load from weights/densenet121_4xb256_in1k_20220426-07450f99.pth 

backbone.stages.2.block.16.conv2.weight - torch.Size([32, 128, 3, 3]): 
PretrainedInit: load from weights/densenet121_4xb256_in1k_20220426-07450f99.pth 

backbone.stages.2.block.17.norm1.weight - torch.Size([800]): 
PretrainedInit: load from weights/densenet121_4xb256_in1k_20220426-07450f99.pth 

backbone.stages.2.block.17.norm1.bias - torch.Size([800]): 
PretrainedInit: load from weights/densenet121_4xb256_in1k_20220426-07450f99.pth 

backbone.stages.2.block.17.conv1.weight - torch.Size([128, 800, 1, 1]): 
PretrainedInit: load from weights/densenet121_4xb256_in1k_20220426-07450f99.pth 

backbone.stages.2.block.17.norm2.weight - torch.Size([128]): 
PretrainedInit: load from weights/densenet121_4xb256_in1k_20220426-07450f99.pth 

backbone.stages.2.block.17.norm2.bias - torch.Size([128]): 
PretrainedInit: load from weights/densenet121_4xb256_in1k_20220426-07450f99.pth 

backbone.stages.2.block.17.conv2.weight - torch.Size([32, 128, 3, 3]): 
PretrainedInit: load from weights/densenet121_4xb256_in1k_20220426-07450f99.pth 

backbone.stages.2.block.18.norm1.weight - torch.Size([832]): 
PretrainedInit: load from weights/densenet121_4xb256_in1k_20220426-07450f99.pth 

backbone.stages.2.block.18.norm1.bias - torch.Size([832]): 
PretrainedInit: load from weights/densenet121_4xb256_in1k_20220426-07450f99.pth 

backbone.stages.2.block.18.conv1.weight - torch.Size([128, 832, 1, 1]): 
PretrainedInit: load from weights/densenet121_4xb256_in1k_20220426-07450f99.pth 

backbone.stages.2.block.18.norm2.weight - torch.Size([128]): 
PretrainedInit: load from weights/densenet121_4xb256_in1k_20220426-07450f99.pth 

backbone.stages.2.block.18.norm2.bias - torch.Size([128]): 
PretrainedInit: load from weights/densenet121_4xb256_in1k_20220426-07450f99.pth 

backbone.stages.2.block.18.conv2.weight - torch.Size([32, 128, 3, 3]): 
PretrainedInit: load from weights/densenet121_4xb256_in1k_20220426-07450f99.pth 

backbone.stages.2.block.19.norm1.weight - torch.Size([864]): 
PretrainedInit: load from weights/densenet121_4xb256_in1k_20220426-07450f99.pth 

backbone.stages.2.block.19.norm1.bias - torch.Size([864]): 
PretrainedInit: load from weights/densenet121_4xb256_in1k_20220426-07450f99.pth 

backbone.stages.2.block.19.conv1.weight - torch.Size([128, 864, 1, 1]): 
PretrainedInit: load from weights/densenet121_4xb256_in1k_20220426-07450f99.pth 

backbone.stages.2.block.19.norm2.weight - torch.Size([128]): 
PretrainedInit: load from weights/densenet121_4xb256_in1k_20220426-07450f99.pth 

backbone.stages.2.block.19.norm2.bias - torch.Size([128]): 
PretrainedInit: load from weights/densenet121_4xb256_in1k_20220426-07450f99.pth 

backbone.stages.2.block.19.conv2.weight - torch.Size([32, 128, 3, 3]): 
PretrainedInit: load from weights/densenet121_4xb256_in1k_20220426-07450f99.pth 

backbone.stages.2.block.20.norm1.weight - torch.Size([896]): 
PretrainedInit: load from weights/densenet121_4xb256_in1k_20220426-07450f99.pth 

backbone.stages.2.block.20.norm1.bias - torch.Size([896]): 
PretrainedInit: load from weights/densenet121_4xb256_in1k_20220426-07450f99.pth 

backbone.stages.2.block.20.conv1.weight - torch.Size([128, 896, 1, 1]): 
PretrainedInit: load from weights/densenet121_4xb256_in1k_20220426-07450f99.pth 

backbone.stages.2.block.20.norm2.weight - torch.Size([128]): 
PretrainedInit: load from weights/densenet121_4xb256_in1k_20220426-07450f99.pth 

backbone.stages.2.block.20.norm2.bias - torch.Size([128]): 
PretrainedInit: load from weights/densenet121_4xb256_in1k_20220426-07450f99.pth 

backbone.stages.2.block.20.conv2.weight - torch.Size([32, 128, 3, 3]): 
PretrainedInit: load from weights/densenet121_4xb256_in1k_20220426-07450f99.pth 

backbone.stages.2.block.21.norm1.weight - torch.Size([928]): 
PretrainedInit: load from weights/densenet121_4xb256_in1k_20220426-07450f99.pth 

backbone.stages.2.block.21.norm1.bias - torch.Size([928]): 
PretrainedInit: load from weights/densenet121_4xb256_in1k_20220426-07450f99.pth 

backbone.stages.2.block.21.conv1.weight - torch.Size([128, 928, 1, 1]): 
PretrainedInit: load from weights/densenet121_4xb256_in1k_20220426-07450f99.pth 

backbone.stages.2.block.21.norm2.weight - torch.Size([128]): 
PretrainedInit: load from weights/densenet121_4xb256_in1k_20220426-07450f99.pth 

backbone.stages.2.block.21.norm2.bias - torch.Size([128]): 
PretrainedInit: load from weights/densenet121_4xb256_in1k_20220426-07450f99.pth 

backbone.stages.2.block.21.conv2.weight - torch.Size([32, 128, 3, 3]): 
PretrainedInit: load from weights/densenet121_4xb256_in1k_20220426-07450f99.pth 

backbone.stages.2.block.22.norm1.weight - torch.Size([960]): 
PretrainedInit: load from weights/densenet121_4xb256_in1k_20220426-07450f99.pth 

backbone.stages.2.block.22.norm1.bias - torch.Size([960]): 
PretrainedInit: load from weights/densenet121_4xb256_in1k_20220426-07450f99.pth 

backbone.stages.2.block.22.conv1.weight - torch.Size([128, 960, 1, 1]): 
PretrainedInit: load from weights/densenet121_4xb256_in1k_20220426-07450f99.pth 

backbone.stages.2.block.22.norm2.weight - torch.Size([128]): 
PretrainedInit: load from weights/densenet121_4xb256_in1k_20220426-07450f99.pth 

backbone.stages.2.block.22.norm2.bias - torch.Size([128]): 
PretrainedInit: load from weights/densenet121_4xb256_in1k_20220426-07450f99.pth 

backbone.stages.2.block.22.conv2.weight - torch.Size([32, 128, 3, 3]): 
PretrainedInit: load from weights/densenet121_4xb256_in1k_20220426-07450f99.pth 

backbone.stages.2.block.23.norm1.weight - torch.Size([992]): 
PretrainedInit: load from weights/densenet121_4xb256_in1k_20220426-07450f99.pth 

backbone.stages.2.block.23.norm1.bias - torch.Size([992]): 
PretrainedInit: load from weights/densenet121_4xb256_in1k_20220426-07450f99.pth 

backbone.stages.2.block.23.conv1.weight - torch.Size([128, 992, 1, 1]): 
PretrainedInit: load from weights/densenet121_4xb256_in1k_20220426-07450f99.pth 

backbone.stages.2.block.23.norm2.weight - torch.Size([128]): 
PretrainedInit: load from weights/densenet121_4xb256_in1k_20220426-07450f99.pth 

backbone.stages.2.block.23.norm2.bias - torch.Size([128]): 
PretrainedInit: load from weights/densenet121_4xb256_in1k_20220426-07450f99.pth 

backbone.stages.2.block.23.conv2.weight - torch.Size([32, 128, 3, 3]): 
PretrainedInit: load from weights/densenet121_4xb256_in1k_20220426-07450f99.pth 

backbone.stages.3.block.0.norm1.weight - torch.Size([512]): 
PretrainedInit: load from weights/densenet121_4xb256_in1k_20220426-07450f99.pth 

backbone.stages.3.block.0.norm1.bias - torch.Size([512]): 
PretrainedInit: load from weights/densenet121_4xb256_in1k_20220426-07450f99.pth 

backbone.stages.3.block.0.conv1.weight - torch.Size([128, 512, 1, 1]): 
PretrainedInit: load from weights/densenet121_4xb256_in1k_20220426-07450f99.pth 

backbone.stages.3.block.0.norm2.weight - torch.Size([128]): 
PretrainedInit: load from weights/densenet121_4xb256_in1k_20220426-07450f99.pth 

backbone.stages.3.block.0.norm2.bias - torch.Size([128]): 
PretrainedInit: load from weights/densenet121_4xb256_in1k_20220426-07450f99.pth 

backbone.stages.3.block.0.conv2.weight - torch.Size([32, 128, 3, 3]): 
PretrainedInit: load from weights/densenet121_4xb256_in1k_20220426-07450f99.pth 

backbone.stages.3.block.1.norm1.weight - torch.Size([544]): 
PretrainedInit: load from weights/densenet121_4xb256_in1k_20220426-07450f99.pth 

backbone.stages.3.block.1.norm1.bias - torch.Size([544]): 
PretrainedInit: load from weights/densenet121_4xb256_in1k_20220426-07450f99.pth 

backbone.stages.3.block.1.conv1.weight - torch.Size([128, 544, 1, 1]): 
PretrainedInit: load from weights/densenet121_4xb256_in1k_20220426-07450f99.pth 

backbone.stages.3.block.1.norm2.weight - torch.Size([128]): 
PretrainedInit: load from weights/densenet121_4xb256_in1k_20220426-07450f99.pth 

backbone.stages.3.block.1.norm2.bias - torch.Size([128]): 
PretrainedInit: load from weights/densenet121_4xb256_in1k_20220426-07450f99.pth 

backbone.stages.3.block.1.conv2.weight - torch.Size([32, 128, 3, 3]): 
PretrainedInit: load from weights/densenet121_4xb256_in1k_20220426-07450f99.pth 

backbone.stages.3.block.2.norm1.weight - torch.Size([576]): 
PretrainedInit: load from weights/densenet121_4xb256_in1k_20220426-07450f99.pth 

backbone.stages.3.block.2.norm1.bias - torch.Size([576]): 
PretrainedInit: load from weights/densenet121_4xb256_in1k_20220426-07450f99.pth 

backbone.stages.3.block.2.conv1.weight - torch.Size([128, 576, 1, 1]): 
PretrainedInit: load from weights/densenet121_4xb256_in1k_20220426-07450f99.pth 

backbone.stages.3.block.2.norm2.weight - torch.Size([128]): 
PretrainedInit: load from weights/densenet121_4xb256_in1k_20220426-07450f99.pth 

backbone.stages.3.block.2.norm2.bias - torch.Size([128]): 
PretrainedInit: load from weights/densenet121_4xb256_in1k_20220426-07450f99.pth 

backbone.stages.3.block.2.conv2.weight - torch.Size([32, 128, 3, 3]): 
PretrainedInit: load from weights/densenet121_4xb256_in1k_20220426-07450f99.pth 

backbone.stages.3.block.3.norm1.weight - torch.Size([608]): 
PretrainedInit: load from weights/densenet121_4xb256_in1k_20220426-07450f99.pth 

backbone.stages.3.block.3.norm1.bias - torch.Size([608]): 
PretrainedInit: load from weights/densenet121_4xb256_in1k_20220426-07450f99.pth 

backbone.stages.3.block.3.conv1.weight - torch.Size([128, 608, 1, 1]): 
PretrainedInit: load from weights/densenet121_4xb256_in1k_20220426-07450f99.pth 

backbone.stages.3.block.3.norm2.weight - torch.Size([128]): 
PretrainedInit: load from weights/densenet121_4xb256_in1k_20220426-07450f99.pth 

backbone.stages.3.block.3.norm2.bias - torch.Size([128]): 
PretrainedInit: load from weights/densenet121_4xb256_in1k_20220426-07450f99.pth 

backbone.stages.3.block.3.conv2.weight - torch.Size([32, 128, 3, 3]): 
PretrainedInit: load from weights/densenet121_4xb256_in1k_20220426-07450f99.pth 

backbone.stages.3.block.4.norm1.weight - torch.Size([640]): 
PretrainedInit: load from weights/densenet121_4xb256_in1k_20220426-07450f99.pth 

backbone.stages.3.block.4.norm1.bias - torch.Size([640]): 
PretrainedInit: load from weights/densenet121_4xb256_in1k_20220426-07450f99.pth 

backbone.stages.3.block.4.conv1.weight - torch.Size([128, 640, 1, 1]): 
PretrainedInit: load from weights/densenet121_4xb256_in1k_20220426-07450f99.pth 

backbone.stages.3.block.4.norm2.weight - torch.Size([128]): 
PretrainedInit: load from weights/densenet121_4xb256_in1k_20220426-07450f99.pth 

backbone.stages.3.block.4.norm2.bias - torch.Size([128]): 
PretrainedInit: load from weights/densenet121_4xb256_in1k_20220426-07450f99.pth 

backbone.stages.3.block.4.conv2.weight - torch.Size([32, 128, 3, 3]): 
PretrainedInit: load from weights/densenet121_4xb256_in1k_20220426-07450f99.pth 

backbone.stages.3.block.5.norm1.weight - torch.Size([672]): 
PretrainedInit: load from weights/densenet121_4xb256_in1k_20220426-07450f99.pth 

backbone.stages.3.block.5.norm1.bias - torch.Size([672]): 
PretrainedInit: load from weights/densenet121_4xb256_in1k_20220426-07450f99.pth 

backbone.stages.3.block.5.conv1.weight - torch.Size([128, 672, 1, 1]): 
PretrainedInit: load from weights/densenet121_4xb256_in1k_20220426-07450f99.pth 

backbone.stages.3.block.5.norm2.weight - torch.Size([128]): 
PretrainedInit: load from weights/densenet121_4xb256_in1k_20220426-07450f99.pth 

backbone.stages.3.block.5.norm2.bias - torch.Size([128]): 
PretrainedInit: load from weights/densenet121_4xb256_in1k_20220426-07450f99.pth 

backbone.stages.3.block.5.conv2.weight - torch.Size([32, 128, 3, 3]): 
PretrainedInit: load from weights/densenet121_4xb256_in1k_20220426-07450f99.pth 

backbone.stages.3.block.6.norm1.weight - torch.Size([704]): 
PretrainedInit: load from weights/densenet121_4xb256_in1k_20220426-07450f99.pth 

backbone.stages.3.block.6.norm1.bias - torch.Size([704]): 
PretrainedInit: load from weights/densenet121_4xb256_in1k_20220426-07450f99.pth 

backbone.stages.3.block.6.conv1.weight - torch.Size([128, 704, 1, 1]): 
PretrainedInit: load from weights/densenet121_4xb256_in1k_20220426-07450f99.pth 

backbone.stages.3.block.6.norm2.weight - torch.Size([128]): 
PretrainedInit: load from weights/densenet121_4xb256_in1k_20220426-07450f99.pth 

backbone.stages.3.block.6.norm2.bias - torch.Size([128]): 
PretrainedInit: load from weights/densenet121_4xb256_in1k_20220426-07450f99.pth 

backbone.stages.3.block.6.conv2.weight - torch.Size([32, 128, 3, 3]): 
PretrainedInit: load from weights/densenet121_4xb256_in1k_20220426-07450f99.pth 

backbone.stages.3.block.7.norm1.weight - torch.Size([736]): 
PretrainedInit: load from weights/densenet121_4xb256_in1k_20220426-07450f99.pth 

backbone.stages.3.block.7.norm1.bias - torch.Size([736]): 
PretrainedInit: load from weights/densenet121_4xb256_in1k_20220426-07450f99.pth 

backbone.stages.3.block.7.conv1.weight - torch.Size([128, 736, 1, 1]): 
PretrainedInit: load from weights/densenet121_4xb256_in1k_20220426-07450f99.pth 

backbone.stages.3.block.7.norm2.weight - torch.Size([128]): 
PretrainedInit: load from weights/densenet121_4xb256_in1k_20220426-07450f99.pth 

backbone.stages.3.block.7.norm2.bias - torch.Size([128]): 
PretrainedInit: load from weights/densenet121_4xb256_in1k_20220426-07450f99.pth 

backbone.stages.3.block.7.conv2.weight - torch.Size([32, 128, 3, 3]): 
PretrainedInit: load from weights/densenet121_4xb256_in1k_20220426-07450f99.pth 

backbone.stages.3.block.8.norm1.weight - torch.Size([768]): 
PretrainedInit: load from weights/densenet121_4xb256_in1k_20220426-07450f99.pth 

backbone.stages.3.block.8.norm1.bias - torch.Size([768]): 
PretrainedInit: load from weights/densenet121_4xb256_in1k_20220426-07450f99.pth 

backbone.stages.3.block.8.conv1.weight - torch.Size([128, 768, 1, 1]): 
PretrainedInit: load from weights/densenet121_4xb256_in1k_20220426-07450f99.pth 

backbone.stages.3.block.8.norm2.weight - torch.Size([128]): 
PretrainedInit: load from weights/densenet121_4xb256_in1k_20220426-07450f99.pth 

backbone.stages.3.block.8.norm2.bias - torch.Size([128]): 
PretrainedInit: load from weights/densenet121_4xb256_in1k_20220426-07450f99.pth 

backbone.stages.3.block.8.conv2.weight - torch.Size([32, 128, 3, 3]): 
PretrainedInit: load from weights/densenet121_4xb256_in1k_20220426-07450f99.pth 

backbone.stages.3.block.9.norm1.weight - torch.Size([800]): 
PretrainedInit: load from weights/densenet121_4xb256_in1k_20220426-07450f99.pth 

backbone.stages.3.block.9.norm1.bias - torch.Size([800]): 
PretrainedInit: load from weights/densenet121_4xb256_in1k_20220426-07450f99.pth 

backbone.stages.3.block.9.conv1.weight - torch.Size([128, 800, 1, 1]): 
PretrainedInit: load from weights/densenet121_4xb256_in1k_20220426-07450f99.pth 

backbone.stages.3.block.9.norm2.weight - torch.Size([128]): 
PretrainedInit: load from weights/densenet121_4xb256_in1k_20220426-07450f99.pth 

backbone.stages.3.block.9.norm2.bias - torch.Size([128]): 
PretrainedInit: load from weights/densenet121_4xb256_in1k_20220426-07450f99.pth 

backbone.stages.3.block.9.conv2.weight - torch.Size([32, 128, 3, 3]): 
PretrainedInit: load from weights/densenet121_4xb256_in1k_20220426-07450f99.pth 

backbone.stages.3.block.10.norm1.weight - torch.Size([832]): 
PretrainedInit: load from weights/densenet121_4xb256_in1k_20220426-07450f99.pth 

backbone.stages.3.block.10.norm1.bias - torch.Size([832]): 
PretrainedInit: load from weights/densenet121_4xb256_in1k_20220426-07450f99.pth 

backbone.stages.3.block.10.conv1.weight - torch.Size([128, 832, 1, 1]): 
PretrainedInit: load from weights/densenet121_4xb256_in1k_20220426-07450f99.pth 

backbone.stages.3.block.10.norm2.weight - torch.Size([128]): 
PretrainedInit: load from weights/densenet121_4xb256_in1k_20220426-07450f99.pth 

backbone.stages.3.block.10.norm2.bias - torch.Size([128]): 
PretrainedInit: load from weights/densenet121_4xb256_in1k_20220426-07450f99.pth 

backbone.stages.3.block.10.conv2.weight - torch.Size([32, 128, 3, 3]): 
PretrainedInit: load from weights/densenet121_4xb256_in1k_20220426-07450f99.pth 

backbone.stages.3.block.11.norm1.weight - torch.Size([864]): 
PretrainedInit: load from weights/densenet121_4xb256_in1k_20220426-07450f99.pth 

backbone.stages.3.block.11.norm1.bias - torch.Size([864]): 
PretrainedInit: load from weights/densenet121_4xb256_in1k_20220426-07450f99.pth 

backbone.stages.3.block.11.conv1.weight - torch.Size([128, 864, 1, 1]): 
PretrainedInit: load from weights/densenet121_4xb256_in1k_20220426-07450f99.pth 

backbone.stages.3.block.11.norm2.weight - torch.Size([128]): 
PretrainedInit: load from weights/densenet121_4xb256_in1k_20220426-07450f99.pth 

backbone.stages.3.block.11.norm2.bias - torch.Size([128]): 
PretrainedInit: load from weights/densenet121_4xb256_in1k_20220426-07450f99.pth 

backbone.stages.3.block.11.conv2.weight - torch.Size([32, 128, 3, 3]): 
PretrainedInit: load from weights/densenet121_4xb256_in1k_20220426-07450f99.pth 

backbone.stages.3.block.12.norm1.weight - torch.Size([896]): 
PretrainedInit: load from weights/densenet121_4xb256_in1k_20220426-07450f99.pth 

backbone.stages.3.block.12.norm1.bias - torch.Size([896]): 
PretrainedInit: load from weights/densenet121_4xb256_in1k_20220426-07450f99.pth 

backbone.stages.3.block.12.conv1.weight - torch.Size([128, 896, 1, 1]): 
PretrainedInit: load from weights/densenet121_4xb256_in1k_20220426-07450f99.pth 

backbone.stages.3.block.12.norm2.weight - torch.Size([128]): 
PretrainedInit: load from weights/densenet121_4xb256_in1k_20220426-07450f99.pth 

backbone.stages.3.block.12.norm2.bias - torch.Size([128]): 
PretrainedInit: load from weights/densenet121_4xb256_in1k_20220426-07450f99.pth 

backbone.stages.3.block.12.conv2.weight - torch.Size([32, 128, 3, 3]): 
PretrainedInit: load from weights/densenet121_4xb256_in1k_20220426-07450f99.pth 

backbone.stages.3.block.13.norm1.weight - torch.Size([928]): 
PretrainedInit: load from weights/densenet121_4xb256_in1k_20220426-07450f99.pth 

backbone.stages.3.block.13.norm1.bias - torch.Size([928]): 
PretrainedInit: load from weights/densenet121_4xb256_in1k_20220426-07450f99.pth 

backbone.stages.3.block.13.conv1.weight - torch.Size([128, 928, 1, 1]): 
PretrainedInit: load from weights/densenet121_4xb256_in1k_20220426-07450f99.pth 

backbone.stages.3.block.13.norm2.weight - torch.Size([128]): 
PretrainedInit: load from weights/densenet121_4xb256_in1k_20220426-07450f99.pth 

backbone.stages.3.block.13.norm2.bias - torch.Size([128]): 
PretrainedInit: load from weights/densenet121_4xb256_in1k_20220426-07450f99.pth 

backbone.stages.3.block.13.conv2.weight - torch.Size([32, 128, 3, 3]): 
PretrainedInit: load from weights/densenet121_4xb256_in1k_20220426-07450f99.pth 

backbone.stages.3.block.14.norm1.weight - torch.Size([960]): 
PretrainedInit: load from weights/densenet121_4xb256_in1k_20220426-07450f99.pth 

backbone.stages.3.block.14.norm1.bias - torch.Size([960]): 
PretrainedInit: load from weights/densenet121_4xb256_in1k_20220426-07450f99.pth 

backbone.stages.3.block.14.conv1.weight - torch.Size([128, 960, 1, 1]): 
PretrainedInit: load from weights/densenet121_4xb256_in1k_20220426-07450f99.pth 

backbone.stages.3.block.14.norm2.weight - torch.Size([128]): 
PretrainedInit: load from weights/densenet121_4xb256_in1k_20220426-07450f99.pth 

backbone.stages.3.block.14.norm2.bias - torch.Size([128]): 
PretrainedInit: load from weights/densenet121_4xb256_in1k_20220426-07450f99.pth 

backbone.stages.3.block.14.conv2.weight - torch.Size([32, 128, 3, 3]): 
PretrainedInit: load from weights/densenet121_4xb256_in1k_20220426-07450f99.pth 

backbone.stages.3.block.15.norm1.weight - torch.Size([992]): 
PretrainedInit: load from weights/densenet121_4xb256_in1k_20220426-07450f99.pth 

backbone.stages.3.block.15.norm1.bias - torch.Size([992]): 
PretrainedInit: load from weights/densenet121_4xb256_in1k_20220426-07450f99.pth 

backbone.stages.3.block.15.conv1.weight - torch.Size([128, 992, 1, 1]): 
PretrainedInit: load from weights/densenet121_4xb256_in1k_20220426-07450f99.pth 

backbone.stages.3.block.15.norm2.weight - torch.Size([128]): 
PretrainedInit: load from weights/densenet121_4xb256_in1k_20220426-07450f99.pth 

backbone.stages.3.block.15.norm2.bias - torch.Size([128]): 
PretrainedInit: load from weights/densenet121_4xb256_in1k_20220426-07450f99.pth 

backbone.stages.3.block.15.conv2.weight - torch.Size([32, 128, 3, 3]): 
PretrainedInit: load from weights/densenet121_4xb256_in1k_20220426-07450f99.pth 

backbone.transitions.0.norm.weight - torch.Size([256]): 
PretrainedInit: load from weights/densenet121_4xb256_in1k_20220426-07450f99.pth 

backbone.transitions.0.norm.bias - torch.Size([256]): 
PretrainedInit: load from weights/densenet121_4xb256_in1k_20220426-07450f99.pth 

backbone.transitions.0.conv.weight - torch.Size([128, 256, 1, 1]): 
PretrainedInit: load from weights/densenet121_4xb256_in1k_20220426-07450f99.pth 

backbone.transitions.1.norm.weight - torch.Size([512]): 
PretrainedInit: load from weights/densenet121_4xb256_in1k_20220426-07450f99.pth 

backbone.transitions.1.norm.bias - torch.Size([512]): 
PretrainedInit: load from weights/densenet121_4xb256_in1k_20220426-07450f99.pth 

backbone.transitions.1.conv.weight - torch.Size([256, 512, 1, 1]): 
PretrainedInit: load from weights/densenet121_4xb256_in1k_20220426-07450f99.pth 

backbone.transitions.2.norm.weight - torch.Size([1024]): 
PretrainedInit: load from weights/densenet121_4xb256_in1k_20220426-07450f99.pth 

backbone.transitions.2.norm.bias - torch.Size([1024]): 
PretrainedInit: load from weights/densenet121_4xb256_in1k_20220426-07450f99.pth 

backbone.transitions.2.conv.weight - torch.Size([512, 1024, 1, 1]): 
PretrainedInit: load from weights/densenet121_4xb256_in1k_20220426-07450f99.pth 

backbone.transitions.3.0.weight - torch.Size([1024]): 
PretrainedInit: load from weights/densenet121_4xb256_in1k_20220426-07450f99.pth 

backbone.transitions.3.0.bias - torch.Size([1024]): 
PretrainedInit: load from weights/densenet121_4xb256_in1k_20220426-07450f99.pth 

head.fc.weight - torch.Size([19, 1024]): 
NormalInit: mean=0, std=0.01, bias=0 

head.fc.bias - torch.Size([19]): 
NormalInit: mean=0, std=0.01, bias=0 
2024-10-31 10:51:13,560 - mmcls - INFO - load checkpoint from local path: work_dirs/downsteam/cls/mimic/pretrain/sync5/latest.pth
2024-10-31 10:51:13,743 - mmcls - WARNING - The model and loaded state dict do not match exactly

size mismatch for head.fc.weight: copying a param with shape torch.Size([14, 1024]) from checkpoint, the shape in current model is torch.Size([19, 1024]).
size mismatch for head.fc.bias: copying a param with shape torch.Size([14]) from checkpoint, the shape in current model is torch.Size([19]).
2024-10-31 10:51:13,748 - mmcls - INFO - Start running, host: jiyuanfeng.p@SH-IDC1-10-140-1-148, work_dir: /mnt/petrelfs/jiyuanfeng.p/project/radiffuser/work_dirs/downsteam/cls/medfmc/fewshot/syn5/10_shot_exp1
2024-10-31 10:51:13,750 - mmcls - INFO - Hooks will be executed in the following order:
before_run:
(VERY_HIGH   ) CosineAnnealingLrUpdaterHook       
(NORMAL      ) CheckpointHook                     
(LOW         ) EvalHook                           
(VERY_LOW    ) TextLoggerHook                     
 -------------------- 
before_train_epoch:
(VERY_HIGH   ) CosineAnnealingLrUpdaterHook       
(LOW         ) IterTimerHook                      
(LOW         ) EvalHook                           
(VERY_LOW    ) TextLoggerHook                     
 -------------------- 
before_train_iter:
(VERY_HIGH   ) CosineAnnealingLrUpdaterHook       
(LOW         ) IterTimerHook                      
(LOW         ) EvalHook                           
 -------------------- 
after_train_iter:
(ABOVE_NORMAL) OptimizerHook                      
(NORMAL      ) CheckpointHook                     
(LOW         ) IterTimerHook                      
(LOW         ) EvalHook                           
(VERY_LOW    ) TextLoggerHook                     
 -------------------- 
after_train_epoch:
(NORMAL      ) CheckpointHook                     
(LOW         ) EvalHook                           
(VERY_LOW    ) TextLoggerHook                     
 -------------------- 
before_val_epoch:
(LOW         ) IterTimerHook                      
(VERY_LOW    ) TextLoggerHook                     
 -------------------- 
before_val_iter:
(LOW         ) IterTimerHook                      
 -------------------- 
after_val_iter:
(LOW         ) IterTimerHook                      
 -------------------- 
after_val_epoch:
(VERY_LOW    ) TextLoggerHook                     
 -------------------- 
after_run:
(VERY_LOW    ) TextLoggerHook                     
 -------------------- 
2024-10-31 10:51:13,751 - mmcls - INFO - workflow: [('train', 1)], max: 20 epochs
2024-10-31 10:51:13,751 - mmcls - INFO - Checkpoints will be saved to /mnt/petrelfs/jiyuanfeng.p/project/radiffuser/work_dirs/downsteam/cls/medfmc/fewshot/syn5/10_shot_exp1 by HardDiskBackend.
2024-10-31 10:51:20,352 - mmcls - INFO - Epoch [1][5/48]	lr: 1.000e-03, eta: 0:20:59, time: 1.319, data_time: 0.461, memory: 859, loss: 11.2090
2024-10-31 10:51:20,625 - mmcls - INFO - Epoch [1][10/48]	lr: 1.000e-03, eta: 0:10:52, time: 0.055, data_time: 0.002, memory: 859, loss: 8.3692
2024-10-31 10:51:20,897 - mmcls - INFO - Epoch [1][15/48]	lr: 1.000e-03, eta: 0:07:29, time: 0.054, data_time: 0.001, memory: 859, loss: 8.8276
2024-10-31 10:51:21,185 - mmcls - INFO - Epoch [1][20/48]	lr: 1.000e-03, eta: 0:05:49, time: 0.058, data_time: 0.001, memory: 859, loss: 9.2555
2024-10-31 10:51:21,488 - mmcls - INFO - Epoch [1][25/48]	lr: 1.000e-03, eta: 0:04:49, time: 0.061, data_time: 0.001, memory: 859, loss: 8.8056
2024-10-31 10:51:21,759 - mmcls - INFO - Epoch [1][30/48]	lr: 1.000e-03, eta: 0:04:08, time: 0.054, data_time: 0.002, memory: 859, loss: 7.9223
2024-10-31 10:51:22,024 - mmcls - INFO - Epoch [1][35/48]	lr: 1.000e-03, eta: 0:03:38, time: 0.053, data_time: 0.001, memory: 859, loss: 8.6966
2024-10-31 10:51:22,299 - mmcls - INFO - Epoch [1][40/48]	lr: 1.000e-03, eta: 0:03:16, time: 0.055, data_time: 0.001, memory: 859, loss: 7.8299
2024-10-31 10:51:22,579 - mmcls - INFO - Epoch [1][45/48]	lr: 1.000e-03, eta: 0:02:59, time: 0.056, data_time: 0.001, memory: 859, loss: 8.4042
2024-10-31 10:51:23,079 - mmcls - INFO - Saving checkpoint at 1 epochs
2024-10-31 10:51:30,977 - mmcls - INFO - Now best checkpoint is saved as best_mAP_epoch_1.pth.
2024-10-31 10:51:30,979 - mmcls - INFO - Best mAP is 25.4394 at 1 epoch.
2024-10-31 10:51:30,980 - mmcls - INFO - Epoch(val) [1][198]	mAP: 25.4394
2024-10-31 10:51:33,440 - mmcls - INFO - Epoch [2][5/48]	lr: 9.938e-04, eta: 0:03:12, time: 0.491, data_time: 0.432, memory: 859, loss: 9.3547
2024-10-31 10:51:33,728 - mmcls - INFO - Epoch [2][10/48]	lr: 9.938e-04, eta: 0:02:59, time: 0.058, data_time: 0.005, memory: 859, loss: 7.9188
2024-10-31 10:51:34,007 - mmcls - INFO - Epoch [2][15/48]	lr: 9.938e-04, eta: 0:02:48, time: 0.056, data_time: 0.001, memory: 859, loss: 8.5079
2024-10-31 10:51:34,297 - mmcls - INFO - Epoch [2][20/48]	lr: 9.938e-04, eta: 0:02:39, time: 0.058, data_time: 0.001, memory: 859, loss: 9.2170
2024-10-31 10:51:34,578 - mmcls - INFO - Epoch [2][25/48]	lr: 9.938e-04, eta: 0:02:30, time: 0.056, data_time: 0.001, memory: 859, loss: 7.9080
2024-10-31 10:51:34,875 - mmcls - INFO - Epoch [2][30/48]	lr: 9.938e-04, eta: 0:02:23, time: 0.059, data_time: 0.001, memory: 859, loss: 7.5516
2024-10-31 10:51:35,148 - mmcls - INFO - Epoch [2][35/48]	lr: 9.938e-04, eta: 0:02:17, time: 0.055, data_time: 0.001, memory: 859, loss: 7.3564
2024-10-31 10:51:35,430 - mmcls - INFO - Epoch [2][40/48]	lr: 9.938e-04, eta: 0:02:11, time: 0.056, data_time: 0.001, memory: 859, loss: 6.9935
2024-10-31 10:51:35,716 - mmcls - INFO - Epoch [2][45/48]	lr: 9.938e-04, eta: 0:02:06, time: 0.057, data_time: 0.001, memory: 859, loss: 6.8764
2024-10-31 10:51:35,891 - mmcls - INFO - Saving checkpoint at 2 epochs
2024-10-31 10:51:43,048 - mmcls - INFO - The previous best checkpoint /mnt/petrelfs/jiyuanfeng.p/project/radiffuser/work_dirs/downsteam/cls/medfmc/fewshot/syn5/10_shot_exp1/best_mAP_epoch_1.pth was removed
2024-10-31 10:51:43,348 - mmcls - INFO - Now best checkpoint is saved as best_mAP_epoch_2.pth.
2024-10-31 10:51:43,350 - mmcls - INFO - Best mAP is 26.9729 at 2 epoch.
2024-10-31 10:51:43,351 - mmcls - INFO - Epoch(val) [2][198]	mAP: 26.9729
2024-10-31 10:51:45,804 - mmcls - INFO - Epoch [3][5/48]	lr: 9.755e-04, eta: 0:02:16, time: 0.489, data_time: 0.430, memory: 859, loss: 8.4628
2024-10-31 10:51:46,087 - mmcls - INFO - Epoch [3][10/48]	lr: 9.755e-04, eta: 0:02:11, time: 0.057, data_time: 0.001, memory: 859, loss: 7.9281
2024-10-31 10:51:46,363 - mmcls - INFO - Epoch [3][15/48]	lr: 9.755e-04, eta: 0:02:06, time: 0.055, data_time: 0.001, memory: 859, loss: 7.5712
2024-10-31 10:51:46,631 - mmcls - INFO - Epoch [3][20/48]	lr: 9.755e-04, eta: 0:02:02, time: 0.054, data_time: 0.001, memory: 859, loss: 6.4571
2024-10-31 10:51:46,917 - mmcls - INFO - Epoch [3][25/48]	lr: 9.755e-04, eta: 0:01:58, time: 0.057, data_time: 0.001, memory: 859, loss: 8.4995
2024-10-31 10:51:47,200 - mmcls - INFO - Epoch [3][30/48]	lr: 9.755e-04, eta: 0:01:55, time: 0.057, data_time: 0.001, memory: 859, loss: 8.7550
2024-10-31 10:51:47,488 - mmcls - INFO - Epoch [3][35/48]	lr: 9.755e-04, eta: 0:01:51, time: 0.057, data_time: 0.001, memory: 859, loss: 9.3019
2024-10-31 10:51:47,780 - mmcls - INFO - Epoch [3][40/48]	lr: 9.755e-04, eta: 0:01:48, time: 0.058, data_time: 0.001, memory: 859, loss: 7.8190
2024-10-31 10:51:48,058 - mmcls - INFO - Epoch [3][45/48]	lr: 9.755e-04, eta: 0:01:46, time: 0.056, data_time: 0.001, memory: 859, loss: 8.4270
2024-10-31 10:51:48,231 - mmcls - INFO - Saving checkpoint at 3 epochs
2024-10-31 10:51:55,356 - mmcls - INFO - Epoch(val) [3][198]	mAP: 26.7278
2024-10-31 10:51:57,802 - mmcls - INFO - Epoch [4][5/48]	lr: 9.455e-04, eta: 0:01:52, time: 0.488, data_time: 0.431, memory: 859, loss: 9.2221
2024-10-31 10:51:58,098 - mmcls - INFO - Epoch [4][10/48]	lr: 9.455e-04, eta: 0:01:49, time: 0.059, data_time: 0.001, memory: 859, loss: 7.6336
2024-10-31 10:51:58,376 - mmcls - INFO - Epoch [4][15/48]	lr: 9.455e-04, eta: 0:01:47, time: 0.056, data_time: 0.001, memory: 859, loss: 7.3663
2024-10-31 10:51:58,675 - mmcls - INFO - Epoch [4][20/48]	lr: 9.455e-04, eta: 0:01:44, time: 0.060, data_time: 0.001, memory: 859, loss: 7.2416
2024-10-31 10:51:58,965 - mmcls - INFO - Epoch [4][25/48]	lr: 9.455e-04, eta: 0:01:42, time: 0.058, data_time: 0.001, memory: 859, loss: 7.4481
2024-10-31 10:51:59,244 - mmcls - INFO - Epoch [4][30/48]	lr: 9.455e-04, eta: 0:01:39, time: 0.056, data_time: 0.001, memory: 859, loss: 7.9890
2024-10-31 10:51:59,516 - mmcls - INFO - Epoch [4][35/48]	lr: 9.455e-04, eta: 0:01:37, time: 0.054, data_time: 0.001, memory: 859, loss: 8.1831
2024-10-31 10:51:59,788 - mmcls - INFO - Epoch [4][40/48]	lr: 9.455e-04, eta: 0:01:35, time: 0.054, data_time: 0.001, memory: 859, loss: 7.9275
2024-10-31 10:52:00,067 - mmcls - INFO - Epoch [4][45/48]	lr: 9.455e-04, eta: 0:01:33, time: 0.056, data_time: 0.001, memory: 859, loss: 9.0518
2024-10-31 10:52:00,236 - mmcls - INFO - Saving checkpoint at 4 epochs
2024-10-31 10:52:07,338 - mmcls - INFO - The previous best checkpoint /mnt/petrelfs/jiyuanfeng.p/project/radiffuser/work_dirs/downsteam/cls/medfmc/fewshot/syn5/10_shot_exp1/best_mAP_epoch_2.pth was removed
2024-10-31 10:52:07,629 - mmcls - INFO - Now best checkpoint is saved as best_mAP_epoch_4.pth.
2024-10-31 10:52:07,630 - mmcls - INFO - Best mAP is 28.0430 at 4 epoch.
2024-10-31 10:52:07,631 - mmcls - INFO - Epoch(val) [4][198]	mAP: 28.0430
2024-10-31 10:52:10,062 - mmcls - INFO - Epoch [5][5/48]	lr: 9.045e-04, eta: 0:01:38, time: 0.485, data_time: 0.426, memory: 859, loss: 7.3750
2024-10-31 10:52:10,345 - mmcls - INFO - Epoch [5][10/48]	lr: 9.045e-04, eta: 0:01:36, time: 0.057, data_time: 0.001, memory: 859, loss: 8.0080
2024-10-31 10:52:10,632 - mmcls - INFO - Epoch [5][15/48]	lr: 9.045e-04, eta: 0:01:34, time: 0.057, data_time: 0.001, memory: 859, loss: 7.6674
2024-10-31 10:52:10,918 - mmcls - INFO - Epoch [5][20/48]	lr: 9.045e-04, eta: 0:01:32, time: 0.057, data_time: 0.001, memory: 859, loss: 7.2710
2024-10-31 10:52:11,238 - mmcls - INFO - Epoch [5][25/48]	lr: 9.045e-04, eta: 0:01:30, time: 0.064, data_time: 0.001, memory: 859, loss: 7.8760
2024-10-31 10:52:11,525 - mmcls - INFO - Epoch [5][30/48]	lr: 9.045e-04, eta: 0:01:29, time: 0.057, data_time: 0.001, memory: 859, loss: 7.2389
2024-10-31 10:52:11,815 - mmcls - INFO - Epoch [5][35/48]	lr: 9.045e-04, eta: 0:01:27, time: 0.058, data_time: 0.001, memory: 859, loss: 7.3837
2024-10-31 10:52:12,103 - mmcls - INFO - Epoch [5][40/48]	lr: 9.045e-04, eta: 0:01:26, time: 0.058, data_time: 0.001, memory: 859, loss: 8.1683
2024-10-31 10:52:12,368 - mmcls - INFO - Epoch [5][45/48]	lr: 9.045e-04, eta: 0:01:24, time: 0.053, data_time: 0.001, memory: 859, loss: 7.2741
2024-10-31 10:52:12,542 - mmcls - INFO - Saving checkpoint at 5 epochs
2024-10-31 10:52:19,641 - mmcls - INFO - The previous best checkpoint /mnt/petrelfs/jiyuanfeng.p/project/radiffuser/work_dirs/downsteam/cls/medfmc/fewshot/syn5/10_shot_exp1/best_mAP_epoch_4.pth was removed
2024-10-31 10:52:19,939 - mmcls - INFO - Now best checkpoint is saved as best_mAP_epoch_5.pth.
2024-10-31 10:52:19,940 - mmcls - INFO - Best mAP is 29.3564 at 5 epoch.
2024-10-31 10:52:19,941 - mmcls - INFO - Epoch(val) [5][198]	mAP: 29.3564
2024-10-31 10:52:22,383 - mmcls - INFO - Epoch [6][5/48]	lr: 8.536e-04, eta: 0:01:27, time: 0.487, data_time: 0.428, memory: 859, loss: 7.0131
2024-10-31 10:52:22,673 - mmcls - INFO - Epoch [6][10/48]	lr: 8.536e-04, eta: 0:01:26, time: 0.058, data_time: 0.001, memory: 859, loss: 7.5925
2024-10-31 10:52:22,975 - mmcls - INFO - Epoch [6][15/48]	lr: 8.536e-04, eta: 0:01:24, time: 0.060, data_time: 0.001, memory: 859, loss: 7.0897
2024-10-31 10:52:23,260 - mmcls - INFO - Epoch [6][20/48]	lr: 8.536e-04, eta: 0:01:23, time: 0.057, data_time: 0.001, memory: 859, loss: 6.8710
2024-10-31 10:52:23,532 - mmcls - INFO - Epoch [6][25/48]	lr: 8.536e-04, eta: 0:01:22, time: 0.054, data_time: 0.001, memory: 859, loss: 7.2664
2024-10-31 10:52:23,799 - mmcls - INFO - Epoch [6][30/48]	lr: 8.536e-04, eta: 0:01:20, time: 0.053, data_time: 0.001, memory: 859, loss: 7.6546
2024-10-31 10:52:24,078 - mmcls - INFO - Epoch [6][35/48]	lr: 8.536e-04, eta: 0:01:19, time: 0.056, data_time: 0.001, memory: 859, loss: 7.6128
2024-10-31 10:52:24,380 - mmcls - INFO - Epoch [6][40/48]	lr: 8.536e-04, eta: 0:01:18, time: 0.060, data_time: 0.001, memory: 859, loss: 7.1408
2024-10-31 10:52:24,706 - mmcls - INFO - Epoch [6][45/48]	lr: 8.536e-04, eta: 0:01:16, time: 0.064, data_time: 0.001, memory: 859, loss: 6.7156
2024-10-31 10:52:24,924 - mmcls - INFO - Saving checkpoint at 6 epochs
2024-10-31 10:52:32,189 - mmcls - INFO - The previous best checkpoint /mnt/petrelfs/jiyuanfeng.p/project/radiffuser/work_dirs/downsteam/cls/medfmc/fewshot/syn5/10_shot_exp1/best_mAP_epoch_5.pth was removed
2024-10-31 10:52:32,490 - mmcls - INFO - Now best checkpoint is saved as best_mAP_epoch_6.pth.
2024-10-31 10:52:32,492 - mmcls - INFO - Best mAP is 31.6057 at 6 epoch.
2024-10-31 10:52:32,493 - mmcls - INFO - Epoch(val) [6][198]	mAP: 31.6057
2024-10-31 10:52:34,898 - mmcls - INFO - Epoch [7][5/48]	lr: 7.939e-04, eta: 0:01:19, time: 0.480, data_time: 0.432, memory: 859, loss: 6.9541
2024-10-31 10:52:35,148 - mmcls - INFO - Epoch [7][10/48]	lr: 7.939e-04, eta: 0:01:17, time: 0.050, data_time: 0.001, memory: 859, loss: 6.6196
2024-10-31 10:52:35,393 - mmcls - INFO - Epoch [7][15/48]	lr: 7.939e-04, eta: 0:01:16, time: 0.049, data_time: 0.001, memory: 859, loss: 6.7256
2024-10-31 10:52:35,669 - mmcls - INFO - Epoch [7][20/48]	lr: 7.939e-04, eta: 0:01:15, time: 0.055, data_time: 0.001, memory: 859, loss: 7.1966
2024-10-31 10:52:35,937 - mmcls - INFO - Epoch [7][25/48]	lr: 7.939e-04, eta: 0:01:14, time: 0.053, data_time: 0.001, memory: 859, loss: 7.3061
2024-10-31 10:52:36,221 - mmcls - INFO - Epoch [7][30/48]	lr: 7.939e-04, eta: 0:01:13, time: 0.057, data_time: 0.001, memory: 859, loss: 8.3991
2024-10-31 10:52:36,464 - mmcls - INFO - Epoch [7][35/48]	lr: 7.939e-04, eta: 0:01:11, time: 0.049, data_time: 0.001, memory: 859, loss: 7.2135
2024-10-31 10:52:36,717 - mmcls - INFO - Epoch [7][40/48]	lr: 7.939e-04, eta: 0:01:10, time: 0.050, data_time: 0.001, memory: 859, loss: 7.6870
2024-10-31 10:52:36,975 - mmcls - INFO - Epoch [7][45/48]	lr: 7.939e-04, eta: 0:01:09, time: 0.052, data_time: 0.001, memory: 859, loss: 6.9831
2024-10-31 10:52:37,151 - mmcls - INFO - Saving checkpoint at 7 epochs
2024-10-31 10:52:44,441 - mmcls - INFO - The previous best checkpoint /mnt/petrelfs/jiyuanfeng.p/project/radiffuser/work_dirs/downsteam/cls/medfmc/fewshot/syn5/10_shot_exp1/best_mAP_epoch_6.pth was removed
2024-10-31 10:52:44,702 - mmcls - INFO - Now best checkpoint is saved as best_mAP_epoch_7.pth.
2024-10-31 10:52:44,703 - mmcls - INFO - Best mAP is 32.5212 at 7 epoch.
2024-10-31 10:52:44,704 - mmcls - INFO - Epoch(val) [7][198]	mAP: 32.5212
2024-10-31 10:52:47,183 - mmcls - INFO - Epoch [8][5/48]	lr: 7.270e-04, eta: 0:01:11, time: 0.494, data_time: 0.432, memory: 859, loss: 7.0955
2024-10-31 10:52:47,448 - mmcls - INFO - Epoch [8][10/48]	lr: 7.270e-04, eta: 0:01:10, time: 0.053, data_time: 0.001, memory: 859, loss: 8.3666
2024-10-31 10:52:47,727 - mmcls - INFO - Epoch [8][15/48]	lr: 7.270e-04, eta: 0:01:09, time: 0.056, data_time: 0.001, memory: 859, loss: 5.8380
2024-10-31 10:52:47,992 - mmcls - INFO - Epoch [8][20/48]	lr: 7.270e-04, eta: 0:01:08, time: 0.053, data_time: 0.001, memory: 859, loss: 7.1010
2024-10-31 10:52:48,274 - mmcls - INFO - Epoch [8][25/48]	lr: 7.270e-04, eta: 0:01:07, time: 0.056, data_time: 0.001, memory: 859, loss: 6.4251
2024-10-31 10:52:48,538 - mmcls - INFO - Epoch [8][30/48]	lr: 7.270e-04, eta: 0:01:06, time: 0.053, data_time: 0.001, memory: 859, loss: 6.3716
2024-10-31 10:52:48,988 - mmcls - INFO - Epoch [8][35/48]	lr: 7.270e-04, eta: 0:01:05, time: 0.090, data_time: 0.001, memory: 859, loss: 7.0088
2024-10-31 10:52:49,269 - mmcls - INFO - Epoch [8][40/48]	lr: 7.270e-04, eta: 0:01:04, time: 0.056, data_time: 0.001, memory: 859, loss: 6.0771
2024-10-31 10:52:49,529 - mmcls - INFO - Epoch [8][45/48]	lr: 7.270e-04, eta: 0:01:03, time: 0.052, data_time: 0.001, memory: 859, loss: 7.2301
2024-10-31 10:52:49,699 - mmcls - INFO - Saving checkpoint at 8 epochs
2024-10-31 10:52:57,221 - mmcls - INFO - The previous best checkpoint /mnt/petrelfs/jiyuanfeng.p/project/radiffuser/work_dirs/downsteam/cls/medfmc/fewshot/syn5/10_shot_exp1/best_mAP_epoch_7.pth was removed
2024-10-31 10:52:57,469 - mmcls - INFO - Now best checkpoint is saved as best_mAP_epoch_8.pth.
2024-10-31 10:52:57,470 - mmcls - INFO - Best mAP is 35.8542 at 8 epoch.
2024-10-31 10:52:57,471 - mmcls - INFO - Epoch(val) [8][198]	mAP: 35.8542
2024-10-31 10:52:59,938 - mmcls - INFO - Epoch [9][5/48]	lr: 6.545e-04, eta: 0:01:04, time: 0.492, data_time: 0.437, memory: 859, loss: 6.5581
2024-10-31 10:53:00,227 - mmcls - INFO - Epoch [9][10/48]	lr: 6.545e-04, eta: 0:01:03, time: 0.058, data_time: 0.001, memory: 859, loss: 6.8323
2024-10-31 10:53:00,500 - mmcls - INFO - Epoch [9][15/48]	lr: 6.545e-04, eta: 0:01:02, time: 0.054, data_time: 0.001, memory: 859, loss: 6.1144
2024-10-31 10:53:00,790 - mmcls - INFO - Epoch [9][20/48]	lr: 6.545e-04, eta: 0:01:01, time: 0.058, data_time: 0.001, memory: 859, loss: 6.6378
2024-10-31 10:53:01,073 - mmcls - INFO - Epoch [9][25/48]	lr: 6.545e-04, eta: 0:01:01, time: 0.057, data_time: 0.001, memory: 859, loss: 7.0047
2024-10-31 10:53:01,397 - mmcls - INFO - Epoch [9][30/48]	lr: 6.545e-04, eta: 0:01:00, time: 0.065, data_time: 0.001, memory: 859, loss: 7.1016
2024-10-31 10:53:01,692 - mmcls - INFO - Epoch [9][35/48]	lr: 6.545e-04, eta: 0:00:59, time: 0.059, data_time: 0.001, memory: 859, loss: 6.4807
2024-10-31 10:53:01,988 - mmcls - INFO - Epoch [9][40/48]	lr: 6.545e-04, eta: 0:00:58, time: 0.059, data_time: 0.001, memory: 859, loss: 6.8585
2024-10-31 10:53:02,259 - mmcls - INFO - Epoch [9][45/48]	lr: 6.545e-04, eta: 0:00:57, time: 0.054, data_time: 0.001, memory: 859, loss: 6.6768
2024-10-31 10:53:02,435 - mmcls - INFO - Saving checkpoint at 9 epochs
2024-10-31 10:53:09,832 - mmcls - INFO - Epoch(val) [9][198]	mAP: 35.4841
2024-10-31 10:53:12,245 - mmcls - INFO - Epoch [10][5/48]	lr: 5.782e-04, eta: 0:00:58, time: 0.481, data_time: 0.428, memory: 859, loss: 7.5509
2024-10-31 10:53:12,531 - mmcls - INFO - Epoch [10][10/48]	lr: 5.782e-04, eta: 0:00:57, time: 0.057, data_time: 0.001, memory: 859, loss: 6.0896
2024-10-31 10:53:12,783 - mmcls - INFO - Epoch [10][15/48]	lr: 5.782e-04, eta: 0:00:56, time: 0.050, data_time: 0.001, memory: 859, loss: 6.2120
2024-10-31 10:53:13,063 - mmcls - INFO - Epoch [10][20/48]	lr: 5.782e-04, eta: 0:00:55, time: 0.056, data_time: 0.001, memory: 859, loss: 6.8943
2024-10-31 10:53:13,342 - mmcls - INFO - Epoch [10][25/48]	lr: 5.782e-04, eta: 0:00:55, time: 0.056, data_time: 0.001, memory: 859, loss: 6.0070
2024-10-31 10:53:13,613 - mmcls - INFO - Epoch [10][30/48]	lr: 5.782e-04, eta: 0:00:54, time: 0.054, data_time: 0.001, memory: 859, loss: 5.7875
2024-10-31 10:53:13,886 - mmcls - INFO - Epoch [10][35/48]	lr: 5.782e-04, eta: 0:00:53, time: 0.055, data_time: 0.001, memory: 859, loss: 6.6128
2024-10-31 10:53:14,143 - mmcls - INFO - Epoch [10][40/48]	lr: 5.782e-04, eta: 0:00:52, time: 0.051, data_time: 0.001, memory: 859, loss: 5.9380
2024-10-31 10:53:14,410 - mmcls - INFO - Epoch [10][45/48]	lr: 5.782e-04, eta: 0:00:51, time: 0.053, data_time: 0.001, memory: 859, loss: 6.4132
2024-10-31 10:53:14,581 - mmcls - INFO - Saving checkpoint at 10 epochs
2024-10-31 10:53:22,028 - mmcls - INFO - The previous best checkpoint /mnt/petrelfs/jiyuanfeng.p/project/radiffuser/work_dirs/downsteam/cls/medfmc/fewshot/syn5/10_shot_exp1/best_mAP_epoch_8.pth was removed
2024-10-31 10:53:22,315 - mmcls - INFO - Now best checkpoint is saved as best_mAP_epoch_10.pth.
2024-10-31 10:53:22,317 - mmcls - INFO - Best mAP is 37.6654 at 10 epoch.
2024-10-31 10:53:22,318 - mmcls - INFO - Epoch(val) [10][198]	mAP: 37.6654
2024-10-31 10:53:24,749 - mmcls - INFO - Epoch [11][5/48]	lr: 5.000e-04, eta: 0:00:52, time: 0.485, data_time: 0.430, memory: 859, loss: 5.5498
2024-10-31 10:53:25,015 - mmcls - INFO - Epoch [11][10/48]	lr: 5.000e-04, eta: 0:00:51, time: 0.053, data_time: 0.002, memory: 859, loss: 6.1370
2024-10-31 10:53:25,271 - mmcls - INFO - Epoch [11][15/48]	lr: 5.000e-04, eta: 0:00:50, time: 0.051, data_time: 0.001, memory: 859, loss: 6.2671
2024-10-31 10:53:25,551 - mmcls - INFO - Epoch [11][20/48]	lr: 5.000e-04, eta: 0:00:49, time: 0.056, data_time: 0.001, memory: 859, loss: 5.7287
2024-10-31 10:53:25,804 - mmcls - INFO - Epoch [11][25/48]	lr: 5.000e-04, eta: 0:00:49, time: 0.051, data_time: 0.001, memory: 859, loss: 5.5729
2024-10-31 10:53:26,083 - mmcls - INFO - Epoch [11][30/48]	lr: 5.000e-04, eta: 0:00:48, time: 0.056, data_time: 0.001, memory: 859, loss: 6.0131
2024-10-31 10:53:26,338 - mmcls - INFO - Epoch [11][35/48]	lr: 5.000e-04, eta: 0:00:47, time: 0.051, data_time: 0.001, memory: 859, loss: 5.8270
2024-10-31 10:53:26,615 - mmcls - INFO - Epoch [11][40/48]	lr: 5.000e-04, eta: 0:00:46, time: 0.055, data_time: 0.001, memory: 859, loss: 6.2022
2024-10-31 10:53:26,879 - mmcls - INFO - Epoch [11][45/48]	lr: 5.000e-04, eta: 0:00:46, time: 0.053, data_time: 0.001, memory: 859, loss: 5.9266
2024-10-31 10:53:27,046 - mmcls - INFO - Saving checkpoint at 11 epochs
2024-10-31 10:53:34,520 - mmcls - INFO - The previous best checkpoint /mnt/petrelfs/jiyuanfeng.p/project/radiffuser/work_dirs/downsteam/cls/medfmc/fewshot/syn5/10_shot_exp1/best_mAP_epoch_10.pth was removed
2024-10-31 10:53:34,782 - mmcls - INFO - Now best checkpoint is saved as best_mAP_epoch_11.pth.
2024-10-31 10:53:34,783 - mmcls - INFO - Best mAP is 41.1725 at 11 epoch.
2024-10-31 10:53:34,784 - mmcls - INFO - Epoch(val) [11][198]	mAP: 41.1725
2024-10-31 10:53:37,229 - mmcls - INFO - Epoch [12][5/48]	lr: 4.218e-04, eta: 0:00:46, time: 0.488, data_time: 0.434, memory: 859, loss: 5.2805
2024-10-31 10:53:37,504 - mmcls - INFO - Epoch [12][10/48]	lr: 4.218e-04, eta: 0:00:45, time: 0.055, data_time: 0.002, memory: 859, loss: 5.3210
2024-10-31 10:53:37,757 - mmcls - INFO - Epoch [12][15/48]	lr: 4.218e-04, eta: 0:00:45, time: 0.051, data_time: 0.001, memory: 859, loss: 6.7280
2024-10-31 10:53:38,022 - mmcls - INFO - Epoch [12][20/48]	lr: 4.218e-04, eta: 0:00:44, time: 0.053, data_time: 0.001, memory: 859, loss: 5.6992
2024-10-31 10:53:38,299 - mmcls - INFO - Epoch [12][25/48]	lr: 4.218e-04, eta: 0:00:43, time: 0.055, data_time: 0.001, memory: 859, loss: 5.5713
2024-10-31 10:53:38,555 - mmcls - INFO - Epoch [12][30/48]	lr: 4.218e-04, eta: 0:00:42, time: 0.051, data_time: 0.001, memory: 859, loss: 5.4482
2024-10-31 10:53:38,823 - mmcls - INFO - Epoch [12][35/48]	lr: 4.218e-04, eta: 0:00:42, time: 0.054, data_time: 0.001, memory: 859, loss: 6.0013
2024-10-31 10:53:39,090 - mmcls - INFO - Epoch [12][40/48]	lr: 4.218e-04, eta: 0:00:41, time: 0.053, data_time: 0.001, memory: 859, loss: 5.2849
2024-10-31 10:53:39,346 - mmcls - INFO - Epoch [12][45/48]	lr: 4.218e-04, eta: 0:00:40, time: 0.051, data_time: 0.001, memory: 859, loss: 5.2987
2024-10-31 10:53:39,496 - mmcls - INFO - Saving checkpoint at 12 epochs
2024-10-31 10:53:47,087 - mmcls - INFO - The previous best checkpoint /mnt/petrelfs/jiyuanfeng.p/project/radiffuser/work_dirs/downsteam/cls/medfmc/fewshot/syn5/10_shot_exp1/best_mAP_epoch_11.pth was removed
2024-10-31 10:53:47,358 - mmcls - INFO - Now best checkpoint is saved as best_mAP_epoch_12.pth.
2024-10-31 10:53:47,359 - mmcls - INFO - Best mAP is 41.6903 at 12 epoch.
2024-10-31 10:53:47,360 - mmcls - INFO - Epoch(val) [12][198]	mAP: 41.6903
2024-10-31 10:53:49,857 - mmcls - INFO - Epoch [13][5/48]	lr: 3.455e-04, eta: 0:00:40, time: 0.498, data_time: 0.442, memory: 859, loss: 5.4653
2024-10-31 10:53:50,150 - mmcls - INFO - Epoch [13][10/48]	lr: 3.455e-04, eta: 0:00:40, time: 0.059, data_time: 0.001, memory: 859, loss: 5.5844
2024-10-31 10:53:50,424 - mmcls - INFO - Epoch [13][15/48]	lr: 3.455e-04, eta: 0:00:39, time: 0.055, data_time: 0.001, memory: 859, loss: 5.4557
2024-10-31 10:53:50,709 - mmcls - INFO - Epoch [13][20/48]	lr: 3.455e-04, eta: 0:00:38, time: 0.057, data_time: 0.001, memory: 859, loss: 4.7420
2024-10-31 10:53:50,966 - mmcls - INFO - Epoch [13][25/48]	lr: 3.455e-04, eta: 0:00:38, time: 0.051, data_time: 0.001, memory: 859, loss: 6.1772
2024-10-31 10:53:51,280 - mmcls - INFO - Epoch [13][30/48]	lr: 3.455e-04, eta: 0:00:37, time: 0.063, data_time: 0.003, memory: 859, loss: 6.1460
2024-10-31 10:53:51,606 - mmcls - INFO - Epoch [13][35/48]	lr: 3.455e-04, eta: 0:00:36, time: 0.065, data_time: 0.001, memory: 859, loss: 5.7472
2024-10-31 10:53:51,898 - mmcls - INFO - Epoch [13][40/48]	lr: 3.455e-04, eta: 0:00:36, time: 0.058, data_time: 0.001, memory: 859, loss: 5.6557
2024-10-31 10:53:52,167 - mmcls - INFO - Epoch [13][45/48]	lr: 3.455e-04, eta: 0:00:35, time: 0.054, data_time: 0.001, memory: 859, loss: 6.1313
2024-10-31 10:53:52,334 - mmcls - INFO - Saving checkpoint at 13 epochs
2024-10-31 10:53:59,717 - mmcls - INFO - The previous best checkpoint /mnt/petrelfs/jiyuanfeng.p/project/radiffuser/work_dirs/downsteam/cls/medfmc/fewshot/syn5/10_shot_exp1/best_mAP_epoch_12.pth was removed
2024-10-31 10:54:00,005 - mmcls - INFO - Now best checkpoint is saved as best_mAP_epoch_13.pth.
2024-10-31 10:54:00,006 - mmcls - INFO - Best mAP is 43.5838 at 13 epoch.
2024-10-31 10:54:00,007 - mmcls - INFO - Epoch(val) [13][198]	mAP: 43.5838
2024-10-31 10:54:02,456 - mmcls - INFO - Epoch [14][5/48]	lr: 2.730e-04, eta: 0:00:35, time: 0.489, data_time: 0.432, memory: 859, loss: 5.6361
2024-10-31 10:54:02,715 - mmcls - INFO - Epoch [14][10/48]	lr: 2.730e-04, eta: 0:00:34, time: 0.052, data_time: 0.001, memory: 859, loss: 4.9607
2024-10-31 10:54:02,984 - mmcls - INFO - Epoch [14][15/48]	lr: 2.730e-04, eta: 0:00:34, time: 0.054, data_time: 0.001, memory: 859, loss: 6.6137
2024-10-31 10:54:03,239 - mmcls - INFO - Epoch [14][20/48]	lr: 2.730e-04, eta: 0:00:33, time: 0.051, data_time: 0.001, memory: 859, loss: 5.9398
2024-10-31 10:54:03,506 - mmcls - INFO - Epoch [14][25/48]	lr: 2.730e-04, eta: 0:00:32, time: 0.053, data_time: 0.001, memory: 859, loss: 5.3629
2024-10-31 10:54:03,760 - mmcls - INFO - Epoch [14][30/48]	lr: 2.730e-04, eta: 0:00:32, time: 0.051, data_time: 0.001, memory: 859, loss: 6.2563
2024-10-31 10:54:04,023 - mmcls - INFO - Epoch [14][35/48]	lr: 2.730e-04, eta: 0:00:31, time: 0.053, data_time: 0.001, memory: 859, loss: 5.4350
2024-10-31 10:54:04,275 - mmcls - INFO - Epoch [14][40/48]	lr: 2.730e-04, eta: 0:00:30, time: 0.050, data_time: 0.001, memory: 859, loss: 5.1949
2024-10-31 10:54:04,537 - mmcls - INFO - Epoch [14][45/48]	lr: 2.730e-04, eta: 0:00:30, time: 0.052, data_time: 0.001, memory: 859, loss: 4.9962
2024-10-31 10:54:04,688 - mmcls - INFO - Saving checkpoint at 14 epochs
2024-10-31 10:54:12,325 - mmcls - INFO - The previous best checkpoint /mnt/petrelfs/jiyuanfeng.p/project/radiffuser/work_dirs/downsteam/cls/medfmc/fewshot/syn5/10_shot_exp1/best_mAP_epoch_13.pth was removed
2024-10-31 10:54:12,630 - mmcls - INFO - Now best checkpoint is saved as best_mAP_epoch_14.pth.
2024-10-31 10:54:12,631 - mmcls - INFO - Best mAP is 45.7815 at 14 epoch.
2024-10-31 10:54:12,633 - mmcls - INFO - Epoch(val) [14][198]	mAP: 45.7815
2024-10-31 10:54:15,052 - mmcls - INFO - Epoch [15][5/48]	lr: 2.061e-04, eta: 0:00:30, time: 0.482, data_time: 0.428, memory: 859, loss: 4.9075
2024-10-31 10:54:15,316 - mmcls - INFO - Epoch [15][10/48]	lr: 2.061e-04, eta: 0:00:29, time: 0.053, data_time: 0.002, memory: 859, loss: 5.1714
2024-10-31 10:54:15,598 - mmcls - INFO - Epoch [15][15/48]	lr: 2.061e-04, eta: 0:00:28, time: 0.056, data_time: 0.001, memory: 859, loss: 6.2968
2024-10-31 10:54:15,857 - mmcls - INFO - Epoch [15][20/48]	lr: 2.061e-04, eta: 0:00:28, time: 0.052, data_time: 0.001, memory: 859, loss: 6.5395
2024-10-31 10:54:16,133 - mmcls - INFO - Epoch [15][25/48]	lr: 2.061e-04, eta: 0:00:27, time: 0.055, data_time: 0.001, memory: 859, loss: 4.4649
2024-10-31 10:54:16,460 - mmcls - INFO - Epoch [15][30/48]	lr: 2.061e-04, eta: 0:00:26, time: 0.065, data_time: 0.002, memory: 859, loss: 5.2214
2024-10-31 10:54:16,755 - mmcls - INFO - Epoch [15][35/48]	lr: 2.061e-04, eta: 0:00:26, time: 0.059, data_time: 0.001, memory: 859, loss: 5.9290
2024-10-31 10:54:17,036 - mmcls - INFO - Epoch [15][40/48]	lr: 2.061e-04, eta: 0:00:25, time: 0.056, data_time: 0.001, memory: 859, loss: 5.3355
2024-10-31 10:54:17,342 - mmcls - INFO - Epoch [15][45/48]	lr: 2.061e-04, eta: 0:00:25, time: 0.061, data_time: 0.001, memory: 859, loss: 5.4568
2024-10-31 10:54:17,494 - mmcls - INFO - Saving checkpoint at 15 epochs
2024-10-31 10:54:25,081 - mmcls - INFO - Epoch(val) [15][198]	mAP: 44.5167
2024-10-31 10:54:27,512 - mmcls - INFO - Epoch [16][5/48]	lr: 1.464e-04, eta: 0:00:24, time: 0.485, data_time: 0.433, memory: 859, loss: 5.0555
2024-10-31 10:54:27,765 - mmcls - INFO - Epoch [16][10/48]	lr: 1.464e-04, eta: 0:00:24, time: 0.051, data_time: 0.001, memory: 859, loss: 4.8688
2024-10-31 10:54:28,027 - mmcls - INFO - Epoch [16][15/48]	lr: 1.464e-04, eta: 0:00:23, time: 0.052, data_time: 0.001, memory: 859, loss: 6.4099
2024-10-31 10:54:28,286 - mmcls - INFO - Epoch [16][20/48]	lr: 1.464e-04, eta: 0:00:23, time: 0.052, data_time: 0.001, memory: 859, loss: 4.8772
2024-10-31 10:54:28,555 - mmcls - INFO - Epoch [16][25/48]	lr: 1.464e-04, eta: 0:00:22, time: 0.054, data_time: 0.001, memory: 859, loss: 4.4761
2024-10-31 10:54:28,807 - mmcls - INFO - Epoch [16][30/48]	lr: 1.464e-04, eta: 0:00:21, time: 0.050, data_time: 0.001, memory: 859, loss: 5.1491
2024-10-31 10:54:29,065 - mmcls - INFO - Epoch [16][35/48]	lr: 1.464e-04, eta: 0:00:21, time: 0.052, data_time: 0.001, memory: 859, loss: 5.1190
2024-10-31 10:54:29,337 - mmcls - INFO - Epoch [16][40/48]	lr: 1.464e-04, eta: 0:00:20, time: 0.054, data_time: 0.001, memory: 859, loss: 5.2997
2024-10-31 10:54:29,591 - mmcls - INFO - Epoch [16][45/48]	lr: 1.464e-04, eta: 0:00:20, time: 0.051, data_time: 0.001, memory: 859, loss: 5.2642
2024-10-31 10:54:29,743 - mmcls - INFO - Saving checkpoint at 16 epochs
2024-10-31 10:54:37,199 - mmcls - INFO - Epoch(val) [16][198]	mAP: 45.7785
2024-10-31 10:54:39,651 - mmcls - INFO - Epoch [17][5/48]	lr: 9.549e-05, eta: 0:00:19, time: 0.489, data_time: 0.434, memory: 859, loss: 5.0328
2024-10-31 10:54:39,927 - mmcls - INFO - Epoch [17][10/48]	lr: 9.549e-05, eta: 0:00:19, time: 0.055, data_time: 0.001, memory: 859, loss: 5.2159
2024-10-31 10:54:40,186 - mmcls - INFO - Epoch [17][15/48]	lr: 9.549e-05, eta: 0:00:18, time: 0.052, data_time: 0.001, memory: 859, loss: 5.2198
2024-10-31 10:54:40,448 - mmcls - INFO - Epoch [17][20/48]	lr: 9.549e-05, eta: 0:00:17, time: 0.052, data_time: 0.001, memory: 859, loss: 5.5221
2024-10-31 10:54:40,716 - mmcls - INFO - Epoch [17][25/48]	lr: 9.549e-05, eta: 0:00:17, time: 0.053, data_time: 0.001, memory: 859, loss: 5.0451
2024-10-31 10:54:40,984 - mmcls - INFO - Epoch [17][30/48]	lr: 9.549e-05, eta: 0:00:16, time: 0.054, data_time: 0.001, memory: 859, loss: 4.5341
2024-10-31 10:54:41,308 - mmcls - INFO - Epoch [17][35/48]	lr: 9.549e-05, eta: 0:00:16, time: 0.065, data_time: 0.003, memory: 859, loss: 4.7965
2024-10-31 10:54:41,649 - mmcls - INFO - Epoch [17][40/48]	lr: 9.549e-05, eta: 0:00:15, time: 0.068, data_time: 0.002, memory: 859, loss: 4.7828
2024-10-31 10:54:41,900 - mmcls - INFO - Epoch [17][45/48]	lr: 9.549e-05, eta: 0:00:15, time: 0.050, data_time: 0.001, memory: 859, loss: 5.0403
2024-10-31 10:54:42,045 - mmcls - INFO - Saving checkpoint at 17 epochs
2024-10-31 10:54:49,460 - mmcls - INFO - The previous best checkpoint /mnt/petrelfs/jiyuanfeng.p/project/radiffuser/work_dirs/downsteam/cls/medfmc/fewshot/syn5/10_shot_exp1/best_mAP_epoch_14.pth was removed
2024-10-31 10:54:49,749 - mmcls - INFO - Now best checkpoint is saved as best_mAP_epoch_17.pth.
2024-10-31 10:54:49,750 - mmcls - INFO - Best mAP is 46.7764 at 17 epoch.
2024-10-31 10:54:49,752 - mmcls - INFO - Epoch(val) [17][198]	mAP: 46.7764
2024-10-31 10:54:52,194 - mmcls - INFO - Epoch [18][5/48]	lr: 5.450e-05, eta: 0:00:14, time: 0.487, data_time: 0.429, memory: 859, loss: 4.5384
2024-10-31 10:54:52,498 - mmcls - INFO - Epoch [18][10/48]	lr: 5.450e-05, eta: 0:00:13, time: 0.061, data_time: 0.001, memory: 859, loss: 4.7474
2024-10-31 10:54:52,800 - mmcls - INFO - Epoch [18][15/48]	lr: 5.450e-05, eta: 0:00:13, time: 0.060, data_time: 0.001, memory: 859, loss: 4.9689
2024-10-31 10:54:53,106 - mmcls - INFO - Epoch [18][20/48]	lr: 5.450e-05, eta: 0:00:12, time: 0.061, data_time: 0.001, memory: 859, loss: 5.6665
2024-10-31 10:54:53,407 - mmcls - INFO - Epoch [18][25/48]	lr: 5.450e-05, eta: 0:00:12, time: 0.060, data_time: 0.001, memory: 859, loss: 4.8417
2024-10-31 10:54:53,690 - mmcls - INFO - Epoch [18][30/48]	lr: 5.450e-05, eta: 0:00:11, time: 0.057, data_time: 0.001, memory: 859, loss: 5.1774
2024-10-31 10:54:54,002 - mmcls - INFO - Epoch [18][35/48]	lr: 5.450e-05, eta: 0:00:11, time: 0.062, data_time: 0.001, memory: 859, loss: 4.3409
2024-10-31 10:54:54,294 - mmcls - INFO - Epoch [18][40/48]	lr: 5.450e-05, eta: 0:00:10, time: 0.058, data_time: 0.001, memory: 859, loss: 5.2940
2024-10-31 10:54:54,567 - mmcls - INFO - Epoch [18][45/48]	lr: 5.450e-05, eta: 0:00:10, time: 0.055, data_time: 0.001, memory: 859, loss: 4.8493
2024-10-31 10:54:54,735 - mmcls - INFO - Saving checkpoint at 18 epochs
2024-10-31 10:55:02,425 - mmcls - INFO - The previous best checkpoint /mnt/petrelfs/jiyuanfeng.p/project/radiffuser/work_dirs/downsteam/cls/medfmc/fewshot/syn5/10_shot_exp1/best_mAP_epoch_17.pth was removed
2024-10-31 10:55:02,688 - mmcls - INFO - Now best checkpoint is saved as best_mAP_epoch_18.pth.
2024-10-31 10:55:02,689 - mmcls - INFO - Best mAP is 47.1358 at 18 epoch.
2024-10-31 10:55:02,690 - mmcls - INFO - Epoch(val) [18][198]	mAP: 47.1358
2024-10-31 10:55:05,164 - mmcls - INFO - Epoch [19][5/48]	lr: 2.447e-05, eta: 0:00:09, time: 0.494, data_time: 0.431, memory: 859, loss: 4.4983
2024-10-31 10:55:05,463 - mmcls - INFO - Epoch [19][10/48]	lr: 2.447e-05, eta: 0:00:08, time: 0.060, data_time: 0.001, memory: 859, loss: 5.1363
2024-10-31 10:55:05,763 - mmcls - INFO - Epoch [19][15/48]	lr: 2.447e-05, eta: 0:00:08, time: 0.060, data_time: 0.001, memory: 859, loss: 5.2256
2024-10-31 10:55:06,058 - mmcls - INFO - Epoch [19][20/48]	lr: 2.447e-05, eta: 0:00:07, time: 0.059, data_time: 0.001, memory: 859, loss: 4.9526
2024-10-31 10:55:06,342 - mmcls - INFO - Epoch [19][25/48]	lr: 2.447e-05, eta: 0:00:07, time: 0.057, data_time: 0.001, memory: 859, loss: 4.4798
2024-10-31 10:55:06,602 - mmcls - INFO - Epoch [19][30/48]	lr: 2.447e-05, eta: 0:00:06, time: 0.052, data_time: 0.001, memory: 859, loss: 4.6512
2024-10-31 10:55:06,880 - mmcls - INFO - Epoch [19][35/48]	lr: 2.447e-05, eta: 0:00:06, time: 0.056, data_time: 0.001, memory: 859, loss: 5.8116
2024-10-31 10:55:07,170 - mmcls - INFO - Epoch [19][40/48]	lr: 2.447e-05, eta: 0:00:05, time: 0.058, data_time: 0.001, memory: 859, loss: 5.1952
2024-10-31 10:55:07,461 - mmcls - INFO - Epoch [19][45/48]	lr: 2.447e-05, eta: 0:00:05, time: 0.058, data_time: 0.001, memory: 859, loss: 4.9002
2024-10-31 10:55:07,612 - mmcls - INFO - Saving checkpoint at 19 epochs
2024-10-31 10:55:15,282 - mmcls - INFO - The previous best checkpoint /mnt/petrelfs/jiyuanfeng.p/project/radiffuser/work_dirs/downsteam/cls/medfmc/fewshot/syn5/10_shot_exp1/best_mAP_epoch_18.pth was removed
2024-10-31 10:55:15,711 - mmcls - INFO - Now best checkpoint is saved as best_mAP_epoch_19.pth.
2024-10-31 10:55:15,713 - mmcls - INFO - Best mAP is 47.3879 at 19 epoch.
2024-10-31 10:55:15,714 - mmcls - INFO - Epoch(val) [19][198]	mAP: 47.3879
2024-10-31 10:55:18,136 - mmcls - INFO - Epoch [20][5/48]	lr: 6.156e-06, eta: 0:00:04, time: 0.483, data_time: 0.429, memory: 859, loss: 4.7933
2024-10-31 10:55:18,413 - mmcls - INFO - Epoch [20][10/48]	lr: 6.156e-06, eta: 0:00:03, time: 0.055, data_time: 0.001, memory: 859, loss: 4.8643
2024-10-31 10:55:18,688 - mmcls - INFO - Epoch [20][15/48]	lr: 6.156e-06, eta: 0:00:03, time: 0.055, data_time: 0.001, memory: 859, loss: 5.2675
2024-10-31 10:55:18,957 - mmcls - INFO - Epoch [20][20/48]	lr: 6.156e-06, eta: 0:00:02, time: 0.054, data_time: 0.001, memory: 859, loss: 4.3547
2024-10-31 10:55:19,253 - mmcls - INFO - Epoch [20][25/48]	lr: 6.156e-06, eta: 0:00:02, time: 0.059, data_time: 0.001, memory: 859, loss: 4.4386
2024-10-31 10:55:19,518 - mmcls - INFO - Epoch [20][30/48]	lr: 6.156e-06, eta: 0:00:01, time: 0.053, data_time: 0.001, memory: 859, loss: 4.8225
2024-10-31 10:55:19,775 - mmcls - INFO - Epoch [20][35/48]	lr: 6.156e-06, eta: 0:00:01, time: 0.051, data_time: 0.001, memory: 859, loss: 4.7238
2024-10-31 10:55:20,071 - mmcls - INFO - Epoch [20][40/48]	lr: 6.156e-06, eta: 0:00:00, time: 0.059, data_time: 0.001, memory: 859, loss: 5.2466
2024-10-31 10:55:20,344 - mmcls - INFO - Epoch [20][45/48]	lr: 6.156e-06, eta: 0:00:00, time: 0.054, data_time: 0.001, memory: 859, loss: 4.6316
2024-10-31 10:55:20,529 - mmcls - INFO - Saving checkpoint at 20 epochs
2024-10-31 10:55:28,269 - mmcls - INFO - Epoch(val) [20][198]	mAP: 47.3011
