2024-10-31 10:51:03,541 - mmcls - INFO - Environment info:
------------------------------------------------------------
sys.platform: linux
Python: 3.9.18 (main, Sep 11 2023, 13:41:44) [GCC 11.2.0]
CUDA available: True
GPU 0: NVIDIA A100-SXM4-80GB
CUDA_HOME: /mnt/lustre/share/cuda-11.8
NVCC: Cuda compilation tools, release 11.8, V11.8.89
GCC: gcc (GCC) 7.3.0
PyTorch: 2.2.0+cu121
PyTorch compiling details: PyTorch built with:
  - GCC 9.3
  - C++ Version: 201703
  - Intel(R) oneAPI Math Kernel Library Version 2022.2-Product Build 20220804 for Intel(R) 64 architecture applications
  - Intel(R) MKL-DNN v3.3.2 (Git Hash 2dc95a2ad0841e29db8b22fbccaf3e5da7992b01)
  - OpenMP 201511 (a.k.a. OpenMP 4.5)
  - LAPACK is enabled (usually provided by MKL)
  - NNPACK is enabled
  - CPU capability usage: AVX512
  - CUDA Runtime 12.1
  - NVCC architecture flags: -gencode;arch=compute_50,code=sm_50;-gencode;arch=compute_60,code=sm_60;-gencode;arch=compute_70,code=sm_70;-gencode;arch=compute_75,code=sm_75;-gencode;arch=compute_80,code=sm_80;-gencode;arch=compute_86,code=sm_86;-gencode;arch=compute_90,code=sm_90
  - CuDNN 8.9.2
  - Magma 2.6.1
  - Build settings: BLAS_INFO=mkl, BUILD_TYPE=Release, CUDA_VERSION=12.1, CUDNN_VERSION=8.9.2, CXX_COMPILER=/opt/rh/devtoolset-9/root/usr/bin/c++, CXX_FLAGS= -D_GLIBCXX_USE_CXX11_ABI=0 -fabi-version=11 -fvisibility-inlines-hidden -DUSE_PTHREADPOOL -DNDEBUG -DUSE_KINETO -DLIBKINETO_NOROCTRACER -DUSE_FBGEMM -DUSE_QNNPACK -DUSE_PYTORCH_QNNPACK -DUSE_XNNPACK -DSYMBOLICATE_MOBILE_DEBUG_HANDLE -O2 -fPIC -Wall -Wextra -Werror=return-type -Werror=non-virtual-dtor -Werror=bool-operation -Wnarrowing -Wno-missing-field-initializers -Wno-type-limits -Wno-array-bounds -Wno-unknown-pragmas -Wno-unused-parameter -Wno-unused-function -Wno-unused-result -Wno-strict-overflow -Wno-strict-aliasing -Wno-stringop-overflow -Wsuggest-override -Wno-psabi -Wno-error=pedantic -Wno-error=old-style-cast -Wno-missing-braces -fdiagnostics-color=always -faligned-new -Wno-unused-but-set-variable -Wno-maybe-uninitialized -fno-math-errno -fno-trapping-math -Werror=format -Wno-stringop-overflow, LAPACK_INFO=mkl, PERF_WITH_AVX=1, PERF_WITH_AVX2=1, PERF_WITH_AVX512=1, TORCH_VERSION=2.2.0, USE_CUDA=ON, USE_CUDNN=ON, USE_EXCEPTION_PTR=1, USE_GFLAGS=OFF, USE_GLOG=OFF, USE_MKL=ON, USE_MKLDNN=ON, USE_MPI=OFF, USE_NCCL=1, USE_NNPACK=ON, USE_OPENMP=ON, USE_ROCM=OFF, USE_ROCM_KERNEL_ASSERT=OFF, 

TorchVision: 0.17.0+cu121
OpenCV: 4.9.0
MMCV: 1.6.0
MMCV Compiler: n/a
MMCV CUDA Compiler: n/a
MMClassification: 0.25.0+68bac71
------------------------------------------------------------

2024-10-31 10:51:03,542 - mmcls - INFO - Distributed training: False
2024-10-31 10:51:04,035 - mmcls - INFO - Config:
model = dict(
    type='ImageClassifier',
    backbone=dict(
        type='DenseNet',
        arch='121',
        init_cfg=dict(
            type='Pretrained',
            checkpoint='weights/densenet121_4xb256_in1k_20220426-07450f99.pth',
            prefix='backbone')),
    neck=dict(type='GlobalAveragePooling'),
    head=dict(
        type='MultiLabelLinearClsHead', num_classes=19, in_channels=1024))
dataset_type = 'Chest19'
img_norm_cfg = dict(
    mean=[123.675, 116.28, 103.53], std=[58.395, 57.12, 57.375], to_rgb=True)
train_pipeline = [
    dict(type='LoadImageFromFile'),
    dict(
        type='RandomResizedCrop',
        size=256,
        backend='pillow',
        interpolation='bicubic'),
    dict(type='RandomFlip', flip_prob=0.5, direction='horizontal'),
    dict(
        type='Normalize',
        mean=[123.675, 116.28, 103.53],
        std=[58.395, 57.12, 57.375],
        to_rgb=True),
    dict(type='ImageToTensor', keys=['img']),
    dict(type='ToTensor', keys=['gt_label']),
    dict(type='Collect', keys=['img', 'gt_label'])
]
test_pipeline = [
    dict(type='LoadImageFromFile'),
    dict(type='Resize', size=256, backend='pillow', interpolation='bicubic'),
    dict(
        type='Normalize',
        mean=[123.675, 116.28, 103.53],
        std=[58.395, 57.12, 57.375],
        to_rgb=True),
    dict(type='ImageToTensor', keys=['img']),
    dict(type='Collect', keys=['img'])
]
data = dict(
    samples_per_gpu=4,
    workers_per_gpu=4,
    train=dict(
        type='Chest19',
        data_prefix=
        '/mnt/petrelfs/jiyuanfeng.p/data/medfmc/MedFMC_train/chest/images',
        ann_file=
        '/mnt/petrelfs/jiyuanfeng.p/project/radiffuser/tools/downstream/medfm/data_backup/MedFMC/chest/chest_10-shot_train_exp3.txt',
        pipeline=[
            dict(type='LoadImageFromFile'),
            dict(
                type='RandomResizedCrop',
                size=256,
                backend='pillow',
                interpolation='bicubic'),
            dict(type='RandomFlip', flip_prob=0.5, direction='horizontal'),
            dict(
                type='Normalize',
                mean=[123.675, 116.28, 103.53],
                std=[58.395, 57.12, 57.375],
                to_rgb=True),
            dict(type='ImageToTensor', keys=['img']),
            dict(type='ToTensor', keys=['gt_label']),
            dict(type='Collect', keys=['img', 'gt_label'])
        ]),
    val=dict(
        type='Chest19',
        data_prefix=
        '/mnt/petrelfs/jiyuanfeng.p/data/medfmc/MedFMC_train/chest/images',
        ann_file=
        '/mnt/petrelfs/jiyuanfeng.p/project/radiffuser/tools/downstream/medfm/data_backup/MedFMC/chest/chest_10-shot_val_exp3.txt',
        pipeline=[
            dict(type='LoadImageFromFile'),
            dict(
                type='Resize',
                size=256,
                backend='pillow',
                interpolation='bicubic'),
            dict(
                type='Normalize',
                mean=[123.675, 116.28, 103.53],
                std=[58.395, 57.12, 57.375],
                to_rgb=True),
            dict(type='ImageToTensor', keys=['img']),
            dict(type='Collect', keys=['img'])
        ]),
    test=dict(
        type='Chest19',
        data_prefix=
        '/mnt/petrelfs/jiyuanfeng.p/data/medfmc/MedFMC_train/chest/images',
        ann_file=
        '/mnt/petrelfs/jiyuanfeng.p/project/radiffuser/tools/downstream/medfm/data_backup/MedFMC/chest/test_WithLabel.txt',
        pipeline=[
            dict(type='LoadImageFromFile'),
            dict(
                type='Resize',
                size=256,
                backend='pillow',
                interpolation='bicubic'),
            dict(
                type='Normalize',
                mean=[123.675, 116.28, 103.53],
                std=[58.395, 57.12, 57.375],
                to_rgb=True),
            dict(type='ImageToTensor', keys=['img']),
            dict(type='Collect', keys=['img'])
        ]))
evaluation = dict(interval=1, metric='mAP', save_best='auto')
optimizer = dict(type='SGD', lr=0.001, momentum=0.9, weight_decay=0.0001)
optimizer_config = dict(grad_clip=None)
lr_config = dict(policy='CosineAnnealing', min_lr=0)
runner = dict(type='EpochBasedRunner', max_epochs=20)
checkpoint_config = dict(interval=1, max_keep_ckpts=1)
log_config = dict(interval=5, hooks=[dict(type='TextLoggerHook')])
dist_params = dict(backend='nccl')
log_level = 'INFO'
load_from = 'work_dirs/downsteam/cls/mimic/pretrain/sync5/latest.pth'
resume_from = None
workflow = [('train', 1)]
custom_imports = dict(
    imports=[
        'medfmc.models', 'medfmc.datasets.medical_datasets',
        'medfmc.core.evaluation'
    ],
    allow_failed_imports=False)
dataset = 'chest'
nshot = 10
exp = 3
base_path = '/mnt/petrelfs/jiyuanfeng.p/project/radiffuser/tools/downstream/medfm/data_backup/MedFMC'
train_val_template = '/mnt/petrelfs/jiyuanfeng.p/project/radiffuser/tools/downstream/medfm/data_backup/MedFMC/{dataset}/{dataset}_{nshot}-shot_{split}_exp{exp}.txt'
work_dir = 'work_dirs/downsteam/cls/medfmc/fewshot/syn5/10_shot_exp3'
gpu_ids = [0]

2024-10-31 10:51:04,036 - mmcls - INFO - Set random seed to 0, deterministic: False
2024-10-31 10:51:04,147 - mmcls - INFO - initialize DenseNet with init_cfg {'type': 'Pretrained', 'checkpoint': 'weights/densenet121_4xb256_in1k_20220426-07450f99.pth', 'prefix': 'backbone'}
2024-10-31 10:51:04,348 - mmcls - INFO - initialize MultiLabelLinearClsHead with init_cfg {'type': 'Normal', 'layer': 'Linear', 'std': 0.01}
Name of parameter - Initialization information

backbone.stem.0.weight - torch.Size([64, 3, 7, 7]): 
PretrainedInit: load from weights/densenet121_4xb256_in1k_20220426-07450f99.pth 

backbone.stem.1.weight - torch.Size([64]): 
PretrainedInit: load from weights/densenet121_4xb256_in1k_20220426-07450f99.pth 

backbone.stem.1.bias - torch.Size([64]): 
PretrainedInit: load from weights/densenet121_4xb256_in1k_20220426-07450f99.pth 

backbone.stages.0.block.0.norm1.weight - torch.Size([64]): 
PretrainedInit: load from weights/densenet121_4xb256_in1k_20220426-07450f99.pth 

backbone.stages.0.block.0.norm1.bias - torch.Size([64]): 
PretrainedInit: load from weights/densenet121_4xb256_in1k_20220426-07450f99.pth 

backbone.stages.0.block.0.conv1.weight - torch.Size([128, 64, 1, 1]): 
PretrainedInit: load from weights/densenet121_4xb256_in1k_20220426-07450f99.pth 

backbone.stages.0.block.0.norm2.weight - torch.Size([128]): 
PretrainedInit: load from weights/densenet121_4xb256_in1k_20220426-07450f99.pth 

backbone.stages.0.block.0.norm2.bias - torch.Size([128]): 
PretrainedInit: load from weights/densenet121_4xb256_in1k_20220426-07450f99.pth 

backbone.stages.0.block.0.conv2.weight - torch.Size([32, 128, 3, 3]): 
PretrainedInit: load from weights/densenet121_4xb256_in1k_20220426-07450f99.pth 

backbone.stages.0.block.1.norm1.weight - torch.Size([96]): 
PretrainedInit: load from weights/densenet121_4xb256_in1k_20220426-07450f99.pth 

backbone.stages.0.block.1.norm1.bias - torch.Size([96]): 
PretrainedInit: load from weights/densenet121_4xb256_in1k_20220426-07450f99.pth 

backbone.stages.0.block.1.conv1.weight - torch.Size([128, 96, 1, 1]): 
PretrainedInit: load from weights/densenet121_4xb256_in1k_20220426-07450f99.pth 

backbone.stages.0.block.1.norm2.weight - torch.Size([128]): 
PretrainedInit: load from weights/densenet121_4xb256_in1k_20220426-07450f99.pth 

backbone.stages.0.block.1.norm2.bias - torch.Size([128]): 
PretrainedInit: load from weights/densenet121_4xb256_in1k_20220426-07450f99.pth 

backbone.stages.0.block.1.conv2.weight - torch.Size([32, 128, 3, 3]): 
PretrainedInit: load from weights/densenet121_4xb256_in1k_20220426-07450f99.pth 

backbone.stages.0.block.2.norm1.weight - torch.Size([128]): 
PretrainedInit: load from weights/densenet121_4xb256_in1k_20220426-07450f99.pth 

backbone.stages.0.block.2.norm1.bias - torch.Size([128]): 
PretrainedInit: load from weights/densenet121_4xb256_in1k_20220426-07450f99.pth 

backbone.stages.0.block.2.conv1.weight - torch.Size([128, 128, 1, 1]): 
PretrainedInit: load from weights/densenet121_4xb256_in1k_20220426-07450f99.pth 

backbone.stages.0.block.2.norm2.weight - torch.Size([128]): 
PretrainedInit: load from weights/densenet121_4xb256_in1k_20220426-07450f99.pth 

backbone.stages.0.block.2.norm2.bias - torch.Size([128]): 
PretrainedInit: load from weights/densenet121_4xb256_in1k_20220426-07450f99.pth 

backbone.stages.0.block.2.conv2.weight - torch.Size([32, 128, 3, 3]): 
PretrainedInit: load from weights/densenet121_4xb256_in1k_20220426-07450f99.pth 

backbone.stages.0.block.3.norm1.weight - torch.Size([160]): 
PretrainedInit: load from weights/densenet121_4xb256_in1k_20220426-07450f99.pth 

backbone.stages.0.block.3.norm1.bias - torch.Size([160]): 
PretrainedInit: load from weights/densenet121_4xb256_in1k_20220426-07450f99.pth 

backbone.stages.0.block.3.conv1.weight - torch.Size([128, 160, 1, 1]): 
PretrainedInit: load from weights/densenet121_4xb256_in1k_20220426-07450f99.pth 

backbone.stages.0.block.3.norm2.weight - torch.Size([128]): 
PretrainedInit: load from weights/densenet121_4xb256_in1k_20220426-07450f99.pth 

backbone.stages.0.block.3.norm2.bias - torch.Size([128]): 
PretrainedInit: load from weights/densenet121_4xb256_in1k_20220426-07450f99.pth 

backbone.stages.0.block.3.conv2.weight - torch.Size([32, 128, 3, 3]): 
PretrainedInit: load from weights/densenet121_4xb256_in1k_20220426-07450f99.pth 

backbone.stages.0.block.4.norm1.weight - torch.Size([192]): 
PretrainedInit: load from weights/densenet121_4xb256_in1k_20220426-07450f99.pth 

backbone.stages.0.block.4.norm1.bias - torch.Size([192]): 
PretrainedInit: load from weights/densenet121_4xb256_in1k_20220426-07450f99.pth 

backbone.stages.0.block.4.conv1.weight - torch.Size([128, 192, 1, 1]): 
PretrainedInit: load from weights/densenet121_4xb256_in1k_20220426-07450f99.pth 

backbone.stages.0.block.4.norm2.weight - torch.Size([128]): 
PretrainedInit: load from weights/densenet121_4xb256_in1k_20220426-07450f99.pth 

backbone.stages.0.block.4.norm2.bias - torch.Size([128]): 
PretrainedInit: load from weights/densenet121_4xb256_in1k_20220426-07450f99.pth 

backbone.stages.0.block.4.conv2.weight - torch.Size([32, 128, 3, 3]): 
PretrainedInit: load from weights/densenet121_4xb256_in1k_20220426-07450f99.pth 

backbone.stages.0.block.5.norm1.weight - torch.Size([224]): 
PretrainedInit: load from weights/densenet121_4xb256_in1k_20220426-07450f99.pth 

backbone.stages.0.block.5.norm1.bias - torch.Size([224]): 
PretrainedInit: load from weights/densenet121_4xb256_in1k_20220426-07450f99.pth 

backbone.stages.0.block.5.conv1.weight - torch.Size([128, 224, 1, 1]): 
PretrainedInit: load from weights/densenet121_4xb256_in1k_20220426-07450f99.pth 

backbone.stages.0.block.5.norm2.weight - torch.Size([128]): 
PretrainedInit: load from weights/densenet121_4xb256_in1k_20220426-07450f99.pth 

backbone.stages.0.block.5.norm2.bias - torch.Size([128]): 
PretrainedInit: load from weights/densenet121_4xb256_in1k_20220426-07450f99.pth 

backbone.stages.0.block.5.conv2.weight - torch.Size([32, 128, 3, 3]): 
PretrainedInit: load from weights/densenet121_4xb256_in1k_20220426-07450f99.pth 

backbone.stages.1.block.0.norm1.weight - torch.Size([128]): 
PretrainedInit: load from weights/densenet121_4xb256_in1k_20220426-07450f99.pth 

backbone.stages.1.block.0.norm1.bias - torch.Size([128]): 
PretrainedInit: load from weights/densenet121_4xb256_in1k_20220426-07450f99.pth 

backbone.stages.1.block.0.conv1.weight - torch.Size([128, 128, 1, 1]): 
PretrainedInit: load from weights/densenet121_4xb256_in1k_20220426-07450f99.pth 

backbone.stages.1.block.0.norm2.weight - torch.Size([128]): 
PretrainedInit: load from weights/densenet121_4xb256_in1k_20220426-07450f99.pth 

backbone.stages.1.block.0.norm2.bias - torch.Size([128]): 
PretrainedInit: load from weights/densenet121_4xb256_in1k_20220426-07450f99.pth 

backbone.stages.1.block.0.conv2.weight - torch.Size([32, 128, 3, 3]): 
PretrainedInit: load from weights/densenet121_4xb256_in1k_20220426-07450f99.pth 

backbone.stages.1.block.1.norm1.weight - torch.Size([160]): 
PretrainedInit: load from weights/densenet121_4xb256_in1k_20220426-07450f99.pth 

backbone.stages.1.block.1.norm1.bias - torch.Size([160]): 
PretrainedInit: load from weights/densenet121_4xb256_in1k_20220426-07450f99.pth 

backbone.stages.1.block.1.conv1.weight - torch.Size([128, 160, 1, 1]): 
PretrainedInit: load from weights/densenet121_4xb256_in1k_20220426-07450f99.pth 

backbone.stages.1.block.1.norm2.weight - torch.Size([128]): 
PretrainedInit: load from weights/densenet121_4xb256_in1k_20220426-07450f99.pth 

backbone.stages.1.block.1.norm2.bias - torch.Size([128]): 
PretrainedInit: load from weights/densenet121_4xb256_in1k_20220426-07450f99.pth 

backbone.stages.1.block.1.conv2.weight - torch.Size([32, 128, 3, 3]): 
PretrainedInit: load from weights/densenet121_4xb256_in1k_20220426-07450f99.pth 

backbone.stages.1.block.2.norm1.weight - torch.Size([192]): 
PretrainedInit: load from weights/densenet121_4xb256_in1k_20220426-07450f99.pth 

backbone.stages.1.block.2.norm1.bias - torch.Size([192]): 
PretrainedInit: load from weights/densenet121_4xb256_in1k_20220426-07450f99.pth 

backbone.stages.1.block.2.conv1.weight - torch.Size([128, 192, 1, 1]): 
PretrainedInit: load from weights/densenet121_4xb256_in1k_20220426-07450f99.pth 

backbone.stages.1.block.2.norm2.weight - torch.Size([128]): 
PretrainedInit: load from weights/densenet121_4xb256_in1k_20220426-07450f99.pth 

backbone.stages.1.block.2.norm2.bias - torch.Size([128]): 
PretrainedInit: load from weights/densenet121_4xb256_in1k_20220426-07450f99.pth 

backbone.stages.1.block.2.conv2.weight - torch.Size([32, 128, 3, 3]): 
PretrainedInit: load from weights/densenet121_4xb256_in1k_20220426-07450f99.pth 

backbone.stages.1.block.3.norm1.weight - torch.Size([224]): 
PretrainedInit: load from weights/densenet121_4xb256_in1k_20220426-07450f99.pth 

backbone.stages.1.block.3.norm1.bias - torch.Size([224]): 
PretrainedInit: load from weights/densenet121_4xb256_in1k_20220426-07450f99.pth 

backbone.stages.1.block.3.conv1.weight - torch.Size([128, 224, 1, 1]): 
PretrainedInit: load from weights/densenet121_4xb256_in1k_20220426-07450f99.pth 

backbone.stages.1.block.3.norm2.weight - torch.Size([128]): 
PretrainedInit: load from weights/densenet121_4xb256_in1k_20220426-07450f99.pth 

backbone.stages.1.block.3.norm2.bias - torch.Size([128]): 
PretrainedInit: load from weights/densenet121_4xb256_in1k_20220426-07450f99.pth 

backbone.stages.1.block.3.conv2.weight - torch.Size([32, 128, 3, 3]): 
PretrainedInit: load from weights/densenet121_4xb256_in1k_20220426-07450f99.pth 

backbone.stages.1.block.4.norm1.weight - torch.Size([256]): 
PretrainedInit: load from weights/densenet121_4xb256_in1k_20220426-07450f99.pth 

backbone.stages.1.block.4.norm1.bias - torch.Size([256]): 
PretrainedInit: load from weights/densenet121_4xb256_in1k_20220426-07450f99.pth 

backbone.stages.1.block.4.conv1.weight - torch.Size([128, 256, 1, 1]): 
PretrainedInit: load from weights/densenet121_4xb256_in1k_20220426-07450f99.pth 

backbone.stages.1.block.4.norm2.weight - torch.Size([128]): 
PretrainedInit: load from weights/densenet121_4xb256_in1k_20220426-07450f99.pth 

backbone.stages.1.block.4.norm2.bias - torch.Size([128]): 
PretrainedInit: load from weights/densenet121_4xb256_in1k_20220426-07450f99.pth 

backbone.stages.1.block.4.conv2.weight - torch.Size([32, 128, 3, 3]): 
PretrainedInit: load from weights/densenet121_4xb256_in1k_20220426-07450f99.pth 

backbone.stages.1.block.5.norm1.weight - torch.Size([288]): 
PretrainedInit: load from weights/densenet121_4xb256_in1k_20220426-07450f99.pth 

backbone.stages.1.block.5.norm1.bias - torch.Size([288]): 
PretrainedInit: load from weights/densenet121_4xb256_in1k_20220426-07450f99.pth 

backbone.stages.1.block.5.conv1.weight - torch.Size([128, 288, 1, 1]): 
PretrainedInit: load from weights/densenet121_4xb256_in1k_20220426-07450f99.pth 

backbone.stages.1.block.5.norm2.weight - torch.Size([128]): 
PretrainedInit: load from weights/densenet121_4xb256_in1k_20220426-07450f99.pth 

backbone.stages.1.block.5.norm2.bias - torch.Size([128]): 
PretrainedInit: load from weights/densenet121_4xb256_in1k_20220426-07450f99.pth 

backbone.stages.1.block.5.conv2.weight - torch.Size([32, 128, 3, 3]): 
PretrainedInit: load from weights/densenet121_4xb256_in1k_20220426-07450f99.pth 

backbone.stages.1.block.6.norm1.weight - torch.Size([320]): 
PretrainedInit: load from weights/densenet121_4xb256_in1k_20220426-07450f99.pth 

backbone.stages.1.block.6.norm1.bias - torch.Size([320]): 
PretrainedInit: load from weights/densenet121_4xb256_in1k_20220426-07450f99.pth 

backbone.stages.1.block.6.conv1.weight - torch.Size([128, 320, 1, 1]): 
PretrainedInit: load from weights/densenet121_4xb256_in1k_20220426-07450f99.pth 

backbone.stages.1.block.6.norm2.weight - torch.Size([128]): 
PretrainedInit: load from weights/densenet121_4xb256_in1k_20220426-07450f99.pth 

backbone.stages.1.block.6.norm2.bias - torch.Size([128]): 
PretrainedInit: load from weights/densenet121_4xb256_in1k_20220426-07450f99.pth 

backbone.stages.1.block.6.conv2.weight - torch.Size([32, 128, 3, 3]): 
PretrainedInit: load from weights/densenet121_4xb256_in1k_20220426-07450f99.pth 

backbone.stages.1.block.7.norm1.weight - torch.Size([352]): 
PretrainedInit: load from weights/densenet121_4xb256_in1k_20220426-07450f99.pth 

backbone.stages.1.block.7.norm1.bias - torch.Size([352]): 
PretrainedInit: load from weights/densenet121_4xb256_in1k_20220426-07450f99.pth 

backbone.stages.1.block.7.conv1.weight - torch.Size([128, 352, 1, 1]): 
PretrainedInit: load from weights/densenet121_4xb256_in1k_20220426-07450f99.pth 

backbone.stages.1.block.7.norm2.weight - torch.Size([128]): 
PretrainedInit: load from weights/densenet121_4xb256_in1k_20220426-07450f99.pth 

backbone.stages.1.block.7.norm2.bias - torch.Size([128]): 
PretrainedInit: load from weights/densenet121_4xb256_in1k_20220426-07450f99.pth 

backbone.stages.1.block.7.conv2.weight - torch.Size([32, 128, 3, 3]): 
PretrainedInit: load from weights/densenet121_4xb256_in1k_20220426-07450f99.pth 

backbone.stages.1.block.8.norm1.weight - torch.Size([384]): 
PretrainedInit: load from weights/densenet121_4xb256_in1k_20220426-07450f99.pth 

backbone.stages.1.block.8.norm1.bias - torch.Size([384]): 
PretrainedInit: load from weights/densenet121_4xb256_in1k_20220426-07450f99.pth 

backbone.stages.1.block.8.conv1.weight - torch.Size([128, 384, 1, 1]): 
PretrainedInit: load from weights/densenet121_4xb256_in1k_20220426-07450f99.pth 

backbone.stages.1.block.8.norm2.weight - torch.Size([128]): 
PretrainedInit: load from weights/densenet121_4xb256_in1k_20220426-07450f99.pth 

backbone.stages.1.block.8.norm2.bias - torch.Size([128]): 
PretrainedInit: load from weights/densenet121_4xb256_in1k_20220426-07450f99.pth 

backbone.stages.1.block.8.conv2.weight - torch.Size([32, 128, 3, 3]): 
PretrainedInit: load from weights/densenet121_4xb256_in1k_20220426-07450f99.pth 

backbone.stages.1.block.9.norm1.weight - torch.Size([416]): 
PretrainedInit: load from weights/densenet121_4xb256_in1k_20220426-07450f99.pth 

backbone.stages.1.block.9.norm1.bias - torch.Size([416]): 
PretrainedInit: load from weights/densenet121_4xb256_in1k_20220426-07450f99.pth 

backbone.stages.1.block.9.conv1.weight - torch.Size([128, 416, 1, 1]): 
PretrainedInit: load from weights/densenet121_4xb256_in1k_20220426-07450f99.pth 

backbone.stages.1.block.9.norm2.weight - torch.Size([128]): 
PretrainedInit: load from weights/densenet121_4xb256_in1k_20220426-07450f99.pth 

backbone.stages.1.block.9.norm2.bias - torch.Size([128]): 
PretrainedInit: load from weights/densenet121_4xb256_in1k_20220426-07450f99.pth 

backbone.stages.1.block.9.conv2.weight - torch.Size([32, 128, 3, 3]): 
PretrainedInit: load from weights/densenet121_4xb256_in1k_20220426-07450f99.pth 

backbone.stages.1.block.10.norm1.weight - torch.Size([448]): 
PretrainedInit: load from weights/densenet121_4xb256_in1k_20220426-07450f99.pth 

backbone.stages.1.block.10.norm1.bias - torch.Size([448]): 
PretrainedInit: load from weights/densenet121_4xb256_in1k_20220426-07450f99.pth 

backbone.stages.1.block.10.conv1.weight - torch.Size([128, 448, 1, 1]): 
PretrainedInit: load from weights/densenet121_4xb256_in1k_20220426-07450f99.pth 

backbone.stages.1.block.10.norm2.weight - torch.Size([128]): 
PretrainedInit: load from weights/densenet121_4xb256_in1k_20220426-07450f99.pth 

backbone.stages.1.block.10.norm2.bias - torch.Size([128]): 
PretrainedInit: load from weights/densenet121_4xb256_in1k_20220426-07450f99.pth 

backbone.stages.1.block.10.conv2.weight - torch.Size([32, 128, 3, 3]): 
PretrainedInit: load from weights/densenet121_4xb256_in1k_20220426-07450f99.pth 

backbone.stages.1.block.11.norm1.weight - torch.Size([480]): 
PretrainedInit: load from weights/densenet121_4xb256_in1k_20220426-07450f99.pth 

backbone.stages.1.block.11.norm1.bias - torch.Size([480]): 
PretrainedInit: load from weights/densenet121_4xb256_in1k_20220426-07450f99.pth 

backbone.stages.1.block.11.conv1.weight - torch.Size([128, 480, 1, 1]): 
PretrainedInit: load from weights/densenet121_4xb256_in1k_20220426-07450f99.pth 

backbone.stages.1.block.11.norm2.weight - torch.Size([128]): 
PretrainedInit: load from weights/densenet121_4xb256_in1k_20220426-07450f99.pth 

backbone.stages.1.block.11.norm2.bias - torch.Size([128]): 
PretrainedInit: load from weights/densenet121_4xb256_in1k_20220426-07450f99.pth 

backbone.stages.1.block.11.conv2.weight - torch.Size([32, 128, 3, 3]): 
PretrainedInit: load from weights/densenet121_4xb256_in1k_20220426-07450f99.pth 

backbone.stages.2.block.0.norm1.weight - torch.Size([256]): 
PretrainedInit: load from weights/densenet121_4xb256_in1k_20220426-07450f99.pth 

backbone.stages.2.block.0.norm1.bias - torch.Size([256]): 
PretrainedInit: load from weights/densenet121_4xb256_in1k_20220426-07450f99.pth 

backbone.stages.2.block.0.conv1.weight - torch.Size([128, 256, 1, 1]): 
PretrainedInit: load from weights/densenet121_4xb256_in1k_20220426-07450f99.pth 

backbone.stages.2.block.0.norm2.weight - torch.Size([128]): 
PretrainedInit: load from weights/densenet121_4xb256_in1k_20220426-07450f99.pth 

backbone.stages.2.block.0.norm2.bias - torch.Size([128]): 
PretrainedInit: load from weights/densenet121_4xb256_in1k_20220426-07450f99.pth 

backbone.stages.2.block.0.conv2.weight - torch.Size([32, 128, 3, 3]): 
PretrainedInit: load from weights/densenet121_4xb256_in1k_20220426-07450f99.pth 

backbone.stages.2.block.1.norm1.weight - torch.Size([288]): 
PretrainedInit: load from weights/densenet121_4xb256_in1k_20220426-07450f99.pth 

backbone.stages.2.block.1.norm1.bias - torch.Size([288]): 
PretrainedInit: load from weights/densenet121_4xb256_in1k_20220426-07450f99.pth 

backbone.stages.2.block.1.conv1.weight - torch.Size([128, 288, 1, 1]): 
PretrainedInit: load from weights/densenet121_4xb256_in1k_20220426-07450f99.pth 

backbone.stages.2.block.1.norm2.weight - torch.Size([128]): 
PretrainedInit: load from weights/densenet121_4xb256_in1k_20220426-07450f99.pth 

backbone.stages.2.block.1.norm2.bias - torch.Size([128]): 
PretrainedInit: load from weights/densenet121_4xb256_in1k_20220426-07450f99.pth 

backbone.stages.2.block.1.conv2.weight - torch.Size([32, 128, 3, 3]): 
PretrainedInit: load from weights/densenet121_4xb256_in1k_20220426-07450f99.pth 

backbone.stages.2.block.2.norm1.weight - torch.Size([320]): 
PretrainedInit: load from weights/densenet121_4xb256_in1k_20220426-07450f99.pth 

backbone.stages.2.block.2.norm1.bias - torch.Size([320]): 
PretrainedInit: load from weights/densenet121_4xb256_in1k_20220426-07450f99.pth 

backbone.stages.2.block.2.conv1.weight - torch.Size([128, 320, 1, 1]): 
PretrainedInit: load from weights/densenet121_4xb256_in1k_20220426-07450f99.pth 

backbone.stages.2.block.2.norm2.weight - torch.Size([128]): 
PretrainedInit: load from weights/densenet121_4xb256_in1k_20220426-07450f99.pth 

backbone.stages.2.block.2.norm2.bias - torch.Size([128]): 
PretrainedInit: load from weights/densenet121_4xb256_in1k_20220426-07450f99.pth 

backbone.stages.2.block.2.conv2.weight - torch.Size([32, 128, 3, 3]): 
PretrainedInit: load from weights/densenet121_4xb256_in1k_20220426-07450f99.pth 

backbone.stages.2.block.3.norm1.weight - torch.Size([352]): 
PretrainedInit: load from weights/densenet121_4xb256_in1k_20220426-07450f99.pth 

backbone.stages.2.block.3.norm1.bias - torch.Size([352]): 
PretrainedInit: load from weights/densenet121_4xb256_in1k_20220426-07450f99.pth 

backbone.stages.2.block.3.conv1.weight - torch.Size([128, 352, 1, 1]): 
PretrainedInit: load from weights/densenet121_4xb256_in1k_20220426-07450f99.pth 

backbone.stages.2.block.3.norm2.weight - torch.Size([128]): 
PretrainedInit: load from weights/densenet121_4xb256_in1k_20220426-07450f99.pth 

backbone.stages.2.block.3.norm2.bias - torch.Size([128]): 
PretrainedInit: load from weights/densenet121_4xb256_in1k_20220426-07450f99.pth 

backbone.stages.2.block.3.conv2.weight - torch.Size([32, 128, 3, 3]): 
PretrainedInit: load from weights/densenet121_4xb256_in1k_20220426-07450f99.pth 

backbone.stages.2.block.4.norm1.weight - torch.Size([384]): 
PretrainedInit: load from weights/densenet121_4xb256_in1k_20220426-07450f99.pth 

backbone.stages.2.block.4.norm1.bias - torch.Size([384]): 
PretrainedInit: load from weights/densenet121_4xb256_in1k_20220426-07450f99.pth 

backbone.stages.2.block.4.conv1.weight - torch.Size([128, 384, 1, 1]): 
PretrainedInit: load from weights/densenet121_4xb256_in1k_20220426-07450f99.pth 

backbone.stages.2.block.4.norm2.weight - torch.Size([128]): 
PretrainedInit: load from weights/densenet121_4xb256_in1k_20220426-07450f99.pth 

backbone.stages.2.block.4.norm2.bias - torch.Size([128]): 
PretrainedInit: load from weights/densenet121_4xb256_in1k_20220426-07450f99.pth 

backbone.stages.2.block.4.conv2.weight - torch.Size([32, 128, 3, 3]): 
PretrainedInit: load from weights/densenet121_4xb256_in1k_20220426-07450f99.pth 

backbone.stages.2.block.5.norm1.weight - torch.Size([416]): 
PretrainedInit: load from weights/densenet121_4xb256_in1k_20220426-07450f99.pth 

backbone.stages.2.block.5.norm1.bias - torch.Size([416]): 
PretrainedInit: load from weights/densenet121_4xb256_in1k_20220426-07450f99.pth 

backbone.stages.2.block.5.conv1.weight - torch.Size([128, 416, 1, 1]): 
PretrainedInit: load from weights/densenet121_4xb256_in1k_20220426-07450f99.pth 

backbone.stages.2.block.5.norm2.weight - torch.Size([128]): 
PretrainedInit: load from weights/densenet121_4xb256_in1k_20220426-07450f99.pth 

backbone.stages.2.block.5.norm2.bias - torch.Size([128]): 
PretrainedInit: load from weights/densenet121_4xb256_in1k_20220426-07450f99.pth 

backbone.stages.2.block.5.conv2.weight - torch.Size([32, 128, 3, 3]): 
PretrainedInit: load from weights/densenet121_4xb256_in1k_20220426-07450f99.pth 

backbone.stages.2.block.6.norm1.weight - torch.Size([448]): 
PretrainedInit: load from weights/densenet121_4xb256_in1k_20220426-07450f99.pth 

backbone.stages.2.block.6.norm1.bias - torch.Size([448]): 
PretrainedInit: load from weights/densenet121_4xb256_in1k_20220426-07450f99.pth 

backbone.stages.2.block.6.conv1.weight - torch.Size([128, 448, 1, 1]): 
PretrainedInit: load from weights/densenet121_4xb256_in1k_20220426-07450f99.pth 

backbone.stages.2.block.6.norm2.weight - torch.Size([128]): 
PretrainedInit: load from weights/densenet121_4xb256_in1k_20220426-07450f99.pth 

backbone.stages.2.block.6.norm2.bias - torch.Size([128]): 
PretrainedInit: load from weights/densenet121_4xb256_in1k_20220426-07450f99.pth 

backbone.stages.2.block.6.conv2.weight - torch.Size([32, 128, 3, 3]): 
PretrainedInit: load from weights/densenet121_4xb256_in1k_20220426-07450f99.pth 

backbone.stages.2.block.7.norm1.weight - torch.Size([480]): 
PretrainedInit: load from weights/densenet121_4xb256_in1k_20220426-07450f99.pth 

backbone.stages.2.block.7.norm1.bias - torch.Size([480]): 
PretrainedInit: load from weights/densenet121_4xb256_in1k_20220426-07450f99.pth 

backbone.stages.2.block.7.conv1.weight - torch.Size([128, 480, 1, 1]): 
PretrainedInit: load from weights/densenet121_4xb256_in1k_20220426-07450f99.pth 

backbone.stages.2.block.7.norm2.weight - torch.Size([128]): 
PretrainedInit: load from weights/densenet121_4xb256_in1k_20220426-07450f99.pth 

backbone.stages.2.block.7.norm2.bias - torch.Size([128]): 
PretrainedInit: load from weights/densenet121_4xb256_in1k_20220426-07450f99.pth 

backbone.stages.2.block.7.conv2.weight - torch.Size([32, 128, 3, 3]): 
PretrainedInit: load from weights/densenet121_4xb256_in1k_20220426-07450f99.pth 

backbone.stages.2.block.8.norm1.weight - torch.Size([512]): 
PretrainedInit: load from weights/densenet121_4xb256_in1k_20220426-07450f99.pth 

backbone.stages.2.block.8.norm1.bias - torch.Size([512]): 
PretrainedInit: load from weights/densenet121_4xb256_in1k_20220426-07450f99.pth 

backbone.stages.2.block.8.conv1.weight - torch.Size([128, 512, 1, 1]): 
PretrainedInit: load from weights/densenet121_4xb256_in1k_20220426-07450f99.pth 

backbone.stages.2.block.8.norm2.weight - torch.Size([128]): 
PretrainedInit: load from weights/densenet121_4xb256_in1k_20220426-07450f99.pth 

backbone.stages.2.block.8.norm2.bias - torch.Size([128]): 
PretrainedInit: load from weights/densenet121_4xb256_in1k_20220426-07450f99.pth 

backbone.stages.2.block.8.conv2.weight - torch.Size([32, 128, 3, 3]): 
PretrainedInit: load from weights/densenet121_4xb256_in1k_20220426-07450f99.pth 

backbone.stages.2.block.9.norm1.weight - torch.Size([544]): 
PretrainedInit: load from weights/densenet121_4xb256_in1k_20220426-07450f99.pth 

backbone.stages.2.block.9.norm1.bias - torch.Size([544]): 
PretrainedInit: load from weights/densenet121_4xb256_in1k_20220426-07450f99.pth 

backbone.stages.2.block.9.conv1.weight - torch.Size([128, 544, 1, 1]): 
PretrainedInit: load from weights/densenet121_4xb256_in1k_20220426-07450f99.pth 

backbone.stages.2.block.9.norm2.weight - torch.Size([128]): 
PretrainedInit: load from weights/densenet121_4xb256_in1k_20220426-07450f99.pth 

backbone.stages.2.block.9.norm2.bias - torch.Size([128]): 
PretrainedInit: load from weights/densenet121_4xb256_in1k_20220426-07450f99.pth 

backbone.stages.2.block.9.conv2.weight - torch.Size([32, 128, 3, 3]): 
PretrainedInit: load from weights/densenet121_4xb256_in1k_20220426-07450f99.pth 

backbone.stages.2.block.10.norm1.weight - torch.Size([576]): 
PretrainedInit: load from weights/densenet121_4xb256_in1k_20220426-07450f99.pth 

backbone.stages.2.block.10.norm1.bias - torch.Size([576]): 
PretrainedInit: load from weights/densenet121_4xb256_in1k_20220426-07450f99.pth 

backbone.stages.2.block.10.conv1.weight - torch.Size([128, 576, 1, 1]): 
PretrainedInit: load from weights/densenet121_4xb256_in1k_20220426-07450f99.pth 

backbone.stages.2.block.10.norm2.weight - torch.Size([128]): 
PretrainedInit: load from weights/densenet121_4xb256_in1k_20220426-07450f99.pth 

backbone.stages.2.block.10.norm2.bias - torch.Size([128]): 
PretrainedInit: load from weights/densenet121_4xb256_in1k_20220426-07450f99.pth 

backbone.stages.2.block.10.conv2.weight - torch.Size([32, 128, 3, 3]): 
PretrainedInit: load from weights/densenet121_4xb256_in1k_20220426-07450f99.pth 

backbone.stages.2.block.11.norm1.weight - torch.Size([608]): 
PretrainedInit: load from weights/densenet121_4xb256_in1k_20220426-07450f99.pth 

backbone.stages.2.block.11.norm1.bias - torch.Size([608]): 
PretrainedInit: load from weights/densenet121_4xb256_in1k_20220426-07450f99.pth 

backbone.stages.2.block.11.conv1.weight - torch.Size([128, 608, 1, 1]): 
PretrainedInit: load from weights/densenet121_4xb256_in1k_20220426-07450f99.pth 

backbone.stages.2.block.11.norm2.weight - torch.Size([128]): 
PretrainedInit: load from weights/densenet121_4xb256_in1k_20220426-07450f99.pth 

backbone.stages.2.block.11.norm2.bias - torch.Size([128]): 
PretrainedInit: load from weights/densenet121_4xb256_in1k_20220426-07450f99.pth 

backbone.stages.2.block.11.conv2.weight - torch.Size([32, 128, 3, 3]): 
PretrainedInit: load from weights/densenet121_4xb256_in1k_20220426-07450f99.pth 

backbone.stages.2.block.12.norm1.weight - torch.Size([640]): 
PretrainedInit: load from weights/densenet121_4xb256_in1k_20220426-07450f99.pth 

backbone.stages.2.block.12.norm1.bias - torch.Size([640]): 
PretrainedInit: load from weights/densenet121_4xb256_in1k_20220426-07450f99.pth 

backbone.stages.2.block.12.conv1.weight - torch.Size([128, 640, 1, 1]): 
PretrainedInit: load from weights/densenet121_4xb256_in1k_20220426-07450f99.pth 

backbone.stages.2.block.12.norm2.weight - torch.Size([128]): 
PretrainedInit: load from weights/densenet121_4xb256_in1k_20220426-07450f99.pth 

backbone.stages.2.block.12.norm2.bias - torch.Size([128]): 
PretrainedInit: load from weights/densenet121_4xb256_in1k_20220426-07450f99.pth 

backbone.stages.2.block.12.conv2.weight - torch.Size([32, 128, 3, 3]): 
PretrainedInit: load from weights/densenet121_4xb256_in1k_20220426-07450f99.pth 

backbone.stages.2.block.13.norm1.weight - torch.Size([672]): 
PretrainedInit: load from weights/densenet121_4xb256_in1k_20220426-07450f99.pth 

backbone.stages.2.block.13.norm1.bias - torch.Size([672]): 
PretrainedInit: load from weights/densenet121_4xb256_in1k_20220426-07450f99.pth 

backbone.stages.2.block.13.conv1.weight - torch.Size([128, 672, 1, 1]): 
PretrainedInit: load from weights/densenet121_4xb256_in1k_20220426-07450f99.pth 

backbone.stages.2.block.13.norm2.weight - torch.Size([128]): 
PretrainedInit: load from weights/densenet121_4xb256_in1k_20220426-07450f99.pth 

backbone.stages.2.block.13.norm2.bias - torch.Size([128]): 
PretrainedInit: load from weights/densenet121_4xb256_in1k_20220426-07450f99.pth 

backbone.stages.2.block.13.conv2.weight - torch.Size([32, 128, 3, 3]): 
PretrainedInit: load from weights/densenet121_4xb256_in1k_20220426-07450f99.pth 

backbone.stages.2.block.14.norm1.weight - torch.Size([704]): 
PretrainedInit: load from weights/densenet121_4xb256_in1k_20220426-07450f99.pth 

backbone.stages.2.block.14.norm1.bias - torch.Size([704]): 
PretrainedInit: load from weights/densenet121_4xb256_in1k_20220426-07450f99.pth 

backbone.stages.2.block.14.conv1.weight - torch.Size([128, 704, 1, 1]): 
PretrainedInit: load from weights/densenet121_4xb256_in1k_20220426-07450f99.pth 

backbone.stages.2.block.14.norm2.weight - torch.Size([128]): 
PretrainedInit: load from weights/densenet121_4xb256_in1k_20220426-07450f99.pth 

backbone.stages.2.block.14.norm2.bias - torch.Size([128]): 
PretrainedInit: load from weights/densenet121_4xb256_in1k_20220426-07450f99.pth 

backbone.stages.2.block.14.conv2.weight - torch.Size([32, 128, 3, 3]): 
PretrainedInit: load from weights/densenet121_4xb256_in1k_20220426-07450f99.pth 

backbone.stages.2.block.15.norm1.weight - torch.Size([736]): 
PretrainedInit: load from weights/densenet121_4xb256_in1k_20220426-07450f99.pth 

backbone.stages.2.block.15.norm1.bias - torch.Size([736]): 
PretrainedInit: load from weights/densenet121_4xb256_in1k_20220426-07450f99.pth 

backbone.stages.2.block.15.conv1.weight - torch.Size([128, 736, 1, 1]): 
PretrainedInit: load from weights/densenet121_4xb256_in1k_20220426-07450f99.pth 

backbone.stages.2.block.15.norm2.weight - torch.Size([128]): 
PretrainedInit: load from weights/densenet121_4xb256_in1k_20220426-07450f99.pth 

backbone.stages.2.block.15.norm2.bias - torch.Size([128]): 
PretrainedInit: load from weights/densenet121_4xb256_in1k_20220426-07450f99.pth 

backbone.stages.2.block.15.conv2.weight - torch.Size([32, 128, 3, 3]): 
PretrainedInit: load from weights/densenet121_4xb256_in1k_20220426-07450f99.pth 

backbone.stages.2.block.16.norm1.weight - torch.Size([768]): 
PretrainedInit: load from weights/densenet121_4xb256_in1k_20220426-07450f99.pth 

backbone.stages.2.block.16.norm1.bias - torch.Size([768]): 
PretrainedInit: load from weights/densenet121_4xb256_in1k_20220426-07450f99.pth 

backbone.stages.2.block.16.conv1.weight - torch.Size([128, 768, 1, 1]): 
PretrainedInit: load from weights/densenet121_4xb256_in1k_20220426-07450f99.pth 

backbone.stages.2.block.16.norm2.weight - torch.Size([128]): 
PretrainedInit: load from weights/densenet121_4xb256_in1k_20220426-07450f99.pth 

backbone.stages.2.block.16.norm2.bias - torch.Size([128]): 
PretrainedInit: load from weights/densenet121_4xb256_in1k_20220426-07450f99.pth 

backbone.stages.2.block.16.conv2.weight - torch.Size([32, 128, 3, 3]): 
PretrainedInit: load from weights/densenet121_4xb256_in1k_20220426-07450f99.pth 

backbone.stages.2.block.17.norm1.weight - torch.Size([800]): 
PretrainedInit: load from weights/densenet121_4xb256_in1k_20220426-07450f99.pth 

backbone.stages.2.block.17.norm1.bias - torch.Size([800]): 
PretrainedInit: load from weights/densenet121_4xb256_in1k_20220426-07450f99.pth 

backbone.stages.2.block.17.conv1.weight - torch.Size([128, 800, 1, 1]): 
PretrainedInit: load from weights/densenet121_4xb256_in1k_20220426-07450f99.pth 

backbone.stages.2.block.17.norm2.weight - torch.Size([128]): 
PretrainedInit: load from weights/densenet121_4xb256_in1k_20220426-07450f99.pth 

backbone.stages.2.block.17.norm2.bias - torch.Size([128]): 
PretrainedInit: load from weights/densenet121_4xb256_in1k_20220426-07450f99.pth 

backbone.stages.2.block.17.conv2.weight - torch.Size([32, 128, 3, 3]): 
PretrainedInit: load from weights/densenet121_4xb256_in1k_20220426-07450f99.pth 

backbone.stages.2.block.18.norm1.weight - torch.Size([832]): 
PretrainedInit: load from weights/densenet121_4xb256_in1k_20220426-07450f99.pth 

backbone.stages.2.block.18.norm1.bias - torch.Size([832]): 
PretrainedInit: load from weights/densenet121_4xb256_in1k_20220426-07450f99.pth 

backbone.stages.2.block.18.conv1.weight - torch.Size([128, 832, 1, 1]): 
PretrainedInit: load from weights/densenet121_4xb256_in1k_20220426-07450f99.pth 

backbone.stages.2.block.18.norm2.weight - torch.Size([128]): 
PretrainedInit: load from weights/densenet121_4xb256_in1k_20220426-07450f99.pth 

backbone.stages.2.block.18.norm2.bias - torch.Size([128]): 
PretrainedInit: load from weights/densenet121_4xb256_in1k_20220426-07450f99.pth 

backbone.stages.2.block.18.conv2.weight - torch.Size([32, 128, 3, 3]): 
PretrainedInit: load from weights/densenet121_4xb256_in1k_20220426-07450f99.pth 

backbone.stages.2.block.19.norm1.weight - torch.Size([864]): 
PretrainedInit: load from weights/densenet121_4xb256_in1k_20220426-07450f99.pth 

backbone.stages.2.block.19.norm1.bias - torch.Size([864]): 
PretrainedInit: load from weights/densenet121_4xb256_in1k_20220426-07450f99.pth 

backbone.stages.2.block.19.conv1.weight - torch.Size([128, 864, 1, 1]): 
PretrainedInit: load from weights/densenet121_4xb256_in1k_20220426-07450f99.pth 

backbone.stages.2.block.19.norm2.weight - torch.Size([128]): 
PretrainedInit: load from weights/densenet121_4xb256_in1k_20220426-07450f99.pth 

backbone.stages.2.block.19.norm2.bias - torch.Size([128]): 
PretrainedInit: load from weights/densenet121_4xb256_in1k_20220426-07450f99.pth 

backbone.stages.2.block.19.conv2.weight - torch.Size([32, 128, 3, 3]): 
PretrainedInit: load from weights/densenet121_4xb256_in1k_20220426-07450f99.pth 

backbone.stages.2.block.20.norm1.weight - torch.Size([896]): 
PretrainedInit: load from weights/densenet121_4xb256_in1k_20220426-07450f99.pth 

backbone.stages.2.block.20.norm1.bias - torch.Size([896]): 
PretrainedInit: load from weights/densenet121_4xb256_in1k_20220426-07450f99.pth 

backbone.stages.2.block.20.conv1.weight - torch.Size([128, 896, 1, 1]): 
PretrainedInit: load from weights/densenet121_4xb256_in1k_20220426-07450f99.pth 

backbone.stages.2.block.20.norm2.weight - torch.Size([128]): 
PretrainedInit: load from weights/densenet121_4xb256_in1k_20220426-07450f99.pth 

backbone.stages.2.block.20.norm2.bias - torch.Size([128]): 
PretrainedInit: load from weights/densenet121_4xb256_in1k_20220426-07450f99.pth 

backbone.stages.2.block.20.conv2.weight - torch.Size([32, 128, 3, 3]): 
PretrainedInit: load from weights/densenet121_4xb256_in1k_20220426-07450f99.pth 

backbone.stages.2.block.21.norm1.weight - torch.Size([928]): 
PretrainedInit: load from weights/densenet121_4xb256_in1k_20220426-07450f99.pth 

backbone.stages.2.block.21.norm1.bias - torch.Size([928]): 
PretrainedInit: load from weights/densenet121_4xb256_in1k_20220426-07450f99.pth 

backbone.stages.2.block.21.conv1.weight - torch.Size([128, 928, 1, 1]): 
PretrainedInit: load from weights/densenet121_4xb256_in1k_20220426-07450f99.pth 

backbone.stages.2.block.21.norm2.weight - torch.Size([128]): 
PretrainedInit: load from weights/densenet121_4xb256_in1k_20220426-07450f99.pth 

backbone.stages.2.block.21.norm2.bias - torch.Size([128]): 
PretrainedInit: load from weights/densenet121_4xb256_in1k_20220426-07450f99.pth 

backbone.stages.2.block.21.conv2.weight - torch.Size([32, 128, 3, 3]): 
PretrainedInit: load from weights/densenet121_4xb256_in1k_20220426-07450f99.pth 

backbone.stages.2.block.22.norm1.weight - torch.Size([960]): 
PretrainedInit: load from weights/densenet121_4xb256_in1k_20220426-07450f99.pth 

backbone.stages.2.block.22.norm1.bias - torch.Size([960]): 
PretrainedInit: load from weights/densenet121_4xb256_in1k_20220426-07450f99.pth 

backbone.stages.2.block.22.conv1.weight - torch.Size([128, 960, 1, 1]): 
PretrainedInit: load from weights/densenet121_4xb256_in1k_20220426-07450f99.pth 

backbone.stages.2.block.22.norm2.weight - torch.Size([128]): 
PretrainedInit: load from weights/densenet121_4xb256_in1k_20220426-07450f99.pth 

backbone.stages.2.block.22.norm2.bias - torch.Size([128]): 
PretrainedInit: load from weights/densenet121_4xb256_in1k_20220426-07450f99.pth 

backbone.stages.2.block.22.conv2.weight - torch.Size([32, 128, 3, 3]): 
PretrainedInit: load from weights/densenet121_4xb256_in1k_20220426-07450f99.pth 

backbone.stages.2.block.23.norm1.weight - torch.Size([992]): 
PretrainedInit: load from weights/densenet121_4xb256_in1k_20220426-07450f99.pth 

backbone.stages.2.block.23.norm1.bias - torch.Size([992]): 
PretrainedInit: load from weights/densenet121_4xb256_in1k_20220426-07450f99.pth 

backbone.stages.2.block.23.conv1.weight - torch.Size([128, 992, 1, 1]): 
PretrainedInit: load from weights/densenet121_4xb256_in1k_20220426-07450f99.pth 

backbone.stages.2.block.23.norm2.weight - torch.Size([128]): 
PretrainedInit: load from weights/densenet121_4xb256_in1k_20220426-07450f99.pth 

backbone.stages.2.block.23.norm2.bias - torch.Size([128]): 
PretrainedInit: load from weights/densenet121_4xb256_in1k_20220426-07450f99.pth 

backbone.stages.2.block.23.conv2.weight - torch.Size([32, 128, 3, 3]): 
PretrainedInit: load from weights/densenet121_4xb256_in1k_20220426-07450f99.pth 

backbone.stages.3.block.0.norm1.weight - torch.Size([512]): 
PretrainedInit: load from weights/densenet121_4xb256_in1k_20220426-07450f99.pth 

backbone.stages.3.block.0.norm1.bias - torch.Size([512]): 
PretrainedInit: load from weights/densenet121_4xb256_in1k_20220426-07450f99.pth 

backbone.stages.3.block.0.conv1.weight - torch.Size([128, 512, 1, 1]): 
PretrainedInit: load from weights/densenet121_4xb256_in1k_20220426-07450f99.pth 

backbone.stages.3.block.0.norm2.weight - torch.Size([128]): 
PretrainedInit: load from weights/densenet121_4xb256_in1k_20220426-07450f99.pth 

backbone.stages.3.block.0.norm2.bias - torch.Size([128]): 
PretrainedInit: load from weights/densenet121_4xb256_in1k_20220426-07450f99.pth 

backbone.stages.3.block.0.conv2.weight - torch.Size([32, 128, 3, 3]): 
PretrainedInit: load from weights/densenet121_4xb256_in1k_20220426-07450f99.pth 

backbone.stages.3.block.1.norm1.weight - torch.Size([544]): 
PretrainedInit: load from weights/densenet121_4xb256_in1k_20220426-07450f99.pth 

backbone.stages.3.block.1.norm1.bias - torch.Size([544]): 
PretrainedInit: load from weights/densenet121_4xb256_in1k_20220426-07450f99.pth 

backbone.stages.3.block.1.conv1.weight - torch.Size([128, 544, 1, 1]): 
PretrainedInit: load from weights/densenet121_4xb256_in1k_20220426-07450f99.pth 

backbone.stages.3.block.1.norm2.weight - torch.Size([128]): 
PretrainedInit: load from weights/densenet121_4xb256_in1k_20220426-07450f99.pth 

backbone.stages.3.block.1.norm2.bias - torch.Size([128]): 
PretrainedInit: load from weights/densenet121_4xb256_in1k_20220426-07450f99.pth 

backbone.stages.3.block.1.conv2.weight - torch.Size([32, 128, 3, 3]): 
PretrainedInit: load from weights/densenet121_4xb256_in1k_20220426-07450f99.pth 

backbone.stages.3.block.2.norm1.weight - torch.Size([576]): 
PretrainedInit: load from weights/densenet121_4xb256_in1k_20220426-07450f99.pth 

backbone.stages.3.block.2.norm1.bias - torch.Size([576]): 
PretrainedInit: load from weights/densenet121_4xb256_in1k_20220426-07450f99.pth 

backbone.stages.3.block.2.conv1.weight - torch.Size([128, 576, 1, 1]): 
PretrainedInit: load from weights/densenet121_4xb256_in1k_20220426-07450f99.pth 

backbone.stages.3.block.2.norm2.weight - torch.Size([128]): 
PretrainedInit: load from weights/densenet121_4xb256_in1k_20220426-07450f99.pth 

backbone.stages.3.block.2.norm2.bias - torch.Size([128]): 
PretrainedInit: load from weights/densenet121_4xb256_in1k_20220426-07450f99.pth 

backbone.stages.3.block.2.conv2.weight - torch.Size([32, 128, 3, 3]): 
PretrainedInit: load from weights/densenet121_4xb256_in1k_20220426-07450f99.pth 

backbone.stages.3.block.3.norm1.weight - torch.Size([608]): 
PretrainedInit: load from weights/densenet121_4xb256_in1k_20220426-07450f99.pth 

backbone.stages.3.block.3.norm1.bias - torch.Size([608]): 
PretrainedInit: load from weights/densenet121_4xb256_in1k_20220426-07450f99.pth 

backbone.stages.3.block.3.conv1.weight - torch.Size([128, 608, 1, 1]): 
PretrainedInit: load from weights/densenet121_4xb256_in1k_20220426-07450f99.pth 

backbone.stages.3.block.3.norm2.weight - torch.Size([128]): 
PretrainedInit: load from weights/densenet121_4xb256_in1k_20220426-07450f99.pth 

backbone.stages.3.block.3.norm2.bias - torch.Size([128]): 
PretrainedInit: load from weights/densenet121_4xb256_in1k_20220426-07450f99.pth 

backbone.stages.3.block.3.conv2.weight - torch.Size([32, 128, 3, 3]): 
PretrainedInit: load from weights/densenet121_4xb256_in1k_20220426-07450f99.pth 

backbone.stages.3.block.4.norm1.weight - torch.Size([640]): 
PretrainedInit: load from weights/densenet121_4xb256_in1k_20220426-07450f99.pth 

backbone.stages.3.block.4.norm1.bias - torch.Size([640]): 
PretrainedInit: load from weights/densenet121_4xb256_in1k_20220426-07450f99.pth 

backbone.stages.3.block.4.conv1.weight - torch.Size([128, 640, 1, 1]): 
PretrainedInit: load from weights/densenet121_4xb256_in1k_20220426-07450f99.pth 

backbone.stages.3.block.4.norm2.weight - torch.Size([128]): 
PretrainedInit: load from weights/densenet121_4xb256_in1k_20220426-07450f99.pth 

backbone.stages.3.block.4.norm2.bias - torch.Size([128]): 
PretrainedInit: load from weights/densenet121_4xb256_in1k_20220426-07450f99.pth 

backbone.stages.3.block.4.conv2.weight - torch.Size([32, 128, 3, 3]): 
PretrainedInit: load from weights/densenet121_4xb256_in1k_20220426-07450f99.pth 

backbone.stages.3.block.5.norm1.weight - torch.Size([672]): 
PretrainedInit: load from weights/densenet121_4xb256_in1k_20220426-07450f99.pth 

backbone.stages.3.block.5.norm1.bias - torch.Size([672]): 
PretrainedInit: load from weights/densenet121_4xb256_in1k_20220426-07450f99.pth 

backbone.stages.3.block.5.conv1.weight - torch.Size([128, 672, 1, 1]): 
PretrainedInit: load from weights/densenet121_4xb256_in1k_20220426-07450f99.pth 

backbone.stages.3.block.5.norm2.weight - torch.Size([128]): 
PretrainedInit: load from weights/densenet121_4xb256_in1k_20220426-07450f99.pth 

backbone.stages.3.block.5.norm2.bias - torch.Size([128]): 
PretrainedInit: load from weights/densenet121_4xb256_in1k_20220426-07450f99.pth 

backbone.stages.3.block.5.conv2.weight - torch.Size([32, 128, 3, 3]): 
PretrainedInit: load from weights/densenet121_4xb256_in1k_20220426-07450f99.pth 

backbone.stages.3.block.6.norm1.weight - torch.Size([704]): 
PretrainedInit: load from weights/densenet121_4xb256_in1k_20220426-07450f99.pth 

backbone.stages.3.block.6.norm1.bias - torch.Size([704]): 
PretrainedInit: load from weights/densenet121_4xb256_in1k_20220426-07450f99.pth 

backbone.stages.3.block.6.conv1.weight - torch.Size([128, 704, 1, 1]): 
PretrainedInit: load from weights/densenet121_4xb256_in1k_20220426-07450f99.pth 

backbone.stages.3.block.6.norm2.weight - torch.Size([128]): 
PretrainedInit: load from weights/densenet121_4xb256_in1k_20220426-07450f99.pth 

backbone.stages.3.block.6.norm2.bias - torch.Size([128]): 
PretrainedInit: load from weights/densenet121_4xb256_in1k_20220426-07450f99.pth 

backbone.stages.3.block.6.conv2.weight - torch.Size([32, 128, 3, 3]): 
PretrainedInit: load from weights/densenet121_4xb256_in1k_20220426-07450f99.pth 

backbone.stages.3.block.7.norm1.weight - torch.Size([736]): 
PretrainedInit: load from weights/densenet121_4xb256_in1k_20220426-07450f99.pth 

backbone.stages.3.block.7.norm1.bias - torch.Size([736]): 
PretrainedInit: load from weights/densenet121_4xb256_in1k_20220426-07450f99.pth 

backbone.stages.3.block.7.conv1.weight - torch.Size([128, 736, 1, 1]): 
PretrainedInit: load from weights/densenet121_4xb256_in1k_20220426-07450f99.pth 

backbone.stages.3.block.7.norm2.weight - torch.Size([128]): 
PretrainedInit: load from weights/densenet121_4xb256_in1k_20220426-07450f99.pth 

backbone.stages.3.block.7.norm2.bias - torch.Size([128]): 
PretrainedInit: load from weights/densenet121_4xb256_in1k_20220426-07450f99.pth 

backbone.stages.3.block.7.conv2.weight - torch.Size([32, 128, 3, 3]): 
PretrainedInit: load from weights/densenet121_4xb256_in1k_20220426-07450f99.pth 

backbone.stages.3.block.8.norm1.weight - torch.Size([768]): 
PretrainedInit: load from weights/densenet121_4xb256_in1k_20220426-07450f99.pth 

backbone.stages.3.block.8.norm1.bias - torch.Size([768]): 
PretrainedInit: load from weights/densenet121_4xb256_in1k_20220426-07450f99.pth 

backbone.stages.3.block.8.conv1.weight - torch.Size([128, 768, 1, 1]): 
PretrainedInit: load from weights/densenet121_4xb256_in1k_20220426-07450f99.pth 

backbone.stages.3.block.8.norm2.weight - torch.Size([128]): 
PretrainedInit: load from weights/densenet121_4xb256_in1k_20220426-07450f99.pth 

backbone.stages.3.block.8.norm2.bias - torch.Size([128]): 
PretrainedInit: load from weights/densenet121_4xb256_in1k_20220426-07450f99.pth 

backbone.stages.3.block.8.conv2.weight - torch.Size([32, 128, 3, 3]): 
PretrainedInit: load from weights/densenet121_4xb256_in1k_20220426-07450f99.pth 

backbone.stages.3.block.9.norm1.weight - torch.Size([800]): 
PretrainedInit: load from weights/densenet121_4xb256_in1k_20220426-07450f99.pth 

backbone.stages.3.block.9.norm1.bias - torch.Size([800]): 
PretrainedInit: load from weights/densenet121_4xb256_in1k_20220426-07450f99.pth 

backbone.stages.3.block.9.conv1.weight - torch.Size([128, 800, 1, 1]): 
PretrainedInit: load from weights/densenet121_4xb256_in1k_20220426-07450f99.pth 

backbone.stages.3.block.9.norm2.weight - torch.Size([128]): 
PretrainedInit: load from weights/densenet121_4xb256_in1k_20220426-07450f99.pth 

backbone.stages.3.block.9.norm2.bias - torch.Size([128]): 
PretrainedInit: load from weights/densenet121_4xb256_in1k_20220426-07450f99.pth 

backbone.stages.3.block.9.conv2.weight - torch.Size([32, 128, 3, 3]): 
PretrainedInit: load from weights/densenet121_4xb256_in1k_20220426-07450f99.pth 

backbone.stages.3.block.10.norm1.weight - torch.Size([832]): 
PretrainedInit: load from weights/densenet121_4xb256_in1k_20220426-07450f99.pth 

backbone.stages.3.block.10.norm1.bias - torch.Size([832]): 
PretrainedInit: load from weights/densenet121_4xb256_in1k_20220426-07450f99.pth 

backbone.stages.3.block.10.conv1.weight - torch.Size([128, 832, 1, 1]): 
PretrainedInit: load from weights/densenet121_4xb256_in1k_20220426-07450f99.pth 

backbone.stages.3.block.10.norm2.weight - torch.Size([128]): 
PretrainedInit: load from weights/densenet121_4xb256_in1k_20220426-07450f99.pth 

backbone.stages.3.block.10.norm2.bias - torch.Size([128]): 
PretrainedInit: load from weights/densenet121_4xb256_in1k_20220426-07450f99.pth 

backbone.stages.3.block.10.conv2.weight - torch.Size([32, 128, 3, 3]): 
PretrainedInit: load from weights/densenet121_4xb256_in1k_20220426-07450f99.pth 

backbone.stages.3.block.11.norm1.weight - torch.Size([864]): 
PretrainedInit: load from weights/densenet121_4xb256_in1k_20220426-07450f99.pth 

backbone.stages.3.block.11.norm1.bias - torch.Size([864]): 
PretrainedInit: load from weights/densenet121_4xb256_in1k_20220426-07450f99.pth 

backbone.stages.3.block.11.conv1.weight - torch.Size([128, 864, 1, 1]): 
PretrainedInit: load from weights/densenet121_4xb256_in1k_20220426-07450f99.pth 

backbone.stages.3.block.11.norm2.weight - torch.Size([128]): 
PretrainedInit: load from weights/densenet121_4xb256_in1k_20220426-07450f99.pth 

backbone.stages.3.block.11.norm2.bias - torch.Size([128]): 
PretrainedInit: load from weights/densenet121_4xb256_in1k_20220426-07450f99.pth 

backbone.stages.3.block.11.conv2.weight - torch.Size([32, 128, 3, 3]): 
PretrainedInit: load from weights/densenet121_4xb256_in1k_20220426-07450f99.pth 

backbone.stages.3.block.12.norm1.weight - torch.Size([896]): 
PretrainedInit: load from weights/densenet121_4xb256_in1k_20220426-07450f99.pth 

backbone.stages.3.block.12.norm1.bias - torch.Size([896]): 
PretrainedInit: load from weights/densenet121_4xb256_in1k_20220426-07450f99.pth 

backbone.stages.3.block.12.conv1.weight - torch.Size([128, 896, 1, 1]): 
PretrainedInit: load from weights/densenet121_4xb256_in1k_20220426-07450f99.pth 

backbone.stages.3.block.12.norm2.weight - torch.Size([128]): 
PretrainedInit: load from weights/densenet121_4xb256_in1k_20220426-07450f99.pth 

backbone.stages.3.block.12.norm2.bias - torch.Size([128]): 
PretrainedInit: load from weights/densenet121_4xb256_in1k_20220426-07450f99.pth 

backbone.stages.3.block.12.conv2.weight - torch.Size([32, 128, 3, 3]): 
PretrainedInit: load from weights/densenet121_4xb256_in1k_20220426-07450f99.pth 

backbone.stages.3.block.13.norm1.weight - torch.Size([928]): 
PretrainedInit: load from weights/densenet121_4xb256_in1k_20220426-07450f99.pth 

backbone.stages.3.block.13.norm1.bias - torch.Size([928]): 
PretrainedInit: load from weights/densenet121_4xb256_in1k_20220426-07450f99.pth 

backbone.stages.3.block.13.conv1.weight - torch.Size([128, 928, 1, 1]): 
PretrainedInit: load from weights/densenet121_4xb256_in1k_20220426-07450f99.pth 

backbone.stages.3.block.13.norm2.weight - torch.Size([128]): 
PretrainedInit: load from weights/densenet121_4xb256_in1k_20220426-07450f99.pth 

backbone.stages.3.block.13.norm2.bias - torch.Size([128]): 
PretrainedInit: load from weights/densenet121_4xb256_in1k_20220426-07450f99.pth 

backbone.stages.3.block.13.conv2.weight - torch.Size([32, 128, 3, 3]): 
PretrainedInit: load from weights/densenet121_4xb256_in1k_20220426-07450f99.pth 

backbone.stages.3.block.14.norm1.weight - torch.Size([960]): 
PretrainedInit: load from weights/densenet121_4xb256_in1k_20220426-07450f99.pth 

backbone.stages.3.block.14.norm1.bias - torch.Size([960]): 
PretrainedInit: load from weights/densenet121_4xb256_in1k_20220426-07450f99.pth 

backbone.stages.3.block.14.conv1.weight - torch.Size([128, 960, 1, 1]): 
PretrainedInit: load from weights/densenet121_4xb256_in1k_20220426-07450f99.pth 

backbone.stages.3.block.14.norm2.weight - torch.Size([128]): 
PretrainedInit: load from weights/densenet121_4xb256_in1k_20220426-07450f99.pth 

backbone.stages.3.block.14.norm2.bias - torch.Size([128]): 
PretrainedInit: load from weights/densenet121_4xb256_in1k_20220426-07450f99.pth 

backbone.stages.3.block.14.conv2.weight - torch.Size([32, 128, 3, 3]): 
PretrainedInit: load from weights/densenet121_4xb256_in1k_20220426-07450f99.pth 

backbone.stages.3.block.15.norm1.weight - torch.Size([992]): 
PretrainedInit: load from weights/densenet121_4xb256_in1k_20220426-07450f99.pth 

backbone.stages.3.block.15.norm1.bias - torch.Size([992]): 
PretrainedInit: load from weights/densenet121_4xb256_in1k_20220426-07450f99.pth 

backbone.stages.3.block.15.conv1.weight - torch.Size([128, 992, 1, 1]): 
PretrainedInit: load from weights/densenet121_4xb256_in1k_20220426-07450f99.pth 

backbone.stages.3.block.15.norm2.weight - torch.Size([128]): 
PretrainedInit: load from weights/densenet121_4xb256_in1k_20220426-07450f99.pth 

backbone.stages.3.block.15.norm2.bias - torch.Size([128]): 
PretrainedInit: load from weights/densenet121_4xb256_in1k_20220426-07450f99.pth 

backbone.stages.3.block.15.conv2.weight - torch.Size([32, 128, 3, 3]): 
PretrainedInit: load from weights/densenet121_4xb256_in1k_20220426-07450f99.pth 

backbone.transitions.0.norm.weight - torch.Size([256]): 
PretrainedInit: load from weights/densenet121_4xb256_in1k_20220426-07450f99.pth 

backbone.transitions.0.norm.bias - torch.Size([256]): 
PretrainedInit: load from weights/densenet121_4xb256_in1k_20220426-07450f99.pth 

backbone.transitions.0.conv.weight - torch.Size([128, 256, 1, 1]): 
PretrainedInit: load from weights/densenet121_4xb256_in1k_20220426-07450f99.pth 

backbone.transitions.1.norm.weight - torch.Size([512]): 
PretrainedInit: load from weights/densenet121_4xb256_in1k_20220426-07450f99.pth 

backbone.transitions.1.norm.bias - torch.Size([512]): 
PretrainedInit: load from weights/densenet121_4xb256_in1k_20220426-07450f99.pth 

backbone.transitions.1.conv.weight - torch.Size([256, 512, 1, 1]): 
PretrainedInit: load from weights/densenet121_4xb256_in1k_20220426-07450f99.pth 

backbone.transitions.2.norm.weight - torch.Size([1024]): 
PretrainedInit: load from weights/densenet121_4xb256_in1k_20220426-07450f99.pth 

backbone.transitions.2.norm.bias - torch.Size([1024]): 
PretrainedInit: load from weights/densenet121_4xb256_in1k_20220426-07450f99.pth 

backbone.transitions.2.conv.weight - torch.Size([512, 1024, 1, 1]): 
PretrainedInit: load from weights/densenet121_4xb256_in1k_20220426-07450f99.pth 

backbone.transitions.3.0.weight - torch.Size([1024]): 
PretrainedInit: load from weights/densenet121_4xb256_in1k_20220426-07450f99.pth 

backbone.transitions.3.0.bias - torch.Size([1024]): 
PretrainedInit: load from weights/densenet121_4xb256_in1k_20220426-07450f99.pth 

head.fc.weight - torch.Size([19, 1024]): 
NormalInit: mean=0, std=0.01, bias=0 

head.fc.bias - torch.Size([19]): 
NormalInit: mean=0, std=0.01, bias=0 
2024-10-31 10:51:06,132 - mmcls - INFO - load checkpoint from local path: work_dirs/downsteam/cls/mimic/pretrain/sync5/latest.pth
2024-10-31 10:51:06,328 - mmcls - WARNING - The model and loaded state dict do not match exactly

size mismatch for head.fc.weight: copying a param with shape torch.Size([14, 1024]) from checkpoint, the shape in current model is torch.Size([19, 1024]).
size mismatch for head.fc.bias: copying a param with shape torch.Size([14]) from checkpoint, the shape in current model is torch.Size([19]).
2024-10-31 10:51:06,332 - mmcls - INFO - Start running, host: jiyuanfeng.p@SH-IDC1-10-140-0-208, work_dir: /mnt/petrelfs/jiyuanfeng.p/project/radiffuser/work_dirs/downsteam/cls/medfmc/fewshot/syn5/10_shot_exp3
2024-10-31 10:51:06,333 - mmcls - INFO - Hooks will be executed in the following order:
before_run:
(VERY_HIGH   ) CosineAnnealingLrUpdaterHook       
(NORMAL      ) CheckpointHook                     
(LOW         ) EvalHook                           
(VERY_LOW    ) TextLoggerHook                     
 -------------------- 
before_train_epoch:
(VERY_HIGH   ) CosineAnnealingLrUpdaterHook       
(LOW         ) IterTimerHook                      
(LOW         ) EvalHook                           
(VERY_LOW    ) TextLoggerHook                     
 -------------------- 
before_train_iter:
(VERY_HIGH   ) CosineAnnealingLrUpdaterHook       
(LOW         ) IterTimerHook                      
(LOW         ) EvalHook                           
 -------------------- 
after_train_iter:
(ABOVE_NORMAL) OptimizerHook                      
(NORMAL      ) CheckpointHook                     
(LOW         ) IterTimerHook                      
(LOW         ) EvalHook                           
(VERY_LOW    ) TextLoggerHook                     
 -------------------- 
after_train_epoch:
(NORMAL      ) CheckpointHook                     
(LOW         ) EvalHook                           
(VERY_LOW    ) TextLoggerHook                     
 -------------------- 
before_val_epoch:
(LOW         ) IterTimerHook                      
(VERY_LOW    ) TextLoggerHook                     
 -------------------- 
before_val_iter:
(LOW         ) IterTimerHook                      
 -------------------- 
after_val_iter:
(LOW         ) IterTimerHook                      
 -------------------- 
after_val_epoch:
(VERY_LOW    ) TextLoggerHook                     
 -------------------- 
after_run:
(VERY_LOW    ) TextLoggerHook                     
 -------------------- 
2024-10-31 10:51:06,335 - mmcls - INFO - workflow: [('train', 1)], max: 20 epochs
2024-10-31 10:51:06,336 - mmcls - INFO - Checkpoints will be saved to /mnt/petrelfs/jiyuanfeng.p/project/radiffuser/work_dirs/downsteam/cls/medfmc/fewshot/syn5/10_shot_exp3 by HardDiskBackend.
2024-10-31 10:51:12,355 - mmcls - INFO - Epoch [1][5/48]	lr: 1.000e-03, eta: 0:19:08, time: 1.202, data_time: 0.466, memory: 859, loss: 10.8242
2024-10-31 10:51:12,597 - mmcls - INFO - Epoch [1][10/48]	lr: 1.000e-03, eta: 0:09:54, time: 0.049, data_time: 0.001, memory: 859, loss: 8.2960
2024-10-31 10:51:12,847 - mmcls - INFO - Epoch [1][15/48]	lr: 1.000e-03, eta: 0:06:49, time: 0.050, data_time: 0.001, memory: 859, loss: 9.7214
2024-10-31 10:51:13,092 - mmcls - INFO - Epoch [1][20/48]	lr: 1.000e-03, eta: 0:05:17, time: 0.049, data_time: 0.001, memory: 859, loss: 9.0762
2024-10-31 10:51:13,350 - mmcls - INFO - Epoch [1][25/48]	lr: 1.000e-03, eta: 0:04:22, time: 0.052, data_time: 0.001, memory: 859, loss: 10.1168
2024-10-31 10:51:13,599 - mmcls - INFO - Epoch [1][30/48]	lr: 1.000e-03, eta: 0:03:44, time: 0.050, data_time: 0.001, memory: 859, loss: 8.3952
2024-10-31 10:51:13,859 - mmcls - INFO - Epoch [1][35/48]	lr: 1.000e-03, eta: 0:03:18, time: 0.052, data_time: 0.001, memory: 859, loss: 9.1946
2024-10-31 10:51:14,097 - mmcls - INFO - Epoch [1][40/48]	lr: 1.000e-03, eta: 0:02:58, time: 0.047, data_time: 0.001, memory: 859, loss: 7.7792
2024-10-31 10:51:14,326 - mmcls - INFO - Epoch [1][45/48]	lr: 1.000e-03, eta: 0:02:42, time: 0.046, data_time: 0.001, memory: 859, loss: 8.8278
2024-10-31 10:51:14,777 - mmcls - INFO - Saving checkpoint at 1 epochs
2024-10-31 10:51:22,616 - mmcls - INFO - Now best checkpoint is saved as best_mAP_epoch_1.pth.
2024-10-31 10:51:22,618 - mmcls - INFO - Best mAP is 25.0046 at 1 epoch.
2024-10-31 10:51:22,619 - mmcls - INFO - Epoch(val) [1][198]	mAP: 25.0046
2024-10-31 10:51:25,034 - mmcls - INFO - Epoch [2][5/48]	lr: 9.938e-04, eta: 0:02:57, time: 0.482, data_time: 0.434, memory: 859, loss: 9.0783
2024-10-31 10:51:25,277 - mmcls - INFO - Epoch [2][10/48]	lr: 9.938e-04, eta: 0:02:45, time: 0.049, data_time: 0.001, memory: 859, loss: 8.4108
2024-10-31 10:51:25,514 - mmcls - INFO - Epoch [2][15/48]	lr: 9.938e-04, eta: 0:02:34, time: 0.048, data_time: 0.001, memory: 859, loss: 7.8426
2024-10-31 10:51:25,764 - mmcls - INFO - Epoch [2][20/48]	lr: 9.938e-04, eta: 0:02:25, time: 0.050, data_time: 0.001, memory: 859, loss: 7.7149
2024-10-31 10:51:26,004 - mmcls - INFO - Epoch [2][25/48]	lr: 9.938e-04, eta: 0:02:18, time: 0.048, data_time: 0.001, memory: 859, loss: 7.8610
2024-10-31 10:51:26,242 - mmcls - INFO - Epoch [2][30/48]	lr: 9.938e-04, eta: 0:02:11, time: 0.048, data_time: 0.001, memory: 859, loss: 7.9205
2024-10-31 10:51:26,492 - mmcls - INFO - Epoch [2][35/48]	lr: 9.938e-04, eta: 0:02:05, time: 0.050, data_time: 0.001, memory: 859, loss: 9.3610
2024-10-31 10:51:26,739 - mmcls - INFO - Epoch [2][40/48]	lr: 9.938e-04, eta: 0:01:59, time: 0.049, data_time: 0.001, memory: 859, loss: 8.2598
2024-10-31 10:51:26,975 - mmcls - INFO - Epoch [2][45/48]	lr: 9.938e-04, eta: 0:01:54, time: 0.047, data_time: 0.001, memory: 859, loss: 7.7742
2024-10-31 10:51:27,132 - mmcls - INFO - Saving checkpoint at 2 epochs
2024-10-31 10:51:34,138 - mmcls - INFO - Epoch(val) [2][198]	mAP: 20.7666
2024-10-31 10:51:36,537 - mmcls - INFO - Epoch [3][5/48]	lr: 9.755e-04, eta: 0:02:05, time: 0.479, data_time: 0.429, memory: 859, loss: 7.7176
2024-10-31 10:51:36,789 - mmcls - INFO - Epoch [3][10/48]	lr: 9.755e-04, eta: 0:02:00, time: 0.050, data_time: 0.001, memory: 859, loss: 8.1268
2024-10-31 10:51:37,026 - mmcls - INFO - Epoch [3][15/48]	lr: 9.755e-04, eta: 0:01:56, time: 0.047, data_time: 0.001, memory: 859, loss: 8.6803
2024-10-31 10:51:37,275 - mmcls - INFO - Epoch [3][20/48]	lr: 9.755e-04, eta: 0:01:52, time: 0.050, data_time: 0.001, memory: 859, loss: 8.0289
2024-10-31 10:51:37,529 - mmcls - INFO - Epoch [3][25/48]	lr: 9.755e-04, eta: 0:01:48, time: 0.051, data_time: 0.001, memory: 859, loss: 8.3758
2024-10-31 10:51:37,770 - mmcls - INFO - Epoch [3][30/48]	lr: 9.755e-04, eta: 0:01:45, time: 0.048, data_time: 0.001, memory: 859, loss: 9.0010
2024-10-31 10:51:38,014 - mmcls - INFO - Epoch [3][35/48]	lr: 9.755e-04, eta: 0:01:42, time: 0.049, data_time: 0.001, memory: 859, loss: 8.7796
2024-10-31 10:51:38,253 - mmcls - INFO - Epoch [3][40/48]	lr: 9.755e-04, eta: 0:01:39, time: 0.048, data_time: 0.001, memory: 859, loss: 8.1909
2024-10-31 10:51:38,496 - mmcls - INFO - Epoch [3][45/48]	lr: 9.755e-04, eta: 0:01:36, time: 0.049, data_time: 0.001, memory: 859, loss: 8.9926
2024-10-31 10:51:38,640 - mmcls - INFO - Saving checkpoint at 3 epochs
2024-10-31 10:51:45,583 - mmcls - INFO - The previous best checkpoint /mnt/petrelfs/jiyuanfeng.p/project/radiffuser/work_dirs/downsteam/cls/medfmc/fewshot/syn5/10_shot_exp3/best_mAP_epoch_1.pth was removed
2024-10-31 10:51:45,842 - mmcls - INFO - Now best checkpoint is saved as best_mAP_epoch_3.pth.
2024-10-31 10:51:45,843 - mmcls - INFO - Best mAP is 27.7573 at 3 epoch.
2024-10-31 10:51:45,844 - mmcls - INFO - Epoch(val) [3][198]	mAP: 27.7573
2024-10-31 10:51:48,248 - mmcls - INFO - Epoch [4][5/48]	lr: 9.455e-04, eta: 0:01:43, time: 0.480, data_time: 0.430, memory: 859, loss: 8.6459
2024-10-31 10:51:48,495 - mmcls - INFO - Epoch [4][10/48]	lr: 9.455e-04, eta: 0:01:41, time: 0.050, data_time: 0.001, memory: 859, loss: 7.3519
2024-10-31 10:51:48,751 - mmcls - INFO - Epoch [4][15/48]	lr: 9.455e-04, eta: 0:01:38, time: 0.051, data_time: 0.001, memory: 859, loss: 8.6310
2024-10-31 10:51:49,004 - mmcls - INFO - Epoch [4][20/48]	lr: 9.455e-04, eta: 0:01:36, time: 0.051, data_time: 0.001, memory: 859, loss: 7.1682
2024-10-31 10:51:49,248 - mmcls - INFO - Epoch [4][25/48]	lr: 9.455e-04, eta: 0:01:33, time: 0.049, data_time: 0.001, memory: 859, loss: 8.1222
2024-10-31 10:51:49,504 - mmcls - INFO - Epoch [4][30/48]	lr: 9.455e-04, eta: 0:01:31, time: 0.051, data_time: 0.001, memory: 859, loss: 8.4180
2024-10-31 10:51:49,746 - mmcls - INFO - Epoch [4][35/48]	lr: 9.455e-04, eta: 0:01:29, time: 0.048, data_time: 0.001, memory: 859, loss: 8.2147
2024-10-31 10:51:50,003 - mmcls - INFO - Epoch [4][40/48]	lr: 9.455e-04, eta: 0:01:27, time: 0.051, data_time: 0.001, memory: 859, loss: 7.9885
2024-10-31 10:51:50,233 - mmcls - INFO - Epoch [4][45/48]	lr: 9.455e-04, eta: 0:01:25, time: 0.046, data_time: 0.001, memory: 859, loss: 9.2907
2024-10-31 10:51:50,372 - mmcls - INFO - Saving checkpoint at 4 epochs
2024-10-31 10:51:57,199 - mmcls - INFO - The previous best checkpoint /mnt/petrelfs/jiyuanfeng.p/project/radiffuser/work_dirs/downsteam/cls/medfmc/fewshot/syn5/10_shot_exp3/best_mAP_epoch_3.pth was removed
2024-10-31 10:51:57,463 - mmcls - INFO - Now best checkpoint is saved as best_mAP_epoch_4.pth.
2024-10-31 10:51:57,464 - mmcls - INFO - Best mAP is 30.5635 at 4 epoch.
2024-10-31 10:51:57,466 - mmcls - INFO - Epoch(val) [4][198]	mAP: 30.5635
2024-10-31 10:51:59,861 - mmcls - INFO - Epoch [5][5/48]	lr: 9.045e-04, eta: 0:01:30, time: 0.478, data_time: 0.428, memory: 859, loss: 7.3874
2024-10-31 10:52:00,107 - mmcls - INFO - Epoch [5][10/48]	lr: 9.045e-04, eta: 0:01:28, time: 0.049, data_time: 0.001, memory: 859, loss: 7.6063
2024-10-31 10:52:00,359 - mmcls - INFO - Epoch [5][15/48]	lr: 9.045e-04, eta: 0:01:27, time: 0.051, data_time: 0.001, memory: 859, loss: 7.4874
2024-10-31 10:52:00,606 - mmcls - INFO - Epoch [5][20/48]	lr: 9.045e-04, eta: 0:01:25, time: 0.049, data_time: 0.001, memory: 859, loss: 7.3694
2024-10-31 10:52:00,858 - mmcls - INFO - Epoch [5][25/48]	lr: 9.045e-04, eta: 0:01:23, time: 0.050, data_time: 0.001, memory: 859, loss: 8.3535
2024-10-31 10:52:01,103 - mmcls - INFO - Epoch [5][30/48]	lr: 9.045e-04, eta: 0:01:22, time: 0.049, data_time: 0.001, memory: 859, loss: 7.0014
2024-10-31 10:52:01,369 - mmcls - INFO - Epoch [5][35/48]	lr: 9.045e-04, eta: 0:01:20, time: 0.053, data_time: 0.001, memory: 859, loss: 8.9610
2024-10-31 10:52:01,623 - mmcls - INFO - Epoch [5][40/48]	lr: 9.045e-04, eta: 0:01:19, time: 0.051, data_time: 0.001, memory: 859, loss: 7.8835
2024-10-31 10:52:01,853 - mmcls - INFO - Epoch [5][45/48]	lr: 9.045e-04, eta: 0:01:17, time: 0.046, data_time: 0.001, memory: 859, loss: 8.7369
2024-10-31 10:52:01,997 - mmcls - INFO - Saving checkpoint at 5 epochs
2024-10-31 10:52:08,859 - mmcls - INFO - The previous best checkpoint /mnt/petrelfs/jiyuanfeng.p/project/radiffuser/work_dirs/downsteam/cls/medfmc/fewshot/syn5/10_shot_exp3/best_mAP_epoch_4.pth was removed
2024-10-31 10:52:09,121 - mmcls - INFO - Now best checkpoint is saved as best_mAP_epoch_5.pth.
2024-10-31 10:52:09,123 - mmcls - INFO - Best mAP is 31.8078 at 5 epoch.
2024-10-31 10:52:09,124 - mmcls - INFO - Epoch(val) [5][198]	mAP: 31.8078
2024-10-31 10:52:11,502 - mmcls - INFO - Epoch [6][5/48]	lr: 8.536e-04, eta: 0:01:21, time: 0.474, data_time: 0.425, memory: 859, loss: 6.7897
2024-10-31 10:52:11,742 - mmcls - INFO - Epoch [6][10/48]	lr: 8.536e-04, eta: 0:01:19, time: 0.048, data_time: 0.001, memory: 859, loss: 7.6164
2024-10-31 10:52:11,987 - mmcls - INFO - Epoch [6][15/48]	lr: 8.536e-04, eta: 0:01:18, time: 0.049, data_time: 0.001, memory: 859, loss: 7.7675
2024-10-31 10:52:12,258 - mmcls - INFO - Epoch [6][20/48]	lr: 8.536e-04, eta: 0:01:16, time: 0.054, data_time: 0.001, memory: 859, loss: 7.0328
2024-10-31 10:52:12,496 - mmcls - INFO - Epoch [6][25/48]	lr: 8.536e-04, eta: 0:01:15, time: 0.048, data_time: 0.001, memory: 859, loss: 6.6605
2024-10-31 10:52:12,733 - mmcls - INFO - Epoch [6][30/48]	lr: 8.536e-04, eta: 0:01:14, time: 0.047, data_time: 0.001, memory: 859, loss: 7.4656
2024-10-31 10:52:12,973 - mmcls - INFO - Epoch [6][35/48]	lr: 8.536e-04, eta: 0:01:12, time: 0.048, data_time: 0.001, memory: 859, loss: 8.1110
2024-10-31 10:52:13,212 - mmcls - INFO - Epoch [6][40/48]	lr: 8.536e-04, eta: 0:01:11, time: 0.048, data_time: 0.001, memory: 859, loss: 7.0441
2024-10-31 10:52:13,451 - mmcls - INFO - Epoch [6][45/48]	lr: 8.536e-04, eta: 0:01:10, time: 0.048, data_time: 0.001, memory: 859, loss: 7.2661
2024-10-31 10:52:13,594 - mmcls - INFO - Saving checkpoint at 6 epochs
2024-10-31 10:52:20,346 - mmcls - INFO - The previous best checkpoint /mnt/petrelfs/jiyuanfeng.p/project/radiffuser/work_dirs/downsteam/cls/medfmc/fewshot/syn5/10_shot_exp3/best_mAP_epoch_5.pth was removed
2024-10-31 10:52:20,609 - mmcls - INFO - Now best checkpoint is saved as best_mAP_epoch_6.pth.
2024-10-31 10:52:20,610 - mmcls - INFO - Best mAP is 34.0597 at 6 epoch.
2024-10-31 10:52:20,611 - mmcls - INFO - Epoch(val) [6][198]	mAP: 34.0597
2024-10-31 10:52:23,007 - mmcls - INFO - Epoch [7][5/48]	lr: 7.939e-04, eta: 0:01:13, time: 0.478, data_time: 0.430, memory: 859, loss: 6.9407
2024-10-31 10:52:23,259 - mmcls - INFO - Epoch [7][10/48]	lr: 7.939e-04, eta: 0:01:12, time: 0.050, data_time: 0.001, memory: 859, loss: 6.8372
2024-10-31 10:52:23,514 - mmcls - INFO - Epoch [7][15/48]	lr: 7.939e-04, eta: 0:01:10, time: 0.051, data_time: 0.001, memory: 859, loss: 7.2920
2024-10-31 10:52:23,772 - mmcls - INFO - Epoch [7][20/48]	lr: 7.939e-04, eta: 0:01:09, time: 0.052, data_time: 0.001, memory: 859, loss: 6.3316
2024-10-31 10:52:24,021 - mmcls - INFO - Epoch [7][25/48]	lr: 7.939e-04, eta: 0:01:08, time: 0.050, data_time: 0.001, memory: 859, loss: 7.0786
2024-10-31 10:52:24,257 - mmcls - INFO - Epoch [7][30/48]	lr: 7.939e-04, eta: 0:01:07, time: 0.047, data_time: 0.001, memory: 859, loss: 7.8716
2024-10-31 10:52:24,492 - mmcls - INFO - Epoch [7][35/48]	lr: 7.939e-04, eta: 0:01:06, time: 0.047, data_time: 0.001, memory: 859, loss: 7.4167
2024-10-31 10:52:24,730 - mmcls - INFO - Epoch [7][40/48]	lr: 7.939e-04, eta: 0:01:05, time: 0.048, data_time: 0.001, memory: 859, loss: 7.5049
2024-10-31 10:52:24,960 - mmcls - INFO - Epoch [7][45/48]	lr: 7.939e-04, eta: 0:01:04, time: 0.046, data_time: 0.001, memory: 859, loss: 7.4834
2024-10-31 10:52:25,099 - mmcls - INFO - Saving checkpoint at 7 epochs
2024-10-31 10:52:31,977 - mmcls - INFO - The previous best checkpoint /mnt/petrelfs/jiyuanfeng.p/project/radiffuser/work_dirs/downsteam/cls/medfmc/fewshot/syn5/10_shot_exp3/best_mAP_epoch_6.pth was removed
2024-10-31 10:52:32,235 - mmcls - INFO - Now best checkpoint is saved as best_mAP_epoch_7.pth.
2024-10-31 10:52:32,236 - mmcls - INFO - Best mAP is 35.3223 at 7 epoch.
2024-10-31 10:52:32,237 - mmcls - INFO - Epoch(val) [7][198]	mAP: 35.3223
2024-10-31 10:52:34,630 - mmcls - INFO - Epoch [8][5/48]	lr: 7.270e-04, eta: 0:01:06, time: 0.477, data_time: 0.430, memory: 859, loss: 5.9227
2024-10-31 10:52:34,879 - mmcls - INFO - Epoch [8][10/48]	lr: 7.270e-04, eta: 0:01:05, time: 0.050, data_time: 0.001, memory: 859, loss: 8.2836
2024-10-31 10:52:35,176 - mmcls - INFO - Epoch [8][15/48]	lr: 7.270e-04, eta: 0:01:04, time: 0.059, data_time: 0.009, memory: 859, loss: 6.7205
2024-10-31 10:52:35,424 - mmcls - INFO - Epoch [8][20/48]	lr: 7.270e-04, eta: 0:01:03, time: 0.050, data_time: 0.001, memory: 859, loss: 6.2434
2024-10-31 10:52:35,666 - mmcls - INFO - Epoch [8][25/48]	lr: 7.270e-04, eta: 0:01:02, time: 0.048, data_time: 0.001, memory: 859, loss: 7.4625
2024-10-31 10:52:35,924 - mmcls - INFO - Epoch [8][30/48]	lr: 7.270e-04, eta: 0:01:01, time: 0.052, data_time: 0.001, memory: 859, loss: 7.7983
2024-10-31 10:52:36,199 - mmcls - INFO - Epoch [8][35/48]	lr: 7.270e-04, eta: 0:01:00, time: 0.055, data_time: 0.009, memory: 859, loss: 7.5035
2024-10-31 10:52:36,444 - mmcls - INFO - Epoch [8][40/48]	lr: 7.270e-04, eta: 0:00:59, time: 0.049, data_time: 0.001, memory: 859, loss: 6.9068
2024-10-31 10:52:36,677 - mmcls - INFO - Epoch [8][45/48]	lr: 7.270e-04, eta: 0:00:58, time: 0.046, data_time: 0.001, memory: 859, loss: 7.0871
2024-10-31 10:52:36,817 - mmcls - INFO - Saving checkpoint at 8 epochs
2024-10-31 10:52:43,882 - mmcls - INFO - Epoch(val) [8][198]	mAP: 35.2476
2024-10-31 10:52:46,288 - mmcls - INFO - Epoch [9][5/48]	lr: 6.545e-04, eta: 0:01:00, time: 0.480, data_time: 0.431, memory: 859, loss: 7.7402
2024-10-31 10:52:46,529 - mmcls - INFO - Epoch [9][10/48]	lr: 6.545e-04, eta: 0:00:59, time: 0.048, data_time: 0.001, memory: 859, loss: 6.3715
2024-10-31 10:52:46,780 - mmcls - INFO - Epoch [9][15/48]	lr: 6.545e-04, eta: 0:00:58, time: 0.050, data_time: 0.001, memory: 859, loss: 7.0359
2024-10-31 10:52:47,020 - mmcls - INFO - Epoch [9][20/48]	lr: 6.545e-04, eta: 0:00:57, time: 0.048, data_time: 0.001, memory: 859, loss: 6.9257
2024-10-31 10:52:47,258 - mmcls - INFO - Epoch [9][25/48]	lr: 6.545e-04, eta: 0:00:56, time: 0.048, data_time: 0.001, memory: 859, loss: 7.1329
2024-10-31 10:52:47,508 - mmcls - INFO - Epoch [9][30/48]	lr: 6.545e-04, eta: 0:00:55, time: 0.050, data_time: 0.001, memory: 859, loss: 6.7485
2024-10-31 10:52:47,748 - mmcls - INFO - Epoch [9][35/48]	lr: 6.545e-04, eta: 0:00:54, time: 0.048, data_time: 0.001, memory: 859, loss: 6.3786
2024-10-31 10:52:47,986 - mmcls - INFO - Epoch [9][40/48]	lr: 6.545e-04, eta: 0:00:53, time: 0.048, data_time: 0.001, memory: 859, loss: 6.7718
2024-10-31 10:52:48,217 - mmcls - INFO - Epoch [9][45/48]	lr: 6.545e-04, eta: 0:00:53, time: 0.046, data_time: 0.001, memory: 859, loss: 6.1761
2024-10-31 10:52:48,344 - mmcls - INFO - Saving checkpoint at 9 epochs
2024-10-31 10:52:55,274 - mmcls - INFO - The previous best checkpoint /mnt/petrelfs/jiyuanfeng.p/project/radiffuser/work_dirs/downsteam/cls/medfmc/fewshot/syn5/10_shot_exp3/best_mAP_epoch_7.pth was removed
2024-10-31 10:52:55,535 - mmcls - INFO - Now best checkpoint is saved as best_mAP_epoch_9.pth.
2024-10-31 10:52:55,536 - mmcls - INFO - Best mAP is 39.3725 at 9 epoch.
2024-10-31 10:52:55,537 - mmcls - INFO - Epoch(val) [9][198]	mAP: 39.3725
2024-10-31 10:52:57,894 - mmcls - INFO - Epoch [10][5/48]	lr: 5.782e-04, eta: 0:00:54, time: 0.470, data_time: 0.423, memory: 859, loss: 6.5511
2024-10-31 10:52:58,146 - mmcls - INFO - Epoch [10][10/48]	lr: 5.782e-04, eta: 0:00:53, time: 0.050, data_time: 0.001, memory: 859, loss: 5.7558
2024-10-31 10:52:58,394 - mmcls - INFO - Epoch [10][15/48]	lr: 5.782e-04, eta: 0:00:52, time: 0.050, data_time: 0.001, memory: 859, loss: 7.2220
2024-10-31 10:52:58,649 - mmcls - INFO - Epoch [10][20/48]	lr: 5.782e-04, eta: 0:00:51, time: 0.051, data_time: 0.001, memory: 859, loss: 6.0635
2024-10-31 10:52:58,890 - mmcls - INFO - Epoch [10][25/48]	lr: 5.782e-04, eta: 0:00:50, time: 0.048, data_time: 0.001, memory: 859, loss: 6.1633
2024-10-31 10:52:59,115 - mmcls - INFO - Epoch [10][30/48]	lr: 5.782e-04, eta: 0:00:50, time: 0.045, data_time: 0.001, memory: 859, loss: 6.0089
2024-10-31 10:52:59,341 - mmcls - INFO - Epoch [10][35/48]	lr: 5.782e-04, eta: 0:00:49, time: 0.045, data_time: 0.001, memory: 859, loss: 5.9435
2024-10-31 10:52:59,568 - mmcls - INFO - Epoch [10][40/48]	lr: 5.782e-04, eta: 0:00:48, time: 0.045, data_time: 0.001, memory: 859, loss: 5.5864
2024-10-31 10:52:59,781 - mmcls - INFO - Epoch [10][45/48]	lr: 5.782e-04, eta: 0:00:47, time: 0.043, data_time: 0.001, memory: 859, loss: 7.9363
2024-10-31 10:52:59,907 - mmcls - INFO - Saving checkpoint at 10 epochs
2024-10-31 10:53:06,887 - mmcls - INFO - The previous best checkpoint /mnt/petrelfs/jiyuanfeng.p/project/radiffuser/work_dirs/downsteam/cls/medfmc/fewshot/syn5/10_shot_exp3/best_mAP_epoch_9.pth was removed
2024-10-31 10:53:07,161 - mmcls - INFO - Now best checkpoint is saved as best_mAP_epoch_10.pth.
2024-10-31 10:53:07,162 - mmcls - INFO - Best mAP is 40.0769 at 10 epoch.
2024-10-31 10:53:07,163 - mmcls - INFO - Epoch(val) [10][198]	mAP: 40.0769
2024-10-31 10:53:09,542 - mmcls - INFO - Epoch [11][5/48]	lr: 5.000e-04, eta: 0:00:48, time: 0.475, data_time: 0.427, memory: 859, loss: 5.9772
2024-10-31 10:53:09,771 - mmcls - INFO - Epoch [11][10/48]	lr: 5.000e-04, eta: 0:00:47, time: 0.046, data_time: 0.001, memory: 859, loss: 5.9297
2024-10-31 10:53:09,995 - mmcls - INFO - Epoch [11][15/48]	lr: 5.000e-04, eta: 0:00:46, time: 0.045, data_time: 0.001, memory: 859, loss: 6.4385
2024-10-31 10:53:10,218 - mmcls - INFO - Epoch [11][20/48]	lr: 5.000e-04, eta: 0:00:46, time: 0.045, data_time: 0.001, memory: 859, loss: 6.8469
2024-10-31 10:53:10,457 - mmcls - INFO - Epoch [11][25/48]	lr: 5.000e-04, eta: 0:00:45, time: 0.048, data_time: 0.001, memory: 859, loss: 5.4408
2024-10-31 10:53:10,680 - mmcls - INFO - Epoch [11][30/48]	lr: 5.000e-04, eta: 0:00:44, time: 0.045, data_time: 0.001, memory: 859, loss: 6.2379
2024-10-31 10:53:10,916 - mmcls - INFO - Epoch [11][35/48]	lr: 5.000e-04, eta: 0:00:43, time: 0.047, data_time: 0.001, memory: 859, loss: 6.1542
2024-10-31 10:53:11,141 - mmcls - INFO - Epoch [11][40/48]	lr: 5.000e-04, eta: 0:00:43, time: 0.045, data_time: 0.001, memory: 859, loss: 7.4490
2024-10-31 10:53:11,354 - mmcls - INFO - Epoch [11][45/48]	lr: 5.000e-04, eta: 0:00:42, time: 0.043, data_time: 0.001, memory: 859, loss: 5.3279
2024-10-31 10:53:11,482 - mmcls - INFO - Saving checkpoint at 11 epochs
2024-10-31 10:53:18,709 - mmcls - INFO - The previous best checkpoint /mnt/petrelfs/jiyuanfeng.p/project/radiffuser/work_dirs/downsteam/cls/medfmc/fewshot/syn5/10_shot_exp3/best_mAP_epoch_10.pth was removed
2024-10-31 10:53:18,974 - mmcls - INFO - Now best checkpoint is saved as best_mAP_epoch_11.pth.
2024-10-31 10:53:18,975 - mmcls - INFO - Best mAP is 41.9480 at 11 epoch.
2024-10-31 10:53:18,976 - mmcls - INFO - Epoch(val) [11][198]	mAP: 41.9480
2024-10-31 10:53:21,386 - mmcls - INFO - Epoch [12][5/48]	lr: 4.218e-04, eta: 0:00:43, time: 0.481, data_time: 0.434, memory: 859, loss: 5.9429
2024-10-31 10:53:21,611 - mmcls - INFO - Epoch [12][10/48]	lr: 4.218e-04, eta: 0:00:42, time: 0.045, data_time: 0.001, memory: 859, loss: 6.3410
2024-10-31 10:53:21,851 - mmcls - INFO - Epoch [12][15/48]	lr: 4.218e-04, eta: 0:00:41, time: 0.048, data_time: 0.001, memory: 859, loss: 5.6777
2024-10-31 10:53:22,080 - mmcls - INFO - Epoch [12][20/48]	lr: 4.218e-04, eta: 0:00:40, time: 0.046, data_time: 0.001, memory: 859, loss: 5.5967
2024-10-31 10:53:22,311 - mmcls - INFO - Epoch [12][25/48]	lr: 4.218e-04, eta: 0:00:40, time: 0.046, data_time: 0.002, memory: 859, loss: 5.8950
2024-10-31 10:53:22,540 - mmcls - INFO - Epoch [12][30/48]	lr: 4.218e-04, eta: 0:00:39, time: 0.046, data_time: 0.001, memory: 859, loss: 6.0890
2024-10-31 10:53:22,791 - mmcls - INFO - Epoch [12][35/48]	lr: 4.218e-04, eta: 0:00:38, time: 0.050, data_time: 0.001, memory: 859, loss: 5.9068
2024-10-31 10:53:23,024 - mmcls - INFO - Epoch [12][40/48]	lr: 4.218e-04, eta: 0:00:38, time: 0.047, data_time: 0.001, memory: 859, loss: 5.8784
2024-10-31 10:53:23,248 - mmcls - INFO - Epoch [12][45/48]	lr: 4.218e-04, eta: 0:00:37, time: 0.045, data_time: 0.001, memory: 859, loss: 6.0490
2024-10-31 10:53:23,395 - mmcls - INFO - Saving checkpoint at 12 epochs
2024-10-31 10:53:30,423 - mmcls - INFO - The previous best checkpoint /mnt/petrelfs/jiyuanfeng.p/project/radiffuser/work_dirs/downsteam/cls/medfmc/fewshot/syn5/10_shot_exp3/best_mAP_epoch_11.pth was removed
2024-10-31 10:53:30,684 - mmcls - INFO - Now best checkpoint is saved as best_mAP_epoch_12.pth.
2024-10-31 10:53:30,686 - mmcls - INFO - Best mAP is 43.8076 at 12 epoch.
2024-10-31 10:53:30,687 - mmcls - INFO - Epoch(val) [12][198]	mAP: 43.8076
2024-10-31 10:53:33,092 - mmcls - INFO - Epoch [13][5/48]	lr: 3.455e-04, eta: 0:00:37, time: 0.480, data_time: 0.435, memory: 859, loss: 5.6925
2024-10-31 10:53:33,326 - mmcls - INFO - Epoch [13][10/48]	lr: 3.455e-04, eta: 0:00:37, time: 0.047, data_time: 0.001, memory: 859, loss: 5.3352
2024-10-31 10:53:33,549 - mmcls - INFO - Epoch [13][15/48]	lr: 3.455e-04, eta: 0:00:36, time: 0.044, data_time: 0.001, memory: 859, loss: 5.2614
2024-10-31 10:53:33,798 - mmcls - INFO - Epoch [13][20/48]	lr: 3.455e-04, eta: 0:00:35, time: 0.050, data_time: 0.001, memory: 859, loss: 5.5989
2024-10-31 10:53:34,029 - mmcls - INFO - Epoch [13][25/48]	lr: 3.455e-04, eta: 0:00:35, time: 0.046, data_time: 0.001, memory: 859, loss: 5.8082
2024-10-31 10:53:34,277 - mmcls - INFO - Epoch [13][30/48]	lr: 3.455e-04, eta: 0:00:34, time: 0.050, data_time: 0.001, memory: 859, loss: 5.7144
2024-10-31 10:53:34,533 - mmcls - INFO - Epoch [13][35/48]	lr: 3.455e-04, eta: 0:00:33, time: 0.051, data_time: 0.001, memory: 859, loss: 5.6101
2024-10-31 10:53:34,782 - mmcls - INFO - Epoch [13][40/48]	lr: 3.455e-04, eta: 0:00:33, time: 0.050, data_time: 0.001, memory: 859, loss: 5.1165
2024-10-31 10:53:35,025 - mmcls - INFO - Epoch [13][45/48]	lr: 3.455e-04, eta: 0:00:32, time: 0.048, data_time: 0.001, memory: 859, loss: 6.1006
2024-10-31 10:53:35,168 - mmcls - INFO - Saving checkpoint at 13 epochs
2024-10-31 10:53:42,170 - mmcls - INFO - The previous best checkpoint /mnt/petrelfs/jiyuanfeng.p/project/radiffuser/work_dirs/downsteam/cls/medfmc/fewshot/syn5/10_shot_exp3/best_mAP_epoch_12.pth was removed
2024-10-31 10:53:42,440 - mmcls - INFO - Now best checkpoint is saved as best_mAP_epoch_13.pth.
2024-10-31 10:53:42,441 - mmcls - INFO - Best mAP is 46.0501 at 13 epoch.
2024-10-31 10:53:42,442 - mmcls - INFO - Epoch(val) [13][198]	mAP: 46.0501
2024-10-31 10:53:44,842 - mmcls - INFO - Epoch [14][5/48]	lr: 2.730e-04, eta: 0:00:32, time: 0.479, data_time: 0.428, memory: 859, loss: 5.1606
2024-10-31 10:53:45,071 - mmcls - INFO - Epoch [14][10/48]	lr: 2.730e-04, eta: 0:00:32, time: 0.046, data_time: 0.001, memory: 859, loss: 5.6207
2024-10-31 10:53:45,349 - mmcls - INFO - Epoch [14][15/48]	lr: 2.730e-04, eta: 0:00:31, time: 0.055, data_time: 0.001, memory: 859, loss: 6.4948
2024-10-31 10:53:45,588 - mmcls - INFO - Epoch [14][20/48]	lr: 2.730e-04, eta: 0:00:30, time: 0.048, data_time: 0.001, memory: 859, loss: 5.0029
2024-10-31 10:53:45,841 - mmcls - INFO - Epoch [14][25/48]	lr: 2.730e-04, eta: 0:00:30, time: 0.051, data_time: 0.001, memory: 859, loss: 5.6100
2024-10-31 10:53:46,097 - mmcls - INFO - Epoch [14][30/48]	lr: 2.730e-04, eta: 0:00:29, time: 0.051, data_time: 0.001, memory: 859, loss: 5.0089
2024-10-31 10:53:46,337 - mmcls - INFO - Epoch [14][35/48]	lr: 2.730e-04, eta: 0:00:29, time: 0.048, data_time: 0.001, memory: 859, loss: 6.9643
2024-10-31 10:53:46,581 - mmcls - INFO - Epoch [14][40/48]	lr: 2.730e-04, eta: 0:00:28, time: 0.049, data_time: 0.001, memory: 859, loss: 5.4019
2024-10-31 10:53:46,820 - mmcls - INFO - Epoch [14][45/48]	lr: 2.730e-04, eta: 0:00:27, time: 0.048, data_time: 0.001, memory: 859, loss: 6.3194
2024-10-31 10:53:46,965 - mmcls - INFO - Saving checkpoint at 14 epochs
2024-10-31 10:53:53,965 - mmcls - INFO - The previous best checkpoint /mnt/petrelfs/jiyuanfeng.p/project/radiffuser/work_dirs/downsteam/cls/medfmc/fewshot/syn5/10_shot_exp3/best_mAP_epoch_13.pth was removed
2024-10-31 10:53:54,227 - mmcls - INFO - Now best checkpoint is saved as best_mAP_epoch_14.pth.
2024-10-31 10:53:54,229 - mmcls - INFO - Best mAP is 47.3222 at 14 epoch.
2024-10-31 10:53:54,230 - mmcls - INFO - Epoch(val) [14][198]	mAP: 47.3222
2024-10-31 10:53:56,626 - mmcls - INFO - Epoch [15][5/48]	lr: 2.061e-04, eta: 0:00:27, time: 0.478, data_time: 0.427, memory: 859, loss: 5.4839
2024-10-31 10:53:56,875 - mmcls - INFO - Epoch [15][10/48]	lr: 2.061e-04, eta: 0:00:27, time: 0.050, data_time: 0.001, memory: 859, loss: 5.4497
2024-10-31 10:53:57,119 - mmcls - INFO - Epoch [15][15/48]	lr: 2.061e-04, eta: 0:00:26, time: 0.049, data_time: 0.001, memory: 859, loss: 5.8664
2024-10-31 10:53:57,374 - mmcls - INFO - Epoch [15][20/48]	lr: 2.061e-04, eta: 0:00:26, time: 0.051, data_time: 0.001, memory: 859, loss: 7.0086
2024-10-31 10:53:57,625 - mmcls - INFO - Epoch [15][25/48]	lr: 2.061e-04, eta: 0:00:25, time: 0.050, data_time: 0.001, memory: 859, loss: 5.0918
2024-10-31 10:53:57,875 - mmcls - INFO - Epoch [15][30/48]	lr: 2.061e-04, eta: 0:00:24, time: 0.050, data_time: 0.001, memory: 859, loss: 5.1995
2024-10-31 10:53:58,120 - mmcls - INFO - Epoch [15][35/48]	lr: 2.061e-04, eta: 0:00:24, time: 0.049, data_time: 0.001, memory: 859, loss: 5.7100
2024-10-31 10:53:58,361 - mmcls - INFO - Epoch [15][40/48]	lr: 2.061e-04, eta: 0:00:23, time: 0.048, data_time: 0.001, memory: 859, loss: 4.7497
2024-10-31 10:53:58,594 - mmcls - INFO - Epoch [15][45/48]	lr: 2.061e-04, eta: 0:00:23, time: 0.047, data_time: 0.001, memory: 859, loss: 4.8958
2024-10-31 10:53:58,746 - mmcls - INFO - Saving checkpoint at 15 epochs
2024-10-31 10:54:05,753 - mmcls - INFO - The previous best checkpoint /mnt/petrelfs/jiyuanfeng.p/project/radiffuser/work_dirs/downsteam/cls/medfmc/fewshot/syn5/10_shot_exp3/best_mAP_epoch_14.pth was removed
2024-10-31 10:54:06,009 - mmcls - INFO - Now best checkpoint is saved as best_mAP_epoch_15.pth.
2024-10-31 10:54:06,011 - mmcls - INFO - Best mAP is 48.3811 at 15 epoch.
2024-10-31 10:54:06,012 - mmcls - INFO - Epoch(val) [15][198]	mAP: 48.3811
2024-10-31 10:54:08,399 - mmcls - INFO - Epoch [16][5/48]	lr: 1.464e-04, eta: 0:00:23, time: 0.476, data_time: 0.428, memory: 859, loss: 4.8666
2024-10-31 10:54:08,675 - mmcls - INFO - Epoch [16][10/48]	lr: 1.464e-04, eta: 0:00:22, time: 0.055, data_time: 0.001, memory: 859, loss: 4.3367
2024-10-31 10:54:08,920 - mmcls - INFO - Epoch [16][15/48]	lr: 1.464e-04, eta: 0:00:21, time: 0.049, data_time: 0.001, memory: 859, loss: 5.5984
2024-10-31 10:54:09,174 - mmcls - INFO - Epoch [16][20/48]	lr: 1.464e-04, eta: 0:00:21, time: 0.051, data_time: 0.001, memory: 859, loss: 5.2703
2024-10-31 10:54:09,432 - mmcls - INFO - Epoch [16][25/48]	lr: 1.464e-04, eta: 0:00:20, time: 0.052, data_time: 0.001, memory: 859, loss: 5.4944
2024-10-31 10:54:09,683 - mmcls - INFO - Epoch [16][30/48]	lr: 1.464e-04, eta: 0:00:20, time: 0.050, data_time: 0.001, memory: 859, loss: 4.4274
2024-10-31 10:54:09,952 - mmcls - INFO - Epoch [16][35/48]	lr: 1.464e-04, eta: 0:00:19, time: 0.054, data_time: 0.001, memory: 859, loss: 5.5057
2024-10-31 10:54:10,197 - mmcls - INFO - Epoch [16][40/48]	lr: 1.464e-04, eta: 0:00:19, time: 0.049, data_time: 0.001, memory: 859, loss: 5.5875
2024-10-31 10:54:10,428 - mmcls - INFO - Epoch [16][45/48]	lr: 1.464e-04, eta: 0:00:18, time: 0.046, data_time: 0.001, memory: 859, loss: 5.7952
2024-10-31 10:54:10,574 - mmcls - INFO - Saving checkpoint at 16 epochs
2024-10-31 10:54:17,415 - mmcls - INFO - The previous best checkpoint /mnt/petrelfs/jiyuanfeng.p/project/radiffuser/work_dirs/downsteam/cls/medfmc/fewshot/syn5/10_shot_exp3/best_mAP_epoch_15.pth was removed
2024-10-31 10:54:17,683 - mmcls - INFO - Now best checkpoint is saved as best_mAP_epoch_16.pth.
2024-10-31 10:54:17,684 - mmcls - INFO - Best mAP is 49.1194 at 16 epoch.
2024-10-31 10:54:17,685 - mmcls - INFO - Epoch(val) [16][198]	mAP: 49.1194
2024-10-31 10:54:20,087 - mmcls - INFO - Epoch [17][5/48]	lr: 9.549e-05, eta: 0:00:18, time: 0.479, data_time: 0.429, memory: 859, loss: 5.2753
2024-10-31 10:54:20,346 - mmcls - INFO - Epoch [17][10/48]	lr: 9.549e-05, eta: 0:00:17, time: 0.052, data_time: 0.001, memory: 859, loss: 4.8064
2024-10-31 10:54:20,597 - mmcls - INFO - Epoch [17][15/48]	lr: 9.549e-05, eta: 0:00:17, time: 0.050, data_time: 0.001, memory: 859, loss: 5.5416
2024-10-31 10:54:20,837 - mmcls - INFO - Epoch [17][20/48]	lr: 9.549e-05, eta: 0:00:16, time: 0.048, data_time: 0.001, memory: 859, loss: 5.1373
2024-10-31 10:54:21,079 - mmcls - INFO - Epoch [17][25/48]	lr: 9.549e-05, eta: 0:00:16, time: 0.048, data_time: 0.001, memory: 859, loss: 5.1017
2024-10-31 10:54:21,332 - mmcls - INFO - Epoch [17][30/48]	lr: 9.549e-05, eta: 0:00:15, time: 0.050, data_time: 0.001, memory: 859, loss: 5.3141
2024-10-31 10:54:21,570 - mmcls - INFO - Epoch [17][35/48]	lr: 9.549e-05, eta: 0:00:15, time: 0.048, data_time: 0.001, memory: 859, loss: 5.7001
2024-10-31 10:54:21,810 - mmcls - INFO - Epoch [17][40/48]	lr: 9.549e-05, eta: 0:00:14, time: 0.048, data_time: 0.001, memory: 859, loss: 5.3202
2024-10-31 10:54:22,041 - mmcls - INFO - Epoch [17][45/48]	lr: 9.549e-05, eta: 0:00:13, time: 0.046, data_time: 0.001, memory: 859, loss: 4.8709
2024-10-31 10:54:22,182 - mmcls - INFO - Saving checkpoint at 17 epochs
2024-10-31 10:54:29,095 - mmcls - INFO - The previous best checkpoint /mnt/petrelfs/jiyuanfeng.p/project/radiffuser/work_dirs/downsteam/cls/medfmc/fewshot/syn5/10_shot_exp3/best_mAP_epoch_16.pth was removed
2024-10-31 10:54:29,356 - mmcls - INFO - Now best checkpoint is saved as best_mAP_epoch_17.pth.
2024-10-31 10:54:29,357 - mmcls - INFO - Best mAP is 49.6945 at 17 epoch.
2024-10-31 10:54:29,358 - mmcls - INFO - Epoch(val) [17][198]	mAP: 49.6945
2024-10-31 10:54:31,738 - mmcls - INFO - Epoch [18][5/48]	lr: 5.450e-05, eta: 0:00:13, time: 0.475, data_time: 0.426, memory: 859, loss: 4.6128
2024-10-31 10:54:32,019 - mmcls - INFO - Epoch [18][10/48]	lr: 5.450e-05, eta: 0:00:12, time: 0.056, data_time: 0.001, memory: 859, loss: 4.5059
2024-10-31 10:54:32,284 - mmcls - INFO - Epoch [18][15/48]	lr: 5.450e-05, eta: 0:00:12, time: 0.053, data_time: 0.001, memory: 859, loss: 4.2064
2024-10-31 10:54:32,525 - mmcls - INFO - Epoch [18][20/48]	lr: 5.450e-05, eta: 0:00:11, time: 0.048, data_time: 0.001, memory: 859, loss: 5.3694
2024-10-31 10:54:32,776 - mmcls - INFO - Epoch [18][25/48]	lr: 5.450e-05, eta: 0:00:11, time: 0.050, data_time: 0.001, memory: 859, loss: 5.6720
2024-10-31 10:54:33,026 - mmcls - INFO - Epoch [18][30/48]	lr: 5.450e-05, eta: 0:00:10, time: 0.050, data_time: 0.001, memory: 859, loss: 4.7846
2024-10-31 10:54:33,274 - mmcls - INFO - Epoch [18][35/48]	lr: 5.450e-05, eta: 0:00:10, time: 0.050, data_time: 0.001, memory: 859, loss: 5.3013
2024-10-31 10:54:33,511 - mmcls - INFO - Epoch [18][40/48]	lr: 5.450e-05, eta: 0:00:09, time: 0.048, data_time: 0.001, memory: 859, loss: 5.1083
2024-10-31 10:54:33,743 - mmcls - INFO - Epoch [18][45/48]	lr: 5.450e-05, eta: 0:00:09, time: 0.046, data_time: 0.001, memory: 859, loss: 4.3530
2024-10-31 10:54:33,885 - mmcls - INFO - Saving checkpoint at 18 epochs
2024-10-31 10:54:40,746 - mmcls - INFO - Epoch(val) [18][198]	mAP: 49.4426
2024-10-31 10:54:43,184 - mmcls - INFO - Epoch [19][5/48]	lr: 2.447e-05, eta: 0:00:08, time: 0.486, data_time: 0.436, memory: 859, loss: 4.6912
2024-10-31 10:54:43,429 - mmcls - INFO - Epoch [19][10/48]	lr: 2.447e-05, eta: 0:00:08, time: 0.049, data_time: 0.001, memory: 859, loss: 4.5106
2024-10-31 10:54:43,683 - mmcls - INFO - Epoch [19][15/48]	lr: 2.447e-05, eta: 0:00:07, time: 0.051, data_time: 0.001, memory: 859, loss: 4.4594
2024-10-31 10:54:43,940 - mmcls - INFO - Epoch [19][20/48]	lr: 2.447e-05, eta: 0:00:07, time: 0.051, data_time: 0.001, memory: 859, loss: 5.1809
2024-10-31 10:54:44,182 - mmcls - INFO - Epoch [19][25/48]	lr: 2.447e-05, eta: 0:00:06, time: 0.048, data_time: 0.001, memory: 859, loss: 4.3229
2024-10-31 10:54:44,434 - mmcls - INFO - Epoch [19][30/48]	lr: 2.447e-05, eta: 0:00:06, time: 0.050, data_time: 0.001, memory: 859, loss: 4.5930
2024-10-31 10:54:44,680 - mmcls - INFO - Epoch [19][35/48]	lr: 2.447e-05, eta: 0:00:05, time: 0.049, data_time: 0.001, memory: 859, loss: 5.3230
2024-10-31 10:54:44,918 - mmcls - INFO - Epoch [19][40/48]	lr: 2.447e-05, eta: 0:00:05, time: 0.048, data_time: 0.001, memory: 859, loss: 5.1940
2024-10-31 10:54:45,159 - mmcls - INFO - Epoch [19][45/48]	lr: 2.447e-05, eta: 0:00:04, time: 0.048, data_time: 0.001, memory: 859, loss: 5.9601
2024-10-31 10:54:45,298 - mmcls - INFO - Saving checkpoint at 19 epochs
2024-10-31 10:54:52,164 - mmcls - INFO - The previous best checkpoint /mnt/petrelfs/jiyuanfeng.p/project/radiffuser/work_dirs/downsteam/cls/medfmc/fewshot/syn5/10_shot_exp3/best_mAP_epoch_17.pth was removed
2024-10-31 10:54:52,434 - mmcls - INFO - Now best checkpoint is saved as best_mAP_epoch_19.pth.
2024-10-31 10:54:52,435 - mmcls - INFO - Best mAP is 50.0558 at 19 epoch.
2024-10-31 10:54:52,437 - mmcls - INFO - Epoch(val) [19][198]	mAP: 50.0558
2024-10-31 10:54:54,825 - mmcls - INFO - Epoch [20][5/48]	lr: 6.156e-06, eta: 0:00:04, time: 0.477, data_time: 0.427, memory: 859, loss: 4.6233
2024-10-31 10:54:55,055 - mmcls - INFO - Epoch [20][10/48]	lr: 6.156e-06, eta: 0:00:03, time: 0.046, data_time: 0.001, memory: 859, loss: 4.6865
2024-10-31 10:54:55,280 - mmcls - INFO - Epoch [20][15/48]	lr: 6.156e-06, eta: 0:00:03, time: 0.045, data_time: 0.001, memory: 859, loss: 4.8113
2024-10-31 10:54:55,510 - mmcls - INFO - Epoch [20][20/48]	lr: 6.156e-06, eta: 0:00:02, time: 0.046, data_time: 0.001, memory: 859, loss: 5.7948
2024-10-31 10:54:55,751 - mmcls - INFO - Epoch [20][25/48]	lr: 6.156e-06, eta: 0:00:02, time: 0.048, data_time: 0.001, memory: 859, loss: 5.3311
2024-10-31 10:54:55,979 - mmcls - INFO - Epoch [20][30/48]	lr: 6.156e-06, eta: 0:00:01, time: 0.046, data_time: 0.001, memory: 859, loss: 5.1076
2024-10-31 10:54:56,227 - mmcls - INFO - Epoch [20][35/48]	lr: 6.156e-06, eta: 0:00:01, time: 0.050, data_time: 0.001, memory: 859, loss: 5.5649
2024-10-31 10:54:56,450 - mmcls - INFO - Epoch [20][40/48]	lr: 6.156e-06, eta: 0:00:00, time: 0.045, data_time: 0.001, memory: 859, loss: 4.6895
2024-10-31 10:54:56,664 - mmcls - INFO - Epoch [20][45/48]	lr: 6.156e-06, eta: 0:00:00, time: 0.043, data_time: 0.001, memory: 859, loss: 4.3009
2024-10-31 10:54:56,790 - mmcls - INFO - Saving checkpoint at 20 epochs
2024-10-31 10:55:03,475 - mmcls - INFO - Epoch(val) [20][198]	mAP: 49.8097
