2024-10-31 10:51:04,841 - mmcls - INFO - Environment info:
------------------------------------------------------------
sys.platform: linux
Python: 3.9.18 (main, Sep 11 2023, 13:41:44) [GCC 11.2.0]
CUDA available: True
GPU 0: NVIDIA A100-SXM4-80GB
CUDA_HOME: /mnt/lustre/share/cuda-11.8
NVCC: Cuda compilation tools, release 11.8, V11.8.89
GCC: gcc (GCC) 7.3.0
PyTorch: 2.2.0+cu121
PyTorch compiling details: PyTorch built with:
  - GCC 9.3
  - C++ Version: 201703
  - Intel(R) oneAPI Math Kernel Library Version 2022.2-Product Build 20220804 for Intel(R) 64 architecture applications
  - Intel(R) MKL-DNN v3.3.2 (Git Hash 2dc95a2ad0841e29db8b22fbccaf3e5da7992b01)
  - OpenMP 201511 (a.k.a. OpenMP 4.5)
  - LAPACK is enabled (usually provided by MKL)
  - NNPACK is enabled
  - CPU capability usage: AVX512
  - CUDA Runtime 12.1
  - NVCC architecture flags: -gencode;arch=compute_50,code=sm_50;-gencode;arch=compute_60,code=sm_60;-gencode;arch=compute_70,code=sm_70;-gencode;arch=compute_75,code=sm_75;-gencode;arch=compute_80,code=sm_80;-gencode;arch=compute_86,code=sm_86;-gencode;arch=compute_90,code=sm_90
  - CuDNN 8.9.2
  - Magma 2.6.1
  - Build settings: BLAS_INFO=mkl, BUILD_TYPE=Release, CUDA_VERSION=12.1, CUDNN_VERSION=8.9.2, CXX_COMPILER=/opt/rh/devtoolset-9/root/usr/bin/c++, CXX_FLAGS= -D_GLIBCXX_USE_CXX11_ABI=0 -fabi-version=11 -fvisibility-inlines-hidden -DUSE_PTHREADPOOL -DNDEBUG -DUSE_KINETO -DLIBKINETO_NOROCTRACER -DUSE_FBGEMM -DUSE_QNNPACK -DUSE_PYTORCH_QNNPACK -DUSE_XNNPACK -DSYMBOLICATE_MOBILE_DEBUG_HANDLE -O2 -fPIC -Wall -Wextra -Werror=return-type -Werror=non-virtual-dtor -Werror=bool-operation -Wnarrowing -Wno-missing-field-initializers -Wno-type-limits -Wno-array-bounds -Wno-unknown-pragmas -Wno-unused-parameter -Wno-unused-function -Wno-unused-result -Wno-strict-overflow -Wno-strict-aliasing -Wno-stringop-overflow -Wsuggest-override -Wno-psabi -Wno-error=pedantic -Wno-error=old-style-cast -Wno-missing-braces -fdiagnostics-color=always -faligned-new -Wno-unused-but-set-variable -Wno-maybe-uninitialized -fno-math-errno -fno-trapping-math -Werror=format -Wno-stringop-overflow, LAPACK_INFO=mkl, PERF_WITH_AVX=1, PERF_WITH_AVX2=1, PERF_WITH_AVX512=1, TORCH_VERSION=2.2.0, USE_CUDA=ON, USE_CUDNN=ON, USE_EXCEPTION_PTR=1, USE_GFLAGS=OFF, USE_GLOG=OFF, USE_MKL=ON, USE_MKLDNN=ON, USE_MPI=OFF, USE_NCCL=1, USE_NNPACK=ON, USE_OPENMP=ON, USE_ROCM=OFF, USE_ROCM_KERNEL_ASSERT=OFF, 

TorchVision: 0.17.0+cu121
OpenCV: 4.9.0
MMCV: 1.6.0
MMCV Compiler: n/a
MMCV CUDA Compiler: n/a
MMClassification: 0.25.0+68bac71
------------------------------------------------------------

2024-10-31 10:51:04,842 - mmcls - INFO - Distributed training: False
2024-10-31 10:51:05,363 - mmcls - INFO - Config:
model = dict(
    type='ImageClassifier',
    backbone=dict(
        type='DenseNet',
        arch='121',
        init_cfg=dict(
            type='Pretrained',
            checkpoint='weights/densenet121_4xb256_in1k_20220426-07450f99.pth',
            prefix='backbone')),
    neck=dict(type='GlobalAveragePooling'),
    head=dict(
        type='MultiLabelLinearClsHead', num_classes=19, in_channels=1024))
dataset_type = 'Chest19'
img_norm_cfg = dict(
    mean=[123.675, 116.28, 103.53], std=[58.395, 57.12, 57.375], to_rgb=True)
train_pipeline = [
    dict(type='LoadImageFromFile'),
    dict(
        type='RandomResizedCrop',
        size=256,
        backend='pillow',
        interpolation='bicubic'),
    dict(type='RandomFlip', flip_prob=0.5, direction='horizontal'),
    dict(
        type='Normalize',
        mean=[123.675, 116.28, 103.53],
        std=[58.395, 57.12, 57.375],
        to_rgb=True),
    dict(type='ImageToTensor', keys=['img']),
    dict(type='ToTensor', keys=['gt_label']),
    dict(type='Collect', keys=['img', 'gt_label'])
]
test_pipeline = [
    dict(type='LoadImageFromFile'),
    dict(type='Resize', size=256, backend='pillow', interpolation='bicubic'),
    dict(
        type='Normalize',
        mean=[123.675, 116.28, 103.53],
        std=[58.395, 57.12, 57.375],
        to_rgb=True),
    dict(type='ImageToTensor', keys=['img']),
    dict(type='Collect', keys=['img'])
]
data = dict(
    samples_per_gpu=4,
    workers_per_gpu=4,
    train=dict(
        type='Chest19',
        data_prefix=
        '/mnt/petrelfs/jiyuanfeng.p/data/medfmc/MedFMC_train/chest/images',
        ann_file=
        '/mnt/petrelfs/jiyuanfeng.p/project/radiffuser/tools/downstream/medfm/data_backup/MedFMC/chest/chest_1-shot_train_exp5.txt',
        pipeline=[
            dict(type='LoadImageFromFile'),
            dict(
                type='RandomResizedCrop',
                size=256,
                backend='pillow',
                interpolation='bicubic'),
            dict(type='RandomFlip', flip_prob=0.5, direction='horizontal'),
            dict(
                type='Normalize',
                mean=[123.675, 116.28, 103.53],
                std=[58.395, 57.12, 57.375],
                to_rgb=True),
            dict(type='ImageToTensor', keys=['img']),
            dict(type='ToTensor', keys=['gt_label']),
            dict(type='Collect', keys=['img', 'gt_label'])
        ]),
    val=dict(
        type='Chest19',
        data_prefix=
        '/mnt/petrelfs/jiyuanfeng.p/data/medfmc/MedFMC_train/chest/images',
        ann_file=
        '/mnt/petrelfs/jiyuanfeng.p/project/radiffuser/tools/downstream/medfm/data_backup/MedFMC/chest/chest_1-shot_val_exp5.txt',
        pipeline=[
            dict(type='LoadImageFromFile'),
            dict(
                type='Resize',
                size=256,
                backend='pillow',
                interpolation='bicubic'),
            dict(
                type='Normalize',
                mean=[123.675, 116.28, 103.53],
                std=[58.395, 57.12, 57.375],
                to_rgb=True),
            dict(type='ImageToTensor', keys=['img']),
            dict(type='Collect', keys=['img'])
        ]),
    test=dict(
        type='Chest19',
        data_prefix=
        '/mnt/petrelfs/jiyuanfeng.p/data/medfmc/MedFMC_train/chest/images',
        ann_file=
        '/mnt/petrelfs/jiyuanfeng.p/project/radiffuser/tools/downstream/medfm/data_backup/MedFMC/chest/test_WithLabel.txt',
        pipeline=[
            dict(type='LoadImageFromFile'),
            dict(
                type='Resize',
                size=256,
                backend='pillow',
                interpolation='bicubic'),
            dict(
                type='Normalize',
                mean=[123.675, 116.28, 103.53],
                std=[58.395, 57.12, 57.375],
                to_rgb=True),
            dict(type='ImageToTensor', keys=['img']),
            dict(type='Collect', keys=['img'])
        ]))
evaluation = dict(interval=1, metric='mAP', save_best='auto')
optimizer = dict(type='SGD', lr=0.001, momentum=0.9, weight_decay=0.0001)
optimizer_config = dict(grad_clip=None)
lr_config = dict(policy='CosineAnnealing', min_lr=0)
runner = dict(type='EpochBasedRunner', max_epochs=20)
checkpoint_config = dict(interval=1, max_keep_ckpts=1)
log_config = dict(interval=5, hooks=[dict(type='TextLoggerHook')])
dist_params = dict(backend='nccl')
log_level = 'INFO'
load_from = 'work_dirs/downsteam/cls/mimic/pretrain/sync5/latest.pth'
resume_from = None
workflow = [('train', 1)]
custom_imports = dict(
    imports=[
        'medfmc.models', 'medfmc.datasets.medical_datasets',
        'medfmc.core.evaluation'
    ],
    allow_failed_imports=False)
dataset = 'chest'
nshot = 1
exp = 5
base_path = '/mnt/petrelfs/jiyuanfeng.p/project/radiffuser/tools/downstream/medfm/data_backup/MedFMC'
train_val_template = '/mnt/petrelfs/jiyuanfeng.p/project/radiffuser/tools/downstream/medfm/data_backup/MedFMC/{dataset}/{dataset}_{nshot}-shot_{split}_exp{exp}.txt'
work_dir = 'work_dirs/downsteam/cls/medfmc/fewshot/syn5/1_shot_exp5'
gpu_ids = [0]

2024-10-31 10:51:05,364 - mmcls - INFO - Set random seed to 0, deterministic: False
2024-10-31 10:51:05,783 - mmcls - INFO - initialize DenseNet with init_cfg {'type': 'Pretrained', 'checkpoint': 'weights/densenet121_4xb256_in1k_20220426-07450f99.pth', 'prefix': 'backbone'}
2024-10-31 10:51:07,514 - mmcls - INFO - initialize MultiLabelLinearClsHead with init_cfg {'type': 'Normal', 'layer': 'Linear', 'std': 0.01}
Name of parameter - Initialization information

backbone.stem.0.weight - torch.Size([64, 3, 7, 7]): 
PretrainedInit: load from weights/densenet121_4xb256_in1k_20220426-07450f99.pth 

backbone.stem.1.weight - torch.Size([64]): 
PretrainedInit: load from weights/densenet121_4xb256_in1k_20220426-07450f99.pth 

backbone.stem.1.bias - torch.Size([64]): 
PretrainedInit: load from weights/densenet121_4xb256_in1k_20220426-07450f99.pth 

backbone.stages.0.block.0.norm1.weight - torch.Size([64]): 
PretrainedInit: load from weights/densenet121_4xb256_in1k_20220426-07450f99.pth 

backbone.stages.0.block.0.norm1.bias - torch.Size([64]): 
PretrainedInit: load from weights/densenet121_4xb256_in1k_20220426-07450f99.pth 

backbone.stages.0.block.0.conv1.weight - torch.Size([128, 64, 1, 1]): 
PretrainedInit: load from weights/densenet121_4xb256_in1k_20220426-07450f99.pth 

backbone.stages.0.block.0.norm2.weight - torch.Size([128]): 
PretrainedInit: load from weights/densenet121_4xb256_in1k_20220426-07450f99.pth 

backbone.stages.0.block.0.norm2.bias - torch.Size([128]): 
PretrainedInit: load from weights/densenet121_4xb256_in1k_20220426-07450f99.pth 

backbone.stages.0.block.0.conv2.weight - torch.Size([32, 128, 3, 3]): 
PretrainedInit: load from weights/densenet121_4xb256_in1k_20220426-07450f99.pth 

backbone.stages.0.block.1.norm1.weight - torch.Size([96]): 
PretrainedInit: load from weights/densenet121_4xb256_in1k_20220426-07450f99.pth 

backbone.stages.0.block.1.norm1.bias - torch.Size([96]): 
PretrainedInit: load from weights/densenet121_4xb256_in1k_20220426-07450f99.pth 

backbone.stages.0.block.1.conv1.weight - torch.Size([128, 96, 1, 1]): 
PretrainedInit: load from weights/densenet121_4xb256_in1k_20220426-07450f99.pth 

backbone.stages.0.block.1.norm2.weight - torch.Size([128]): 
PretrainedInit: load from weights/densenet121_4xb256_in1k_20220426-07450f99.pth 

backbone.stages.0.block.1.norm2.bias - torch.Size([128]): 
PretrainedInit: load from weights/densenet121_4xb256_in1k_20220426-07450f99.pth 

backbone.stages.0.block.1.conv2.weight - torch.Size([32, 128, 3, 3]): 
PretrainedInit: load from weights/densenet121_4xb256_in1k_20220426-07450f99.pth 

backbone.stages.0.block.2.norm1.weight - torch.Size([128]): 
PretrainedInit: load from weights/densenet121_4xb256_in1k_20220426-07450f99.pth 

backbone.stages.0.block.2.norm1.bias - torch.Size([128]): 
PretrainedInit: load from weights/densenet121_4xb256_in1k_20220426-07450f99.pth 

backbone.stages.0.block.2.conv1.weight - torch.Size([128, 128, 1, 1]): 
PretrainedInit: load from weights/densenet121_4xb256_in1k_20220426-07450f99.pth 

backbone.stages.0.block.2.norm2.weight - torch.Size([128]): 
PretrainedInit: load from weights/densenet121_4xb256_in1k_20220426-07450f99.pth 

backbone.stages.0.block.2.norm2.bias - torch.Size([128]): 
PretrainedInit: load from weights/densenet121_4xb256_in1k_20220426-07450f99.pth 

backbone.stages.0.block.2.conv2.weight - torch.Size([32, 128, 3, 3]): 
PretrainedInit: load from weights/densenet121_4xb256_in1k_20220426-07450f99.pth 

backbone.stages.0.block.3.norm1.weight - torch.Size([160]): 
PretrainedInit: load from weights/densenet121_4xb256_in1k_20220426-07450f99.pth 

backbone.stages.0.block.3.norm1.bias - torch.Size([160]): 
PretrainedInit: load from weights/densenet121_4xb256_in1k_20220426-07450f99.pth 

backbone.stages.0.block.3.conv1.weight - torch.Size([128, 160, 1, 1]): 
PretrainedInit: load from weights/densenet121_4xb256_in1k_20220426-07450f99.pth 

backbone.stages.0.block.3.norm2.weight - torch.Size([128]): 
PretrainedInit: load from weights/densenet121_4xb256_in1k_20220426-07450f99.pth 

backbone.stages.0.block.3.norm2.bias - torch.Size([128]): 
PretrainedInit: load from weights/densenet121_4xb256_in1k_20220426-07450f99.pth 

backbone.stages.0.block.3.conv2.weight - torch.Size([32, 128, 3, 3]): 
PretrainedInit: load from weights/densenet121_4xb256_in1k_20220426-07450f99.pth 

backbone.stages.0.block.4.norm1.weight - torch.Size([192]): 
PretrainedInit: load from weights/densenet121_4xb256_in1k_20220426-07450f99.pth 

backbone.stages.0.block.4.norm1.bias - torch.Size([192]): 
PretrainedInit: load from weights/densenet121_4xb256_in1k_20220426-07450f99.pth 

backbone.stages.0.block.4.conv1.weight - torch.Size([128, 192, 1, 1]): 
PretrainedInit: load from weights/densenet121_4xb256_in1k_20220426-07450f99.pth 

backbone.stages.0.block.4.norm2.weight - torch.Size([128]): 
PretrainedInit: load from weights/densenet121_4xb256_in1k_20220426-07450f99.pth 

backbone.stages.0.block.4.norm2.bias - torch.Size([128]): 
PretrainedInit: load from weights/densenet121_4xb256_in1k_20220426-07450f99.pth 

backbone.stages.0.block.4.conv2.weight - torch.Size([32, 128, 3, 3]): 
PretrainedInit: load from weights/densenet121_4xb256_in1k_20220426-07450f99.pth 

backbone.stages.0.block.5.norm1.weight - torch.Size([224]): 
PretrainedInit: load from weights/densenet121_4xb256_in1k_20220426-07450f99.pth 

backbone.stages.0.block.5.norm1.bias - torch.Size([224]): 
PretrainedInit: load from weights/densenet121_4xb256_in1k_20220426-07450f99.pth 

backbone.stages.0.block.5.conv1.weight - torch.Size([128, 224, 1, 1]): 
PretrainedInit: load from weights/densenet121_4xb256_in1k_20220426-07450f99.pth 

backbone.stages.0.block.5.norm2.weight - torch.Size([128]): 
PretrainedInit: load from weights/densenet121_4xb256_in1k_20220426-07450f99.pth 

backbone.stages.0.block.5.norm2.bias - torch.Size([128]): 
PretrainedInit: load from weights/densenet121_4xb256_in1k_20220426-07450f99.pth 

backbone.stages.0.block.5.conv2.weight - torch.Size([32, 128, 3, 3]): 
PretrainedInit: load from weights/densenet121_4xb256_in1k_20220426-07450f99.pth 

backbone.stages.1.block.0.norm1.weight - torch.Size([128]): 
PretrainedInit: load from weights/densenet121_4xb256_in1k_20220426-07450f99.pth 

backbone.stages.1.block.0.norm1.bias - torch.Size([128]): 
PretrainedInit: load from weights/densenet121_4xb256_in1k_20220426-07450f99.pth 

backbone.stages.1.block.0.conv1.weight - torch.Size([128, 128, 1, 1]): 
PretrainedInit: load from weights/densenet121_4xb256_in1k_20220426-07450f99.pth 

backbone.stages.1.block.0.norm2.weight - torch.Size([128]): 
PretrainedInit: load from weights/densenet121_4xb256_in1k_20220426-07450f99.pth 

backbone.stages.1.block.0.norm2.bias - torch.Size([128]): 
PretrainedInit: load from weights/densenet121_4xb256_in1k_20220426-07450f99.pth 

backbone.stages.1.block.0.conv2.weight - torch.Size([32, 128, 3, 3]): 
PretrainedInit: load from weights/densenet121_4xb256_in1k_20220426-07450f99.pth 

backbone.stages.1.block.1.norm1.weight - torch.Size([160]): 
PretrainedInit: load from weights/densenet121_4xb256_in1k_20220426-07450f99.pth 

backbone.stages.1.block.1.norm1.bias - torch.Size([160]): 
PretrainedInit: load from weights/densenet121_4xb256_in1k_20220426-07450f99.pth 

backbone.stages.1.block.1.conv1.weight - torch.Size([128, 160, 1, 1]): 
PretrainedInit: load from weights/densenet121_4xb256_in1k_20220426-07450f99.pth 

backbone.stages.1.block.1.norm2.weight - torch.Size([128]): 
PretrainedInit: load from weights/densenet121_4xb256_in1k_20220426-07450f99.pth 

backbone.stages.1.block.1.norm2.bias - torch.Size([128]): 
PretrainedInit: load from weights/densenet121_4xb256_in1k_20220426-07450f99.pth 

backbone.stages.1.block.1.conv2.weight - torch.Size([32, 128, 3, 3]): 
PretrainedInit: load from weights/densenet121_4xb256_in1k_20220426-07450f99.pth 

backbone.stages.1.block.2.norm1.weight - torch.Size([192]): 
PretrainedInit: load from weights/densenet121_4xb256_in1k_20220426-07450f99.pth 

backbone.stages.1.block.2.norm1.bias - torch.Size([192]): 
PretrainedInit: load from weights/densenet121_4xb256_in1k_20220426-07450f99.pth 

backbone.stages.1.block.2.conv1.weight - torch.Size([128, 192, 1, 1]): 
PretrainedInit: load from weights/densenet121_4xb256_in1k_20220426-07450f99.pth 

backbone.stages.1.block.2.norm2.weight - torch.Size([128]): 
PretrainedInit: load from weights/densenet121_4xb256_in1k_20220426-07450f99.pth 

backbone.stages.1.block.2.norm2.bias - torch.Size([128]): 
PretrainedInit: load from weights/densenet121_4xb256_in1k_20220426-07450f99.pth 

backbone.stages.1.block.2.conv2.weight - torch.Size([32, 128, 3, 3]): 
PretrainedInit: load from weights/densenet121_4xb256_in1k_20220426-07450f99.pth 

backbone.stages.1.block.3.norm1.weight - torch.Size([224]): 
PretrainedInit: load from weights/densenet121_4xb256_in1k_20220426-07450f99.pth 

backbone.stages.1.block.3.norm1.bias - torch.Size([224]): 
PretrainedInit: load from weights/densenet121_4xb256_in1k_20220426-07450f99.pth 

backbone.stages.1.block.3.conv1.weight - torch.Size([128, 224, 1, 1]): 
PretrainedInit: load from weights/densenet121_4xb256_in1k_20220426-07450f99.pth 

backbone.stages.1.block.3.norm2.weight - torch.Size([128]): 
PretrainedInit: load from weights/densenet121_4xb256_in1k_20220426-07450f99.pth 

backbone.stages.1.block.3.norm2.bias - torch.Size([128]): 
PretrainedInit: load from weights/densenet121_4xb256_in1k_20220426-07450f99.pth 

backbone.stages.1.block.3.conv2.weight - torch.Size([32, 128, 3, 3]): 
PretrainedInit: load from weights/densenet121_4xb256_in1k_20220426-07450f99.pth 

backbone.stages.1.block.4.norm1.weight - torch.Size([256]): 
PretrainedInit: load from weights/densenet121_4xb256_in1k_20220426-07450f99.pth 

backbone.stages.1.block.4.norm1.bias - torch.Size([256]): 
PretrainedInit: load from weights/densenet121_4xb256_in1k_20220426-07450f99.pth 

backbone.stages.1.block.4.conv1.weight - torch.Size([128, 256, 1, 1]): 
PretrainedInit: load from weights/densenet121_4xb256_in1k_20220426-07450f99.pth 

backbone.stages.1.block.4.norm2.weight - torch.Size([128]): 
PretrainedInit: load from weights/densenet121_4xb256_in1k_20220426-07450f99.pth 

backbone.stages.1.block.4.norm2.bias - torch.Size([128]): 
PretrainedInit: load from weights/densenet121_4xb256_in1k_20220426-07450f99.pth 

backbone.stages.1.block.4.conv2.weight - torch.Size([32, 128, 3, 3]): 
PretrainedInit: load from weights/densenet121_4xb256_in1k_20220426-07450f99.pth 

backbone.stages.1.block.5.norm1.weight - torch.Size([288]): 
PretrainedInit: load from weights/densenet121_4xb256_in1k_20220426-07450f99.pth 

backbone.stages.1.block.5.norm1.bias - torch.Size([288]): 
PretrainedInit: load from weights/densenet121_4xb256_in1k_20220426-07450f99.pth 

backbone.stages.1.block.5.conv1.weight - torch.Size([128, 288, 1, 1]): 
PretrainedInit: load from weights/densenet121_4xb256_in1k_20220426-07450f99.pth 

backbone.stages.1.block.5.norm2.weight - torch.Size([128]): 
PretrainedInit: load from weights/densenet121_4xb256_in1k_20220426-07450f99.pth 

backbone.stages.1.block.5.norm2.bias - torch.Size([128]): 
PretrainedInit: load from weights/densenet121_4xb256_in1k_20220426-07450f99.pth 

backbone.stages.1.block.5.conv2.weight - torch.Size([32, 128, 3, 3]): 
PretrainedInit: load from weights/densenet121_4xb256_in1k_20220426-07450f99.pth 

backbone.stages.1.block.6.norm1.weight - torch.Size([320]): 
PretrainedInit: load from weights/densenet121_4xb256_in1k_20220426-07450f99.pth 

backbone.stages.1.block.6.norm1.bias - torch.Size([320]): 
PretrainedInit: load from weights/densenet121_4xb256_in1k_20220426-07450f99.pth 

backbone.stages.1.block.6.conv1.weight - torch.Size([128, 320, 1, 1]): 
PretrainedInit: load from weights/densenet121_4xb256_in1k_20220426-07450f99.pth 

backbone.stages.1.block.6.norm2.weight - torch.Size([128]): 
PretrainedInit: load from weights/densenet121_4xb256_in1k_20220426-07450f99.pth 

backbone.stages.1.block.6.norm2.bias - torch.Size([128]): 
PretrainedInit: load from weights/densenet121_4xb256_in1k_20220426-07450f99.pth 

backbone.stages.1.block.6.conv2.weight - torch.Size([32, 128, 3, 3]): 
PretrainedInit: load from weights/densenet121_4xb256_in1k_20220426-07450f99.pth 

backbone.stages.1.block.7.norm1.weight - torch.Size([352]): 
PretrainedInit: load from weights/densenet121_4xb256_in1k_20220426-07450f99.pth 

backbone.stages.1.block.7.norm1.bias - torch.Size([352]): 
PretrainedInit: load from weights/densenet121_4xb256_in1k_20220426-07450f99.pth 

backbone.stages.1.block.7.conv1.weight - torch.Size([128, 352, 1, 1]): 
PretrainedInit: load from weights/densenet121_4xb256_in1k_20220426-07450f99.pth 

backbone.stages.1.block.7.norm2.weight - torch.Size([128]): 
PretrainedInit: load from weights/densenet121_4xb256_in1k_20220426-07450f99.pth 

backbone.stages.1.block.7.norm2.bias - torch.Size([128]): 
PretrainedInit: load from weights/densenet121_4xb256_in1k_20220426-07450f99.pth 

backbone.stages.1.block.7.conv2.weight - torch.Size([32, 128, 3, 3]): 
PretrainedInit: load from weights/densenet121_4xb256_in1k_20220426-07450f99.pth 

backbone.stages.1.block.8.norm1.weight - torch.Size([384]): 
PretrainedInit: load from weights/densenet121_4xb256_in1k_20220426-07450f99.pth 

backbone.stages.1.block.8.norm1.bias - torch.Size([384]): 
PretrainedInit: load from weights/densenet121_4xb256_in1k_20220426-07450f99.pth 

backbone.stages.1.block.8.conv1.weight - torch.Size([128, 384, 1, 1]): 
PretrainedInit: load from weights/densenet121_4xb256_in1k_20220426-07450f99.pth 

backbone.stages.1.block.8.norm2.weight - torch.Size([128]): 
PretrainedInit: load from weights/densenet121_4xb256_in1k_20220426-07450f99.pth 

backbone.stages.1.block.8.norm2.bias - torch.Size([128]): 
PretrainedInit: load from weights/densenet121_4xb256_in1k_20220426-07450f99.pth 

backbone.stages.1.block.8.conv2.weight - torch.Size([32, 128, 3, 3]): 
PretrainedInit: load from weights/densenet121_4xb256_in1k_20220426-07450f99.pth 

backbone.stages.1.block.9.norm1.weight - torch.Size([416]): 
PretrainedInit: load from weights/densenet121_4xb256_in1k_20220426-07450f99.pth 

backbone.stages.1.block.9.norm1.bias - torch.Size([416]): 
PretrainedInit: load from weights/densenet121_4xb256_in1k_20220426-07450f99.pth 

backbone.stages.1.block.9.conv1.weight - torch.Size([128, 416, 1, 1]): 
PretrainedInit: load from weights/densenet121_4xb256_in1k_20220426-07450f99.pth 

backbone.stages.1.block.9.norm2.weight - torch.Size([128]): 
PretrainedInit: load from weights/densenet121_4xb256_in1k_20220426-07450f99.pth 

backbone.stages.1.block.9.norm2.bias - torch.Size([128]): 
PretrainedInit: load from weights/densenet121_4xb256_in1k_20220426-07450f99.pth 

backbone.stages.1.block.9.conv2.weight - torch.Size([32, 128, 3, 3]): 
PretrainedInit: load from weights/densenet121_4xb256_in1k_20220426-07450f99.pth 

backbone.stages.1.block.10.norm1.weight - torch.Size([448]): 
PretrainedInit: load from weights/densenet121_4xb256_in1k_20220426-07450f99.pth 

backbone.stages.1.block.10.norm1.bias - torch.Size([448]): 
PretrainedInit: load from weights/densenet121_4xb256_in1k_20220426-07450f99.pth 

backbone.stages.1.block.10.conv1.weight - torch.Size([128, 448, 1, 1]): 
PretrainedInit: load from weights/densenet121_4xb256_in1k_20220426-07450f99.pth 

backbone.stages.1.block.10.norm2.weight - torch.Size([128]): 
PretrainedInit: load from weights/densenet121_4xb256_in1k_20220426-07450f99.pth 

backbone.stages.1.block.10.norm2.bias - torch.Size([128]): 
PretrainedInit: load from weights/densenet121_4xb256_in1k_20220426-07450f99.pth 

backbone.stages.1.block.10.conv2.weight - torch.Size([32, 128, 3, 3]): 
PretrainedInit: load from weights/densenet121_4xb256_in1k_20220426-07450f99.pth 

backbone.stages.1.block.11.norm1.weight - torch.Size([480]): 
PretrainedInit: load from weights/densenet121_4xb256_in1k_20220426-07450f99.pth 

backbone.stages.1.block.11.norm1.bias - torch.Size([480]): 
PretrainedInit: load from weights/densenet121_4xb256_in1k_20220426-07450f99.pth 

backbone.stages.1.block.11.conv1.weight - torch.Size([128, 480, 1, 1]): 
PretrainedInit: load from weights/densenet121_4xb256_in1k_20220426-07450f99.pth 

backbone.stages.1.block.11.norm2.weight - torch.Size([128]): 
PretrainedInit: load from weights/densenet121_4xb256_in1k_20220426-07450f99.pth 

backbone.stages.1.block.11.norm2.bias - torch.Size([128]): 
PretrainedInit: load from weights/densenet121_4xb256_in1k_20220426-07450f99.pth 

backbone.stages.1.block.11.conv2.weight - torch.Size([32, 128, 3, 3]): 
PretrainedInit: load from weights/densenet121_4xb256_in1k_20220426-07450f99.pth 

backbone.stages.2.block.0.norm1.weight - torch.Size([256]): 
PretrainedInit: load from weights/densenet121_4xb256_in1k_20220426-07450f99.pth 

backbone.stages.2.block.0.norm1.bias - torch.Size([256]): 
PretrainedInit: load from weights/densenet121_4xb256_in1k_20220426-07450f99.pth 

backbone.stages.2.block.0.conv1.weight - torch.Size([128, 256, 1, 1]): 
PretrainedInit: load from weights/densenet121_4xb256_in1k_20220426-07450f99.pth 

backbone.stages.2.block.0.norm2.weight - torch.Size([128]): 
PretrainedInit: load from weights/densenet121_4xb256_in1k_20220426-07450f99.pth 

backbone.stages.2.block.0.norm2.bias - torch.Size([128]): 
PretrainedInit: load from weights/densenet121_4xb256_in1k_20220426-07450f99.pth 

backbone.stages.2.block.0.conv2.weight - torch.Size([32, 128, 3, 3]): 
PretrainedInit: load from weights/densenet121_4xb256_in1k_20220426-07450f99.pth 

backbone.stages.2.block.1.norm1.weight - torch.Size([288]): 
PretrainedInit: load from weights/densenet121_4xb256_in1k_20220426-07450f99.pth 

backbone.stages.2.block.1.norm1.bias - torch.Size([288]): 
PretrainedInit: load from weights/densenet121_4xb256_in1k_20220426-07450f99.pth 

backbone.stages.2.block.1.conv1.weight - torch.Size([128, 288, 1, 1]): 
PretrainedInit: load from weights/densenet121_4xb256_in1k_20220426-07450f99.pth 

backbone.stages.2.block.1.norm2.weight - torch.Size([128]): 
PretrainedInit: load from weights/densenet121_4xb256_in1k_20220426-07450f99.pth 

backbone.stages.2.block.1.norm2.bias - torch.Size([128]): 
PretrainedInit: load from weights/densenet121_4xb256_in1k_20220426-07450f99.pth 

backbone.stages.2.block.1.conv2.weight - torch.Size([32, 128, 3, 3]): 
PretrainedInit: load from weights/densenet121_4xb256_in1k_20220426-07450f99.pth 

backbone.stages.2.block.2.norm1.weight - torch.Size([320]): 
PretrainedInit: load from weights/densenet121_4xb256_in1k_20220426-07450f99.pth 

backbone.stages.2.block.2.norm1.bias - torch.Size([320]): 
PretrainedInit: load from weights/densenet121_4xb256_in1k_20220426-07450f99.pth 

backbone.stages.2.block.2.conv1.weight - torch.Size([128, 320, 1, 1]): 
PretrainedInit: load from weights/densenet121_4xb256_in1k_20220426-07450f99.pth 

backbone.stages.2.block.2.norm2.weight - torch.Size([128]): 
PretrainedInit: load from weights/densenet121_4xb256_in1k_20220426-07450f99.pth 

backbone.stages.2.block.2.norm2.bias - torch.Size([128]): 
PretrainedInit: load from weights/densenet121_4xb256_in1k_20220426-07450f99.pth 

backbone.stages.2.block.2.conv2.weight - torch.Size([32, 128, 3, 3]): 
PretrainedInit: load from weights/densenet121_4xb256_in1k_20220426-07450f99.pth 

backbone.stages.2.block.3.norm1.weight - torch.Size([352]): 
PretrainedInit: load from weights/densenet121_4xb256_in1k_20220426-07450f99.pth 

backbone.stages.2.block.3.norm1.bias - torch.Size([352]): 
PretrainedInit: load from weights/densenet121_4xb256_in1k_20220426-07450f99.pth 

backbone.stages.2.block.3.conv1.weight - torch.Size([128, 352, 1, 1]): 
PretrainedInit: load from weights/densenet121_4xb256_in1k_20220426-07450f99.pth 

backbone.stages.2.block.3.norm2.weight - torch.Size([128]): 
PretrainedInit: load from weights/densenet121_4xb256_in1k_20220426-07450f99.pth 

backbone.stages.2.block.3.norm2.bias - torch.Size([128]): 
PretrainedInit: load from weights/densenet121_4xb256_in1k_20220426-07450f99.pth 

backbone.stages.2.block.3.conv2.weight - torch.Size([32, 128, 3, 3]): 
PretrainedInit: load from weights/densenet121_4xb256_in1k_20220426-07450f99.pth 

backbone.stages.2.block.4.norm1.weight - torch.Size([384]): 
PretrainedInit: load from weights/densenet121_4xb256_in1k_20220426-07450f99.pth 

backbone.stages.2.block.4.norm1.bias - torch.Size([384]): 
PretrainedInit: load from weights/densenet121_4xb256_in1k_20220426-07450f99.pth 

backbone.stages.2.block.4.conv1.weight - torch.Size([128, 384, 1, 1]): 
PretrainedInit: load from weights/densenet121_4xb256_in1k_20220426-07450f99.pth 

backbone.stages.2.block.4.norm2.weight - torch.Size([128]): 
PretrainedInit: load from weights/densenet121_4xb256_in1k_20220426-07450f99.pth 

backbone.stages.2.block.4.norm2.bias - torch.Size([128]): 
PretrainedInit: load from weights/densenet121_4xb256_in1k_20220426-07450f99.pth 

backbone.stages.2.block.4.conv2.weight - torch.Size([32, 128, 3, 3]): 
PretrainedInit: load from weights/densenet121_4xb256_in1k_20220426-07450f99.pth 

backbone.stages.2.block.5.norm1.weight - torch.Size([416]): 
PretrainedInit: load from weights/densenet121_4xb256_in1k_20220426-07450f99.pth 

backbone.stages.2.block.5.norm1.bias - torch.Size([416]): 
PretrainedInit: load from weights/densenet121_4xb256_in1k_20220426-07450f99.pth 

backbone.stages.2.block.5.conv1.weight - torch.Size([128, 416, 1, 1]): 
PretrainedInit: load from weights/densenet121_4xb256_in1k_20220426-07450f99.pth 

backbone.stages.2.block.5.norm2.weight - torch.Size([128]): 
PretrainedInit: load from weights/densenet121_4xb256_in1k_20220426-07450f99.pth 

backbone.stages.2.block.5.norm2.bias - torch.Size([128]): 
PretrainedInit: load from weights/densenet121_4xb256_in1k_20220426-07450f99.pth 

backbone.stages.2.block.5.conv2.weight - torch.Size([32, 128, 3, 3]): 
PretrainedInit: load from weights/densenet121_4xb256_in1k_20220426-07450f99.pth 

backbone.stages.2.block.6.norm1.weight - torch.Size([448]): 
PretrainedInit: load from weights/densenet121_4xb256_in1k_20220426-07450f99.pth 

backbone.stages.2.block.6.norm1.bias - torch.Size([448]): 
PretrainedInit: load from weights/densenet121_4xb256_in1k_20220426-07450f99.pth 

backbone.stages.2.block.6.conv1.weight - torch.Size([128, 448, 1, 1]): 
PretrainedInit: load from weights/densenet121_4xb256_in1k_20220426-07450f99.pth 

backbone.stages.2.block.6.norm2.weight - torch.Size([128]): 
PretrainedInit: load from weights/densenet121_4xb256_in1k_20220426-07450f99.pth 

backbone.stages.2.block.6.norm2.bias - torch.Size([128]): 
PretrainedInit: load from weights/densenet121_4xb256_in1k_20220426-07450f99.pth 

backbone.stages.2.block.6.conv2.weight - torch.Size([32, 128, 3, 3]): 
PretrainedInit: load from weights/densenet121_4xb256_in1k_20220426-07450f99.pth 

backbone.stages.2.block.7.norm1.weight - torch.Size([480]): 
PretrainedInit: load from weights/densenet121_4xb256_in1k_20220426-07450f99.pth 

backbone.stages.2.block.7.norm1.bias - torch.Size([480]): 
PretrainedInit: load from weights/densenet121_4xb256_in1k_20220426-07450f99.pth 

backbone.stages.2.block.7.conv1.weight - torch.Size([128, 480, 1, 1]): 
PretrainedInit: load from weights/densenet121_4xb256_in1k_20220426-07450f99.pth 

backbone.stages.2.block.7.norm2.weight - torch.Size([128]): 
PretrainedInit: load from weights/densenet121_4xb256_in1k_20220426-07450f99.pth 

backbone.stages.2.block.7.norm2.bias - torch.Size([128]): 
PretrainedInit: load from weights/densenet121_4xb256_in1k_20220426-07450f99.pth 

backbone.stages.2.block.7.conv2.weight - torch.Size([32, 128, 3, 3]): 
PretrainedInit: load from weights/densenet121_4xb256_in1k_20220426-07450f99.pth 

backbone.stages.2.block.8.norm1.weight - torch.Size([512]): 
PretrainedInit: load from weights/densenet121_4xb256_in1k_20220426-07450f99.pth 

backbone.stages.2.block.8.norm1.bias - torch.Size([512]): 
PretrainedInit: load from weights/densenet121_4xb256_in1k_20220426-07450f99.pth 

backbone.stages.2.block.8.conv1.weight - torch.Size([128, 512, 1, 1]): 
PretrainedInit: load from weights/densenet121_4xb256_in1k_20220426-07450f99.pth 

backbone.stages.2.block.8.norm2.weight - torch.Size([128]): 
PretrainedInit: load from weights/densenet121_4xb256_in1k_20220426-07450f99.pth 

backbone.stages.2.block.8.norm2.bias - torch.Size([128]): 
PretrainedInit: load from weights/densenet121_4xb256_in1k_20220426-07450f99.pth 

backbone.stages.2.block.8.conv2.weight - torch.Size([32, 128, 3, 3]): 
PretrainedInit: load from weights/densenet121_4xb256_in1k_20220426-07450f99.pth 

backbone.stages.2.block.9.norm1.weight - torch.Size([544]): 
PretrainedInit: load from weights/densenet121_4xb256_in1k_20220426-07450f99.pth 

backbone.stages.2.block.9.norm1.bias - torch.Size([544]): 
PretrainedInit: load from weights/densenet121_4xb256_in1k_20220426-07450f99.pth 

backbone.stages.2.block.9.conv1.weight - torch.Size([128, 544, 1, 1]): 
PretrainedInit: load from weights/densenet121_4xb256_in1k_20220426-07450f99.pth 

backbone.stages.2.block.9.norm2.weight - torch.Size([128]): 
PretrainedInit: load from weights/densenet121_4xb256_in1k_20220426-07450f99.pth 

backbone.stages.2.block.9.norm2.bias - torch.Size([128]): 
PretrainedInit: load from weights/densenet121_4xb256_in1k_20220426-07450f99.pth 

backbone.stages.2.block.9.conv2.weight - torch.Size([32, 128, 3, 3]): 
PretrainedInit: load from weights/densenet121_4xb256_in1k_20220426-07450f99.pth 

backbone.stages.2.block.10.norm1.weight - torch.Size([576]): 
PretrainedInit: load from weights/densenet121_4xb256_in1k_20220426-07450f99.pth 

backbone.stages.2.block.10.norm1.bias - torch.Size([576]): 
PretrainedInit: load from weights/densenet121_4xb256_in1k_20220426-07450f99.pth 

backbone.stages.2.block.10.conv1.weight - torch.Size([128, 576, 1, 1]): 
PretrainedInit: load from weights/densenet121_4xb256_in1k_20220426-07450f99.pth 

backbone.stages.2.block.10.norm2.weight - torch.Size([128]): 
PretrainedInit: load from weights/densenet121_4xb256_in1k_20220426-07450f99.pth 

backbone.stages.2.block.10.norm2.bias - torch.Size([128]): 
PretrainedInit: load from weights/densenet121_4xb256_in1k_20220426-07450f99.pth 

backbone.stages.2.block.10.conv2.weight - torch.Size([32, 128, 3, 3]): 
PretrainedInit: load from weights/densenet121_4xb256_in1k_20220426-07450f99.pth 

backbone.stages.2.block.11.norm1.weight - torch.Size([608]): 
PretrainedInit: load from weights/densenet121_4xb256_in1k_20220426-07450f99.pth 

backbone.stages.2.block.11.norm1.bias - torch.Size([608]): 
PretrainedInit: load from weights/densenet121_4xb256_in1k_20220426-07450f99.pth 

backbone.stages.2.block.11.conv1.weight - torch.Size([128, 608, 1, 1]): 
PretrainedInit: load from weights/densenet121_4xb256_in1k_20220426-07450f99.pth 

backbone.stages.2.block.11.norm2.weight - torch.Size([128]): 
PretrainedInit: load from weights/densenet121_4xb256_in1k_20220426-07450f99.pth 

backbone.stages.2.block.11.norm2.bias - torch.Size([128]): 
PretrainedInit: load from weights/densenet121_4xb256_in1k_20220426-07450f99.pth 

backbone.stages.2.block.11.conv2.weight - torch.Size([32, 128, 3, 3]): 
PretrainedInit: load from weights/densenet121_4xb256_in1k_20220426-07450f99.pth 

backbone.stages.2.block.12.norm1.weight - torch.Size([640]): 
PretrainedInit: load from weights/densenet121_4xb256_in1k_20220426-07450f99.pth 

backbone.stages.2.block.12.norm1.bias - torch.Size([640]): 
PretrainedInit: load from weights/densenet121_4xb256_in1k_20220426-07450f99.pth 

backbone.stages.2.block.12.conv1.weight - torch.Size([128, 640, 1, 1]): 
PretrainedInit: load from weights/densenet121_4xb256_in1k_20220426-07450f99.pth 

backbone.stages.2.block.12.norm2.weight - torch.Size([128]): 
PretrainedInit: load from weights/densenet121_4xb256_in1k_20220426-07450f99.pth 

backbone.stages.2.block.12.norm2.bias - torch.Size([128]): 
PretrainedInit: load from weights/densenet121_4xb256_in1k_20220426-07450f99.pth 

backbone.stages.2.block.12.conv2.weight - torch.Size([32, 128, 3, 3]): 
PretrainedInit: load from weights/densenet121_4xb256_in1k_20220426-07450f99.pth 

backbone.stages.2.block.13.norm1.weight - torch.Size([672]): 
PretrainedInit: load from weights/densenet121_4xb256_in1k_20220426-07450f99.pth 

backbone.stages.2.block.13.norm1.bias - torch.Size([672]): 
PretrainedInit: load from weights/densenet121_4xb256_in1k_20220426-07450f99.pth 

backbone.stages.2.block.13.conv1.weight - torch.Size([128, 672, 1, 1]): 
PretrainedInit: load from weights/densenet121_4xb256_in1k_20220426-07450f99.pth 

backbone.stages.2.block.13.norm2.weight - torch.Size([128]): 
PretrainedInit: load from weights/densenet121_4xb256_in1k_20220426-07450f99.pth 

backbone.stages.2.block.13.norm2.bias - torch.Size([128]): 
PretrainedInit: load from weights/densenet121_4xb256_in1k_20220426-07450f99.pth 

backbone.stages.2.block.13.conv2.weight - torch.Size([32, 128, 3, 3]): 
PretrainedInit: load from weights/densenet121_4xb256_in1k_20220426-07450f99.pth 

backbone.stages.2.block.14.norm1.weight - torch.Size([704]): 
PretrainedInit: load from weights/densenet121_4xb256_in1k_20220426-07450f99.pth 

backbone.stages.2.block.14.norm1.bias - torch.Size([704]): 
PretrainedInit: load from weights/densenet121_4xb256_in1k_20220426-07450f99.pth 

backbone.stages.2.block.14.conv1.weight - torch.Size([128, 704, 1, 1]): 
PretrainedInit: load from weights/densenet121_4xb256_in1k_20220426-07450f99.pth 

backbone.stages.2.block.14.norm2.weight - torch.Size([128]): 
PretrainedInit: load from weights/densenet121_4xb256_in1k_20220426-07450f99.pth 

backbone.stages.2.block.14.norm2.bias - torch.Size([128]): 
PretrainedInit: load from weights/densenet121_4xb256_in1k_20220426-07450f99.pth 

backbone.stages.2.block.14.conv2.weight - torch.Size([32, 128, 3, 3]): 
PretrainedInit: load from weights/densenet121_4xb256_in1k_20220426-07450f99.pth 

backbone.stages.2.block.15.norm1.weight - torch.Size([736]): 
PretrainedInit: load from weights/densenet121_4xb256_in1k_20220426-07450f99.pth 

backbone.stages.2.block.15.norm1.bias - torch.Size([736]): 
PretrainedInit: load from weights/densenet121_4xb256_in1k_20220426-07450f99.pth 

backbone.stages.2.block.15.conv1.weight - torch.Size([128, 736, 1, 1]): 
PretrainedInit: load from weights/densenet121_4xb256_in1k_20220426-07450f99.pth 

backbone.stages.2.block.15.norm2.weight - torch.Size([128]): 
PretrainedInit: load from weights/densenet121_4xb256_in1k_20220426-07450f99.pth 

backbone.stages.2.block.15.norm2.bias - torch.Size([128]): 
PretrainedInit: load from weights/densenet121_4xb256_in1k_20220426-07450f99.pth 

backbone.stages.2.block.15.conv2.weight - torch.Size([32, 128, 3, 3]): 
PretrainedInit: load from weights/densenet121_4xb256_in1k_20220426-07450f99.pth 

backbone.stages.2.block.16.norm1.weight - torch.Size([768]): 
PretrainedInit: load from weights/densenet121_4xb256_in1k_20220426-07450f99.pth 

backbone.stages.2.block.16.norm1.bias - torch.Size([768]): 
PretrainedInit: load from weights/densenet121_4xb256_in1k_20220426-07450f99.pth 

backbone.stages.2.block.16.conv1.weight - torch.Size([128, 768, 1, 1]): 
PretrainedInit: load from weights/densenet121_4xb256_in1k_20220426-07450f99.pth 

backbone.stages.2.block.16.norm2.weight - torch.Size([128]): 
PretrainedInit: load from weights/densenet121_4xb256_in1k_20220426-07450f99.pth 

backbone.stages.2.block.16.norm2.bias - torch.Size([128]): 
PretrainedInit: load from weights/densenet121_4xb256_in1k_20220426-07450f99.pth 

backbone.stages.2.block.16.conv2.weight - torch.Size([32, 128, 3, 3]): 
PretrainedInit: load from weights/densenet121_4xb256_in1k_20220426-07450f99.pth 

backbone.stages.2.block.17.norm1.weight - torch.Size([800]): 
PretrainedInit: load from weights/densenet121_4xb256_in1k_20220426-07450f99.pth 

backbone.stages.2.block.17.norm1.bias - torch.Size([800]): 
PretrainedInit: load from weights/densenet121_4xb256_in1k_20220426-07450f99.pth 

backbone.stages.2.block.17.conv1.weight - torch.Size([128, 800, 1, 1]): 
PretrainedInit: load from weights/densenet121_4xb256_in1k_20220426-07450f99.pth 

backbone.stages.2.block.17.norm2.weight - torch.Size([128]): 
PretrainedInit: load from weights/densenet121_4xb256_in1k_20220426-07450f99.pth 

backbone.stages.2.block.17.norm2.bias - torch.Size([128]): 
PretrainedInit: load from weights/densenet121_4xb256_in1k_20220426-07450f99.pth 

backbone.stages.2.block.17.conv2.weight - torch.Size([32, 128, 3, 3]): 
PretrainedInit: load from weights/densenet121_4xb256_in1k_20220426-07450f99.pth 

backbone.stages.2.block.18.norm1.weight - torch.Size([832]): 
PretrainedInit: load from weights/densenet121_4xb256_in1k_20220426-07450f99.pth 

backbone.stages.2.block.18.norm1.bias - torch.Size([832]): 
PretrainedInit: load from weights/densenet121_4xb256_in1k_20220426-07450f99.pth 

backbone.stages.2.block.18.conv1.weight - torch.Size([128, 832, 1, 1]): 
PretrainedInit: load from weights/densenet121_4xb256_in1k_20220426-07450f99.pth 

backbone.stages.2.block.18.norm2.weight - torch.Size([128]): 
PretrainedInit: load from weights/densenet121_4xb256_in1k_20220426-07450f99.pth 

backbone.stages.2.block.18.norm2.bias - torch.Size([128]): 
PretrainedInit: load from weights/densenet121_4xb256_in1k_20220426-07450f99.pth 

backbone.stages.2.block.18.conv2.weight - torch.Size([32, 128, 3, 3]): 
PretrainedInit: load from weights/densenet121_4xb256_in1k_20220426-07450f99.pth 

backbone.stages.2.block.19.norm1.weight - torch.Size([864]): 
PretrainedInit: load from weights/densenet121_4xb256_in1k_20220426-07450f99.pth 

backbone.stages.2.block.19.norm1.bias - torch.Size([864]): 
PretrainedInit: load from weights/densenet121_4xb256_in1k_20220426-07450f99.pth 

backbone.stages.2.block.19.conv1.weight - torch.Size([128, 864, 1, 1]): 
PretrainedInit: load from weights/densenet121_4xb256_in1k_20220426-07450f99.pth 

backbone.stages.2.block.19.norm2.weight - torch.Size([128]): 
PretrainedInit: load from weights/densenet121_4xb256_in1k_20220426-07450f99.pth 

backbone.stages.2.block.19.norm2.bias - torch.Size([128]): 
PretrainedInit: load from weights/densenet121_4xb256_in1k_20220426-07450f99.pth 

backbone.stages.2.block.19.conv2.weight - torch.Size([32, 128, 3, 3]): 
PretrainedInit: load from weights/densenet121_4xb256_in1k_20220426-07450f99.pth 

backbone.stages.2.block.20.norm1.weight - torch.Size([896]): 
PretrainedInit: load from weights/densenet121_4xb256_in1k_20220426-07450f99.pth 

backbone.stages.2.block.20.norm1.bias - torch.Size([896]): 
PretrainedInit: load from weights/densenet121_4xb256_in1k_20220426-07450f99.pth 

backbone.stages.2.block.20.conv1.weight - torch.Size([128, 896, 1, 1]): 
PretrainedInit: load from weights/densenet121_4xb256_in1k_20220426-07450f99.pth 

backbone.stages.2.block.20.norm2.weight - torch.Size([128]): 
PretrainedInit: load from weights/densenet121_4xb256_in1k_20220426-07450f99.pth 

backbone.stages.2.block.20.norm2.bias - torch.Size([128]): 
PretrainedInit: load from weights/densenet121_4xb256_in1k_20220426-07450f99.pth 

backbone.stages.2.block.20.conv2.weight - torch.Size([32, 128, 3, 3]): 
PretrainedInit: load from weights/densenet121_4xb256_in1k_20220426-07450f99.pth 

backbone.stages.2.block.21.norm1.weight - torch.Size([928]): 
PretrainedInit: load from weights/densenet121_4xb256_in1k_20220426-07450f99.pth 

backbone.stages.2.block.21.norm1.bias - torch.Size([928]): 
PretrainedInit: load from weights/densenet121_4xb256_in1k_20220426-07450f99.pth 

backbone.stages.2.block.21.conv1.weight - torch.Size([128, 928, 1, 1]): 
PretrainedInit: load from weights/densenet121_4xb256_in1k_20220426-07450f99.pth 

backbone.stages.2.block.21.norm2.weight - torch.Size([128]): 
PretrainedInit: load from weights/densenet121_4xb256_in1k_20220426-07450f99.pth 

backbone.stages.2.block.21.norm2.bias - torch.Size([128]): 
PretrainedInit: load from weights/densenet121_4xb256_in1k_20220426-07450f99.pth 

backbone.stages.2.block.21.conv2.weight - torch.Size([32, 128, 3, 3]): 
PretrainedInit: load from weights/densenet121_4xb256_in1k_20220426-07450f99.pth 

backbone.stages.2.block.22.norm1.weight - torch.Size([960]): 
PretrainedInit: load from weights/densenet121_4xb256_in1k_20220426-07450f99.pth 

backbone.stages.2.block.22.norm1.bias - torch.Size([960]): 
PretrainedInit: load from weights/densenet121_4xb256_in1k_20220426-07450f99.pth 

backbone.stages.2.block.22.conv1.weight - torch.Size([128, 960, 1, 1]): 
PretrainedInit: load from weights/densenet121_4xb256_in1k_20220426-07450f99.pth 

backbone.stages.2.block.22.norm2.weight - torch.Size([128]): 
PretrainedInit: load from weights/densenet121_4xb256_in1k_20220426-07450f99.pth 

backbone.stages.2.block.22.norm2.bias - torch.Size([128]): 
PretrainedInit: load from weights/densenet121_4xb256_in1k_20220426-07450f99.pth 

backbone.stages.2.block.22.conv2.weight - torch.Size([32, 128, 3, 3]): 
PretrainedInit: load from weights/densenet121_4xb256_in1k_20220426-07450f99.pth 

backbone.stages.2.block.23.norm1.weight - torch.Size([992]): 
PretrainedInit: load from weights/densenet121_4xb256_in1k_20220426-07450f99.pth 

backbone.stages.2.block.23.norm1.bias - torch.Size([992]): 
PretrainedInit: load from weights/densenet121_4xb256_in1k_20220426-07450f99.pth 

backbone.stages.2.block.23.conv1.weight - torch.Size([128, 992, 1, 1]): 
PretrainedInit: load from weights/densenet121_4xb256_in1k_20220426-07450f99.pth 

backbone.stages.2.block.23.norm2.weight - torch.Size([128]): 
PretrainedInit: load from weights/densenet121_4xb256_in1k_20220426-07450f99.pth 

backbone.stages.2.block.23.norm2.bias - torch.Size([128]): 
PretrainedInit: load from weights/densenet121_4xb256_in1k_20220426-07450f99.pth 

backbone.stages.2.block.23.conv2.weight - torch.Size([32, 128, 3, 3]): 
PretrainedInit: load from weights/densenet121_4xb256_in1k_20220426-07450f99.pth 

backbone.stages.3.block.0.norm1.weight - torch.Size([512]): 
PretrainedInit: load from weights/densenet121_4xb256_in1k_20220426-07450f99.pth 

backbone.stages.3.block.0.norm1.bias - torch.Size([512]): 
PretrainedInit: load from weights/densenet121_4xb256_in1k_20220426-07450f99.pth 

backbone.stages.3.block.0.conv1.weight - torch.Size([128, 512, 1, 1]): 
PretrainedInit: load from weights/densenet121_4xb256_in1k_20220426-07450f99.pth 

backbone.stages.3.block.0.norm2.weight - torch.Size([128]): 
PretrainedInit: load from weights/densenet121_4xb256_in1k_20220426-07450f99.pth 

backbone.stages.3.block.0.norm2.bias - torch.Size([128]): 
PretrainedInit: load from weights/densenet121_4xb256_in1k_20220426-07450f99.pth 

backbone.stages.3.block.0.conv2.weight - torch.Size([32, 128, 3, 3]): 
PretrainedInit: load from weights/densenet121_4xb256_in1k_20220426-07450f99.pth 

backbone.stages.3.block.1.norm1.weight - torch.Size([544]): 
PretrainedInit: load from weights/densenet121_4xb256_in1k_20220426-07450f99.pth 

backbone.stages.3.block.1.norm1.bias - torch.Size([544]): 
PretrainedInit: load from weights/densenet121_4xb256_in1k_20220426-07450f99.pth 

backbone.stages.3.block.1.conv1.weight - torch.Size([128, 544, 1, 1]): 
PretrainedInit: load from weights/densenet121_4xb256_in1k_20220426-07450f99.pth 

backbone.stages.3.block.1.norm2.weight - torch.Size([128]): 
PretrainedInit: load from weights/densenet121_4xb256_in1k_20220426-07450f99.pth 

backbone.stages.3.block.1.norm2.bias - torch.Size([128]): 
PretrainedInit: load from weights/densenet121_4xb256_in1k_20220426-07450f99.pth 

backbone.stages.3.block.1.conv2.weight - torch.Size([32, 128, 3, 3]): 
PretrainedInit: load from weights/densenet121_4xb256_in1k_20220426-07450f99.pth 

backbone.stages.3.block.2.norm1.weight - torch.Size([576]): 
PretrainedInit: load from weights/densenet121_4xb256_in1k_20220426-07450f99.pth 

backbone.stages.3.block.2.norm1.bias - torch.Size([576]): 
PretrainedInit: load from weights/densenet121_4xb256_in1k_20220426-07450f99.pth 

backbone.stages.3.block.2.conv1.weight - torch.Size([128, 576, 1, 1]): 
PretrainedInit: load from weights/densenet121_4xb256_in1k_20220426-07450f99.pth 

backbone.stages.3.block.2.norm2.weight - torch.Size([128]): 
PretrainedInit: load from weights/densenet121_4xb256_in1k_20220426-07450f99.pth 

backbone.stages.3.block.2.norm2.bias - torch.Size([128]): 
PretrainedInit: load from weights/densenet121_4xb256_in1k_20220426-07450f99.pth 

backbone.stages.3.block.2.conv2.weight - torch.Size([32, 128, 3, 3]): 
PretrainedInit: load from weights/densenet121_4xb256_in1k_20220426-07450f99.pth 

backbone.stages.3.block.3.norm1.weight - torch.Size([608]): 
PretrainedInit: load from weights/densenet121_4xb256_in1k_20220426-07450f99.pth 

backbone.stages.3.block.3.norm1.bias - torch.Size([608]): 
PretrainedInit: load from weights/densenet121_4xb256_in1k_20220426-07450f99.pth 

backbone.stages.3.block.3.conv1.weight - torch.Size([128, 608, 1, 1]): 
PretrainedInit: load from weights/densenet121_4xb256_in1k_20220426-07450f99.pth 

backbone.stages.3.block.3.norm2.weight - torch.Size([128]): 
PretrainedInit: load from weights/densenet121_4xb256_in1k_20220426-07450f99.pth 

backbone.stages.3.block.3.norm2.bias - torch.Size([128]): 
PretrainedInit: load from weights/densenet121_4xb256_in1k_20220426-07450f99.pth 

backbone.stages.3.block.3.conv2.weight - torch.Size([32, 128, 3, 3]): 
PretrainedInit: load from weights/densenet121_4xb256_in1k_20220426-07450f99.pth 

backbone.stages.3.block.4.norm1.weight - torch.Size([640]): 
PretrainedInit: load from weights/densenet121_4xb256_in1k_20220426-07450f99.pth 

backbone.stages.3.block.4.norm1.bias - torch.Size([640]): 
PretrainedInit: load from weights/densenet121_4xb256_in1k_20220426-07450f99.pth 

backbone.stages.3.block.4.conv1.weight - torch.Size([128, 640, 1, 1]): 
PretrainedInit: load from weights/densenet121_4xb256_in1k_20220426-07450f99.pth 

backbone.stages.3.block.4.norm2.weight - torch.Size([128]): 
PretrainedInit: load from weights/densenet121_4xb256_in1k_20220426-07450f99.pth 

backbone.stages.3.block.4.norm2.bias - torch.Size([128]): 
PretrainedInit: load from weights/densenet121_4xb256_in1k_20220426-07450f99.pth 

backbone.stages.3.block.4.conv2.weight - torch.Size([32, 128, 3, 3]): 
PretrainedInit: load from weights/densenet121_4xb256_in1k_20220426-07450f99.pth 

backbone.stages.3.block.5.norm1.weight - torch.Size([672]): 
PretrainedInit: load from weights/densenet121_4xb256_in1k_20220426-07450f99.pth 

backbone.stages.3.block.5.norm1.bias - torch.Size([672]): 
PretrainedInit: load from weights/densenet121_4xb256_in1k_20220426-07450f99.pth 

backbone.stages.3.block.5.conv1.weight - torch.Size([128, 672, 1, 1]): 
PretrainedInit: load from weights/densenet121_4xb256_in1k_20220426-07450f99.pth 

backbone.stages.3.block.5.norm2.weight - torch.Size([128]): 
PretrainedInit: load from weights/densenet121_4xb256_in1k_20220426-07450f99.pth 

backbone.stages.3.block.5.norm2.bias - torch.Size([128]): 
PretrainedInit: load from weights/densenet121_4xb256_in1k_20220426-07450f99.pth 

backbone.stages.3.block.5.conv2.weight - torch.Size([32, 128, 3, 3]): 
PretrainedInit: load from weights/densenet121_4xb256_in1k_20220426-07450f99.pth 

backbone.stages.3.block.6.norm1.weight - torch.Size([704]): 
PretrainedInit: load from weights/densenet121_4xb256_in1k_20220426-07450f99.pth 

backbone.stages.3.block.6.norm1.bias - torch.Size([704]): 
PretrainedInit: load from weights/densenet121_4xb256_in1k_20220426-07450f99.pth 

backbone.stages.3.block.6.conv1.weight - torch.Size([128, 704, 1, 1]): 
PretrainedInit: load from weights/densenet121_4xb256_in1k_20220426-07450f99.pth 

backbone.stages.3.block.6.norm2.weight - torch.Size([128]): 
PretrainedInit: load from weights/densenet121_4xb256_in1k_20220426-07450f99.pth 

backbone.stages.3.block.6.norm2.bias - torch.Size([128]): 
PretrainedInit: load from weights/densenet121_4xb256_in1k_20220426-07450f99.pth 

backbone.stages.3.block.6.conv2.weight - torch.Size([32, 128, 3, 3]): 
PretrainedInit: load from weights/densenet121_4xb256_in1k_20220426-07450f99.pth 

backbone.stages.3.block.7.norm1.weight - torch.Size([736]): 
PretrainedInit: load from weights/densenet121_4xb256_in1k_20220426-07450f99.pth 

backbone.stages.3.block.7.norm1.bias - torch.Size([736]): 
PretrainedInit: load from weights/densenet121_4xb256_in1k_20220426-07450f99.pth 

backbone.stages.3.block.7.conv1.weight - torch.Size([128, 736, 1, 1]): 
PretrainedInit: load from weights/densenet121_4xb256_in1k_20220426-07450f99.pth 

backbone.stages.3.block.7.norm2.weight - torch.Size([128]): 
PretrainedInit: load from weights/densenet121_4xb256_in1k_20220426-07450f99.pth 

backbone.stages.3.block.7.norm2.bias - torch.Size([128]): 
PretrainedInit: load from weights/densenet121_4xb256_in1k_20220426-07450f99.pth 

backbone.stages.3.block.7.conv2.weight - torch.Size([32, 128, 3, 3]): 
PretrainedInit: load from weights/densenet121_4xb256_in1k_20220426-07450f99.pth 

backbone.stages.3.block.8.norm1.weight - torch.Size([768]): 
PretrainedInit: load from weights/densenet121_4xb256_in1k_20220426-07450f99.pth 

backbone.stages.3.block.8.norm1.bias - torch.Size([768]): 
PretrainedInit: load from weights/densenet121_4xb256_in1k_20220426-07450f99.pth 

backbone.stages.3.block.8.conv1.weight - torch.Size([128, 768, 1, 1]): 
PretrainedInit: load from weights/densenet121_4xb256_in1k_20220426-07450f99.pth 

backbone.stages.3.block.8.norm2.weight - torch.Size([128]): 
PretrainedInit: load from weights/densenet121_4xb256_in1k_20220426-07450f99.pth 

backbone.stages.3.block.8.norm2.bias - torch.Size([128]): 
PretrainedInit: load from weights/densenet121_4xb256_in1k_20220426-07450f99.pth 

backbone.stages.3.block.8.conv2.weight - torch.Size([32, 128, 3, 3]): 
PretrainedInit: load from weights/densenet121_4xb256_in1k_20220426-07450f99.pth 

backbone.stages.3.block.9.norm1.weight - torch.Size([800]): 
PretrainedInit: load from weights/densenet121_4xb256_in1k_20220426-07450f99.pth 

backbone.stages.3.block.9.norm1.bias - torch.Size([800]): 
PretrainedInit: load from weights/densenet121_4xb256_in1k_20220426-07450f99.pth 

backbone.stages.3.block.9.conv1.weight - torch.Size([128, 800, 1, 1]): 
PretrainedInit: load from weights/densenet121_4xb256_in1k_20220426-07450f99.pth 

backbone.stages.3.block.9.norm2.weight - torch.Size([128]): 
PretrainedInit: load from weights/densenet121_4xb256_in1k_20220426-07450f99.pth 

backbone.stages.3.block.9.norm2.bias - torch.Size([128]): 
PretrainedInit: load from weights/densenet121_4xb256_in1k_20220426-07450f99.pth 

backbone.stages.3.block.9.conv2.weight - torch.Size([32, 128, 3, 3]): 
PretrainedInit: load from weights/densenet121_4xb256_in1k_20220426-07450f99.pth 

backbone.stages.3.block.10.norm1.weight - torch.Size([832]): 
PretrainedInit: load from weights/densenet121_4xb256_in1k_20220426-07450f99.pth 

backbone.stages.3.block.10.norm1.bias - torch.Size([832]): 
PretrainedInit: load from weights/densenet121_4xb256_in1k_20220426-07450f99.pth 

backbone.stages.3.block.10.conv1.weight - torch.Size([128, 832, 1, 1]): 
PretrainedInit: load from weights/densenet121_4xb256_in1k_20220426-07450f99.pth 

backbone.stages.3.block.10.norm2.weight - torch.Size([128]): 
PretrainedInit: load from weights/densenet121_4xb256_in1k_20220426-07450f99.pth 

backbone.stages.3.block.10.norm2.bias - torch.Size([128]): 
PretrainedInit: load from weights/densenet121_4xb256_in1k_20220426-07450f99.pth 

backbone.stages.3.block.10.conv2.weight - torch.Size([32, 128, 3, 3]): 
PretrainedInit: load from weights/densenet121_4xb256_in1k_20220426-07450f99.pth 

backbone.stages.3.block.11.norm1.weight - torch.Size([864]): 
PretrainedInit: load from weights/densenet121_4xb256_in1k_20220426-07450f99.pth 

backbone.stages.3.block.11.norm1.bias - torch.Size([864]): 
PretrainedInit: load from weights/densenet121_4xb256_in1k_20220426-07450f99.pth 

backbone.stages.3.block.11.conv1.weight - torch.Size([128, 864, 1, 1]): 
PretrainedInit: load from weights/densenet121_4xb256_in1k_20220426-07450f99.pth 

backbone.stages.3.block.11.norm2.weight - torch.Size([128]): 
PretrainedInit: load from weights/densenet121_4xb256_in1k_20220426-07450f99.pth 

backbone.stages.3.block.11.norm2.bias - torch.Size([128]): 
PretrainedInit: load from weights/densenet121_4xb256_in1k_20220426-07450f99.pth 

backbone.stages.3.block.11.conv2.weight - torch.Size([32, 128, 3, 3]): 
PretrainedInit: load from weights/densenet121_4xb256_in1k_20220426-07450f99.pth 

backbone.stages.3.block.12.norm1.weight - torch.Size([896]): 
PretrainedInit: load from weights/densenet121_4xb256_in1k_20220426-07450f99.pth 

backbone.stages.3.block.12.norm1.bias - torch.Size([896]): 
PretrainedInit: load from weights/densenet121_4xb256_in1k_20220426-07450f99.pth 

backbone.stages.3.block.12.conv1.weight - torch.Size([128, 896, 1, 1]): 
PretrainedInit: load from weights/densenet121_4xb256_in1k_20220426-07450f99.pth 

backbone.stages.3.block.12.norm2.weight - torch.Size([128]): 
PretrainedInit: load from weights/densenet121_4xb256_in1k_20220426-07450f99.pth 

backbone.stages.3.block.12.norm2.bias - torch.Size([128]): 
PretrainedInit: load from weights/densenet121_4xb256_in1k_20220426-07450f99.pth 

backbone.stages.3.block.12.conv2.weight - torch.Size([32, 128, 3, 3]): 
PretrainedInit: load from weights/densenet121_4xb256_in1k_20220426-07450f99.pth 

backbone.stages.3.block.13.norm1.weight - torch.Size([928]): 
PretrainedInit: load from weights/densenet121_4xb256_in1k_20220426-07450f99.pth 

backbone.stages.3.block.13.norm1.bias - torch.Size([928]): 
PretrainedInit: load from weights/densenet121_4xb256_in1k_20220426-07450f99.pth 

backbone.stages.3.block.13.conv1.weight - torch.Size([128, 928, 1, 1]): 
PretrainedInit: load from weights/densenet121_4xb256_in1k_20220426-07450f99.pth 

backbone.stages.3.block.13.norm2.weight - torch.Size([128]): 
PretrainedInit: load from weights/densenet121_4xb256_in1k_20220426-07450f99.pth 

backbone.stages.3.block.13.norm2.bias - torch.Size([128]): 
PretrainedInit: load from weights/densenet121_4xb256_in1k_20220426-07450f99.pth 

backbone.stages.3.block.13.conv2.weight - torch.Size([32, 128, 3, 3]): 
PretrainedInit: load from weights/densenet121_4xb256_in1k_20220426-07450f99.pth 

backbone.stages.3.block.14.norm1.weight - torch.Size([960]): 
PretrainedInit: load from weights/densenet121_4xb256_in1k_20220426-07450f99.pth 

backbone.stages.3.block.14.norm1.bias - torch.Size([960]): 
PretrainedInit: load from weights/densenet121_4xb256_in1k_20220426-07450f99.pth 

backbone.stages.3.block.14.conv1.weight - torch.Size([128, 960, 1, 1]): 
PretrainedInit: load from weights/densenet121_4xb256_in1k_20220426-07450f99.pth 

backbone.stages.3.block.14.norm2.weight - torch.Size([128]): 
PretrainedInit: load from weights/densenet121_4xb256_in1k_20220426-07450f99.pth 

backbone.stages.3.block.14.norm2.bias - torch.Size([128]): 
PretrainedInit: load from weights/densenet121_4xb256_in1k_20220426-07450f99.pth 

backbone.stages.3.block.14.conv2.weight - torch.Size([32, 128, 3, 3]): 
PretrainedInit: load from weights/densenet121_4xb256_in1k_20220426-07450f99.pth 

backbone.stages.3.block.15.norm1.weight - torch.Size([992]): 
PretrainedInit: load from weights/densenet121_4xb256_in1k_20220426-07450f99.pth 

backbone.stages.3.block.15.norm1.bias - torch.Size([992]): 
PretrainedInit: load from weights/densenet121_4xb256_in1k_20220426-07450f99.pth 

backbone.stages.3.block.15.conv1.weight - torch.Size([128, 992, 1, 1]): 
PretrainedInit: load from weights/densenet121_4xb256_in1k_20220426-07450f99.pth 

backbone.stages.3.block.15.norm2.weight - torch.Size([128]): 
PretrainedInit: load from weights/densenet121_4xb256_in1k_20220426-07450f99.pth 

backbone.stages.3.block.15.norm2.bias - torch.Size([128]): 
PretrainedInit: load from weights/densenet121_4xb256_in1k_20220426-07450f99.pth 

backbone.stages.3.block.15.conv2.weight - torch.Size([32, 128, 3, 3]): 
PretrainedInit: load from weights/densenet121_4xb256_in1k_20220426-07450f99.pth 

backbone.transitions.0.norm.weight - torch.Size([256]): 
PretrainedInit: load from weights/densenet121_4xb256_in1k_20220426-07450f99.pth 

backbone.transitions.0.norm.bias - torch.Size([256]): 
PretrainedInit: load from weights/densenet121_4xb256_in1k_20220426-07450f99.pth 

backbone.transitions.0.conv.weight - torch.Size([128, 256, 1, 1]): 
PretrainedInit: load from weights/densenet121_4xb256_in1k_20220426-07450f99.pth 

backbone.transitions.1.norm.weight - torch.Size([512]): 
PretrainedInit: load from weights/densenet121_4xb256_in1k_20220426-07450f99.pth 

backbone.transitions.1.norm.bias - torch.Size([512]): 
PretrainedInit: load from weights/densenet121_4xb256_in1k_20220426-07450f99.pth 

backbone.transitions.1.conv.weight - torch.Size([256, 512, 1, 1]): 
PretrainedInit: load from weights/densenet121_4xb256_in1k_20220426-07450f99.pth 

backbone.transitions.2.norm.weight - torch.Size([1024]): 
PretrainedInit: load from weights/densenet121_4xb256_in1k_20220426-07450f99.pth 

backbone.transitions.2.norm.bias - torch.Size([1024]): 
PretrainedInit: load from weights/densenet121_4xb256_in1k_20220426-07450f99.pth 

backbone.transitions.2.conv.weight - torch.Size([512, 1024, 1, 1]): 
PretrainedInit: load from weights/densenet121_4xb256_in1k_20220426-07450f99.pth 

backbone.transitions.3.0.weight - torch.Size([1024]): 
PretrainedInit: load from weights/densenet121_4xb256_in1k_20220426-07450f99.pth 

backbone.transitions.3.0.bias - torch.Size([1024]): 
PretrainedInit: load from weights/densenet121_4xb256_in1k_20220426-07450f99.pth 

head.fc.weight - torch.Size([19, 1024]): 
NormalInit: mean=0, std=0.01, bias=0 

head.fc.bias - torch.Size([19]): 
NormalInit: mean=0, std=0.01, bias=0 
2024-10-31 10:51:09,899 - mmcls - INFO - load checkpoint from local path: work_dirs/downsteam/cls/mimic/pretrain/sync5/latest.pth
2024-10-31 10:51:10,087 - mmcls - WARNING - The model and loaded state dict do not match exactly

size mismatch for head.fc.weight: copying a param with shape torch.Size([14, 1024]) from checkpoint, the shape in current model is torch.Size([19, 1024]).
size mismatch for head.fc.bias: copying a param with shape torch.Size([14]) from checkpoint, the shape in current model is torch.Size([19]).
2024-10-31 10:51:10,092 - mmcls - INFO - Start running, host: jiyuanfeng.p@SH-IDC1-10-140-1-2, work_dir: /mnt/petrelfs/jiyuanfeng.p/project/radiffuser/work_dirs/downsteam/cls/medfmc/fewshot/syn5/1_shot_exp5
2024-10-31 10:51:10,094 - mmcls - INFO - Hooks will be executed in the following order:
before_run:
(VERY_HIGH   ) CosineAnnealingLrUpdaterHook       
(NORMAL      ) CheckpointHook                     
(LOW         ) EvalHook                           
(VERY_LOW    ) TextLoggerHook                     
 -------------------- 
before_train_epoch:
(VERY_HIGH   ) CosineAnnealingLrUpdaterHook       
(LOW         ) IterTimerHook                      
(LOW         ) EvalHook                           
(VERY_LOW    ) TextLoggerHook                     
 -------------------- 
before_train_iter:
(VERY_HIGH   ) CosineAnnealingLrUpdaterHook       
(LOW         ) IterTimerHook                      
(LOW         ) EvalHook                           
 -------------------- 
after_train_iter:
(ABOVE_NORMAL) OptimizerHook                      
(NORMAL      ) CheckpointHook                     
(LOW         ) IterTimerHook                      
(LOW         ) EvalHook                           
(VERY_LOW    ) TextLoggerHook                     
 -------------------- 
after_train_epoch:
(NORMAL      ) CheckpointHook                     
(LOW         ) EvalHook                           
(VERY_LOW    ) TextLoggerHook                     
 -------------------- 
before_val_epoch:
(LOW         ) IterTimerHook                      
(VERY_LOW    ) TextLoggerHook                     
 -------------------- 
before_val_iter:
(LOW         ) IterTimerHook                      
 -------------------- 
after_val_iter:
(LOW         ) IterTimerHook                      
 -------------------- 
after_val_epoch:
(VERY_LOW    ) TextLoggerHook                     
 -------------------- 
after_run:
(VERY_LOW    ) TextLoggerHook                     
 -------------------- 
2024-10-31 10:51:10,095 - mmcls - INFO - workflow: [('train', 1)], max: 20 epochs
2024-10-31 10:51:10,096 - mmcls - INFO - Checkpoints will be saved to /mnt/petrelfs/jiyuanfeng.p/project/radiffuser/work_dirs/downsteam/cls/medfmc/fewshot/syn5/1_shot_exp5 by HardDiskBackend.
2024-10-31 10:51:16,357 - mmcls - INFO - Epoch [1][5/5]	lr: 1.000e-03, eta: 0:01:58, time: 1.251, data_time: 0.462, memory: 859, loss: 10.7756
2024-10-31 10:51:16,362 - mmcls - INFO - Saving checkpoint at 1 epochs
2024-10-31 10:51:26,091 - mmcls - INFO - Now best checkpoint is saved as best_mAP_epoch_1.pth.
2024-10-31 10:51:26,092 - mmcls - INFO - Best mAP is 14.4082 at 1 epoch.
2024-10-31 10:51:26,093 - mmcls - INFO - Epoch(val) [1][240]	mAP: 14.4082
2024-10-31 10:51:28,512 - mmcls - INFO - Epoch [2][5/5]	lr: 9.938e-04, eta: 0:01:18, time: 0.483, data_time: 0.430, memory: 859, loss: 7.3740
2024-10-31 10:51:28,518 - mmcls - INFO - Saving checkpoint at 2 epochs
2024-10-31 10:51:37,714 - mmcls - INFO - The previous best checkpoint /mnt/petrelfs/jiyuanfeng.p/project/radiffuser/work_dirs/downsteam/cls/medfmc/fewshot/syn5/1_shot_exp5/best_mAP_epoch_1.pth was removed
2024-10-31 10:51:37,985 - mmcls - INFO - Now best checkpoint is saved as best_mAP_epoch_2.pth.
2024-10-31 10:51:37,986 - mmcls - INFO - Best mAP is 15.9603 at 2 epoch.
2024-10-31 10:51:37,987 - mmcls - INFO - Epoch(val) [2][240]	mAP: 15.9603
2024-10-31 10:51:40,363 - mmcls - INFO - Epoch [3][5/5]	lr: 9.755e-04, eta: 0:01:02, time: 0.474, data_time: 0.427, memory: 859, loss: 7.5917
2024-10-31 10:51:40,369 - mmcls - INFO - Saving checkpoint at 3 epochs
2024-10-31 10:51:49,420 - mmcls - INFO - Epoch(val) [3][240]	mAP: 15.8445
2024-10-31 10:51:51,797 - mmcls - INFO - Epoch [4][5/5]	lr: 9.455e-04, eta: 0:00:53, time: 0.474, data_time: 0.426, memory: 859, loss: 7.3667
2024-10-31 10:51:51,801 - mmcls - INFO - Saving checkpoint at 4 epochs
2024-10-31 10:52:00,664 - mmcls - INFO - Epoch(val) [4][240]	mAP: 15.6064
2024-10-31 10:52:03,143 - mmcls - INFO - Epoch [5][5/5]	lr: 9.045e-04, eta: 0:00:47, time: 0.494, data_time: 0.437, memory: 859, loss: 6.8616
2024-10-31 10:52:03,149 - mmcls - INFO - Saving checkpoint at 5 epochs
2024-10-31 10:52:12,110 - mmcls - INFO - The previous best checkpoint /mnt/petrelfs/jiyuanfeng.p/project/radiffuser/work_dirs/downsteam/cls/medfmc/fewshot/syn5/1_shot_exp5/best_mAP_epoch_2.pth was removed
2024-10-31 10:52:12,411 - mmcls - INFO - Now best checkpoint is saved as best_mAP_epoch_5.pth.
2024-10-31 10:52:12,413 - mmcls - INFO - Best mAP is 17.3542 at 5 epoch.
2024-10-31 10:52:12,414 - mmcls - INFO - Epoch(val) [5][240]	mAP: 17.3542
2024-10-31 10:52:14,840 - mmcls - INFO - Epoch [6][5/5]	lr: 8.536e-04, eta: 0:00:42, time: 0.484, data_time: 0.431, memory: 859, loss: 6.0477
2024-10-31 10:52:14,846 - mmcls - INFO - Saving checkpoint at 6 epochs
2024-10-31 10:52:23,735 - mmcls - INFO - The previous best checkpoint /mnt/petrelfs/jiyuanfeng.p/project/radiffuser/work_dirs/downsteam/cls/medfmc/fewshot/syn5/1_shot_exp5/best_mAP_epoch_5.pth was removed
2024-10-31 10:52:24,017 - mmcls - INFO - Now best checkpoint is saved as best_mAP_epoch_6.pth.
2024-10-31 10:52:24,019 - mmcls - INFO - Best mAP is 18.5156 at 6 epoch.
2024-10-31 10:52:24,020 - mmcls - INFO - Epoch(val) [6][240]	mAP: 18.5156
2024-10-31 10:52:26,442 - mmcls - INFO - Epoch [7][5/5]	lr: 7.939e-04, eta: 0:00:38, time: 0.483, data_time: 0.432, memory: 859, loss: 5.6115
2024-10-31 10:52:26,448 - mmcls - INFO - Saving checkpoint at 7 epochs
2024-10-31 10:52:35,217 - mmcls - INFO - The previous best checkpoint /mnt/petrelfs/jiyuanfeng.p/project/radiffuser/work_dirs/downsteam/cls/medfmc/fewshot/syn5/1_shot_exp5/best_mAP_epoch_6.pth was removed
2024-10-31 10:52:35,486 - mmcls - INFO - Now best checkpoint is saved as best_mAP_epoch_7.pth.
2024-10-31 10:52:35,488 - mmcls - INFO - Best mAP is 19.9379 at 7 epoch.
2024-10-31 10:52:35,489 - mmcls - INFO - Epoch(val) [7][240]	mAP: 19.9379
