2024-10-31 10:51:10,899 - mmcls - INFO - Environment info:
------------------------------------------------------------
sys.platform: linux
Python: 3.9.18 (main, Sep 11 2023, 13:41:44) [GCC 11.2.0]
CUDA available: True
GPU 0: NVIDIA A100-SXM4-80GB
CUDA_HOME: /mnt/lustre/share/cuda-11.8
NVCC: Cuda compilation tools, release 11.8, V11.8.89
GCC: gcc (GCC) 7.3.0
PyTorch: 2.2.0+cu121
PyTorch compiling details: PyTorch built with:
  - GCC 9.3
  - C++ Version: 201703
  - Intel(R) oneAPI Math Kernel Library Version 2022.2-Product Build 20220804 for Intel(R) 64 architecture applications
  - Intel(R) MKL-DNN v3.3.2 (Git Hash 2dc95a2ad0841e29db8b22fbccaf3e5da7992b01)
  - OpenMP 201511 (a.k.a. OpenMP 4.5)
  - LAPACK is enabled (usually provided by MKL)
  - NNPACK is enabled
  - CPU capability usage: AVX512
  - CUDA Runtime 12.1
  - NVCC architecture flags: -gencode;arch=compute_50,code=sm_50;-gencode;arch=compute_60,code=sm_60;-gencode;arch=compute_70,code=sm_70;-gencode;arch=compute_75,code=sm_75;-gencode;arch=compute_80,code=sm_80;-gencode;arch=compute_86,code=sm_86;-gencode;arch=compute_90,code=sm_90
  - CuDNN 8.9.2
  - Magma 2.6.1
  - Build settings: BLAS_INFO=mkl, BUILD_TYPE=Release, CUDA_VERSION=12.1, CUDNN_VERSION=8.9.2, CXX_COMPILER=/opt/rh/devtoolset-9/root/usr/bin/c++, CXX_FLAGS= -D_GLIBCXX_USE_CXX11_ABI=0 -fabi-version=11 -fvisibility-inlines-hidden -DUSE_PTHREADPOOL -DNDEBUG -DUSE_KINETO -DLIBKINETO_NOROCTRACER -DUSE_FBGEMM -DUSE_QNNPACK -DUSE_PYTORCH_QNNPACK -DUSE_XNNPACK -DSYMBOLICATE_MOBILE_DEBUG_HANDLE -O2 -fPIC -Wall -Wextra -Werror=return-type -Werror=non-virtual-dtor -Werror=bool-operation -Wnarrowing -Wno-missing-field-initializers -Wno-type-limits -Wno-array-bounds -Wno-unknown-pragmas -Wno-unused-parameter -Wno-unused-function -Wno-unused-result -Wno-strict-overflow -Wno-strict-aliasing -Wno-stringop-overflow -Wsuggest-override -Wno-psabi -Wno-error=pedantic -Wno-error=old-style-cast -Wno-missing-braces -fdiagnostics-color=always -faligned-new -Wno-unused-but-set-variable -Wno-maybe-uninitialized -fno-math-errno -fno-trapping-math -Werror=format -Wno-stringop-overflow, LAPACK_INFO=mkl, PERF_WITH_AVX=1, PERF_WITH_AVX2=1, PERF_WITH_AVX512=1, TORCH_VERSION=2.2.0, USE_CUDA=ON, USE_CUDNN=ON, USE_EXCEPTION_PTR=1, USE_GFLAGS=OFF, USE_GLOG=OFF, USE_MKL=ON, USE_MKLDNN=ON, USE_MPI=OFF, USE_NCCL=1, USE_NNPACK=ON, USE_OPENMP=ON, USE_ROCM=OFF, USE_ROCM_KERNEL_ASSERT=OFF, 

TorchVision: 0.17.0+cu121
OpenCV: 4.9.0
MMCV: 1.6.0
MMCV Compiler: n/a
MMCV CUDA Compiler: n/a
MMClassification: 0.25.0+68bac71
------------------------------------------------------------

2024-10-31 10:51:10,900 - mmcls - INFO - Distributed training: False
2024-10-31 10:51:11,394 - mmcls - INFO - Config:
model = dict(
    type='ImageClassifier',
    backbone=dict(
        type='DenseNet',
        arch='121',
        init_cfg=dict(
            type='Pretrained',
            checkpoint='weights/densenet121_4xb256_in1k_20220426-07450f99.pth',
            prefix='backbone')),
    neck=dict(type='GlobalAveragePooling'),
    head=dict(
        type='MultiLabelLinearClsHead', num_classes=19, in_channels=1024))
dataset_type = 'Chest19'
img_norm_cfg = dict(
    mean=[123.675, 116.28, 103.53], std=[58.395, 57.12, 57.375], to_rgb=True)
train_pipeline = [
    dict(type='LoadImageFromFile'),
    dict(
        type='RandomResizedCrop',
        size=256,
        backend='pillow',
        interpolation='bicubic'),
    dict(type='RandomFlip', flip_prob=0.5, direction='horizontal'),
    dict(
        type='Normalize',
        mean=[123.675, 116.28, 103.53],
        std=[58.395, 57.12, 57.375],
        to_rgb=True),
    dict(type='ImageToTensor', keys=['img']),
    dict(type='ToTensor', keys=['gt_label']),
    dict(type='Collect', keys=['img', 'gt_label'])
]
test_pipeline = [
    dict(type='LoadImageFromFile'),
    dict(type='Resize', size=256, backend='pillow', interpolation='bicubic'),
    dict(
        type='Normalize',
        mean=[123.675, 116.28, 103.53],
        std=[58.395, 57.12, 57.375],
        to_rgb=True),
    dict(type='ImageToTensor', keys=['img']),
    dict(type='Collect', keys=['img'])
]
data = dict(
    samples_per_gpu=4,
    workers_per_gpu=4,
    train=dict(
        type='Chest19',
        data_prefix=
        '/mnt/petrelfs/jiyuanfeng.p/data/medfmc/MedFMC_train/chest/images',
        ann_file=
        '/mnt/petrelfs/jiyuanfeng.p/project/radiffuser/tools/downstream/medfm/data_backup/MedFMC/chest/chest_10-shot_train_exp4.txt',
        pipeline=[
            dict(type='LoadImageFromFile'),
            dict(
                type='RandomResizedCrop',
                size=256,
                backend='pillow',
                interpolation='bicubic'),
            dict(type='RandomFlip', flip_prob=0.5, direction='horizontal'),
            dict(
                type='Normalize',
                mean=[123.675, 116.28, 103.53],
                std=[58.395, 57.12, 57.375],
                to_rgb=True),
            dict(type='ImageToTensor', keys=['img']),
            dict(type='ToTensor', keys=['gt_label']),
            dict(type='Collect', keys=['img', 'gt_label'])
        ]),
    val=dict(
        type='Chest19',
        data_prefix=
        '/mnt/petrelfs/jiyuanfeng.p/data/medfmc/MedFMC_train/chest/images',
        ann_file=
        '/mnt/petrelfs/jiyuanfeng.p/project/radiffuser/tools/downstream/medfm/data_backup/MedFMC/chest/chest_10-shot_val_exp4.txt',
        pipeline=[
            dict(type='LoadImageFromFile'),
            dict(
                type='Resize',
                size=256,
                backend='pillow',
                interpolation='bicubic'),
            dict(
                type='Normalize',
                mean=[123.675, 116.28, 103.53],
                std=[58.395, 57.12, 57.375],
                to_rgb=True),
            dict(type='ImageToTensor', keys=['img']),
            dict(type='Collect', keys=['img'])
        ]),
    test=dict(
        type='Chest19',
        data_prefix=
        '/mnt/petrelfs/jiyuanfeng.p/data/medfmc/MedFMC_train/chest/images',
        ann_file=
        '/mnt/petrelfs/jiyuanfeng.p/project/radiffuser/tools/downstream/medfm/data_backup/MedFMC/chest/test_WithLabel.txt',
        pipeline=[
            dict(type='LoadImageFromFile'),
            dict(
                type='Resize',
                size=256,
                backend='pillow',
                interpolation='bicubic'),
            dict(
                type='Normalize',
                mean=[123.675, 116.28, 103.53],
                std=[58.395, 57.12, 57.375],
                to_rgb=True),
            dict(type='ImageToTensor', keys=['img']),
            dict(type='Collect', keys=['img'])
        ]))
evaluation = dict(interval=1, metric='mAP', save_best='auto')
optimizer = dict(type='SGD', lr=0.001, momentum=0.9, weight_decay=0.0001)
optimizer_config = dict(grad_clip=None)
lr_config = dict(policy='CosineAnnealing', min_lr=0)
runner = dict(type='EpochBasedRunner', max_epochs=20)
checkpoint_config = dict(interval=1, max_keep_ckpts=1)
log_config = dict(interval=5, hooks=[dict(type='TextLoggerHook')])
dist_params = dict(backend='nccl')
log_level = 'INFO'
load_from = 'work_dirs/downsteam/cls/mimic/pretrain/sync5/latest.pth'
resume_from = None
workflow = [('train', 1)]
custom_imports = dict(
    imports=[
        'medfmc.models', 'medfmc.datasets.medical_datasets',
        'medfmc.core.evaluation'
    ],
    allow_failed_imports=False)
dataset = 'chest'
nshot = 10
exp = 4
base_path = '/mnt/petrelfs/jiyuanfeng.p/project/radiffuser/tools/downstream/medfm/data_backup/MedFMC'
train_val_template = '/mnt/petrelfs/jiyuanfeng.p/project/radiffuser/tools/downstream/medfm/data_backup/MedFMC/{dataset}/{dataset}_{nshot}-shot_{split}_exp{exp}.txt'
work_dir = 'work_dirs/downsteam/cls/medfmc/fewshot/syn5/10_shot_exp4'
gpu_ids = [0]

2024-10-31 10:51:11,396 - mmcls - INFO - Set random seed to 0, deterministic: False
2024-10-31 10:51:11,486 - mmcls - INFO - initialize DenseNet with init_cfg {'type': 'Pretrained', 'checkpoint': 'weights/densenet121_4xb256_in1k_20220426-07450f99.pth', 'prefix': 'backbone'}
2024-10-31 10:51:11,604 - mmcls - INFO - initialize MultiLabelLinearClsHead with init_cfg {'type': 'Normal', 'layer': 'Linear', 'std': 0.01}
Name of parameter - Initialization information

backbone.stem.0.weight - torch.Size([64, 3, 7, 7]): 
PretrainedInit: load from weights/densenet121_4xb256_in1k_20220426-07450f99.pth 

backbone.stem.1.weight - torch.Size([64]): 
PretrainedInit: load from weights/densenet121_4xb256_in1k_20220426-07450f99.pth 

backbone.stem.1.bias - torch.Size([64]): 
PretrainedInit: load from weights/densenet121_4xb256_in1k_20220426-07450f99.pth 

backbone.stages.0.block.0.norm1.weight - torch.Size([64]): 
PretrainedInit: load from weights/densenet121_4xb256_in1k_20220426-07450f99.pth 

backbone.stages.0.block.0.norm1.bias - torch.Size([64]): 
PretrainedInit: load from weights/densenet121_4xb256_in1k_20220426-07450f99.pth 

backbone.stages.0.block.0.conv1.weight - torch.Size([128, 64, 1, 1]): 
PretrainedInit: load from weights/densenet121_4xb256_in1k_20220426-07450f99.pth 

backbone.stages.0.block.0.norm2.weight - torch.Size([128]): 
PretrainedInit: load from weights/densenet121_4xb256_in1k_20220426-07450f99.pth 

backbone.stages.0.block.0.norm2.bias - torch.Size([128]): 
PretrainedInit: load from weights/densenet121_4xb256_in1k_20220426-07450f99.pth 

backbone.stages.0.block.0.conv2.weight - torch.Size([32, 128, 3, 3]): 
PretrainedInit: load from weights/densenet121_4xb256_in1k_20220426-07450f99.pth 

backbone.stages.0.block.1.norm1.weight - torch.Size([96]): 
PretrainedInit: load from weights/densenet121_4xb256_in1k_20220426-07450f99.pth 

backbone.stages.0.block.1.norm1.bias - torch.Size([96]): 
PretrainedInit: load from weights/densenet121_4xb256_in1k_20220426-07450f99.pth 

backbone.stages.0.block.1.conv1.weight - torch.Size([128, 96, 1, 1]): 
PretrainedInit: load from weights/densenet121_4xb256_in1k_20220426-07450f99.pth 

backbone.stages.0.block.1.norm2.weight - torch.Size([128]): 
PretrainedInit: load from weights/densenet121_4xb256_in1k_20220426-07450f99.pth 

backbone.stages.0.block.1.norm2.bias - torch.Size([128]): 
PretrainedInit: load from weights/densenet121_4xb256_in1k_20220426-07450f99.pth 

backbone.stages.0.block.1.conv2.weight - torch.Size([32, 128, 3, 3]): 
PretrainedInit: load from weights/densenet121_4xb256_in1k_20220426-07450f99.pth 

backbone.stages.0.block.2.norm1.weight - torch.Size([128]): 
PretrainedInit: load from weights/densenet121_4xb256_in1k_20220426-07450f99.pth 

backbone.stages.0.block.2.norm1.bias - torch.Size([128]): 
PretrainedInit: load from weights/densenet121_4xb256_in1k_20220426-07450f99.pth 

backbone.stages.0.block.2.conv1.weight - torch.Size([128, 128, 1, 1]): 
PretrainedInit: load from weights/densenet121_4xb256_in1k_20220426-07450f99.pth 

backbone.stages.0.block.2.norm2.weight - torch.Size([128]): 
PretrainedInit: load from weights/densenet121_4xb256_in1k_20220426-07450f99.pth 

backbone.stages.0.block.2.norm2.bias - torch.Size([128]): 
PretrainedInit: load from weights/densenet121_4xb256_in1k_20220426-07450f99.pth 

backbone.stages.0.block.2.conv2.weight - torch.Size([32, 128, 3, 3]): 
PretrainedInit: load from weights/densenet121_4xb256_in1k_20220426-07450f99.pth 

backbone.stages.0.block.3.norm1.weight - torch.Size([160]): 
PretrainedInit: load from weights/densenet121_4xb256_in1k_20220426-07450f99.pth 

backbone.stages.0.block.3.norm1.bias - torch.Size([160]): 
PretrainedInit: load from weights/densenet121_4xb256_in1k_20220426-07450f99.pth 

backbone.stages.0.block.3.conv1.weight - torch.Size([128, 160, 1, 1]): 
PretrainedInit: load from weights/densenet121_4xb256_in1k_20220426-07450f99.pth 

backbone.stages.0.block.3.norm2.weight - torch.Size([128]): 
PretrainedInit: load from weights/densenet121_4xb256_in1k_20220426-07450f99.pth 

backbone.stages.0.block.3.norm2.bias - torch.Size([128]): 
PretrainedInit: load from weights/densenet121_4xb256_in1k_20220426-07450f99.pth 

backbone.stages.0.block.3.conv2.weight - torch.Size([32, 128, 3, 3]): 
PretrainedInit: load from weights/densenet121_4xb256_in1k_20220426-07450f99.pth 

backbone.stages.0.block.4.norm1.weight - torch.Size([192]): 
PretrainedInit: load from weights/densenet121_4xb256_in1k_20220426-07450f99.pth 

backbone.stages.0.block.4.norm1.bias - torch.Size([192]): 
PretrainedInit: load from weights/densenet121_4xb256_in1k_20220426-07450f99.pth 

backbone.stages.0.block.4.conv1.weight - torch.Size([128, 192, 1, 1]): 
PretrainedInit: load from weights/densenet121_4xb256_in1k_20220426-07450f99.pth 

backbone.stages.0.block.4.norm2.weight - torch.Size([128]): 
PretrainedInit: load from weights/densenet121_4xb256_in1k_20220426-07450f99.pth 

backbone.stages.0.block.4.norm2.bias - torch.Size([128]): 
PretrainedInit: load from weights/densenet121_4xb256_in1k_20220426-07450f99.pth 

backbone.stages.0.block.4.conv2.weight - torch.Size([32, 128, 3, 3]): 
PretrainedInit: load from weights/densenet121_4xb256_in1k_20220426-07450f99.pth 

backbone.stages.0.block.5.norm1.weight - torch.Size([224]): 
PretrainedInit: load from weights/densenet121_4xb256_in1k_20220426-07450f99.pth 

backbone.stages.0.block.5.norm1.bias - torch.Size([224]): 
PretrainedInit: load from weights/densenet121_4xb256_in1k_20220426-07450f99.pth 

backbone.stages.0.block.5.conv1.weight - torch.Size([128, 224, 1, 1]): 
PretrainedInit: load from weights/densenet121_4xb256_in1k_20220426-07450f99.pth 

backbone.stages.0.block.5.norm2.weight - torch.Size([128]): 
PretrainedInit: load from weights/densenet121_4xb256_in1k_20220426-07450f99.pth 

backbone.stages.0.block.5.norm2.bias - torch.Size([128]): 
PretrainedInit: load from weights/densenet121_4xb256_in1k_20220426-07450f99.pth 

backbone.stages.0.block.5.conv2.weight - torch.Size([32, 128, 3, 3]): 
PretrainedInit: load from weights/densenet121_4xb256_in1k_20220426-07450f99.pth 

backbone.stages.1.block.0.norm1.weight - torch.Size([128]): 
PretrainedInit: load from weights/densenet121_4xb256_in1k_20220426-07450f99.pth 

backbone.stages.1.block.0.norm1.bias - torch.Size([128]): 
PretrainedInit: load from weights/densenet121_4xb256_in1k_20220426-07450f99.pth 

backbone.stages.1.block.0.conv1.weight - torch.Size([128, 128, 1, 1]): 
PretrainedInit: load from weights/densenet121_4xb256_in1k_20220426-07450f99.pth 

backbone.stages.1.block.0.norm2.weight - torch.Size([128]): 
PretrainedInit: load from weights/densenet121_4xb256_in1k_20220426-07450f99.pth 

backbone.stages.1.block.0.norm2.bias - torch.Size([128]): 
PretrainedInit: load from weights/densenet121_4xb256_in1k_20220426-07450f99.pth 

backbone.stages.1.block.0.conv2.weight - torch.Size([32, 128, 3, 3]): 
PretrainedInit: load from weights/densenet121_4xb256_in1k_20220426-07450f99.pth 

backbone.stages.1.block.1.norm1.weight - torch.Size([160]): 
PretrainedInit: load from weights/densenet121_4xb256_in1k_20220426-07450f99.pth 

backbone.stages.1.block.1.norm1.bias - torch.Size([160]): 
PretrainedInit: load from weights/densenet121_4xb256_in1k_20220426-07450f99.pth 

backbone.stages.1.block.1.conv1.weight - torch.Size([128, 160, 1, 1]): 
PretrainedInit: load from weights/densenet121_4xb256_in1k_20220426-07450f99.pth 

backbone.stages.1.block.1.norm2.weight - torch.Size([128]): 
PretrainedInit: load from weights/densenet121_4xb256_in1k_20220426-07450f99.pth 

backbone.stages.1.block.1.norm2.bias - torch.Size([128]): 
PretrainedInit: load from weights/densenet121_4xb256_in1k_20220426-07450f99.pth 

backbone.stages.1.block.1.conv2.weight - torch.Size([32, 128, 3, 3]): 
PretrainedInit: load from weights/densenet121_4xb256_in1k_20220426-07450f99.pth 

backbone.stages.1.block.2.norm1.weight - torch.Size([192]): 
PretrainedInit: load from weights/densenet121_4xb256_in1k_20220426-07450f99.pth 

backbone.stages.1.block.2.norm1.bias - torch.Size([192]): 
PretrainedInit: load from weights/densenet121_4xb256_in1k_20220426-07450f99.pth 

backbone.stages.1.block.2.conv1.weight - torch.Size([128, 192, 1, 1]): 
PretrainedInit: load from weights/densenet121_4xb256_in1k_20220426-07450f99.pth 

backbone.stages.1.block.2.norm2.weight - torch.Size([128]): 
PretrainedInit: load from weights/densenet121_4xb256_in1k_20220426-07450f99.pth 

backbone.stages.1.block.2.norm2.bias - torch.Size([128]): 
PretrainedInit: load from weights/densenet121_4xb256_in1k_20220426-07450f99.pth 

backbone.stages.1.block.2.conv2.weight - torch.Size([32, 128, 3, 3]): 
PretrainedInit: load from weights/densenet121_4xb256_in1k_20220426-07450f99.pth 

backbone.stages.1.block.3.norm1.weight - torch.Size([224]): 
PretrainedInit: load from weights/densenet121_4xb256_in1k_20220426-07450f99.pth 

backbone.stages.1.block.3.norm1.bias - torch.Size([224]): 
PretrainedInit: load from weights/densenet121_4xb256_in1k_20220426-07450f99.pth 

backbone.stages.1.block.3.conv1.weight - torch.Size([128, 224, 1, 1]): 
PretrainedInit: load from weights/densenet121_4xb256_in1k_20220426-07450f99.pth 

backbone.stages.1.block.3.norm2.weight - torch.Size([128]): 
PretrainedInit: load from weights/densenet121_4xb256_in1k_20220426-07450f99.pth 

backbone.stages.1.block.3.norm2.bias - torch.Size([128]): 
PretrainedInit: load from weights/densenet121_4xb256_in1k_20220426-07450f99.pth 

backbone.stages.1.block.3.conv2.weight - torch.Size([32, 128, 3, 3]): 
PretrainedInit: load from weights/densenet121_4xb256_in1k_20220426-07450f99.pth 

backbone.stages.1.block.4.norm1.weight - torch.Size([256]): 
PretrainedInit: load from weights/densenet121_4xb256_in1k_20220426-07450f99.pth 

backbone.stages.1.block.4.norm1.bias - torch.Size([256]): 
PretrainedInit: load from weights/densenet121_4xb256_in1k_20220426-07450f99.pth 

backbone.stages.1.block.4.conv1.weight - torch.Size([128, 256, 1, 1]): 
PretrainedInit: load from weights/densenet121_4xb256_in1k_20220426-07450f99.pth 

backbone.stages.1.block.4.norm2.weight - torch.Size([128]): 
PretrainedInit: load from weights/densenet121_4xb256_in1k_20220426-07450f99.pth 

backbone.stages.1.block.4.norm2.bias - torch.Size([128]): 
PretrainedInit: load from weights/densenet121_4xb256_in1k_20220426-07450f99.pth 

backbone.stages.1.block.4.conv2.weight - torch.Size([32, 128, 3, 3]): 
PretrainedInit: load from weights/densenet121_4xb256_in1k_20220426-07450f99.pth 

backbone.stages.1.block.5.norm1.weight - torch.Size([288]): 
PretrainedInit: load from weights/densenet121_4xb256_in1k_20220426-07450f99.pth 

backbone.stages.1.block.5.norm1.bias - torch.Size([288]): 
PretrainedInit: load from weights/densenet121_4xb256_in1k_20220426-07450f99.pth 

backbone.stages.1.block.5.conv1.weight - torch.Size([128, 288, 1, 1]): 
PretrainedInit: load from weights/densenet121_4xb256_in1k_20220426-07450f99.pth 

backbone.stages.1.block.5.norm2.weight - torch.Size([128]): 
PretrainedInit: load from weights/densenet121_4xb256_in1k_20220426-07450f99.pth 

backbone.stages.1.block.5.norm2.bias - torch.Size([128]): 
PretrainedInit: load from weights/densenet121_4xb256_in1k_20220426-07450f99.pth 

backbone.stages.1.block.5.conv2.weight - torch.Size([32, 128, 3, 3]): 
PretrainedInit: load from weights/densenet121_4xb256_in1k_20220426-07450f99.pth 

backbone.stages.1.block.6.norm1.weight - torch.Size([320]): 
PretrainedInit: load from weights/densenet121_4xb256_in1k_20220426-07450f99.pth 

backbone.stages.1.block.6.norm1.bias - torch.Size([320]): 
PretrainedInit: load from weights/densenet121_4xb256_in1k_20220426-07450f99.pth 

backbone.stages.1.block.6.conv1.weight - torch.Size([128, 320, 1, 1]): 
PretrainedInit: load from weights/densenet121_4xb256_in1k_20220426-07450f99.pth 

backbone.stages.1.block.6.norm2.weight - torch.Size([128]): 
PretrainedInit: load from weights/densenet121_4xb256_in1k_20220426-07450f99.pth 

backbone.stages.1.block.6.norm2.bias - torch.Size([128]): 
PretrainedInit: load from weights/densenet121_4xb256_in1k_20220426-07450f99.pth 

backbone.stages.1.block.6.conv2.weight - torch.Size([32, 128, 3, 3]): 
PretrainedInit: load from weights/densenet121_4xb256_in1k_20220426-07450f99.pth 

backbone.stages.1.block.7.norm1.weight - torch.Size([352]): 
PretrainedInit: load from weights/densenet121_4xb256_in1k_20220426-07450f99.pth 

backbone.stages.1.block.7.norm1.bias - torch.Size([352]): 
PretrainedInit: load from weights/densenet121_4xb256_in1k_20220426-07450f99.pth 

backbone.stages.1.block.7.conv1.weight - torch.Size([128, 352, 1, 1]): 
PretrainedInit: load from weights/densenet121_4xb256_in1k_20220426-07450f99.pth 

backbone.stages.1.block.7.norm2.weight - torch.Size([128]): 
PretrainedInit: load from weights/densenet121_4xb256_in1k_20220426-07450f99.pth 

backbone.stages.1.block.7.norm2.bias - torch.Size([128]): 
PretrainedInit: load from weights/densenet121_4xb256_in1k_20220426-07450f99.pth 

backbone.stages.1.block.7.conv2.weight - torch.Size([32, 128, 3, 3]): 
PretrainedInit: load from weights/densenet121_4xb256_in1k_20220426-07450f99.pth 

backbone.stages.1.block.8.norm1.weight - torch.Size([384]): 
PretrainedInit: load from weights/densenet121_4xb256_in1k_20220426-07450f99.pth 

backbone.stages.1.block.8.norm1.bias - torch.Size([384]): 
PretrainedInit: load from weights/densenet121_4xb256_in1k_20220426-07450f99.pth 

backbone.stages.1.block.8.conv1.weight - torch.Size([128, 384, 1, 1]): 
PretrainedInit: load from weights/densenet121_4xb256_in1k_20220426-07450f99.pth 

backbone.stages.1.block.8.norm2.weight - torch.Size([128]): 
PretrainedInit: load from weights/densenet121_4xb256_in1k_20220426-07450f99.pth 

backbone.stages.1.block.8.norm2.bias - torch.Size([128]): 
PretrainedInit: load from weights/densenet121_4xb256_in1k_20220426-07450f99.pth 

backbone.stages.1.block.8.conv2.weight - torch.Size([32, 128, 3, 3]): 
PretrainedInit: load from weights/densenet121_4xb256_in1k_20220426-07450f99.pth 

backbone.stages.1.block.9.norm1.weight - torch.Size([416]): 
PretrainedInit: load from weights/densenet121_4xb256_in1k_20220426-07450f99.pth 

backbone.stages.1.block.9.norm1.bias - torch.Size([416]): 
PretrainedInit: load from weights/densenet121_4xb256_in1k_20220426-07450f99.pth 

backbone.stages.1.block.9.conv1.weight - torch.Size([128, 416, 1, 1]): 
PretrainedInit: load from weights/densenet121_4xb256_in1k_20220426-07450f99.pth 

backbone.stages.1.block.9.norm2.weight - torch.Size([128]): 
PretrainedInit: load from weights/densenet121_4xb256_in1k_20220426-07450f99.pth 

backbone.stages.1.block.9.norm2.bias - torch.Size([128]): 
PretrainedInit: load from weights/densenet121_4xb256_in1k_20220426-07450f99.pth 

backbone.stages.1.block.9.conv2.weight - torch.Size([32, 128, 3, 3]): 
PretrainedInit: load from weights/densenet121_4xb256_in1k_20220426-07450f99.pth 

backbone.stages.1.block.10.norm1.weight - torch.Size([448]): 
PretrainedInit: load from weights/densenet121_4xb256_in1k_20220426-07450f99.pth 

backbone.stages.1.block.10.norm1.bias - torch.Size([448]): 
PretrainedInit: load from weights/densenet121_4xb256_in1k_20220426-07450f99.pth 

backbone.stages.1.block.10.conv1.weight - torch.Size([128, 448, 1, 1]): 
PretrainedInit: load from weights/densenet121_4xb256_in1k_20220426-07450f99.pth 

backbone.stages.1.block.10.norm2.weight - torch.Size([128]): 
PretrainedInit: load from weights/densenet121_4xb256_in1k_20220426-07450f99.pth 

backbone.stages.1.block.10.norm2.bias - torch.Size([128]): 
PretrainedInit: load from weights/densenet121_4xb256_in1k_20220426-07450f99.pth 

backbone.stages.1.block.10.conv2.weight - torch.Size([32, 128, 3, 3]): 
PretrainedInit: load from weights/densenet121_4xb256_in1k_20220426-07450f99.pth 

backbone.stages.1.block.11.norm1.weight - torch.Size([480]): 
PretrainedInit: load from weights/densenet121_4xb256_in1k_20220426-07450f99.pth 

backbone.stages.1.block.11.norm1.bias - torch.Size([480]): 
PretrainedInit: load from weights/densenet121_4xb256_in1k_20220426-07450f99.pth 

backbone.stages.1.block.11.conv1.weight - torch.Size([128, 480, 1, 1]): 
PretrainedInit: load from weights/densenet121_4xb256_in1k_20220426-07450f99.pth 

backbone.stages.1.block.11.norm2.weight - torch.Size([128]): 
PretrainedInit: load from weights/densenet121_4xb256_in1k_20220426-07450f99.pth 

backbone.stages.1.block.11.norm2.bias - torch.Size([128]): 
PretrainedInit: load from weights/densenet121_4xb256_in1k_20220426-07450f99.pth 

backbone.stages.1.block.11.conv2.weight - torch.Size([32, 128, 3, 3]): 
PretrainedInit: load from weights/densenet121_4xb256_in1k_20220426-07450f99.pth 

backbone.stages.2.block.0.norm1.weight - torch.Size([256]): 
PretrainedInit: load from weights/densenet121_4xb256_in1k_20220426-07450f99.pth 

backbone.stages.2.block.0.norm1.bias - torch.Size([256]): 
PretrainedInit: load from weights/densenet121_4xb256_in1k_20220426-07450f99.pth 

backbone.stages.2.block.0.conv1.weight - torch.Size([128, 256, 1, 1]): 
PretrainedInit: load from weights/densenet121_4xb256_in1k_20220426-07450f99.pth 

backbone.stages.2.block.0.norm2.weight - torch.Size([128]): 
PretrainedInit: load from weights/densenet121_4xb256_in1k_20220426-07450f99.pth 

backbone.stages.2.block.0.norm2.bias - torch.Size([128]): 
PretrainedInit: load from weights/densenet121_4xb256_in1k_20220426-07450f99.pth 

backbone.stages.2.block.0.conv2.weight - torch.Size([32, 128, 3, 3]): 
PretrainedInit: load from weights/densenet121_4xb256_in1k_20220426-07450f99.pth 

backbone.stages.2.block.1.norm1.weight - torch.Size([288]): 
PretrainedInit: load from weights/densenet121_4xb256_in1k_20220426-07450f99.pth 

backbone.stages.2.block.1.norm1.bias - torch.Size([288]): 
PretrainedInit: load from weights/densenet121_4xb256_in1k_20220426-07450f99.pth 

backbone.stages.2.block.1.conv1.weight - torch.Size([128, 288, 1, 1]): 
PretrainedInit: load from weights/densenet121_4xb256_in1k_20220426-07450f99.pth 

backbone.stages.2.block.1.norm2.weight - torch.Size([128]): 
PretrainedInit: load from weights/densenet121_4xb256_in1k_20220426-07450f99.pth 

backbone.stages.2.block.1.norm2.bias - torch.Size([128]): 
PretrainedInit: load from weights/densenet121_4xb256_in1k_20220426-07450f99.pth 

backbone.stages.2.block.1.conv2.weight - torch.Size([32, 128, 3, 3]): 
PretrainedInit: load from weights/densenet121_4xb256_in1k_20220426-07450f99.pth 

backbone.stages.2.block.2.norm1.weight - torch.Size([320]): 
PretrainedInit: load from weights/densenet121_4xb256_in1k_20220426-07450f99.pth 

backbone.stages.2.block.2.norm1.bias - torch.Size([320]): 
PretrainedInit: load from weights/densenet121_4xb256_in1k_20220426-07450f99.pth 

backbone.stages.2.block.2.conv1.weight - torch.Size([128, 320, 1, 1]): 
PretrainedInit: load from weights/densenet121_4xb256_in1k_20220426-07450f99.pth 

backbone.stages.2.block.2.norm2.weight - torch.Size([128]): 
PretrainedInit: load from weights/densenet121_4xb256_in1k_20220426-07450f99.pth 

backbone.stages.2.block.2.norm2.bias - torch.Size([128]): 
PretrainedInit: load from weights/densenet121_4xb256_in1k_20220426-07450f99.pth 

backbone.stages.2.block.2.conv2.weight - torch.Size([32, 128, 3, 3]): 
PretrainedInit: load from weights/densenet121_4xb256_in1k_20220426-07450f99.pth 

backbone.stages.2.block.3.norm1.weight - torch.Size([352]): 
PretrainedInit: load from weights/densenet121_4xb256_in1k_20220426-07450f99.pth 

backbone.stages.2.block.3.norm1.bias - torch.Size([352]): 
PretrainedInit: load from weights/densenet121_4xb256_in1k_20220426-07450f99.pth 

backbone.stages.2.block.3.conv1.weight - torch.Size([128, 352, 1, 1]): 
PretrainedInit: load from weights/densenet121_4xb256_in1k_20220426-07450f99.pth 

backbone.stages.2.block.3.norm2.weight - torch.Size([128]): 
PretrainedInit: load from weights/densenet121_4xb256_in1k_20220426-07450f99.pth 

backbone.stages.2.block.3.norm2.bias - torch.Size([128]): 
PretrainedInit: load from weights/densenet121_4xb256_in1k_20220426-07450f99.pth 

backbone.stages.2.block.3.conv2.weight - torch.Size([32, 128, 3, 3]): 
PretrainedInit: load from weights/densenet121_4xb256_in1k_20220426-07450f99.pth 

backbone.stages.2.block.4.norm1.weight - torch.Size([384]): 
PretrainedInit: load from weights/densenet121_4xb256_in1k_20220426-07450f99.pth 

backbone.stages.2.block.4.norm1.bias - torch.Size([384]): 
PretrainedInit: load from weights/densenet121_4xb256_in1k_20220426-07450f99.pth 

backbone.stages.2.block.4.conv1.weight - torch.Size([128, 384, 1, 1]): 
PretrainedInit: load from weights/densenet121_4xb256_in1k_20220426-07450f99.pth 

backbone.stages.2.block.4.norm2.weight - torch.Size([128]): 
PretrainedInit: load from weights/densenet121_4xb256_in1k_20220426-07450f99.pth 

backbone.stages.2.block.4.norm2.bias - torch.Size([128]): 
PretrainedInit: load from weights/densenet121_4xb256_in1k_20220426-07450f99.pth 

backbone.stages.2.block.4.conv2.weight - torch.Size([32, 128, 3, 3]): 
PretrainedInit: load from weights/densenet121_4xb256_in1k_20220426-07450f99.pth 

backbone.stages.2.block.5.norm1.weight - torch.Size([416]): 
PretrainedInit: load from weights/densenet121_4xb256_in1k_20220426-07450f99.pth 

backbone.stages.2.block.5.norm1.bias - torch.Size([416]): 
PretrainedInit: load from weights/densenet121_4xb256_in1k_20220426-07450f99.pth 

backbone.stages.2.block.5.conv1.weight - torch.Size([128, 416, 1, 1]): 
PretrainedInit: load from weights/densenet121_4xb256_in1k_20220426-07450f99.pth 

backbone.stages.2.block.5.norm2.weight - torch.Size([128]): 
PretrainedInit: load from weights/densenet121_4xb256_in1k_20220426-07450f99.pth 

backbone.stages.2.block.5.norm2.bias - torch.Size([128]): 
PretrainedInit: load from weights/densenet121_4xb256_in1k_20220426-07450f99.pth 

backbone.stages.2.block.5.conv2.weight - torch.Size([32, 128, 3, 3]): 
PretrainedInit: load from weights/densenet121_4xb256_in1k_20220426-07450f99.pth 

backbone.stages.2.block.6.norm1.weight - torch.Size([448]): 
PretrainedInit: load from weights/densenet121_4xb256_in1k_20220426-07450f99.pth 

backbone.stages.2.block.6.norm1.bias - torch.Size([448]): 
PretrainedInit: load from weights/densenet121_4xb256_in1k_20220426-07450f99.pth 

backbone.stages.2.block.6.conv1.weight - torch.Size([128, 448, 1, 1]): 
PretrainedInit: load from weights/densenet121_4xb256_in1k_20220426-07450f99.pth 

backbone.stages.2.block.6.norm2.weight - torch.Size([128]): 
PretrainedInit: load from weights/densenet121_4xb256_in1k_20220426-07450f99.pth 

backbone.stages.2.block.6.norm2.bias - torch.Size([128]): 
PretrainedInit: load from weights/densenet121_4xb256_in1k_20220426-07450f99.pth 

backbone.stages.2.block.6.conv2.weight - torch.Size([32, 128, 3, 3]): 
PretrainedInit: load from weights/densenet121_4xb256_in1k_20220426-07450f99.pth 

backbone.stages.2.block.7.norm1.weight - torch.Size([480]): 
PretrainedInit: load from weights/densenet121_4xb256_in1k_20220426-07450f99.pth 

backbone.stages.2.block.7.norm1.bias - torch.Size([480]): 
PretrainedInit: load from weights/densenet121_4xb256_in1k_20220426-07450f99.pth 

backbone.stages.2.block.7.conv1.weight - torch.Size([128, 480, 1, 1]): 
PretrainedInit: load from weights/densenet121_4xb256_in1k_20220426-07450f99.pth 

backbone.stages.2.block.7.norm2.weight - torch.Size([128]): 
PretrainedInit: load from weights/densenet121_4xb256_in1k_20220426-07450f99.pth 

backbone.stages.2.block.7.norm2.bias - torch.Size([128]): 
PretrainedInit: load from weights/densenet121_4xb256_in1k_20220426-07450f99.pth 

backbone.stages.2.block.7.conv2.weight - torch.Size([32, 128, 3, 3]): 
PretrainedInit: load from weights/densenet121_4xb256_in1k_20220426-07450f99.pth 

backbone.stages.2.block.8.norm1.weight - torch.Size([512]): 
PretrainedInit: load from weights/densenet121_4xb256_in1k_20220426-07450f99.pth 

backbone.stages.2.block.8.norm1.bias - torch.Size([512]): 
PretrainedInit: load from weights/densenet121_4xb256_in1k_20220426-07450f99.pth 

backbone.stages.2.block.8.conv1.weight - torch.Size([128, 512, 1, 1]): 
PretrainedInit: load from weights/densenet121_4xb256_in1k_20220426-07450f99.pth 

backbone.stages.2.block.8.norm2.weight - torch.Size([128]): 
PretrainedInit: load from weights/densenet121_4xb256_in1k_20220426-07450f99.pth 

backbone.stages.2.block.8.norm2.bias - torch.Size([128]): 
PretrainedInit: load from weights/densenet121_4xb256_in1k_20220426-07450f99.pth 

backbone.stages.2.block.8.conv2.weight - torch.Size([32, 128, 3, 3]): 
PretrainedInit: load from weights/densenet121_4xb256_in1k_20220426-07450f99.pth 

backbone.stages.2.block.9.norm1.weight - torch.Size([544]): 
PretrainedInit: load from weights/densenet121_4xb256_in1k_20220426-07450f99.pth 

backbone.stages.2.block.9.norm1.bias - torch.Size([544]): 
PretrainedInit: load from weights/densenet121_4xb256_in1k_20220426-07450f99.pth 

backbone.stages.2.block.9.conv1.weight - torch.Size([128, 544, 1, 1]): 
PretrainedInit: load from weights/densenet121_4xb256_in1k_20220426-07450f99.pth 

backbone.stages.2.block.9.norm2.weight - torch.Size([128]): 
PretrainedInit: load from weights/densenet121_4xb256_in1k_20220426-07450f99.pth 

backbone.stages.2.block.9.norm2.bias - torch.Size([128]): 
PretrainedInit: load from weights/densenet121_4xb256_in1k_20220426-07450f99.pth 

backbone.stages.2.block.9.conv2.weight - torch.Size([32, 128, 3, 3]): 
PretrainedInit: load from weights/densenet121_4xb256_in1k_20220426-07450f99.pth 

backbone.stages.2.block.10.norm1.weight - torch.Size([576]): 
PretrainedInit: load from weights/densenet121_4xb256_in1k_20220426-07450f99.pth 

backbone.stages.2.block.10.norm1.bias - torch.Size([576]): 
PretrainedInit: load from weights/densenet121_4xb256_in1k_20220426-07450f99.pth 

backbone.stages.2.block.10.conv1.weight - torch.Size([128, 576, 1, 1]): 
PretrainedInit: load from weights/densenet121_4xb256_in1k_20220426-07450f99.pth 

backbone.stages.2.block.10.norm2.weight - torch.Size([128]): 
PretrainedInit: load from weights/densenet121_4xb256_in1k_20220426-07450f99.pth 

backbone.stages.2.block.10.norm2.bias - torch.Size([128]): 
PretrainedInit: load from weights/densenet121_4xb256_in1k_20220426-07450f99.pth 

backbone.stages.2.block.10.conv2.weight - torch.Size([32, 128, 3, 3]): 
PretrainedInit: load from weights/densenet121_4xb256_in1k_20220426-07450f99.pth 

backbone.stages.2.block.11.norm1.weight - torch.Size([608]): 
PretrainedInit: load from weights/densenet121_4xb256_in1k_20220426-07450f99.pth 

backbone.stages.2.block.11.norm1.bias - torch.Size([608]): 
PretrainedInit: load from weights/densenet121_4xb256_in1k_20220426-07450f99.pth 

backbone.stages.2.block.11.conv1.weight - torch.Size([128, 608, 1, 1]): 
PretrainedInit: load from weights/densenet121_4xb256_in1k_20220426-07450f99.pth 

backbone.stages.2.block.11.norm2.weight - torch.Size([128]): 
PretrainedInit: load from weights/densenet121_4xb256_in1k_20220426-07450f99.pth 

backbone.stages.2.block.11.norm2.bias - torch.Size([128]): 
PretrainedInit: load from weights/densenet121_4xb256_in1k_20220426-07450f99.pth 

backbone.stages.2.block.11.conv2.weight - torch.Size([32, 128, 3, 3]): 
PretrainedInit: load from weights/densenet121_4xb256_in1k_20220426-07450f99.pth 

backbone.stages.2.block.12.norm1.weight - torch.Size([640]): 
PretrainedInit: load from weights/densenet121_4xb256_in1k_20220426-07450f99.pth 

backbone.stages.2.block.12.norm1.bias - torch.Size([640]): 
PretrainedInit: load from weights/densenet121_4xb256_in1k_20220426-07450f99.pth 

backbone.stages.2.block.12.conv1.weight - torch.Size([128, 640, 1, 1]): 
PretrainedInit: load from weights/densenet121_4xb256_in1k_20220426-07450f99.pth 

backbone.stages.2.block.12.norm2.weight - torch.Size([128]): 
PretrainedInit: load from weights/densenet121_4xb256_in1k_20220426-07450f99.pth 

backbone.stages.2.block.12.norm2.bias - torch.Size([128]): 
PretrainedInit: load from weights/densenet121_4xb256_in1k_20220426-07450f99.pth 

backbone.stages.2.block.12.conv2.weight - torch.Size([32, 128, 3, 3]): 
PretrainedInit: load from weights/densenet121_4xb256_in1k_20220426-07450f99.pth 

backbone.stages.2.block.13.norm1.weight - torch.Size([672]): 
PretrainedInit: load from weights/densenet121_4xb256_in1k_20220426-07450f99.pth 

backbone.stages.2.block.13.norm1.bias - torch.Size([672]): 
PretrainedInit: load from weights/densenet121_4xb256_in1k_20220426-07450f99.pth 

backbone.stages.2.block.13.conv1.weight - torch.Size([128, 672, 1, 1]): 
PretrainedInit: load from weights/densenet121_4xb256_in1k_20220426-07450f99.pth 

backbone.stages.2.block.13.norm2.weight - torch.Size([128]): 
PretrainedInit: load from weights/densenet121_4xb256_in1k_20220426-07450f99.pth 

backbone.stages.2.block.13.norm2.bias - torch.Size([128]): 
PretrainedInit: load from weights/densenet121_4xb256_in1k_20220426-07450f99.pth 

backbone.stages.2.block.13.conv2.weight - torch.Size([32, 128, 3, 3]): 
PretrainedInit: load from weights/densenet121_4xb256_in1k_20220426-07450f99.pth 

backbone.stages.2.block.14.norm1.weight - torch.Size([704]): 
PretrainedInit: load from weights/densenet121_4xb256_in1k_20220426-07450f99.pth 

backbone.stages.2.block.14.norm1.bias - torch.Size([704]): 
PretrainedInit: load from weights/densenet121_4xb256_in1k_20220426-07450f99.pth 

backbone.stages.2.block.14.conv1.weight - torch.Size([128, 704, 1, 1]): 
PretrainedInit: load from weights/densenet121_4xb256_in1k_20220426-07450f99.pth 

backbone.stages.2.block.14.norm2.weight - torch.Size([128]): 
PretrainedInit: load from weights/densenet121_4xb256_in1k_20220426-07450f99.pth 

backbone.stages.2.block.14.norm2.bias - torch.Size([128]): 
PretrainedInit: load from weights/densenet121_4xb256_in1k_20220426-07450f99.pth 

backbone.stages.2.block.14.conv2.weight - torch.Size([32, 128, 3, 3]): 
PretrainedInit: load from weights/densenet121_4xb256_in1k_20220426-07450f99.pth 

backbone.stages.2.block.15.norm1.weight - torch.Size([736]): 
PretrainedInit: load from weights/densenet121_4xb256_in1k_20220426-07450f99.pth 

backbone.stages.2.block.15.norm1.bias - torch.Size([736]): 
PretrainedInit: load from weights/densenet121_4xb256_in1k_20220426-07450f99.pth 

backbone.stages.2.block.15.conv1.weight - torch.Size([128, 736, 1, 1]): 
PretrainedInit: load from weights/densenet121_4xb256_in1k_20220426-07450f99.pth 

backbone.stages.2.block.15.norm2.weight - torch.Size([128]): 
PretrainedInit: load from weights/densenet121_4xb256_in1k_20220426-07450f99.pth 

backbone.stages.2.block.15.norm2.bias - torch.Size([128]): 
PretrainedInit: load from weights/densenet121_4xb256_in1k_20220426-07450f99.pth 

backbone.stages.2.block.15.conv2.weight - torch.Size([32, 128, 3, 3]): 
PretrainedInit: load from weights/densenet121_4xb256_in1k_20220426-07450f99.pth 

backbone.stages.2.block.16.norm1.weight - torch.Size([768]): 
PretrainedInit: load from weights/densenet121_4xb256_in1k_20220426-07450f99.pth 

backbone.stages.2.block.16.norm1.bias - torch.Size([768]): 
PretrainedInit: load from weights/densenet121_4xb256_in1k_20220426-07450f99.pth 

backbone.stages.2.block.16.conv1.weight - torch.Size([128, 768, 1, 1]): 
PretrainedInit: load from weights/densenet121_4xb256_in1k_20220426-07450f99.pth 

backbone.stages.2.block.16.norm2.weight - torch.Size([128]): 
PretrainedInit: load from weights/densenet121_4xb256_in1k_20220426-07450f99.pth 

backbone.stages.2.block.16.norm2.bias - torch.Size([128]): 
PretrainedInit: load from weights/densenet121_4xb256_in1k_20220426-07450f99.pth 

backbone.stages.2.block.16.conv2.weight - torch.Size([32, 128, 3, 3]): 
PretrainedInit: load from weights/densenet121_4xb256_in1k_20220426-07450f99.pth 

backbone.stages.2.block.17.norm1.weight - torch.Size([800]): 
PretrainedInit: load from weights/densenet121_4xb256_in1k_20220426-07450f99.pth 

backbone.stages.2.block.17.norm1.bias - torch.Size([800]): 
PretrainedInit: load from weights/densenet121_4xb256_in1k_20220426-07450f99.pth 

backbone.stages.2.block.17.conv1.weight - torch.Size([128, 800, 1, 1]): 
PretrainedInit: load from weights/densenet121_4xb256_in1k_20220426-07450f99.pth 

backbone.stages.2.block.17.norm2.weight - torch.Size([128]): 
PretrainedInit: load from weights/densenet121_4xb256_in1k_20220426-07450f99.pth 

backbone.stages.2.block.17.norm2.bias - torch.Size([128]): 
PretrainedInit: load from weights/densenet121_4xb256_in1k_20220426-07450f99.pth 

backbone.stages.2.block.17.conv2.weight - torch.Size([32, 128, 3, 3]): 
PretrainedInit: load from weights/densenet121_4xb256_in1k_20220426-07450f99.pth 

backbone.stages.2.block.18.norm1.weight - torch.Size([832]): 
PretrainedInit: load from weights/densenet121_4xb256_in1k_20220426-07450f99.pth 

backbone.stages.2.block.18.norm1.bias - torch.Size([832]): 
PretrainedInit: load from weights/densenet121_4xb256_in1k_20220426-07450f99.pth 

backbone.stages.2.block.18.conv1.weight - torch.Size([128, 832, 1, 1]): 
PretrainedInit: load from weights/densenet121_4xb256_in1k_20220426-07450f99.pth 

backbone.stages.2.block.18.norm2.weight - torch.Size([128]): 
PretrainedInit: load from weights/densenet121_4xb256_in1k_20220426-07450f99.pth 

backbone.stages.2.block.18.norm2.bias - torch.Size([128]): 
PretrainedInit: load from weights/densenet121_4xb256_in1k_20220426-07450f99.pth 

backbone.stages.2.block.18.conv2.weight - torch.Size([32, 128, 3, 3]): 
PretrainedInit: load from weights/densenet121_4xb256_in1k_20220426-07450f99.pth 

backbone.stages.2.block.19.norm1.weight - torch.Size([864]): 
PretrainedInit: load from weights/densenet121_4xb256_in1k_20220426-07450f99.pth 

backbone.stages.2.block.19.norm1.bias - torch.Size([864]): 
PretrainedInit: load from weights/densenet121_4xb256_in1k_20220426-07450f99.pth 

backbone.stages.2.block.19.conv1.weight - torch.Size([128, 864, 1, 1]): 
PretrainedInit: load from weights/densenet121_4xb256_in1k_20220426-07450f99.pth 

backbone.stages.2.block.19.norm2.weight - torch.Size([128]): 
PretrainedInit: load from weights/densenet121_4xb256_in1k_20220426-07450f99.pth 

backbone.stages.2.block.19.norm2.bias - torch.Size([128]): 
PretrainedInit: load from weights/densenet121_4xb256_in1k_20220426-07450f99.pth 

backbone.stages.2.block.19.conv2.weight - torch.Size([32, 128, 3, 3]): 
PretrainedInit: load from weights/densenet121_4xb256_in1k_20220426-07450f99.pth 

backbone.stages.2.block.20.norm1.weight - torch.Size([896]): 
PretrainedInit: load from weights/densenet121_4xb256_in1k_20220426-07450f99.pth 

backbone.stages.2.block.20.norm1.bias - torch.Size([896]): 
PretrainedInit: load from weights/densenet121_4xb256_in1k_20220426-07450f99.pth 

backbone.stages.2.block.20.conv1.weight - torch.Size([128, 896, 1, 1]): 
PretrainedInit: load from weights/densenet121_4xb256_in1k_20220426-07450f99.pth 

backbone.stages.2.block.20.norm2.weight - torch.Size([128]): 
PretrainedInit: load from weights/densenet121_4xb256_in1k_20220426-07450f99.pth 

backbone.stages.2.block.20.norm2.bias - torch.Size([128]): 
PretrainedInit: load from weights/densenet121_4xb256_in1k_20220426-07450f99.pth 

backbone.stages.2.block.20.conv2.weight - torch.Size([32, 128, 3, 3]): 
PretrainedInit: load from weights/densenet121_4xb256_in1k_20220426-07450f99.pth 

backbone.stages.2.block.21.norm1.weight - torch.Size([928]): 
PretrainedInit: load from weights/densenet121_4xb256_in1k_20220426-07450f99.pth 

backbone.stages.2.block.21.norm1.bias - torch.Size([928]): 
PretrainedInit: load from weights/densenet121_4xb256_in1k_20220426-07450f99.pth 

backbone.stages.2.block.21.conv1.weight - torch.Size([128, 928, 1, 1]): 
PretrainedInit: load from weights/densenet121_4xb256_in1k_20220426-07450f99.pth 

backbone.stages.2.block.21.norm2.weight - torch.Size([128]): 
PretrainedInit: load from weights/densenet121_4xb256_in1k_20220426-07450f99.pth 

backbone.stages.2.block.21.norm2.bias - torch.Size([128]): 
PretrainedInit: load from weights/densenet121_4xb256_in1k_20220426-07450f99.pth 

backbone.stages.2.block.21.conv2.weight - torch.Size([32, 128, 3, 3]): 
PretrainedInit: load from weights/densenet121_4xb256_in1k_20220426-07450f99.pth 

backbone.stages.2.block.22.norm1.weight - torch.Size([960]): 
PretrainedInit: load from weights/densenet121_4xb256_in1k_20220426-07450f99.pth 

backbone.stages.2.block.22.norm1.bias - torch.Size([960]): 
PretrainedInit: load from weights/densenet121_4xb256_in1k_20220426-07450f99.pth 

backbone.stages.2.block.22.conv1.weight - torch.Size([128, 960, 1, 1]): 
PretrainedInit: load from weights/densenet121_4xb256_in1k_20220426-07450f99.pth 

backbone.stages.2.block.22.norm2.weight - torch.Size([128]): 
PretrainedInit: load from weights/densenet121_4xb256_in1k_20220426-07450f99.pth 

backbone.stages.2.block.22.norm2.bias - torch.Size([128]): 
PretrainedInit: load from weights/densenet121_4xb256_in1k_20220426-07450f99.pth 

backbone.stages.2.block.22.conv2.weight - torch.Size([32, 128, 3, 3]): 
PretrainedInit: load from weights/densenet121_4xb256_in1k_20220426-07450f99.pth 

backbone.stages.2.block.23.norm1.weight - torch.Size([992]): 
PretrainedInit: load from weights/densenet121_4xb256_in1k_20220426-07450f99.pth 

backbone.stages.2.block.23.norm1.bias - torch.Size([992]): 
PretrainedInit: load from weights/densenet121_4xb256_in1k_20220426-07450f99.pth 

backbone.stages.2.block.23.conv1.weight - torch.Size([128, 992, 1, 1]): 
PretrainedInit: load from weights/densenet121_4xb256_in1k_20220426-07450f99.pth 

backbone.stages.2.block.23.norm2.weight - torch.Size([128]): 
PretrainedInit: load from weights/densenet121_4xb256_in1k_20220426-07450f99.pth 

backbone.stages.2.block.23.norm2.bias - torch.Size([128]): 
PretrainedInit: load from weights/densenet121_4xb256_in1k_20220426-07450f99.pth 

backbone.stages.2.block.23.conv2.weight - torch.Size([32, 128, 3, 3]): 
PretrainedInit: load from weights/densenet121_4xb256_in1k_20220426-07450f99.pth 

backbone.stages.3.block.0.norm1.weight - torch.Size([512]): 
PretrainedInit: load from weights/densenet121_4xb256_in1k_20220426-07450f99.pth 

backbone.stages.3.block.0.norm1.bias - torch.Size([512]): 
PretrainedInit: load from weights/densenet121_4xb256_in1k_20220426-07450f99.pth 

backbone.stages.3.block.0.conv1.weight - torch.Size([128, 512, 1, 1]): 
PretrainedInit: load from weights/densenet121_4xb256_in1k_20220426-07450f99.pth 

backbone.stages.3.block.0.norm2.weight - torch.Size([128]): 
PretrainedInit: load from weights/densenet121_4xb256_in1k_20220426-07450f99.pth 

backbone.stages.3.block.0.norm2.bias - torch.Size([128]): 
PretrainedInit: load from weights/densenet121_4xb256_in1k_20220426-07450f99.pth 

backbone.stages.3.block.0.conv2.weight - torch.Size([32, 128, 3, 3]): 
PretrainedInit: load from weights/densenet121_4xb256_in1k_20220426-07450f99.pth 

backbone.stages.3.block.1.norm1.weight - torch.Size([544]): 
PretrainedInit: load from weights/densenet121_4xb256_in1k_20220426-07450f99.pth 

backbone.stages.3.block.1.norm1.bias - torch.Size([544]): 
PretrainedInit: load from weights/densenet121_4xb256_in1k_20220426-07450f99.pth 

backbone.stages.3.block.1.conv1.weight - torch.Size([128, 544, 1, 1]): 
PretrainedInit: load from weights/densenet121_4xb256_in1k_20220426-07450f99.pth 

backbone.stages.3.block.1.norm2.weight - torch.Size([128]): 
PretrainedInit: load from weights/densenet121_4xb256_in1k_20220426-07450f99.pth 

backbone.stages.3.block.1.norm2.bias - torch.Size([128]): 
PretrainedInit: load from weights/densenet121_4xb256_in1k_20220426-07450f99.pth 

backbone.stages.3.block.1.conv2.weight - torch.Size([32, 128, 3, 3]): 
PretrainedInit: load from weights/densenet121_4xb256_in1k_20220426-07450f99.pth 

backbone.stages.3.block.2.norm1.weight - torch.Size([576]): 
PretrainedInit: load from weights/densenet121_4xb256_in1k_20220426-07450f99.pth 

backbone.stages.3.block.2.norm1.bias - torch.Size([576]): 
PretrainedInit: load from weights/densenet121_4xb256_in1k_20220426-07450f99.pth 

backbone.stages.3.block.2.conv1.weight - torch.Size([128, 576, 1, 1]): 
PretrainedInit: load from weights/densenet121_4xb256_in1k_20220426-07450f99.pth 

backbone.stages.3.block.2.norm2.weight - torch.Size([128]): 
PretrainedInit: load from weights/densenet121_4xb256_in1k_20220426-07450f99.pth 

backbone.stages.3.block.2.norm2.bias - torch.Size([128]): 
PretrainedInit: load from weights/densenet121_4xb256_in1k_20220426-07450f99.pth 

backbone.stages.3.block.2.conv2.weight - torch.Size([32, 128, 3, 3]): 
PretrainedInit: load from weights/densenet121_4xb256_in1k_20220426-07450f99.pth 

backbone.stages.3.block.3.norm1.weight - torch.Size([608]): 
PretrainedInit: load from weights/densenet121_4xb256_in1k_20220426-07450f99.pth 

backbone.stages.3.block.3.norm1.bias - torch.Size([608]): 
PretrainedInit: load from weights/densenet121_4xb256_in1k_20220426-07450f99.pth 

backbone.stages.3.block.3.conv1.weight - torch.Size([128, 608, 1, 1]): 
PretrainedInit: load from weights/densenet121_4xb256_in1k_20220426-07450f99.pth 

backbone.stages.3.block.3.norm2.weight - torch.Size([128]): 
PretrainedInit: load from weights/densenet121_4xb256_in1k_20220426-07450f99.pth 

backbone.stages.3.block.3.norm2.bias - torch.Size([128]): 
PretrainedInit: load from weights/densenet121_4xb256_in1k_20220426-07450f99.pth 

backbone.stages.3.block.3.conv2.weight - torch.Size([32, 128, 3, 3]): 
PretrainedInit: load from weights/densenet121_4xb256_in1k_20220426-07450f99.pth 

backbone.stages.3.block.4.norm1.weight - torch.Size([640]): 
PretrainedInit: load from weights/densenet121_4xb256_in1k_20220426-07450f99.pth 

backbone.stages.3.block.4.norm1.bias - torch.Size([640]): 
PretrainedInit: load from weights/densenet121_4xb256_in1k_20220426-07450f99.pth 

backbone.stages.3.block.4.conv1.weight - torch.Size([128, 640, 1, 1]): 
PretrainedInit: load from weights/densenet121_4xb256_in1k_20220426-07450f99.pth 

backbone.stages.3.block.4.norm2.weight - torch.Size([128]): 
PretrainedInit: load from weights/densenet121_4xb256_in1k_20220426-07450f99.pth 

backbone.stages.3.block.4.norm2.bias - torch.Size([128]): 
PretrainedInit: load from weights/densenet121_4xb256_in1k_20220426-07450f99.pth 

backbone.stages.3.block.4.conv2.weight - torch.Size([32, 128, 3, 3]): 
PretrainedInit: load from weights/densenet121_4xb256_in1k_20220426-07450f99.pth 

backbone.stages.3.block.5.norm1.weight - torch.Size([672]): 
PretrainedInit: load from weights/densenet121_4xb256_in1k_20220426-07450f99.pth 

backbone.stages.3.block.5.norm1.bias - torch.Size([672]): 
PretrainedInit: load from weights/densenet121_4xb256_in1k_20220426-07450f99.pth 

backbone.stages.3.block.5.conv1.weight - torch.Size([128, 672, 1, 1]): 
PretrainedInit: load from weights/densenet121_4xb256_in1k_20220426-07450f99.pth 

backbone.stages.3.block.5.norm2.weight - torch.Size([128]): 
PretrainedInit: load from weights/densenet121_4xb256_in1k_20220426-07450f99.pth 

backbone.stages.3.block.5.norm2.bias - torch.Size([128]): 
PretrainedInit: load from weights/densenet121_4xb256_in1k_20220426-07450f99.pth 

backbone.stages.3.block.5.conv2.weight - torch.Size([32, 128, 3, 3]): 
PretrainedInit: load from weights/densenet121_4xb256_in1k_20220426-07450f99.pth 

backbone.stages.3.block.6.norm1.weight - torch.Size([704]): 
PretrainedInit: load from weights/densenet121_4xb256_in1k_20220426-07450f99.pth 

backbone.stages.3.block.6.norm1.bias - torch.Size([704]): 
PretrainedInit: load from weights/densenet121_4xb256_in1k_20220426-07450f99.pth 

backbone.stages.3.block.6.conv1.weight - torch.Size([128, 704, 1, 1]): 
PretrainedInit: load from weights/densenet121_4xb256_in1k_20220426-07450f99.pth 

backbone.stages.3.block.6.norm2.weight - torch.Size([128]): 
PretrainedInit: load from weights/densenet121_4xb256_in1k_20220426-07450f99.pth 

backbone.stages.3.block.6.norm2.bias - torch.Size([128]): 
PretrainedInit: load from weights/densenet121_4xb256_in1k_20220426-07450f99.pth 

backbone.stages.3.block.6.conv2.weight - torch.Size([32, 128, 3, 3]): 
PretrainedInit: load from weights/densenet121_4xb256_in1k_20220426-07450f99.pth 

backbone.stages.3.block.7.norm1.weight - torch.Size([736]): 
PretrainedInit: load from weights/densenet121_4xb256_in1k_20220426-07450f99.pth 

backbone.stages.3.block.7.norm1.bias - torch.Size([736]): 
PretrainedInit: load from weights/densenet121_4xb256_in1k_20220426-07450f99.pth 

backbone.stages.3.block.7.conv1.weight - torch.Size([128, 736, 1, 1]): 
PretrainedInit: load from weights/densenet121_4xb256_in1k_20220426-07450f99.pth 

backbone.stages.3.block.7.norm2.weight - torch.Size([128]): 
PretrainedInit: load from weights/densenet121_4xb256_in1k_20220426-07450f99.pth 

backbone.stages.3.block.7.norm2.bias - torch.Size([128]): 
PretrainedInit: load from weights/densenet121_4xb256_in1k_20220426-07450f99.pth 

backbone.stages.3.block.7.conv2.weight - torch.Size([32, 128, 3, 3]): 
PretrainedInit: load from weights/densenet121_4xb256_in1k_20220426-07450f99.pth 

backbone.stages.3.block.8.norm1.weight - torch.Size([768]): 
PretrainedInit: load from weights/densenet121_4xb256_in1k_20220426-07450f99.pth 

backbone.stages.3.block.8.norm1.bias - torch.Size([768]): 
PretrainedInit: load from weights/densenet121_4xb256_in1k_20220426-07450f99.pth 

backbone.stages.3.block.8.conv1.weight - torch.Size([128, 768, 1, 1]): 
PretrainedInit: load from weights/densenet121_4xb256_in1k_20220426-07450f99.pth 

backbone.stages.3.block.8.norm2.weight - torch.Size([128]): 
PretrainedInit: load from weights/densenet121_4xb256_in1k_20220426-07450f99.pth 

backbone.stages.3.block.8.norm2.bias - torch.Size([128]): 
PretrainedInit: load from weights/densenet121_4xb256_in1k_20220426-07450f99.pth 

backbone.stages.3.block.8.conv2.weight - torch.Size([32, 128, 3, 3]): 
PretrainedInit: load from weights/densenet121_4xb256_in1k_20220426-07450f99.pth 

backbone.stages.3.block.9.norm1.weight - torch.Size([800]): 
PretrainedInit: load from weights/densenet121_4xb256_in1k_20220426-07450f99.pth 

backbone.stages.3.block.9.norm1.bias - torch.Size([800]): 
PretrainedInit: load from weights/densenet121_4xb256_in1k_20220426-07450f99.pth 

backbone.stages.3.block.9.conv1.weight - torch.Size([128, 800, 1, 1]): 
PretrainedInit: load from weights/densenet121_4xb256_in1k_20220426-07450f99.pth 

backbone.stages.3.block.9.norm2.weight - torch.Size([128]): 
PretrainedInit: load from weights/densenet121_4xb256_in1k_20220426-07450f99.pth 

backbone.stages.3.block.9.norm2.bias - torch.Size([128]): 
PretrainedInit: load from weights/densenet121_4xb256_in1k_20220426-07450f99.pth 

backbone.stages.3.block.9.conv2.weight - torch.Size([32, 128, 3, 3]): 
PretrainedInit: load from weights/densenet121_4xb256_in1k_20220426-07450f99.pth 

backbone.stages.3.block.10.norm1.weight - torch.Size([832]): 
PretrainedInit: load from weights/densenet121_4xb256_in1k_20220426-07450f99.pth 

backbone.stages.3.block.10.norm1.bias - torch.Size([832]): 
PretrainedInit: load from weights/densenet121_4xb256_in1k_20220426-07450f99.pth 

backbone.stages.3.block.10.conv1.weight - torch.Size([128, 832, 1, 1]): 
PretrainedInit: load from weights/densenet121_4xb256_in1k_20220426-07450f99.pth 

backbone.stages.3.block.10.norm2.weight - torch.Size([128]): 
PretrainedInit: load from weights/densenet121_4xb256_in1k_20220426-07450f99.pth 

backbone.stages.3.block.10.norm2.bias - torch.Size([128]): 
PretrainedInit: load from weights/densenet121_4xb256_in1k_20220426-07450f99.pth 

backbone.stages.3.block.10.conv2.weight - torch.Size([32, 128, 3, 3]): 
PretrainedInit: load from weights/densenet121_4xb256_in1k_20220426-07450f99.pth 

backbone.stages.3.block.11.norm1.weight - torch.Size([864]): 
PretrainedInit: load from weights/densenet121_4xb256_in1k_20220426-07450f99.pth 

backbone.stages.3.block.11.norm1.bias - torch.Size([864]): 
PretrainedInit: load from weights/densenet121_4xb256_in1k_20220426-07450f99.pth 

backbone.stages.3.block.11.conv1.weight - torch.Size([128, 864, 1, 1]): 
PretrainedInit: load from weights/densenet121_4xb256_in1k_20220426-07450f99.pth 

backbone.stages.3.block.11.norm2.weight - torch.Size([128]): 
PretrainedInit: load from weights/densenet121_4xb256_in1k_20220426-07450f99.pth 

backbone.stages.3.block.11.norm2.bias - torch.Size([128]): 
PretrainedInit: load from weights/densenet121_4xb256_in1k_20220426-07450f99.pth 

backbone.stages.3.block.11.conv2.weight - torch.Size([32, 128, 3, 3]): 
PretrainedInit: load from weights/densenet121_4xb256_in1k_20220426-07450f99.pth 

backbone.stages.3.block.12.norm1.weight - torch.Size([896]): 
PretrainedInit: load from weights/densenet121_4xb256_in1k_20220426-07450f99.pth 

backbone.stages.3.block.12.norm1.bias - torch.Size([896]): 
PretrainedInit: load from weights/densenet121_4xb256_in1k_20220426-07450f99.pth 

backbone.stages.3.block.12.conv1.weight - torch.Size([128, 896, 1, 1]): 
PretrainedInit: load from weights/densenet121_4xb256_in1k_20220426-07450f99.pth 

backbone.stages.3.block.12.norm2.weight - torch.Size([128]): 
PretrainedInit: load from weights/densenet121_4xb256_in1k_20220426-07450f99.pth 

backbone.stages.3.block.12.norm2.bias - torch.Size([128]): 
PretrainedInit: load from weights/densenet121_4xb256_in1k_20220426-07450f99.pth 

backbone.stages.3.block.12.conv2.weight - torch.Size([32, 128, 3, 3]): 
PretrainedInit: load from weights/densenet121_4xb256_in1k_20220426-07450f99.pth 

backbone.stages.3.block.13.norm1.weight - torch.Size([928]): 
PretrainedInit: load from weights/densenet121_4xb256_in1k_20220426-07450f99.pth 

backbone.stages.3.block.13.norm1.bias - torch.Size([928]): 
PretrainedInit: load from weights/densenet121_4xb256_in1k_20220426-07450f99.pth 

backbone.stages.3.block.13.conv1.weight - torch.Size([128, 928, 1, 1]): 
PretrainedInit: load from weights/densenet121_4xb256_in1k_20220426-07450f99.pth 

backbone.stages.3.block.13.norm2.weight - torch.Size([128]): 
PretrainedInit: load from weights/densenet121_4xb256_in1k_20220426-07450f99.pth 

backbone.stages.3.block.13.norm2.bias - torch.Size([128]): 
PretrainedInit: load from weights/densenet121_4xb256_in1k_20220426-07450f99.pth 

backbone.stages.3.block.13.conv2.weight - torch.Size([32, 128, 3, 3]): 
PretrainedInit: load from weights/densenet121_4xb256_in1k_20220426-07450f99.pth 

backbone.stages.3.block.14.norm1.weight - torch.Size([960]): 
PretrainedInit: load from weights/densenet121_4xb256_in1k_20220426-07450f99.pth 

backbone.stages.3.block.14.norm1.bias - torch.Size([960]): 
PretrainedInit: load from weights/densenet121_4xb256_in1k_20220426-07450f99.pth 

backbone.stages.3.block.14.conv1.weight - torch.Size([128, 960, 1, 1]): 
PretrainedInit: load from weights/densenet121_4xb256_in1k_20220426-07450f99.pth 

backbone.stages.3.block.14.norm2.weight - torch.Size([128]): 
PretrainedInit: load from weights/densenet121_4xb256_in1k_20220426-07450f99.pth 

backbone.stages.3.block.14.norm2.bias - torch.Size([128]): 
PretrainedInit: load from weights/densenet121_4xb256_in1k_20220426-07450f99.pth 

backbone.stages.3.block.14.conv2.weight - torch.Size([32, 128, 3, 3]): 
PretrainedInit: load from weights/densenet121_4xb256_in1k_20220426-07450f99.pth 

backbone.stages.3.block.15.norm1.weight - torch.Size([992]): 
PretrainedInit: load from weights/densenet121_4xb256_in1k_20220426-07450f99.pth 

backbone.stages.3.block.15.norm1.bias - torch.Size([992]): 
PretrainedInit: load from weights/densenet121_4xb256_in1k_20220426-07450f99.pth 

backbone.stages.3.block.15.conv1.weight - torch.Size([128, 992, 1, 1]): 
PretrainedInit: load from weights/densenet121_4xb256_in1k_20220426-07450f99.pth 

backbone.stages.3.block.15.norm2.weight - torch.Size([128]): 
PretrainedInit: load from weights/densenet121_4xb256_in1k_20220426-07450f99.pth 

backbone.stages.3.block.15.norm2.bias - torch.Size([128]): 
PretrainedInit: load from weights/densenet121_4xb256_in1k_20220426-07450f99.pth 

backbone.stages.3.block.15.conv2.weight - torch.Size([32, 128, 3, 3]): 
PretrainedInit: load from weights/densenet121_4xb256_in1k_20220426-07450f99.pth 

backbone.transitions.0.norm.weight - torch.Size([256]): 
PretrainedInit: load from weights/densenet121_4xb256_in1k_20220426-07450f99.pth 

backbone.transitions.0.norm.bias - torch.Size([256]): 
PretrainedInit: load from weights/densenet121_4xb256_in1k_20220426-07450f99.pth 

backbone.transitions.0.conv.weight - torch.Size([128, 256, 1, 1]): 
PretrainedInit: load from weights/densenet121_4xb256_in1k_20220426-07450f99.pth 

backbone.transitions.1.norm.weight - torch.Size([512]): 
PretrainedInit: load from weights/densenet121_4xb256_in1k_20220426-07450f99.pth 

backbone.transitions.1.norm.bias - torch.Size([512]): 
PretrainedInit: load from weights/densenet121_4xb256_in1k_20220426-07450f99.pth 

backbone.transitions.1.conv.weight - torch.Size([256, 512, 1, 1]): 
PretrainedInit: load from weights/densenet121_4xb256_in1k_20220426-07450f99.pth 

backbone.transitions.2.norm.weight - torch.Size([1024]): 
PretrainedInit: load from weights/densenet121_4xb256_in1k_20220426-07450f99.pth 

backbone.transitions.2.norm.bias - torch.Size([1024]): 
PretrainedInit: load from weights/densenet121_4xb256_in1k_20220426-07450f99.pth 

backbone.transitions.2.conv.weight - torch.Size([512, 1024, 1, 1]): 
PretrainedInit: load from weights/densenet121_4xb256_in1k_20220426-07450f99.pth 

backbone.transitions.3.0.weight - torch.Size([1024]): 
PretrainedInit: load from weights/densenet121_4xb256_in1k_20220426-07450f99.pth 

backbone.transitions.3.0.bias - torch.Size([1024]): 
PretrainedInit: load from weights/densenet121_4xb256_in1k_20220426-07450f99.pth 

head.fc.weight - torch.Size([19, 1024]): 
NormalInit: mean=0, std=0.01, bias=0 

head.fc.bias - torch.Size([19]): 
NormalInit: mean=0, std=0.01, bias=0 
2024-10-31 10:51:13,322 - mmcls - INFO - load checkpoint from local path: work_dirs/downsteam/cls/mimic/pretrain/sync5/latest.pth
2024-10-31 10:51:13,504 - mmcls - WARNING - The model and loaded state dict do not match exactly

size mismatch for head.fc.weight: copying a param with shape torch.Size([14, 1024]) from checkpoint, the shape in current model is torch.Size([19, 1024]).
size mismatch for head.fc.bias: copying a param with shape torch.Size([14]) from checkpoint, the shape in current model is torch.Size([19]).
2024-10-31 10:51:13,508 - mmcls - INFO - Start running, host: jiyuanfeng.p@SH-IDC1-10-140-1-126, work_dir: /mnt/petrelfs/jiyuanfeng.p/project/radiffuser/work_dirs/downsteam/cls/medfmc/fewshot/syn5/10_shot_exp4
2024-10-31 10:51:13,509 - mmcls - INFO - Hooks will be executed in the following order:
before_run:
(VERY_HIGH   ) CosineAnnealingLrUpdaterHook       
(NORMAL      ) CheckpointHook                     
(LOW         ) EvalHook                           
(VERY_LOW    ) TextLoggerHook                     
 -------------------- 
before_train_epoch:
(VERY_HIGH   ) CosineAnnealingLrUpdaterHook       
(LOW         ) IterTimerHook                      
(LOW         ) EvalHook                           
(VERY_LOW    ) TextLoggerHook                     
 -------------------- 
before_train_iter:
(VERY_HIGH   ) CosineAnnealingLrUpdaterHook       
(LOW         ) IterTimerHook                      
(LOW         ) EvalHook                           
 -------------------- 
after_train_iter:
(ABOVE_NORMAL) OptimizerHook                      
(NORMAL      ) CheckpointHook                     
(LOW         ) IterTimerHook                      
(LOW         ) EvalHook                           
(VERY_LOW    ) TextLoggerHook                     
 -------------------- 
after_train_epoch:
(NORMAL      ) CheckpointHook                     
(LOW         ) EvalHook                           
(VERY_LOW    ) TextLoggerHook                     
 -------------------- 
before_val_epoch:
(LOW         ) IterTimerHook                      
(VERY_LOW    ) TextLoggerHook                     
 -------------------- 
before_val_iter:
(LOW         ) IterTimerHook                      
 -------------------- 
after_val_iter:
(LOW         ) IterTimerHook                      
 -------------------- 
after_val_epoch:
(VERY_LOW    ) TextLoggerHook                     
 -------------------- 
after_run:
(VERY_LOW    ) TextLoggerHook                     
 -------------------- 
2024-10-31 10:51:13,510 - mmcls - INFO - workflow: [('train', 1)], max: 20 epochs
2024-10-31 10:51:13,511 - mmcls - INFO - Checkpoints will be saved to /mnt/petrelfs/jiyuanfeng.p/project/radiffuser/work_dirs/downsteam/cls/medfmc/fewshot/syn5/10_shot_exp4 by HardDiskBackend.
2024-10-31 10:51:19,872 - mmcls - INFO - Epoch [1][5/48]	lr: 1.000e-03, eta: 0:20:13, time: 1.271, data_time: 0.451, memory: 859, loss: 10.5690
2024-10-31 10:51:20,098 - mmcls - INFO - Epoch [1][10/48]	lr: 1.000e-03, eta: 0:10:25, time: 0.045, data_time: 0.001, memory: 859, loss: 7.5746
2024-10-31 10:51:20,324 - mmcls - INFO - Epoch [1][15/48]	lr: 1.000e-03, eta: 0:07:08, time: 0.045, data_time: 0.001, memory: 859, loss: 10.3352
2024-10-31 10:51:20,548 - mmcls - INFO - Epoch [1][20/48]	lr: 1.000e-03, eta: 0:05:30, time: 0.045, data_time: 0.001, memory: 859, loss: 10.5139
2024-10-31 10:51:20,767 - mmcls - INFO - Epoch [1][25/48]	lr: 1.000e-03, eta: 0:04:31, time: 0.044, data_time: 0.001, memory: 859, loss: 9.8813
2024-10-31 10:51:20,986 - mmcls - INFO - Epoch [1][30/48]	lr: 1.000e-03, eta: 0:03:51, time: 0.044, data_time: 0.001, memory: 859, loss: 8.3915
2024-10-31 10:51:21,206 - mmcls - INFO - Epoch [1][35/48]	lr: 1.000e-03, eta: 0:03:23, time: 0.044, data_time: 0.001, memory: 859, loss: 9.4355
2024-10-31 10:51:21,430 - mmcls - INFO - Epoch [1][40/48]	lr: 1.000e-03, eta: 0:03:01, time: 0.045, data_time: 0.001, memory: 859, loss: 8.9604
2024-10-31 10:51:21,639 - mmcls - INFO - Epoch [1][45/48]	lr: 1.000e-03, eta: 0:02:45, time: 0.042, data_time: 0.001, memory: 859, loss: 8.8920
2024-10-31 10:51:22,080 - mmcls - INFO - Saving checkpoint at 1 epochs
2024-10-31 10:51:29,654 - mmcls - INFO - Now best checkpoint is saved as best_mAP_epoch_1.pth.
2024-10-31 10:51:29,655 - mmcls - INFO - Best mAP is 24.6704 at 1 epoch.
2024-10-31 10:51:29,656 - mmcls - INFO - Epoch(val) [1][198]	mAP: 24.6704
2024-10-31 10:51:32,051 - mmcls - INFO - Epoch [2][5/48]	lr: 9.938e-04, eta: 0:02:59, time: 0.478, data_time: 0.431, memory: 859, loss: 8.5540
2024-10-31 10:51:32,292 - mmcls - INFO - Epoch [2][10/48]	lr: 9.938e-04, eta: 0:02:47, time: 0.048, data_time: 0.001, memory: 859, loss: 6.9747
2024-10-31 10:51:32,521 - mmcls - INFO - Epoch [2][15/48]	lr: 9.938e-04, eta: 0:02:36, time: 0.046, data_time: 0.001, memory: 859, loss: 8.5277
2024-10-31 10:51:32,746 - mmcls - INFO - Epoch [2][20/48]	lr: 9.938e-04, eta: 0:02:27, time: 0.045, data_time: 0.001, memory: 859, loss: 8.0860
2024-10-31 10:51:32,971 - mmcls - INFO - Epoch [2][25/48]	lr: 9.938e-04, eta: 0:02:18, time: 0.045, data_time: 0.001, memory: 859, loss: 8.2036
2024-10-31 10:51:33,205 - mmcls - INFO - Epoch [2][30/48]	lr: 9.938e-04, eta: 0:02:11, time: 0.047, data_time: 0.001, memory: 859, loss: 7.2436
2024-10-31 10:51:33,432 - mmcls - INFO - Epoch [2][35/48]	lr: 9.938e-04, eta: 0:02:05, time: 0.046, data_time: 0.001, memory: 859, loss: 8.5147
2024-10-31 10:51:33,658 - mmcls - INFO - Epoch [2][40/48]	lr: 9.938e-04, eta: 0:02:00, time: 0.045, data_time: 0.001, memory: 859, loss: 8.5142
2024-10-31 10:51:33,874 - mmcls - INFO - Epoch [2][45/48]	lr: 9.938e-04, eta: 0:01:54, time: 0.043, data_time: 0.001, memory: 859, loss: 7.2291
2024-10-31 10:51:34,008 - mmcls - INFO - Saving checkpoint at 2 epochs
2024-10-31 10:51:40,857 - mmcls - INFO - The previous best checkpoint /mnt/petrelfs/jiyuanfeng.p/project/radiffuser/work_dirs/downsteam/cls/medfmc/fewshot/syn5/10_shot_exp4/best_mAP_epoch_1.pth was removed
2024-10-31 10:51:41,121 - mmcls - INFO - Now best checkpoint is saved as best_mAP_epoch_2.pth.
2024-10-31 10:51:41,123 - mmcls - INFO - Best mAP is 28.2097 at 2 epoch.
2024-10-31 10:51:41,124 - mmcls - INFO - Epoch(val) [2][198]	mAP: 28.2097
2024-10-31 10:51:43,513 - mmcls - INFO - Epoch [3][5/48]	lr: 9.755e-04, eta: 0:02:05, time: 0.477, data_time: 0.430, memory: 859, loss: 8.2919
2024-10-31 10:51:43,744 - mmcls - INFO - Epoch [3][10/48]	lr: 9.755e-04, eta: 0:02:00, time: 0.046, data_time: 0.001, memory: 859, loss: 7.7823
2024-10-31 10:51:43,984 - mmcls - INFO - Epoch [3][15/48]	lr: 9.755e-04, eta: 0:01:56, time: 0.048, data_time: 0.001, memory: 859, loss: 8.8676
2024-10-31 10:51:44,213 - mmcls - INFO - Epoch [3][20/48]	lr: 9.755e-04, eta: 0:01:52, time: 0.046, data_time: 0.001, memory: 859, loss: 7.1604
2024-10-31 10:51:44,446 - mmcls - INFO - Epoch [3][25/48]	lr: 9.755e-04, eta: 0:01:48, time: 0.047, data_time: 0.001, memory: 859, loss: 8.5431
2024-10-31 10:51:44,675 - mmcls - INFO - Epoch [3][30/48]	lr: 9.755e-04, eta: 0:01:45, time: 0.046, data_time: 0.001, memory: 859, loss: 7.7807
2024-10-31 10:51:44,906 - mmcls - INFO - Epoch [3][35/48]	lr: 9.755e-04, eta: 0:01:41, time: 0.046, data_time: 0.001, memory: 859, loss: 6.7259
2024-10-31 10:51:45,132 - mmcls - INFO - Epoch [3][40/48]	lr: 9.755e-04, eta: 0:01:38, time: 0.045, data_time: 0.001, memory: 859, loss: 6.8119
2024-10-31 10:51:45,350 - mmcls - INFO - Epoch [3][45/48]	lr: 9.755e-04, eta: 0:01:36, time: 0.044, data_time: 0.001, memory: 859, loss: 8.4330
2024-10-31 10:51:45,480 - mmcls - INFO - Saving checkpoint at 3 epochs
2024-10-31 10:51:52,317 - mmcls - INFO - Epoch(val) [3][198]	mAP: 24.5373
2024-10-31 10:51:54,719 - mmcls - INFO - Epoch [4][5/48]	lr: 9.455e-04, eta: 0:01:43, time: 0.479, data_time: 0.432, memory: 859, loss: 8.3613
2024-10-31 10:51:54,951 - mmcls - INFO - Epoch [4][10/48]	lr: 9.455e-04, eta: 0:01:40, time: 0.046, data_time: 0.001, memory: 859, loss: 7.5473
2024-10-31 10:51:55,188 - mmcls - INFO - Epoch [4][15/48]	lr: 9.455e-04, eta: 0:01:37, time: 0.047, data_time: 0.001, memory: 859, loss: 7.3598
2024-10-31 10:51:55,415 - mmcls - INFO - Epoch [4][20/48]	lr: 9.455e-04, eta: 0:01:35, time: 0.045, data_time: 0.001, memory: 859, loss: 7.1889
2024-10-31 10:51:55,646 - mmcls - INFO - Epoch [4][25/48]	lr: 9.455e-04, eta: 0:01:33, time: 0.046, data_time: 0.001, memory: 859, loss: 8.3455
2024-10-31 10:51:55,871 - mmcls - INFO - Epoch [4][30/48]	lr: 9.455e-04, eta: 0:01:30, time: 0.045, data_time: 0.001, memory: 859, loss: 8.1455
2024-10-31 10:51:56,100 - mmcls - INFO - Epoch [4][35/48]	lr: 9.455e-04, eta: 0:01:28, time: 0.046, data_time: 0.001, memory: 859, loss: 7.7009
2024-10-31 10:51:56,326 - mmcls - INFO - Epoch [4][40/48]	lr: 9.455e-04, eta: 0:01:26, time: 0.045, data_time: 0.001, memory: 859, loss: 8.1914
2024-10-31 10:51:56,544 - mmcls - INFO - Epoch [4][45/48]	lr: 9.455e-04, eta: 0:01:24, time: 0.044, data_time: 0.001, memory: 859, loss: 7.7895
2024-10-31 10:51:56,675 - mmcls - INFO - Saving checkpoint at 4 epochs
2024-10-31 10:52:03,515 - mmcls - INFO - The previous best checkpoint /mnt/petrelfs/jiyuanfeng.p/project/radiffuser/work_dirs/downsteam/cls/medfmc/fewshot/syn5/10_shot_exp4/best_mAP_epoch_2.pth was removed
2024-10-31 10:52:03,770 - mmcls - INFO - Now best checkpoint is saved as best_mAP_epoch_4.pth.
2024-10-31 10:52:03,771 - mmcls - INFO - Best mAP is 28.8381 at 4 epoch.
2024-10-31 10:52:03,772 - mmcls - INFO - Epoch(val) [4][198]	mAP: 28.8381
2024-10-31 10:52:06,133 - mmcls - INFO - Epoch [5][5/48]	lr: 9.045e-04, eta: 0:01:29, time: 0.471, data_time: 0.426, memory: 859, loss: 7.4744
2024-10-31 10:52:06,372 - mmcls - INFO - Epoch [5][10/48]	lr: 9.045e-04, eta: 0:01:27, time: 0.048, data_time: 0.001, memory: 859, loss: 7.1433
2024-10-31 10:52:06,598 - mmcls - INFO - Epoch [5][15/48]	lr: 9.045e-04, eta: 0:01:25, time: 0.045, data_time: 0.001, memory: 859, loss: 8.0332
2024-10-31 10:52:06,821 - mmcls - INFO - Epoch [5][20/48]	lr: 9.045e-04, eta: 0:01:24, time: 0.045, data_time: 0.001, memory: 859, loss: 7.6151
2024-10-31 10:52:07,052 - mmcls - INFO - Epoch [5][25/48]	lr: 9.045e-04, eta: 0:01:22, time: 0.046, data_time: 0.001, memory: 859, loss: 8.1677
2024-10-31 10:52:07,292 - mmcls - INFO - Epoch [5][30/48]	lr: 9.045e-04, eta: 0:01:20, time: 0.048, data_time: 0.001, memory: 859, loss: 7.8314
2024-10-31 10:52:07,531 - mmcls - INFO - Epoch [5][35/48]	lr: 9.045e-04, eta: 0:01:19, time: 0.048, data_time: 0.001, memory: 859, loss: 7.0861
2024-10-31 10:52:07,760 - mmcls - INFO - Epoch [5][40/48]	lr: 9.045e-04, eta: 0:01:17, time: 0.046, data_time: 0.001, memory: 859, loss: 8.2145
2024-10-31 10:52:07,980 - mmcls - INFO - Epoch [5][45/48]	lr: 9.045e-04, eta: 0:01:16, time: 0.044, data_time: 0.001, memory: 859, loss: 7.5193
2024-10-31 10:52:08,111 - mmcls - INFO - Saving checkpoint at 5 epochs
2024-10-31 10:52:15,020 - mmcls - INFO - The previous best checkpoint /mnt/petrelfs/jiyuanfeng.p/project/radiffuser/work_dirs/downsteam/cls/medfmc/fewshot/syn5/10_shot_exp4/best_mAP_epoch_4.pth was removed
2024-10-31 10:52:15,267 - mmcls - INFO - Now best checkpoint is saved as best_mAP_epoch_5.pth.
2024-10-31 10:52:15,268 - mmcls - INFO - Best mAP is 29.5003 at 5 epoch.
2024-10-31 10:52:15,269 - mmcls - INFO - Epoch(val) [5][198]	mAP: 29.5003
2024-10-31 10:52:17,648 - mmcls - INFO - Epoch [6][5/48]	lr: 8.536e-04, eta: 0:01:19, time: 0.475, data_time: 0.427, memory: 859, loss: 7.5165
2024-10-31 10:52:17,877 - mmcls - INFO - Epoch [6][10/48]	lr: 8.536e-04, eta: 0:01:18, time: 0.046, data_time: 0.001, memory: 859, loss: 8.6946
2024-10-31 10:52:18,108 - mmcls - INFO - Epoch [6][15/48]	lr: 8.536e-04, eta: 0:01:16, time: 0.046, data_time: 0.001, memory: 859, loss: 6.7725
2024-10-31 10:52:18,334 - mmcls - INFO - Epoch [6][20/48]	lr: 8.536e-04, eta: 0:01:15, time: 0.045, data_time: 0.001, memory: 859, loss: 7.0435
2024-10-31 10:52:18,566 - mmcls - INFO - Epoch [6][25/48]	lr: 8.536e-04, eta: 0:01:14, time: 0.046, data_time: 0.001, memory: 859, loss: 6.6935
2024-10-31 10:52:18,799 - mmcls - INFO - Epoch [6][30/48]	lr: 8.536e-04, eta: 0:01:12, time: 0.047, data_time: 0.001, memory: 859, loss: 8.3063
2024-10-31 10:52:19,031 - mmcls - INFO - Epoch [6][35/48]	lr: 8.536e-04, eta: 0:01:11, time: 0.046, data_time: 0.001, memory: 859, loss: 8.0285
2024-10-31 10:52:19,254 - mmcls - INFO - Epoch [6][40/48]	lr: 8.536e-04, eta: 0:01:10, time: 0.045, data_time: 0.001, memory: 859, loss: 7.4181
2024-10-31 10:52:19,468 - mmcls - INFO - Epoch [6][45/48]	lr: 8.536e-04, eta: 0:01:09, time: 0.043, data_time: 0.001, memory: 859, loss: 7.1326
2024-10-31 10:52:19,599 - mmcls - INFO - Saving checkpoint at 6 epochs
2024-10-31 10:52:26,744 - mmcls - INFO - The previous best checkpoint /mnt/petrelfs/jiyuanfeng.p/project/radiffuser/work_dirs/downsteam/cls/medfmc/fewshot/syn5/10_shot_exp4/best_mAP_epoch_5.pth was removed
2024-10-31 10:52:26,990 - mmcls - INFO - Now best checkpoint is saved as best_mAP_epoch_6.pth.
2024-10-31 10:52:26,991 - mmcls - INFO - Best mAP is 30.9093 at 6 epoch.
2024-10-31 10:52:26,992 - mmcls - INFO - Epoch(val) [6][198]	mAP: 30.9093
2024-10-31 10:52:29,419 - mmcls - INFO - Epoch [7][5/48]	lr: 7.939e-04, eta: 0:01:11, time: 0.484, data_time: 0.432, memory: 859, loss: 7.3576
2024-10-31 10:52:29,660 - mmcls - INFO - Epoch [7][10/48]	lr: 7.939e-04, eta: 0:01:10, time: 0.048, data_time: 0.001, memory: 859, loss: 7.3424
2024-10-31 10:52:29,896 - mmcls - INFO - Epoch [7][15/48]	lr: 7.939e-04, eta: 0:01:09, time: 0.047, data_time: 0.001, memory: 859, loss: 6.8027
2024-10-31 10:52:30,134 - mmcls - INFO - Epoch [7][20/48]	lr: 7.939e-04, eta: 0:01:08, time: 0.048, data_time: 0.001, memory: 859, loss: 6.6715
2024-10-31 10:52:30,371 - mmcls - INFO - Epoch [7][25/48]	lr: 7.939e-04, eta: 0:01:07, time: 0.047, data_time: 0.001, memory: 859, loss: 7.0289
2024-10-31 10:52:30,626 - mmcls - INFO - Epoch [7][30/48]	lr: 7.939e-04, eta: 0:01:06, time: 0.051, data_time: 0.001, memory: 859, loss: 6.4975
2024-10-31 10:52:30,879 - mmcls - INFO - Epoch [7][35/48]	lr: 7.939e-04, eta: 0:01:05, time: 0.051, data_time: 0.001, memory: 859, loss: 8.4907
2024-10-31 10:52:31,118 - mmcls - INFO - Epoch [7][40/48]	lr: 7.939e-04, eta: 0:01:04, time: 0.048, data_time: 0.001, memory: 859, loss: 7.1239
2024-10-31 10:52:31,354 - mmcls - INFO - Epoch [7][45/48]	lr: 7.939e-04, eta: 0:01:03, time: 0.047, data_time: 0.001, memory: 859, loss: 7.3493
2024-10-31 10:52:31,488 - mmcls - INFO - Saving checkpoint at 7 epochs
2024-10-31 10:52:38,494 - mmcls - INFO - The previous best checkpoint /mnt/petrelfs/jiyuanfeng.p/project/radiffuser/work_dirs/downsteam/cls/medfmc/fewshot/syn5/10_shot_exp4/best_mAP_epoch_6.pth was removed
2024-10-31 10:52:38,740 - mmcls - INFO - Now best checkpoint is saved as best_mAP_epoch_7.pth.
2024-10-31 10:52:38,741 - mmcls - INFO - Best mAP is 33.7645 at 7 epoch.
2024-10-31 10:52:38,742 - mmcls - INFO - Epoch(val) [7][198]	mAP: 33.7645
2024-10-31 10:52:41,138 - mmcls - INFO - Epoch [8][5/48]	lr: 7.270e-04, eta: 0:01:05, time: 0.478, data_time: 0.432, memory: 859, loss: 5.3763
2024-10-31 10:52:41,384 - mmcls - INFO - Epoch [8][10/48]	lr: 7.270e-04, eta: 0:01:04, time: 0.049, data_time: 0.001, memory: 859, loss: 7.4704
2024-10-31 10:52:41,614 - mmcls - INFO - Epoch [8][15/48]	lr: 7.270e-04, eta: 0:01:03, time: 0.046, data_time: 0.001, memory: 859, loss: 7.6641
2024-10-31 10:52:41,854 - mmcls - INFO - Epoch [8][20/48]	lr: 7.270e-04, eta: 0:01:02, time: 0.048, data_time: 0.001, memory: 859, loss: 7.0381
2024-10-31 10:52:42,113 - mmcls - INFO - Epoch [8][25/48]	lr: 7.270e-04, eta: 0:01:01, time: 0.052, data_time: 0.001, memory: 859, loss: 5.8121
2024-10-31 10:52:42,349 - mmcls - INFO - Epoch [8][30/48]	lr: 7.270e-04, eta: 0:01:00, time: 0.047, data_time: 0.001, memory: 859, loss: 6.7673
2024-10-31 10:52:42,594 - mmcls - INFO - Epoch [8][35/48]	lr: 7.270e-04, eta: 0:00:59, time: 0.049, data_time: 0.001, memory: 859, loss: 7.3673
2024-10-31 10:52:42,832 - mmcls - INFO - Epoch [8][40/48]	lr: 7.270e-04, eta: 0:00:58, time: 0.048, data_time: 0.001, memory: 859, loss: 7.0170
2024-10-31 10:52:43,063 - mmcls - INFO - Epoch [8][45/48]	lr: 7.270e-04, eta: 0:00:57, time: 0.046, data_time: 0.001, memory: 859, loss: 7.3112
2024-10-31 10:52:43,357 - mmcls - INFO - Saving checkpoint at 8 epochs
2024-10-31 10:52:50,589 - mmcls - INFO - The previous best checkpoint /mnt/petrelfs/jiyuanfeng.p/project/radiffuser/work_dirs/downsteam/cls/medfmc/fewshot/syn5/10_shot_exp4/best_mAP_epoch_7.pth was removed
2024-10-31 10:52:50,853 - mmcls - INFO - Now best checkpoint is saved as best_mAP_epoch_8.pth.
2024-10-31 10:52:50,855 - mmcls - INFO - Best mAP is 33.8664 at 8 epoch.
2024-10-31 10:52:50,856 - mmcls - INFO - Epoch(val) [8][198]	mAP: 33.8664
2024-10-31 10:52:53,286 - mmcls - INFO - Epoch [9][5/48]	lr: 6.545e-04, eta: 0:00:59, time: 0.485, data_time: 0.436, memory: 859, loss: 7.5410
2024-10-31 10:52:53,538 - mmcls - INFO - Epoch [9][10/48]	lr: 6.545e-04, eta: 0:00:58, time: 0.050, data_time: 0.001, memory: 859, loss: 6.7268
2024-10-31 10:52:53,794 - mmcls - INFO - Epoch [9][15/48]	lr: 6.545e-04, eta: 0:00:57, time: 0.051, data_time: 0.001, memory: 859, loss: 6.7201
2024-10-31 10:52:54,071 - mmcls - INFO - Epoch [9][20/48]	lr: 6.545e-04, eta: 0:00:56, time: 0.055, data_time: 0.001, memory: 859, loss: 6.2208
2024-10-31 10:52:54,343 - mmcls - INFO - Epoch [9][25/48]	lr: 6.545e-04, eta: 0:00:55, time: 0.054, data_time: 0.001, memory: 859, loss: 7.0182
2024-10-31 10:52:54,616 - mmcls - INFO - Epoch [9][30/48]	lr: 6.545e-04, eta: 0:00:54, time: 0.055, data_time: 0.001, memory: 859, loss: 6.7456
2024-10-31 10:52:54,859 - mmcls - INFO - Epoch [9][35/48]	lr: 6.545e-04, eta: 0:00:54, time: 0.049, data_time: 0.001, memory: 859, loss: 5.8788
2024-10-31 10:52:55,100 - mmcls - INFO - Epoch [9][40/48]	lr: 6.545e-04, eta: 0:00:53, time: 0.048, data_time: 0.001, memory: 859, loss: 6.0601
2024-10-31 10:52:55,336 - mmcls - INFO - Epoch [9][45/48]	lr: 6.545e-04, eta: 0:00:52, time: 0.047, data_time: 0.001, memory: 859, loss: 6.9780
2024-10-31 10:52:55,470 - mmcls - INFO - Saving checkpoint at 9 epochs
2024-10-31 10:53:02,764 - mmcls - INFO - The previous best checkpoint /mnt/petrelfs/jiyuanfeng.p/project/radiffuser/work_dirs/downsteam/cls/medfmc/fewshot/syn5/10_shot_exp4/best_mAP_epoch_8.pth was removed
2024-10-31 10:53:03,036 - mmcls - INFO - Now best checkpoint is saved as best_mAP_epoch_9.pth.
2024-10-31 10:53:03,038 - mmcls - INFO - Best mAP is 35.3253 at 9 epoch.
2024-10-31 10:53:03,039 - mmcls - INFO - Epoch(val) [9][198]	mAP: 35.3253
2024-10-31 10:53:05,424 - mmcls - INFO - Epoch [10][5/48]	lr: 5.782e-04, eta: 0:00:53, time: 0.476, data_time: 0.426, memory: 859, loss: 6.2089
2024-10-31 10:53:05,677 - mmcls - INFO - Epoch [10][10/48]	lr: 5.782e-04, eta: 0:00:52, time: 0.051, data_time: 0.001, memory: 859, loss: 7.6385
2024-10-31 10:53:05,921 - mmcls - INFO - Epoch [10][15/48]	lr: 5.782e-04, eta: 0:00:51, time: 0.049, data_time: 0.001, memory: 859, loss: 6.4019
2024-10-31 10:53:06,169 - mmcls - INFO - Epoch [10][20/48]	lr: 5.782e-04, eta: 0:00:51, time: 0.050, data_time: 0.001, memory: 859, loss: 6.7749
2024-10-31 10:53:06,416 - mmcls - INFO - Epoch [10][25/48]	lr: 5.782e-04, eta: 0:00:50, time: 0.049, data_time: 0.001, memory: 859, loss: 6.3658
2024-10-31 10:53:06,671 - mmcls - INFO - Epoch [10][30/48]	lr: 5.782e-04, eta: 0:00:49, time: 0.051, data_time: 0.001, memory: 859, loss: 5.1677
2024-10-31 10:53:06,919 - mmcls - INFO - Epoch [10][35/48]	lr: 5.782e-04, eta: 0:00:48, time: 0.050, data_time: 0.001, memory: 859, loss: 6.2112
2024-10-31 10:53:07,164 - mmcls - INFO - Epoch [10][40/48]	lr: 5.782e-04, eta: 0:00:48, time: 0.049, data_time: 0.001, memory: 859, loss: 6.2089
2024-10-31 10:53:07,386 - mmcls - INFO - Epoch [10][45/48]	lr: 5.782e-04, eta: 0:00:47, time: 0.045, data_time: 0.001, memory: 859, loss: 6.5657
2024-10-31 10:53:07,518 - mmcls - INFO - Saving checkpoint at 10 epochs
2024-10-31 10:53:14,745 - mmcls - INFO - The previous best checkpoint /mnt/petrelfs/jiyuanfeng.p/project/radiffuser/work_dirs/downsteam/cls/medfmc/fewshot/syn5/10_shot_exp4/best_mAP_epoch_9.pth was removed
2024-10-31 10:53:15,008 - mmcls - INFO - Now best checkpoint is saved as best_mAP_epoch_10.pth.
2024-10-31 10:53:15,009 - mmcls - INFO - Best mAP is 39.7570 at 10 epoch.
2024-10-31 10:53:15,011 - mmcls - INFO - Epoch(val) [10][198]	mAP: 39.7570
2024-10-31 10:53:17,409 - mmcls - INFO - Epoch [11][5/48]	lr: 5.000e-04, eta: 0:00:48, time: 0.479, data_time: 0.429, memory: 859, loss: 5.8609
2024-10-31 10:53:17,690 - mmcls - INFO - Epoch [11][10/48]	lr: 5.000e-04, eta: 0:00:47, time: 0.056, data_time: 0.001, memory: 859, loss: 5.8329
2024-10-31 10:53:17,951 - mmcls - INFO - Epoch [11][15/48]	lr: 5.000e-04, eta: 0:00:46, time: 0.052, data_time: 0.001, memory: 859, loss: 6.2663
2024-10-31 10:53:18,206 - mmcls - INFO - Epoch [11][20/48]	lr: 5.000e-04, eta: 0:00:45, time: 0.051, data_time: 0.001, memory: 859, loss: 6.4262
2024-10-31 10:53:18,449 - mmcls - INFO - Epoch [11][25/48]	lr: 5.000e-04, eta: 0:00:45, time: 0.049, data_time: 0.001, memory: 859, loss: 5.7031
2024-10-31 10:53:18,693 - mmcls - INFO - Epoch [11][30/48]	lr: 5.000e-04, eta: 0:00:44, time: 0.049, data_time: 0.001, memory: 859, loss: 7.1738
2024-10-31 10:53:18,934 - mmcls - INFO - Epoch [11][35/48]	lr: 5.000e-04, eta: 0:00:43, time: 0.048, data_time: 0.001, memory: 859, loss: 5.6354
2024-10-31 10:53:19,168 - mmcls - INFO - Epoch [11][40/48]	lr: 5.000e-04, eta: 0:00:42, time: 0.047, data_time: 0.001, memory: 859, loss: 6.1254
2024-10-31 10:53:19,387 - mmcls - INFO - Epoch [11][45/48]	lr: 5.000e-04, eta: 0:00:42, time: 0.044, data_time: 0.001, memory: 859, loss: 6.0598
2024-10-31 10:53:19,516 - mmcls - INFO - Saving checkpoint at 11 epochs
2024-10-31 10:53:26,951 - mmcls - INFO - The previous best checkpoint /mnt/petrelfs/jiyuanfeng.p/project/radiffuser/work_dirs/downsteam/cls/medfmc/fewshot/syn5/10_shot_exp4/best_mAP_epoch_10.pth was removed
2024-10-31 10:53:27,221 - mmcls - INFO - Now best checkpoint is saved as best_mAP_epoch_11.pth.
2024-10-31 10:53:27,222 - mmcls - INFO - Best mAP is 40.8018 at 11 epoch.
2024-10-31 10:53:27,223 - mmcls - INFO - Epoch(val) [11][198]	mAP: 40.8018
2024-10-31 10:53:29,672 - mmcls - INFO - Epoch [12][5/48]	lr: 4.218e-04, eta: 0:00:42, time: 0.489, data_time: 0.439, memory: 859, loss: 6.1451
2024-10-31 10:53:29,921 - mmcls - INFO - Epoch [12][10/48]	lr: 4.218e-04, eta: 0:00:42, time: 0.050, data_time: 0.001, memory: 859, loss: 5.9326
2024-10-31 10:53:30,159 - mmcls - INFO - Epoch [12][15/48]	lr: 4.218e-04, eta: 0:00:41, time: 0.048, data_time: 0.001, memory: 859, loss: 6.4587
2024-10-31 10:53:30,409 - mmcls - INFO - Epoch [12][20/48]	lr: 4.218e-04, eta: 0:00:40, time: 0.050, data_time: 0.001, memory: 859, loss: 6.8166
2024-10-31 10:53:30,646 - mmcls - INFO - Epoch [12][25/48]	lr: 4.218e-04, eta: 0:00:40, time: 0.047, data_time: 0.001, memory: 859, loss: 6.2145
2024-10-31 10:53:30,886 - mmcls - INFO - Epoch [12][30/48]	lr: 4.218e-04, eta: 0:00:39, time: 0.048, data_time: 0.001, memory: 859, loss: 5.7041
2024-10-31 10:53:31,124 - mmcls - INFO - Epoch [12][35/48]	lr: 4.218e-04, eta: 0:00:38, time: 0.047, data_time: 0.001, memory: 859, loss: 5.9040
2024-10-31 10:53:31,354 - mmcls - INFO - Epoch [12][40/48]	lr: 4.218e-04, eta: 0:00:38, time: 0.046, data_time: 0.001, memory: 859, loss: 5.4051
2024-10-31 10:53:31,572 - mmcls - INFO - Epoch [12][45/48]	lr: 4.218e-04, eta: 0:00:37, time: 0.044, data_time: 0.001, memory: 859, loss: 5.9856
2024-10-31 10:53:31,701 - mmcls - INFO - Saving checkpoint at 12 epochs
2024-10-31 10:53:39,094 - mmcls - INFO - The previous best checkpoint /mnt/petrelfs/jiyuanfeng.p/project/radiffuser/work_dirs/downsteam/cls/medfmc/fewshot/syn5/10_shot_exp4/best_mAP_epoch_11.pth was removed
2024-10-31 10:53:39,352 - mmcls - INFO - Now best checkpoint is saved as best_mAP_epoch_12.pth.
2024-10-31 10:53:39,354 - mmcls - INFO - Best mAP is 42.1102 at 12 epoch.
2024-10-31 10:53:39,355 - mmcls - INFO - Epoch(val) [12][198]	mAP: 42.1102
2024-10-31 10:53:41,776 - mmcls - INFO - Epoch [13][5/48]	lr: 3.455e-04, eta: 0:00:37, time: 0.483, data_time: 0.433, memory: 859, loss: 5.7190
2024-10-31 10:53:42,021 - mmcls - INFO - Epoch [13][10/48]	lr: 3.455e-04, eta: 0:00:37, time: 0.049, data_time: 0.001, memory: 859, loss: 5.2152
2024-10-31 10:53:42,267 - mmcls - INFO - Epoch [13][15/48]	lr: 3.455e-04, eta: 0:00:36, time: 0.049, data_time: 0.001, memory: 859, loss: 5.6407
2024-10-31 10:53:42,506 - mmcls - INFO - Epoch [13][20/48]	lr: 3.455e-04, eta: 0:00:35, time: 0.048, data_time: 0.001, memory: 859, loss: 5.4087
2024-10-31 10:53:42,747 - mmcls - INFO - Epoch [13][25/48]	lr: 3.455e-04, eta: 0:00:35, time: 0.048, data_time: 0.001, memory: 859, loss: 5.4253
2024-10-31 10:53:42,978 - mmcls - INFO - Epoch [13][30/48]	lr: 3.455e-04, eta: 0:00:34, time: 0.046, data_time: 0.001, memory: 859, loss: 5.6158
2024-10-31 10:53:43,207 - mmcls - INFO - Epoch [13][35/48]	lr: 3.455e-04, eta: 0:00:33, time: 0.046, data_time: 0.001, memory: 859, loss: 5.6449
2024-10-31 10:53:43,449 - mmcls - INFO - Epoch [13][40/48]	lr: 3.455e-04, eta: 0:00:33, time: 0.048, data_time: 0.001, memory: 859, loss: 5.5221
2024-10-31 10:53:43,691 - mmcls - INFO - Epoch [13][45/48]	lr: 3.455e-04, eta: 0:00:32, time: 0.048, data_time: 0.001, memory: 859, loss: 6.1656
2024-10-31 10:53:43,855 - mmcls - INFO - Saving checkpoint at 13 epochs
2024-10-31 10:53:51,315 - mmcls - INFO - The previous best checkpoint /mnt/petrelfs/jiyuanfeng.p/project/radiffuser/work_dirs/downsteam/cls/medfmc/fewshot/syn5/10_shot_exp4/best_mAP_epoch_12.pth was removed
2024-10-31 10:53:51,584 - mmcls - INFO - Now best checkpoint is saved as best_mAP_epoch_13.pth.
2024-10-31 10:53:51,585 - mmcls - INFO - Best mAP is 43.4295 at 13 epoch.
2024-10-31 10:53:51,586 - mmcls - INFO - Epoch(val) [13][198]	mAP: 43.4295
2024-10-31 10:53:53,969 - mmcls - INFO - Epoch [14][5/48]	lr: 2.730e-04, eta: 0:00:32, time: 0.475, data_time: 0.428, memory: 859, loss: 5.1500
2024-10-31 10:53:54,219 - mmcls - INFO - Epoch [14][10/48]	lr: 2.730e-04, eta: 0:00:32, time: 0.050, data_time: 0.001, memory: 859, loss: 5.4562
2024-10-31 10:53:54,460 - mmcls - INFO - Epoch [14][15/48]	lr: 2.730e-04, eta: 0:00:31, time: 0.048, data_time: 0.001, memory: 859, loss: 5.7728
2024-10-31 10:53:54,701 - mmcls - INFO - Epoch [14][20/48]	lr: 2.730e-04, eta: 0:00:30, time: 0.048, data_time: 0.001, memory: 859, loss: 4.9540
2024-10-31 10:53:54,933 - mmcls - INFO - Epoch [14][25/48]	lr: 2.730e-04, eta: 0:00:30, time: 0.046, data_time: 0.001, memory: 859, loss: 5.7493
2024-10-31 10:53:55,162 - mmcls - INFO - Epoch [14][30/48]	lr: 2.730e-04, eta: 0:00:29, time: 0.046, data_time: 0.001, memory: 859, loss: 5.6630
2024-10-31 10:53:55,404 - mmcls - INFO - Epoch [14][35/48]	lr: 2.730e-04, eta: 0:00:29, time: 0.048, data_time: 0.001, memory: 859, loss: 5.8562
2024-10-31 10:53:55,642 - mmcls - INFO - Epoch [14][40/48]	lr: 2.730e-04, eta: 0:00:28, time: 0.048, data_time: 0.001, memory: 859, loss: 4.7027
2024-10-31 10:53:55,863 - mmcls - INFO - Epoch [14][45/48]	lr: 2.730e-04, eta: 0:00:27, time: 0.044, data_time: 0.001, memory: 859, loss: 6.0799
2024-10-31 10:53:56,018 - mmcls - INFO - Saving checkpoint at 14 epochs
2024-10-31 10:54:03,367 - mmcls - INFO - The previous best checkpoint /mnt/petrelfs/jiyuanfeng.p/project/radiffuser/work_dirs/downsteam/cls/medfmc/fewshot/syn5/10_shot_exp4/best_mAP_epoch_13.pth was removed
2024-10-31 10:54:03,628 - mmcls - INFO - Now best checkpoint is saved as best_mAP_epoch_14.pth.
2024-10-31 10:54:03,630 - mmcls - INFO - Best mAP is 44.1056 at 14 epoch.
2024-10-31 10:54:03,631 - mmcls - INFO - Epoch(val) [14][198]	mAP: 44.1056
2024-10-31 10:54:06,024 - mmcls - INFO - Epoch [15][5/48]	lr: 2.061e-04, eta: 0:00:27, time: 0.477, data_time: 0.428, memory: 859, loss: 5.7096
2024-10-31 10:54:06,279 - mmcls - INFO - Epoch [15][10/48]	lr: 2.061e-04, eta: 0:00:27, time: 0.051, data_time: 0.001, memory: 859, loss: 5.2524
2024-10-31 10:54:06,519 - mmcls - INFO - Epoch [15][15/48]	lr: 2.061e-04, eta: 0:00:26, time: 0.048, data_time: 0.001, memory: 859, loss: 6.7996
2024-10-31 10:54:06,748 - mmcls - INFO - Epoch [15][20/48]	lr: 2.061e-04, eta: 0:00:25, time: 0.046, data_time: 0.001, memory: 859, loss: 6.4593
2024-10-31 10:54:06,998 - mmcls - INFO - Epoch [15][25/48]	lr: 2.061e-04, eta: 0:00:25, time: 0.050, data_time: 0.001, memory: 859, loss: 4.7638
2024-10-31 10:54:07,230 - mmcls - INFO - Epoch [15][30/48]	lr: 2.061e-04, eta: 0:00:24, time: 0.046, data_time: 0.001, memory: 859, loss: 4.9582
2024-10-31 10:54:07,472 - mmcls - INFO - Epoch [15][35/48]	lr: 2.061e-04, eta: 0:00:24, time: 0.048, data_time: 0.001, memory: 859, loss: 5.6964
2024-10-31 10:54:07,714 - mmcls - INFO - Epoch [15][40/48]	lr: 2.061e-04, eta: 0:00:23, time: 0.048, data_time: 0.001, memory: 859, loss: 4.5766
2024-10-31 10:54:07,959 - mmcls - INFO - Epoch [15][45/48]	lr: 2.061e-04, eta: 0:00:23, time: 0.049, data_time: 0.001, memory: 859, loss: 4.6278
2024-10-31 10:54:08,098 - mmcls - INFO - Saving checkpoint at 15 epochs
2024-10-31 10:54:15,453 - mmcls - INFO - The previous best checkpoint /mnt/petrelfs/jiyuanfeng.p/project/radiffuser/work_dirs/downsteam/cls/medfmc/fewshot/syn5/10_shot_exp4/best_mAP_epoch_14.pth was removed
2024-10-31 10:54:15,736 - mmcls - INFO - Now best checkpoint is saved as best_mAP_epoch_15.pth.
2024-10-31 10:54:15,737 - mmcls - INFO - Best mAP is 47.1221 at 15 epoch.
2024-10-31 10:54:15,738 - mmcls - INFO - Epoch(val) [15][198]	mAP: 47.1221
2024-10-31 10:54:18,132 - mmcls - INFO - Epoch [16][5/48]	lr: 1.464e-04, eta: 0:00:22, time: 0.478, data_time: 0.430, memory: 859, loss: 6.2234
2024-10-31 10:54:18,377 - mmcls - INFO - Epoch [16][10/48]	lr: 1.464e-04, eta: 0:00:22, time: 0.049, data_time: 0.001, memory: 859, loss: 4.9211
2024-10-31 10:54:18,620 - mmcls - INFO - Epoch [16][15/48]	lr: 1.464e-04, eta: 0:00:21, time: 0.048, data_time: 0.001, memory: 859, loss: 5.5452
2024-10-31 10:54:18,857 - mmcls - INFO - Epoch [16][20/48]	lr: 1.464e-04, eta: 0:00:21, time: 0.048, data_time: 0.001, memory: 859, loss: 4.5518
2024-10-31 10:54:19,092 - mmcls - INFO - Epoch [16][25/48]	lr: 1.464e-04, eta: 0:00:20, time: 0.047, data_time: 0.001, memory: 859, loss: 4.7447
2024-10-31 10:54:19,347 - mmcls - INFO - Epoch [16][30/48]	lr: 1.464e-04, eta: 0:00:20, time: 0.051, data_time: 0.001, memory: 859, loss: 5.1206
2024-10-31 10:54:19,590 - mmcls - INFO - Epoch [16][35/48]	lr: 1.464e-04, eta: 0:00:19, time: 0.048, data_time: 0.001, memory: 859, loss: 3.8974
2024-10-31 10:54:19,830 - mmcls - INFO - Epoch [16][40/48]	lr: 1.464e-04, eta: 0:00:19, time: 0.048, data_time: 0.001, memory: 859, loss: 5.5554
2024-10-31 10:54:20,063 - mmcls - INFO - Epoch [16][45/48]	lr: 1.464e-04, eta: 0:00:18, time: 0.047, data_time: 0.001, memory: 859, loss: 5.5398
2024-10-31 10:54:20,213 - mmcls - INFO - Saving checkpoint at 16 epochs
2024-10-31 10:54:27,574 - mmcls - INFO - Epoch(val) [16][198]	mAP: 45.6349
2024-10-31 10:54:29,993 - mmcls - INFO - Epoch [17][5/48]	lr: 9.549e-05, eta: 0:00:18, time: 0.482, data_time: 0.433, memory: 859, loss: 4.6757
2024-10-31 10:54:30,232 - mmcls - INFO - Epoch [17][10/48]	lr: 9.549e-05, eta: 0:00:17, time: 0.048, data_time: 0.001, memory: 859, loss: 5.8453
2024-10-31 10:54:30,481 - mmcls - INFO - Epoch [17][15/48]	lr: 9.549e-05, eta: 0:00:17, time: 0.050, data_time: 0.001, memory: 859, loss: 5.0028
2024-10-31 10:54:30,730 - mmcls - INFO - Epoch [17][20/48]	lr: 9.549e-05, eta: 0:00:16, time: 0.050, data_time: 0.001, memory: 859, loss: 4.8577
2024-10-31 10:54:30,973 - mmcls - INFO - Epoch [17][25/48]	lr: 9.549e-05, eta: 0:00:16, time: 0.049, data_time: 0.001, memory: 859, loss: 5.0200
2024-10-31 10:54:31,219 - mmcls - INFO - Epoch [17][30/48]	lr: 9.549e-05, eta: 0:00:15, time: 0.049, data_time: 0.001, memory: 859, loss: 4.9195
2024-10-31 10:54:31,476 - mmcls - INFO - Epoch [17][35/48]	lr: 9.549e-05, eta: 0:00:14, time: 0.051, data_time: 0.001, memory: 859, loss: 6.1278
2024-10-31 10:54:31,721 - mmcls - INFO - Epoch [17][40/48]	lr: 9.549e-05, eta: 0:00:14, time: 0.049, data_time: 0.001, memory: 859, loss: 5.7086
2024-10-31 10:54:31,955 - mmcls - INFO - Epoch [17][45/48]	lr: 9.549e-05, eta: 0:00:13, time: 0.047, data_time: 0.001, memory: 859, loss: 4.3243
2024-10-31 10:54:32,100 - mmcls - INFO - Saving checkpoint at 17 epochs
2024-10-31 10:54:39,516 - mmcls - INFO - Epoch(val) [17][198]	mAP: 47.0588
2024-10-31 10:54:41,906 - mmcls - INFO - Epoch [18][5/48]	lr: 5.450e-05, eta: 0:00:13, time: 0.477, data_time: 0.429, memory: 859, loss: 4.5838
2024-10-31 10:54:42,162 - mmcls - INFO - Epoch [18][10/48]	lr: 5.450e-05, eta: 0:00:12, time: 0.051, data_time: 0.001, memory: 859, loss: 4.4429
2024-10-31 10:54:42,401 - mmcls - INFO - Epoch [18][15/48]	lr: 5.450e-05, eta: 0:00:12, time: 0.048, data_time: 0.001, memory: 859, loss: 5.2174
2024-10-31 10:54:42,650 - mmcls - INFO - Epoch [18][20/48]	lr: 5.450e-05, eta: 0:00:11, time: 0.050, data_time: 0.001, memory: 859, loss: 4.6010
2024-10-31 10:54:42,893 - mmcls - INFO - Epoch [18][25/48]	lr: 5.450e-05, eta: 0:00:11, time: 0.049, data_time: 0.001, memory: 859, loss: 5.4441
2024-10-31 10:54:43,143 - mmcls - INFO - Epoch [18][30/48]	lr: 5.450e-05, eta: 0:00:10, time: 0.050, data_time: 0.001, memory: 859, loss: 5.2138
2024-10-31 10:54:43,407 - mmcls - INFO - Epoch [18][35/48]	lr: 5.450e-05, eta: 0:00:10, time: 0.053, data_time: 0.001, memory: 859, loss: 4.5683
2024-10-31 10:54:43,664 - mmcls - INFO - Epoch [18][40/48]	lr: 5.450e-05, eta: 0:00:09, time: 0.051, data_time: 0.001, memory: 859, loss: 5.6384
2024-10-31 10:54:43,902 - mmcls - INFO - Epoch [18][45/48]	lr: 5.450e-05, eta: 0:00:09, time: 0.048, data_time: 0.001, memory: 859, loss: 4.9455
2024-10-31 10:54:44,063 - mmcls - INFO - Saving checkpoint at 18 epochs
2024-10-31 10:54:51,529 - mmcls - INFO - Epoch(val) [18][198]	mAP: 47.0125
2024-10-31 10:54:53,934 - mmcls - INFO - Epoch [19][5/48]	lr: 2.447e-05, eta: 0:00:08, time: 0.480, data_time: 0.431, memory: 859, loss: 4.8840
2024-10-31 10:54:54,186 - mmcls - INFO - Epoch [19][10/48]	lr: 2.447e-05, eta: 0:00:08, time: 0.050, data_time: 0.001, memory: 859, loss: 5.4235
2024-10-31 10:54:54,427 - mmcls - INFO - Epoch [19][15/48]	lr: 2.447e-05, eta: 0:00:07, time: 0.048, data_time: 0.001, memory: 859, loss: 4.9410
2024-10-31 10:54:54,671 - mmcls - INFO - Epoch [19][20/48]	lr: 2.447e-05, eta: 0:00:07, time: 0.049, data_time: 0.001, memory: 859, loss: 4.6067
2024-10-31 10:54:54,912 - mmcls - INFO - Epoch [19][25/48]	lr: 2.447e-05, eta: 0:00:06, time: 0.048, data_time: 0.001, memory: 859, loss: 4.5519
2024-10-31 10:54:55,155 - mmcls - INFO - Epoch [19][30/48]	lr: 2.447e-05, eta: 0:00:06, time: 0.049, data_time: 0.001, memory: 859, loss: 4.4022
2024-10-31 10:54:55,396 - mmcls - INFO - Epoch [19][35/48]	lr: 2.447e-05, eta: 0:00:05, time: 0.048, data_time: 0.001, memory: 859, loss: 5.1106
2024-10-31 10:54:55,772 - mmcls - INFO - Epoch [19][40/48]	lr: 2.447e-05, eta: 0:00:05, time: 0.075, data_time: 0.001, memory: 859, loss: 5.3420
2024-10-31 10:54:56,011 - mmcls - INFO - Epoch [19][45/48]	lr: 2.447e-05, eta: 0:00:04, time: 0.048, data_time: 0.001, memory: 859, loss: 5.8807
2024-10-31 10:54:56,159 - mmcls - INFO - Saving checkpoint at 19 epochs
2024-10-31 10:55:03,685 - mmcls - INFO - The previous best checkpoint /mnt/petrelfs/jiyuanfeng.p/project/radiffuser/work_dirs/downsteam/cls/medfmc/fewshot/syn5/10_shot_exp4/best_mAP_epoch_15.pth was removed
2024-10-31 10:55:03,951 - mmcls - INFO - Now best checkpoint is saved as best_mAP_epoch_19.pth.
2024-10-31 10:55:03,953 - mmcls - INFO - Best mAP is 47.7515 at 19 epoch.
2024-10-31 10:55:03,954 - mmcls - INFO - Epoch(val) [19][198]	mAP: 47.7515
2024-10-31 10:55:06,344 - mmcls - INFO - Epoch [20][5/48]	lr: 6.156e-06, eta: 0:00:04, time: 0.477, data_time: 0.428, memory: 859, loss: 4.9362
2024-10-31 10:55:06,601 - mmcls - INFO - Epoch [20][10/48]	lr: 6.156e-06, eta: 0:00:03, time: 0.051, data_time: 0.001, memory: 859, loss: 4.8389
2024-10-31 10:55:06,841 - mmcls - INFO - Epoch [20][15/48]	lr: 6.156e-06, eta: 0:00:03, time: 0.048, data_time: 0.001, memory: 859, loss: 5.0428
2024-10-31 10:55:07,098 - mmcls - INFO - Epoch [20][20/48]	lr: 6.156e-06, eta: 0:00:02, time: 0.051, data_time: 0.001, memory: 859, loss: 4.4236
2024-10-31 10:55:07,349 - mmcls - INFO - Epoch [20][25/48]	lr: 6.156e-06, eta: 0:00:02, time: 0.050, data_time: 0.001, memory: 859, loss: 5.3445
2024-10-31 10:55:07,616 - mmcls - INFO - Epoch [20][30/48]	lr: 6.156e-06, eta: 0:00:01, time: 0.054, data_time: 0.001, memory: 859, loss: 5.7477
2024-10-31 10:55:07,869 - mmcls - INFO - Epoch [20][35/48]	lr: 6.156e-06, eta: 0:00:01, time: 0.050, data_time: 0.001, memory: 859, loss: 4.4274
2024-10-31 10:55:08,120 - mmcls - INFO - Epoch [20][40/48]	lr: 6.156e-06, eta: 0:00:00, time: 0.050, data_time: 0.001, memory: 859, loss: 5.2812
2024-10-31 10:55:08,369 - mmcls - INFO - Epoch [20][45/48]	lr: 6.156e-06, eta: 0:00:00, time: 0.050, data_time: 0.001, memory: 859, loss: 4.3870
2024-10-31 10:55:08,515 - mmcls - INFO - Saving checkpoint at 20 epochs
2024-10-31 10:55:15,972 - mmcls - INFO - Epoch(val) [20][198]	mAP: 47.1715
