2024-10-31 10:51:04,850 - mmcls - INFO - Environment info:
------------------------------------------------------------
sys.platform: linux
Python: 3.9.18 (main, Sep 11 2023, 13:41:44) [GCC 11.2.0]
CUDA available: True
GPU 0: NVIDIA A100-SXM4-80GB
CUDA_HOME: /mnt/lustre/share/cuda-11.8
NVCC: Cuda compilation tools, release 11.8, V11.8.89
GCC: gcc (GCC) 7.3.0
PyTorch: 2.2.0+cu121
PyTorch compiling details: PyTorch built with:
  - GCC 9.3
  - C++ Version: 201703
  - Intel(R) oneAPI Math Kernel Library Version 2022.2-Product Build 20220804 for Intel(R) 64 architecture applications
  - Intel(R) MKL-DNN v3.3.2 (Git Hash 2dc95a2ad0841e29db8b22fbccaf3e5da7992b01)
  - OpenMP 201511 (a.k.a. OpenMP 4.5)
  - LAPACK is enabled (usually provided by MKL)
  - NNPACK is enabled
  - CPU capability usage: AVX512
  - CUDA Runtime 12.1
  - NVCC architecture flags: -gencode;arch=compute_50,code=sm_50;-gencode;arch=compute_60,code=sm_60;-gencode;arch=compute_70,code=sm_70;-gencode;arch=compute_75,code=sm_75;-gencode;arch=compute_80,code=sm_80;-gencode;arch=compute_86,code=sm_86;-gencode;arch=compute_90,code=sm_90
  - CuDNN 8.9.2
  - Magma 2.6.1
  - Build settings: BLAS_INFO=mkl, BUILD_TYPE=Release, CUDA_VERSION=12.1, CUDNN_VERSION=8.9.2, CXX_COMPILER=/opt/rh/devtoolset-9/root/usr/bin/c++, CXX_FLAGS= -D_GLIBCXX_USE_CXX11_ABI=0 -fabi-version=11 -fvisibility-inlines-hidden -DUSE_PTHREADPOOL -DNDEBUG -DUSE_KINETO -DLIBKINETO_NOROCTRACER -DUSE_FBGEMM -DUSE_QNNPACK -DUSE_PYTORCH_QNNPACK -DUSE_XNNPACK -DSYMBOLICATE_MOBILE_DEBUG_HANDLE -O2 -fPIC -Wall -Wextra -Werror=return-type -Werror=non-virtual-dtor -Werror=bool-operation -Wnarrowing -Wno-missing-field-initializers -Wno-type-limits -Wno-array-bounds -Wno-unknown-pragmas -Wno-unused-parameter -Wno-unused-function -Wno-unused-result -Wno-strict-overflow -Wno-strict-aliasing -Wno-stringop-overflow -Wsuggest-override -Wno-psabi -Wno-error=pedantic -Wno-error=old-style-cast -Wno-missing-braces -fdiagnostics-color=always -faligned-new -Wno-unused-but-set-variable -Wno-maybe-uninitialized -fno-math-errno -fno-trapping-math -Werror=format -Wno-stringop-overflow, LAPACK_INFO=mkl, PERF_WITH_AVX=1, PERF_WITH_AVX2=1, PERF_WITH_AVX512=1, TORCH_VERSION=2.2.0, USE_CUDA=ON, USE_CUDNN=ON, USE_EXCEPTION_PTR=1, USE_GFLAGS=OFF, USE_GLOG=OFF, USE_MKL=ON, USE_MKLDNN=ON, USE_MPI=OFF, USE_NCCL=1, USE_NNPACK=ON, USE_OPENMP=ON, USE_ROCM=OFF, USE_ROCM_KERNEL_ASSERT=OFF, 

TorchVision: 0.17.0+cu121
OpenCV: 4.9.0
MMCV: 1.6.0
MMCV Compiler: n/a
MMCV CUDA Compiler: n/a
MMClassification: 0.25.0+68bac71
------------------------------------------------------------

2024-10-31 10:51:04,851 - mmcls - INFO - Distributed training: False
2024-10-31 10:51:05,384 - mmcls - INFO - Config:
model = dict(
    type='ImageClassifier',
    backbone=dict(
        type='DenseNet',
        arch='121',
        init_cfg=dict(
            type='Pretrained',
            checkpoint='weights/densenet121_4xb256_in1k_20220426-07450f99.pth',
            prefix='backbone')),
    neck=dict(type='GlobalAveragePooling'),
    head=dict(
        type='MultiLabelLinearClsHead', num_classes=19, in_channels=1024))
dataset_type = 'Chest19'
img_norm_cfg = dict(
    mean=[123.675, 116.28, 103.53], std=[58.395, 57.12, 57.375], to_rgb=True)
train_pipeline = [
    dict(type='LoadImageFromFile'),
    dict(
        type='RandomResizedCrop',
        size=256,
        backend='pillow',
        interpolation='bicubic'),
    dict(type='RandomFlip', flip_prob=0.5, direction='horizontal'),
    dict(
        type='Normalize',
        mean=[123.675, 116.28, 103.53],
        std=[58.395, 57.12, 57.375],
        to_rgb=True),
    dict(type='ImageToTensor', keys=['img']),
    dict(type='ToTensor', keys=['gt_label']),
    dict(type='Collect', keys=['img', 'gt_label'])
]
test_pipeline = [
    dict(type='LoadImageFromFile'),
    dict(type='Resize', size=256, backend='pillow', interpolation='bicubic'),
    dict(
        type='Normalize',
        mean=[123.675, 116.28, 103.53],
        std=[58.395, 57.12, 57.375],
        to_rgb=True),
    dict(type='ImageToTensor', keys=['img']),
    dict(type='Collect', keys=['img'])
]
data = dict(
    samples_per_gpu=4,
    workers_per_gpu=4,
    train=dict(
        type='Chest19',
        data_prefix=
        '/mnt/petrelfs/jiyuanfeng.p/data/medfmc/MedFMC_train/chest/images',
        ann_file=
        '/mnt/petrelfs/jiyuanfeng.p/project/radiffuser/tools/downstream/medfm/data_backup/MedFMC/chest/chest_10-shot_train_exp2.txt',
        pipeline=[
            dict(type='LoadImageFromFile'),
            dict(
                type='RandomResizedCrop',
                size=256,
                backend='pillow',
                interpolation='bicubic'),
            dict(type='RandomFlip', flip_prob=0.5, direction='horizontal'),
            dict(
                type='Normalize',
                mean=[123.675, 116.28, 103.53],
                std=[58.395, 57.12, 57.375],
                to_rgb=True),
            dict(type='ImageToTensor', keys=['img']),
            dict(type='ToTensor', keys=['gt_label']),
            dict(type='Collect', keys=['img', 'gt_label'])
        ]),
    val=dict(
        type='Chest19',
        data_prefix=
        '/mnt/petrelfs/jiyuanfeng.p/data/medfmc/MedFMC_train/chest/images',
        ann_file=
        '/mnt/petrelfs/jiyuanfeng.p/project/radiffuser/tools/downstream/medfm/data_backup/MedFMC/chest/chest_10-shot_val_exp2.txt',
        pipeline=[
            dict(type='LoadImageFromFile'),
            dict(
                type='Resize',
                size=256,
                backend='pillow',
                interpolation='bicubic'),
            dict(
                type='Normalize',
                mean=[123.675, 116.28, 103.53],
                std=[58.395, 57.12, 57.375],
                to_rgb=True),
            dict(type='ImageToTensor', keys=['img']),
            dict(type='Collect', keys=['img'])
        ]),
    test=dict(
        type='Chest19',
        data_prefix=
        '/mnt/petrelfs/jiyuanfeng.p/data/medfmc/MedFMC_train/chest/images',
        ann_file=
        '/mnt/petrelfs/jiyuanfeng.p/project/radiffuser/tools/downstream/medfm/data_backup/MedFMC/chest/test_WithLabel.txt',
        pipeline=[
            dict(type='LoadImageFromFile'),
            dict(
                type='Resize',
                size=256,
                backend='pillow',
                interpolation='bicubic'),
            dict(
                type='Normalize',
                mean=[123.675, 116.28, 103.53],
                std=[58.395, 57.12, 57.375],
                to_rgb=True),
            dict(type='ImageToTensor', keys=['img']),
            dict(type='Collect', keys=['img'])
        ]))
evaluation = dict(interval=1, metric='mAP', save_best='auto')
optimizer = dict(type='SGD', lr=0.001, momentum=0.9, weight_decay=0.0001)
optimizer_config = dict(grad_clip=None)
lr_config = dict(policy='CosineAnnealing', min_lr=0)
runner = dict(type='EpochBasedRunner', max_epochs=20)
checkpoint_config = dict(interval=1, max_keep_ckpts=1)
log_config = dict(interval=5, hooks=[dict(type='TextLoggerHook')])
dist_params = dict(backend='nccl')
log_level = 'INFO'
load_from = 'work_dirs/downsteam/cls/mimic/pretrain/sync5/latest.pth'
resume_from = None
workflow = [('train', 1)]
custom_imports = dict(
    imports=[
        'medfmc.models', 'medfmc.datasets.medical_datasets',
        'medfmc.core.evaluation'
    ],
    allow_failed_imports=False)
dataset = 'chest'
nshot = 10
exp = 2
base_path = '/mnt/petrelfs/jiyuanfeng.p/project/radiffuser/tools/downstream/medfm/data_backup/MedFMC'
train_val_template = '/mnt/petrelfs/jiyuanfeng.p/project/radiffuser/tools/downstream/medfm/data_backup/MedFMC/{dataset}/{dataset}_{nshot}-shot_{split}_exp{exp}.txt'
work_dir = 'work_dirs/downsteam/cls/medfmc/fewshot/syn5/10_shot_exp2'
gpu_ids = [0]

2024-10-31 10:51:05,385 - mmcls - INFO - Set random seed to 0, deterministic: False
2024-10-31 10:51:05,795 - mmcls - INFO - initialize DenseNet with init_cfg {'type': 'Pretrained', 'checkpoint': 'weights/densenet121_4xb256_in1k_20220426-07450f99.pth', 'prefix': 'backbone'}
2024-10-31 10:51:07,529 - mmcls - INFO - initialize MultiLabelLinearClsHead with init_cfg {'type': 'Normal', 'layer': 'Linear', 'std': 0.01}
Name of parameter - Initialization information

backbone.stem.0.weight - torch.Size([64, 3, 7, 7]): 
PretrainedInit: load from weights/densenet121_4xb256_in1k_20220426-07450f99.pth 

backbone.stem.1.weight - torch.Size([64]): 
PretrainedInit: load from weights/densenet121_4xb256_in1k_20220426-07450f99.pth 

backbone.stem.1.bias - torch.Size([64]): 
PretrainedInit: load from weights/densenet121_4xb256_in1k_20220426-07450f99.pth 

backbone.stages.0.block.0.norm1.weight - torch.Size([64]): 
PretrainedInit: load from weights/densenet121_4xb256_in1k_20220426-07450f99.pth 

backbone.stages.0.block.0.norm1.bias - torch.Size([64]): 
PretrainedInit: load from weights/densenet121_4xb256_in1k_20220426-07450f99.pth 

backbone.stages.0.block.0.conv1.weight - torch.Size([128, 64, 1, 1]): 
PretrainedInit: load from weights/densenet121_4xb256_in1k_20220426-07450f99.pth 

backbone.stages.0.block.0.norm2.weight - torch.Size([128]): 
PretrainedInit: load from weights/densenet121_4xb256_in1k_20220426-07450f99.pth 

backbone.stages.0.block.0.norm2.bias - torch.Size([128]): 
PretrainedInit: load from weights/densenet121_4xb256_in1k_20220426-07450f99.pth 

backbone.stages.0.block.0.conv2.weight - torch.Size([32, 128, 3, 3]): 
PretrainedInit: load from weights/densenet121_4xb256_in1k_20220426-07450f99.pth 

backbone.stages.0.block.1.norm1.weight - torch.Size([96]): 
PretrainedInit: load from weights/densenet121_4xb256_in1k_20220426-07450f99.pth 

backbone.stages.0.block.1.norm1.bias - torch.Size([96]): 
PretrainedInit: load from weights/densenet121_4xb256_in1k_20220426-07450f99.pth 

backbone.stages.0.block.1.conv1.weight - torch.Size([128, 96, 1, 1]): 
PretrainedInit: load from weights/densenet121_4xb256_in1k_20220426-07450f99.pth 

backbone.stages.0.block.1.norm2.weight - torch.Size([128]): 
PretrainedInit: load from weights/densenet121_4xb256_in1k_20220426-07450f99.pth 

backbone.stages.0.block.1.norm2.bias - torch.Size([128]): 
PretrainedInit: load from weights/densenet121_4xb256_in1k_20220426-07450f99.pth 

backbone.stages.0.block.1.conv2.weight - torch.Size([32, 128, 3, 3]): 
PretrainedInit: load from weights/densenet121_4xb256_in1k_20220426-07450f99.pth 

backbone.stages.0.block.2.norm1.weight - torch.Size([128]): 
PretrainedInit: load from weights/densenet121_4xb256_in1k_20220426-07450f99.pth 

backbone.stages.0.block.2.norm1.bias - torch.Size([128]): 
PretrainedInit: load from weights/densenet121_4xb256_in1k_20220426-07450f99.pth 

backbone.stages.0.block.2.conv1.weight - torch.Size([128, 128, 1, 1]): 
PretrainedInit: load from weights/densenet121_4xb256_in1k_20220426-07450f99.pth 

backbone.stages.0.block.2.norm2.weight - torch.Size([128]): 
PretrainedInit: load from weights/densenet121_4xb256_in1k_20220426-07450f99.pth 

backbone.stages.0.block.2.norm2.bias - torch.Size([128]): 
PretrainedInit: load from weights/densenet121_4xb256_in1k_20220426-07450f99.pth 

backbone.stages.0.block.2.conv2.weight - torch.Size([32, 128, 3, 3]): 
PretrainedInit: load from weights/densenet121_4xb256_in1k_20220426-07450f99.pth 

backbone.stages.0.block.3.norm1.weight - torch.Size([160]): 
PretrainedInit: load from weights/densenet121_4xb256_in1k_20220426-07450f99.pth 

backbone.stages.0.block.3.norm1.bias - torch.Size([160]): 
PretrainedInit: load from weights/densenet121_4xb256_in1k_20220426-07450f99.pth 

backbone.stages.0.block.3.conv1.weight - torch.Size([128, 160, 1, 1]): 
PretrainedInit: load from weights/densenet121_4xb256_in1k_20220426-07450f99.pth 

backbone.stages.0.block.3.norm2.weight - torch.Size([128]): 
PretrainedInit: load from weights/densenet121_4xb256_in1k_20220426-07450f99.pth 

backbone.stages.0.block.3.norm2.bias - torch.Size([128]): 
PretrainedInit: load from weights/densenet121_4xb256_in1k_20220426-07450f99.pth 

backbone.stages.0.block.3.conv2.weight - torch.Size([32, 128, 3, 3]): 
PretrainedInit: load from weights/densenet121_4xb256_in1k_20220426-07450f99.pth 

backbone.stages.0.block.4.norm1.weight - torch.Size([192]): 
PretrainedInit: load from weights/densenet121_4xb256_in1k_20220426-07450f99.pth 

backbone.stages.0.block.4.norm1.bias - torch.Size([192]): 
PretrainedInit: load from weights/densenet121_4xb256_in1k_20220426-07450f99.pth 

backbone.stages.0.block.4.conv1.weight - torch.Size([128, 192, 1, 1]): 
PretrainedInit: load from weights/densenet121_4xb256_in1k_20220426-07450f99.pth 

backbone.stages.0.block.4.norm2.weight - torch.Size([128]): 
PretrainedInit: load from weights/densenet121_4xb256_in1k_20220426-07450f99.pth 

backbone.stages.0.block.4.norm2.bias - torch.Size([128]): 
PretrainedInit: load from weights/densenet121_4xb256_in1k_20220426-07450f99.pth 

backbone.stages.0.block.4.conv2.weight - torch.Size([32, 128, 3, 3]): 
PretrainedInit: load from weights/densenet121_4xb256_in1k_20220426-07450f99.pth 

backbone.stages.0.block.5.norm1.weight - torch.Size([224]): 
PretrainedInit: load from weights/densenet121_4xb256_in1k_20220426-07450f99.pth 

backbone.stages.0.block.5.norm1.bias - torch.Size([224]): 
PretrainedInit: load from weights/densenet121_4xb256_in1k_20220426-07450f99.pth 

backbone.stages.0.block.5.conv1.weight - torch.Size([128, 224, 1, 1]): 
PretrainedInit: load from weights/densenet121_4xb256_in1k_20220426-07450f99.pth 

backbone.stages.0.block.5.norm2.weight - torch.Size([128]): 
PretrainedInit: load from weights/densenet121_4xb256_in1k_20220426-07450f99.pth 

backbone.stages.0.block.5.norm2.bias - torch.Size([128]): 
PretrainedInit: load from weights/densenet121_4xb256_in1k_20220426-07450f99.pth 

backbone.stages.0.block.5.conv2.weight - torch.Size([32, 128, 3, 3]): 
PretrainedInit: load from weights/densenet121_4xb256_in1k_20220426-07450f99.pth 

backbone.stages.1.block.0.norm1.weight - torch.Size([128]): 
PretrainedInit: load from weights/densenet121_4xb256_in1k_20220426-07450f99.pth 

backbone.stages.1.block.0.norm1.bias - torch.Size([128]): 
PretrainedInit: load from weights/densenet121_4xb256_in1k_20220426-07450f99.pth 

backbone.stages.1.block.0.conv1.weight - torch.Size([128, 128, 1, 1]): 
PretrainedInit: load from weights/densenet121_4xb256_in1k_20220426-07450f99.pth 

backbone.stages.1.block.0.norm2.weight - torch.Size([128]): 
PretrainedInit: load from weights/densenet121_4xb256_in1k_20220426-07450f99.pth 

backbone.stages.1.block.0.norm2.bias - torch.Size([128]): 
PretrainedInit: load from weights/densenet121_4xb256_in1k_20220426-07450f99.pth 

backbone.stages.1.block.0.conv2.weight - torch.Size([32, 128, 3, 3]): 
PretrainedInit: load from weights/densenet121_4xb256_in1k_20220426-07450f99.pth 

backbone.stages.1.block.1.norm1.weight - torch.Size([160]): 
PretrainedInit: load from weights/densenet121_4xb256_in1k_20220426-07450f99.pth 

backbone.stages.1.block.1.norm1.bias - torch.Size([160]): 
PretrainedInit: load from weights/densenet121_4xb256_in1k_20220426-07450f99.pth 

backbone.stages.1.block.1.conv1.weight - torch.Size([128, 160, 1, 1]): 
PretrainedInit: load from weights/densenet121_4xb256_in1k_20220426-07450f99.pth 

backbone.stages.1.block.1.norm2.weight - torch.Size([128]): 
PretrainedInit: load from weights/densenet121_4xb256_in1k_20220426-07450f99.pth 

backbone.stages.1.block.1.norm2.bias - torch.Size([128]): 
PretrainedInit: load from weights/densenet121_4xb256_in1k_20220426-07450f99.pth 

backbone.stages.1.block.1.conv2.weight - torch.Size([32, 128, 3, 3]): 
PretrainedInit: load from weights/densenet121_4xb256_in1k_20220426-07450f99.pth 

backbone.stages.1.block.2.norm1.weight - torch.Size([192]): 
PretrainedInit: load from weights/densenet121_4xb256_in1k_20220426-07450f99.pth 

backbone.stages.1.block.2.norm1.bias - torch.Size([192]): 
PretrainedInit: load from weights/densenet121_4xb256_in1k_20220426-07450f99.pth 

backbone.stages.1.block.2.conv1.weight - torch.Size([128, 192, 1, 1]): 
PretrainedInit: load from weights/densenet121_4xb256_in1k_20220426-07450f99.pth 

backbone.stages.1.block.2.norm2.weight - torch.Size([128]): 
PretrainedInit: load from weights/densenet121_4xb256_in1k_20220426-07450f99.pth 

backbone.stages.1.block.2.norm2.bias - torch.Size([128]): 
PretrainedInit: load from weights/densenet121_4xb256_in1k_20220426-07450f99.pth 

backbone.stages.1.block.2.conv2.weight - torch.Size([32, 128, 3, 3]): 
PretrainedInit: load from weights/densenet121_4xb256_in1k_20220426-07450f99.pth 

backbone.stages.1.block.3.norm1.weight - torch.Size([224]): 
PretrainedInit: load from weights/densenet121_4xb256_in1k_20220426-07450f99.pth 

backbone.stages.1.block.3.norm1.bias - torch.Size([224]): 
PretrainedInit: load from weights/densenet121_4xb256_in1k_20220426-07450f99.pth 

backbone.stages.1.block.3.conv1.weight - torch.Size([128, 224, 1, 1]): 
PretrainedInit: load from weights/densenet121_4xb256_in1k_20220426-07450f99.pth 

backbone.stages.1.block.3.norm2.weight - torch.Size([128]): 
PretrainedInit: load from weights/densenet121_4xb256_in1k_20220426-07450f99.pth 

backbone.stages.1.block.3.norm2.bias - torch.Size([128]): 
PretrainedInit: load from weights/densenet121_4xb256_in1k_20220426-07450f99.pth 

backbone.stages.1.block.3.conv2.weight - torch.Size([32, 128, 3, 3]): 
PretrainedInit: load from weights/densenet121_4xb256_in1k_20220426-07450f99.pth 

backbone.stages.1.block.4.norm1.weight - torch.Size([256]): 
PretrainedInit: load from weights/densenet121_4xb256_in1k_20220426-07450f99.pth 

backbone.stages.1.block.4.norm1.bias - torch.Size([256]): 
PretrainedInit: load from weights/densenet121_4xb256_in1k_20220426-07450f99.pth 

backbone.stages.1.block.4.conv1.weight - torch.Size([128, 256, 1, 1]): 
PretrainedInit: load from weights/densenet121_4xb256_in1k_20220426-07450f99.pth 

backbone.stages.1.block.4.norm2.weight - torch.Size([128]): 
PretrainedInit: load from weights/densenet121_4xb256_in1k_20220426-07450f99.pth 

backbone.stages.1.block.4.norm2.bias - torch.Size([128]): 
PretrainedInit: load from weights/densenet121_4xb256_in1k_20220426-07450f99.pth 

backbone.stages.1.block.4.conv2.weight - torch.Size([32, 128, 3, 3]): 
PretrainedInit: load from weights/densenet121_4xb256_in1k_20220426-07450f99.pth 

backbone.stages.1.block.5.norm1.weight - torch.Size([288]): 
PretrainedInit: load from weights/densenet121_4xb256_in1k_20220426-07450f99.pth 

backbone.stages.1.block.5.norm1.bias - torch.Size([288]): 
PretrainedInit: load from weights/densenet121_4xb256_in1k_20220426-07450f99.pth 

backbone.stages.1.block.5.conv1.weight - torch.Size([128, 288, 1, 1]): 
PretrainedInit: load from weights/densenet121_4xb256_in1k_20220426-07450f99.pth 

backbone.stages.1.block.5.norm2.weight - torch.Size([128]): 
PretrainedInit: load from weights/densenet121_4xb256_in1k_20220426-07450f99.pth 

backbone.stages.1.block.5.norm2.bias - torch.Size([128]): 
PretrainedInit: load from weights/densenet121_4xb256_in1k_20220426-07450f99.pth 

backbone.stages.1.block.5.conv2.weight - torch.Size([32, 128, 3, 3]): 
PretrainedInit: load from weights/densenet121_4xb256_in1k_20220426-07450f99.pth 

backbone.stages.1.block.6.norm1.weight - torch.Size([320]): 
PretrainedInit: load from weights/densenet121_4xb256_in1k_20220426-07450f99.pth 

backbone.stages.1.block.6.norm1.bias - torch.Size([320]): 
PretrainedInit: load from weights/densenet121_4xb256_in1k_20220426-07450f99.pth 

backbone.stages.1.block.6.conv1.weight - torch.Size([128, 320, 1, 1]): 
PretrainedInit: load from weights/densenet121_4xb256_in1k_20220426-07450f99.pth 

backbone.stages.1.block.6.norm2.weight - torch.Size([128]): 
PretrainedInit: load from weights/densenet121_4xb256_in1k_20220426-07450f99.pth 

backbone.stages.1.block.6.norm2.bias - torch.Size([128]): 
PretrainedInit: load from weights/densenet121_4xb256_in1k_20220426-07450f99.pth 

backbone.stages.1.block.6.conv2.weight - torch.Size([32, 128, 3, 3]): 
PretrainedInit: load from weights/densenet121_4xb256_in1k_20220426-07450f99.pth 

backbone.stages.1.block.7.norm1.weight - torch.Size([352]): 
PretrainedInit: load from weights/densenet121_4xb256_in1k_20220426-07450f99.pth 

backbone.stages.1.block.7.norm1.bias - torch.Size([352]): 
PretrainedInit: load from weights/densenet121_4xb256_in1k_20220426-07450f99.pth 

backbone.stages.1.block.7.conv1.weight - torch.Size([128, 352, 1, 1]): 
PretrainedInit: load from weights/densenet121_4xb256_in1k_20220426-07450f99.pth 

backbone.stages.1.block.7.norm2.weight - torch.Size([128]): 
PretrainedInit: load from weights/densenet121_4xb256_in1k_20220426-07450f99.pth 

backbone.stages.1.block.7.norm2.bias - torch.Size([128]): 
PretrainedInit: load from weights/densenet121_4xb256_in1k_20220426-07450f99.pth 

backbone.stages.1.block.7.conv2.weight - torch.Size([32, 128, 3, 3]): 
PretrainedInit: load from weights/densenet121_4xb256_in1k_20220426-07450f99.pth 

backbone.stages.1.block.8.norm1.weight - torch.Size([384]): 
PretrainedInit: load from weights/densenet121_4xb256_in1k_20220426-07450f99.pth 

backbone.stages.1.block.8.norm1.bias - torch.Size([384]): 
PretrainedInit: load from weights/densenet121_4xb256_in1k_20220426-07450f99.pth 

backbone.stages.1.block.8.conv1.weight - torch.Size([128, 384, 1, 1]): 
PretrainedInit: load from weights/densenet121_4xb256_in1k_20220426-07450f99.pth 

backbone.stages.1.block.8.norm2.weight - torch.Size([128]): 
PretrainedInit: load from weights/densenet121_4xb256_in1k_20220426-07450f99.pth 

backbone.stages.1.block.8.norm2.bias - torch.Size([128]): 
PretrainedInit: load from weights/densenet121_4xb256_in1k_20220426-07450f99.pth 

backbone.stages.1.block.8.conv2.weight - torch.Size([32, 128, 3, 3]): 
PretrainedInit: load from weights/densenet121_4xb256_in1k_20220426-07450f99.pth 

backbone.stages.1.block.9.norm1.weight - torch.Size([416]): 
PretrainedInit: load from weights/densenet121_4xb256_in1k_20220426-07450f99.pth 

backbone.stages.1.block.9.norm1.bias - torch.Size([416]): 
PretrainedInit: load from weights/densenet121_4xb256_in1k_20220426-07450f99.pth 

backbone.stages.1.block.9.conv1.weight - torch.Size([128, 416, 1, 1]): 
PretrainedInit: load from weights/densenet121_4xb256_in1k_20220426-07450f99.pth 

backbone.stages.1.block.9.norm2.weight - torch.Size([128]): 
PretrainedInit: load from weights/densenet121_4xb256_in1k_20220426-07450f99.pth 

backbone.stages.1.block.9.norm2.bias - torch.Size([128]): 
PretrainedInit: load from weights/densenet121_4xb256_in1k_20220426-07450f99.pth 

backbone.stages.1.block.9.conv2.weight - torch.Size([32, 128, 3, 3]): 
PretrainedInit: load from weights/densenet121_4xb256_in1k_20220426-07450f99.pth 

backbone.stages.1.block.10.norm1.weight - torch.Size([448]): 
PretrainedInit: load from weights/densenet121_4xb256_in1k_20220426-07450f99.pth 

backbone.stages.1.block.10.norm1.bias - torch.Size([448]): 
PretrainedInit: load from weights/densenet121_4xb256_in1k_20220426-07450f99.pth 

backbone.stages.1.block.10.conv1.weight - torch.Size([128, 448, 1, 1]): 
PretrainedInit: load from weights/densenet121_4xb256_in1k_20220426-07450f99.pth 

backbone.stages.1.block.10.norm2.weight - torch.Size([128]): 
PretrainedInit: load from weights/densenet121_4xb256_in1k_20220426-07450f99.pth 

backbone.stages.1.block.10.norm2.bias - torch.Size([128]): 
PretrainedInit: load from weights/densenet121_4xb256_in1k_20220426-07450f99.pth 

backbone.stages.1.block.10.conv2.weight - torch.Size([32, 128, 3, 3]): 
PretrainedInit: load from weights/densenet121_4xb256_in1k_20220426-07450f99.pth 

backbone.stages.1.block.11.norm1.weight - torch.Size([480]): 
PretrainedInit: load from weights/densenet121_4xb256_in1k_20220426-07450f99.pth 

backbone.stages.1.block.11.norm1.bias - torch.Size([480]): 
PretrainedInit: load from weights/densenet121_4xb256_in1k_20220426-07450f99.pth 

backbone.stages.1.block.11.conv1.weight - torch.Size([128, 480, 1, 1]): 
PretrainedInit: load from weights/densenet121_4xb256_in1k_20220426-07450f99.pth 

backbone.stages.1.block.11.norm2.weight - torch.Size([128]): 
PretrainedInit: load from weights/densenet121_4xb256_in1k_20220426-07450f99.pth 

backbone.stages.1.block.11.norm2.bias - torch.Size([128]): 
PretrainedInit: load from weights/densenet121_4xb256_in1k_20220426-07450f99.pth 

backbone.stages.1.block.11.conv2.weight - torch.Size([32, 128, 3, 3]): 
PretrainedInit: load from weights/densenet121_4xb256_in1k_20220426-07450f99.pth 

backbone.stages.2.block.0.norm1.weight - torch.Size([256]): 
PretrainedInit: load from weights/densenet121_4xb256_in1k_20220426-07450f99.pth 

backbone.stages.2.block.0.norm1.bias - torch.Size([256]): 
PretrainedInit: load from weights/densenet121_4xb256_in1k_20220426-07450f99.pth 

backbone.stages.2.block.0.conv1.weight - torch.Size([128, 256, 1, 1]): 
PretrainedInit: load from weights/densenet121_4xb256_in1k_20220426-07450f99.pth 

backbone.stages.2.block.0.norm2.weight - torch.Size([128]): 
PretrainedInit: load from weights/densenet121_4xb256_in1k_20220426-07450f99.pth 

backbone.stages.2.block.0.norm2.bias - torch.Size([128]): 
PretrainedInit: load from weights/densenet121_4xb256_in1k_20220426-07450f99.pth 

backbone.stages.2.block.0.conv2.weight - torch.Size([32, 128, 3, 3]): 
PretrainedInit: load from weights/densenet121_4xb256_in1k_20220426-07450f99.pth 

backbone.stages.2.block.1.norm1.weight - torch.Size([288]): 
PretrainedInit: load from weights/densenet121_4xb256_in1k_20220426-07450f99.pth 

backbone.stages.2.block.1.norm1.bias - torch.Size([288]): 
PretrainedInit: load from weights/densenet121_4xb256_in1k_20220426-07450f99.pth 

backbone.stages.2.block.1.conv1.weight - torch.Size([128, 288, 1, 1]): 
PretrainedInit: load from weights/densenet121_4xb256_in1k_20220426-07450f99.pth 

backbone.stages.2.block.1.norm2.weight - torch.Size([128]): 
PretrainedInit: load from weights/densenet121_4xb256_in1k_20220426-07450f99.pth 

backbone.stages.2.block.1.norm2.bias - torch.Size([128]): 
PretrainedInit: load from weights/densenet121_4xb256_in1k_20220426-07450f99.pth 

backbone.stages.2.block.1.conv2.weight - torch.Size([32, 128, 3, 3]): 
PretrainedInit: load from weights/densenet121_4xb256_in1k_20220426-07450f99.pth 

backbone.stages.2.block.2.norm1.weight - torch.Size([320]): 
PretrainedInit: load from weights/densenet121_4xb256_in1k_20220426-07450f99.pth 

backbone.stages.2.block.2.norm1.bias - torch.Size([320]): 
PretrainedInit: load from weights/densenet121_4xb256_in1k_20220426-07450f99.pth 

backbone.stages.2.block.2.conv1.weight - torch.Size([128, 320, 1, 1]): 
PretrainedInit: load from weights/densenet121_4xb256_in1k_20220426-07450f99.pth 

backbone.stages.2.block.2.norm2.weight - torch.Size([128]): 
PretrainedInit: load from weights/densenet121_4xb256_in1k_20220426-07450f99.pth 

backbone.stages.2.block.2.norm2.bias - torch.Size([128]): 
PretrainedInit: load from weights/densenet121_4xb256_in1k_20220426-07450f99.pth 

backbone.stages.2.block.2.conv2.weight - torch.Size([32, 128, 3, 3]): 
PretrainedInit: load from weights/densenet121_4xb256_in1k_20220426-07450f99.pth 

backbone.stages.2.block.3.norm1.weight - torch.Size([352]): 
PretrainedInit: load from weights/densenet121_4xb256_in1k_20220426-07450f99.pth 

backbone.stages.2.block.3.norm1.bias - torch.Size([352]): 
PretrainedInit: load from weights/densenet121_4xb256_in1k_20220426-07450f99.pth 

backbone.stages.2.block.3.conv1.weight - torch.Size([128, 352, 1, 1]): 
PretrainedInit: load from weights/densenet121_4xb256_in1k_20220426-07450f99.pth 

backbone.stages.2.block.3.norm2.weight - torch.Size([128]): 
PretrainedInit: load from weights/densenet121_4xb256_in1k_20220426-07450f99.pth 

backbone.stages.2.block.3.norm2.bias - torch.Size([128]): 
PretrainedInit: load from weights/densenet121_4xb256_in1k_20220426-07450f99.pth 

backbone.stages.2.block.3.conv2.weight - torch.Size([32, 128, 3, 3]): 
PretrainedInit: load from weights/densenet121_4xb256_in1k_20220426-07450f99.pth 

backbone.stages.2.block.4.norm1.weight - torch.Size([384]): 
PretrainedInit: load from weights/densenet121_4xb256_in1k_20220426-07450f99.pth 

backbone.stages.2.block.4.norm1.bias - torch.Size([384]): 
PretrainedInit: load from weights/densenet121_4xb256_in1k_20220426-07450f99.pth 

backbone.stages.2.block.4.conv1.weight - torch.Size([128, 384, 1, 1]): 
PretrainedInit: load from weights/densenet121_4xb256_in1k_20220426-07450f99.pth 

backbone.stages.2.block.4.norm2.weight - torch.Size([128]): 
PretrainedInit: load from weights/densenet121_4xb256_in1k_20220426-07450f99.pth 

backbone.stages.2.block.4.norm2.bias - torch.Size([128]): 
PretrainedInit: load from weights/densenet121_4xb256_in1k_20220426-07450f99.pth 

backbone.stages.2.block.4.conv2.weight - torch.Size([32, 128, 3, 3]): 
PretrainedInit: load from weights/densenet121_4xb256_in1k_20220426-07450f99.pth 

backbone.stages.2.block.5.norm1.weight - torch.Size([416]): 
PretrainedInit: load from weights/densenet121_4xb256_in1k_20220426-07450f99.pth 

backbone.stages.2.block.5.norm1.bias - torch.Size([416]): 
PretrainedInit: load from weights/densenet121_4xb256_in1k_20220426-07450f99.pth 

backbone.stages.2.block.5.conv1.weight - torch.Size([128, 416, 1, 1]): 
PretrainedInit: load from weights/densenet121_4xb256_in1k_20220426-07450f99.pth 

backbone.stages.2.block.5.norm2.weight - torch.Size([128]): 
PretrainedInit: load from weights/densenet121_4xb256_in1k_20220426-07450f99.pth 

backbone.stages.2.block.5.norm2.bias - torch.Size([128]): 
PretrainedInit: load from weights/densenet121_4xb256_in1k_20220426-07450f99.pth 

backbone.stages.2.block.5.conv2.weight - torch.Size([32, 128, 3, 3]): 
PretrainedInit: load from weights/densenet121_4xb256_in1k_20220426-07450f99.pth 

backbone.stages.2.block.6.norm1.weight - torch.Size([448]): 
PretrainedInit: load from weights/densenet121_4xb256_in1k_20220426-07450f99.pth 

backbone.stages.2.block.6.norm1.bias - torch.Size([448]): 
PretrainedInit: load from weights/densenet121_4xb256_in1k_20220426-07450f99.pth 

backbone.stages.2.block.6.conv1.weight - torch.Size([128, 448, 1, 1]): 
PretrainedInit: load from weights/densenet121_4xb256_in1k_20220426-07450f99.pth 

backbone.stages.2.block.6.norm2.weight - torch.Size([128]): 
PretrainedInit: load from weights/densenet121_4xb256_in1k_20220426-07450f99.pth 

backbone.stages.2.block.6.norm2.bias - torch.Size([128]): 
PretrainedInit: load from weights/densenet121_4xb256_in1k_20220426-07450f99.pth 

backbone.stages.2.block.6.conv2.weight - torch.Size([32, 128, 3, 3]): 
PretrainedInit: load from weights/densenet121_4xb256_in1k_20220426-07450f99.pth 

backbone.stages.2.block.7.norm1.weight - torch.Size([480]): 
PretrainedInit: load from weights/densenet121_4xb256_in1k_20220426-07450f99.pth 

backbone.stages.2.block.7.norm1.bias - torch.Size([480]): 
PretrainedInit: load from weights/densenet121_4xb256_in1k_20220426-07450f99.pth 

backbone.stages.2.block.7.conv1.weight - torch.Size([128, 480, 1, 1]): 
PretrainedInit: load from weights/densenet121_4xb256_in1k_20220426-07450f99.pth 

backbone.stages.2.block.7.norm2.weight - torch.Size([128]): 
PretrainedInit: load from weights/densenet121_4xb256_in1k_20220426-07450f99.pth 

backbone.stages.2.block.7.norm2.bias - torch.Size([128]): 
PretrainedInit: load from weights/densenet121_4xb256_in1k_20220426-07450f99.pth 

backbone.stages.2.block.7.conv2.weight - torch.Size([32, 128, 3, 3]): 
PretrainedInit: load from weights/densenet121_4xb256_in1k_20220426-07450f99.pth 

backbone.stages.2.block.8.norm1.weight - torch.Size([512]): 
PretrainedInit: load from weights/densenet121_4xb256_in1k_20220426-07450f99.pth 

backbone.stages.2.block.8.norm1.bias - torch.Size([512]): 
PretrainedInit: load from weights/densenet121_4xb256_in1k_20220426-07450f99.pth 

backbone.stages.2.block.8.conv1.weight - torch.Size([128, 512, 1, 1]): 
PretrainedInit: load from weights/densenet121_4xb256_in1k_20220426-07450f99.pth 

backbone.stages.2.block.8.norm2.weight - torch.Size([128]): 
PretrainedInit: load from weights/densenet121_4xb256_in1k_20220426-07450f99.pth 

backbone.stages.2.block.8.norm2.bias - torch.Size([128]): 
PretrainedInit: load from weights/densenet121_4xb256_in1k_20220426-07450f99.pth 

backbone.stages.2.block.8.conv2.weight - torch.Size([32, 128, 3, 3]): 
PretrainedInit: load from weights/densenet121_4xb256_in1k_20220426-07450f99.pth 

backbone.stages.2.block.9.norm1.weight - torch.Size([544]): 
PretrainedInit: load from weights/densenet121_4xb256_in1k_20220426-07450f99.pth 

backbone.stages.2.block.9.norm1.bias - torch.Size([544]): 
PretrainedInit: load from weights/densenet121_4xb256_in1k_20220426-07450f99.pth 

backbone.stages.2.block.9.conv1.weight - torch.Size([128, 544, 1, 1]): 
PretrainedInit: load from weights/densenet121_4xb256_in1k_20220426-07450f99.pth 

backbone.stages.2.block.9.norm2.weight - torch.Size([128]): 
PretrainedInit: load from weights/densenet121_4xb256_in1k_20220426-07450f99.pth 

backbone.stages.2.block.9.norm2.bias - torch.Size([128]): 
PretrainedInit: load from weights/densenet121_4xb256_in1k_20220426-07450f99.pth 

backbone.stages.2.block.9.conv2.weight - torch.Size([32, 128, 3, 3]): 
PretrainedInit: load from weights/densenet121_4xb256_in1k_20220426-07450f99.pth 

backbone.stages.2.block.10.norm1.weight - torch.Size([576]): 
PretrainedInit: load from weights/densenet121_4xb256_in1k_20220426-07450f99.pth 

backbone.stages.2.block.10.norm1.bias - torch.Size([576]): 
PretrainedInit: load from weights/densenet121_4xb256_in1k_20220426-07450f99.pth 

backbone.stages.2.block.10.conv1.weight - torch.Size([128, 576, 1, 1]): 
PretrainedInit: load from weights/densenet121_4xb256_in1k_20220426-07450f99.pth 

backbone.stages.2.block.10.norm2.weight - torch.Size([128]): 
PretrainedInit: load from weights/densenet121_4xb256_in1k_20220426-07450f99.pth 

backbone.stages.2.block.10.norm2.bias - torch.Size([128]): 
PretrainedInit: load from weights/densenet121_4xb256_in1k_20220426-07450f99.pth 

backbone.stages.2.block.10.conv2.weight - torch.Size([32, 128, 3, 3]): 
PretrainedInit: load from weights/densenet121_4xb256_in1k_20220426-07450f99.pth 

backbone.stages.2.block.11.norm1.weight - torch.Size([608]): 
PretrainedInit: load from weights/densenet121_4xb256_in1k_20220426-07450f99.pth 

backbone.stages.2.block.11.norm1.bias - torch.Size([608]): 
PretrainedInit: load from weights/densenet121_4xb256_in1k_20220426-07450f99.pth 

backbone.stages.2.block.11.conv1.weight - torch.Size([128, 608, 1, 1]): 
PretrainedInit: load from weights/densenet121_4xb256_in1k_20220426-07450f99.pth 

backbone.stages.2.block.11.norm2.weight - torch.Size([128]): 
PretrainedInit: load from weights/densenet121_4xb256_in1k_20220426-07450f99.pth 

backbone.stages.2.block.11.norm2.bias - torch.Size([128]): 
PretrainedInit: load from weights/densenet121_4xb256_in1k_20220426-07450f99.pth 

backbone.stages.2.block.11.conv2.weight - torch.Size([32, 128, 3, 3]): 
PretrainedInit: load from weights/densenet121_4xb256_in1k_20220426-07450f99.pth 

backbone.stages.2.block.12.norm1.weight - torch.Size([640]): 
PretrainedInit: load from weights/densenet121_4xb256_in1k_20220426-07450f99.pth 

backbone.stages.2.block.12.norm1.bias - torch.Size([640]): 
PretrainedInit: load from weights/densenet121_4xb256_in1k_20220426-07450f99.pth 

backbone.stages.2.block.12.conv1.weight - torch.Size([128, 640, 1, 1]): 
PretrainedInit: load from weights/densenet121_4xb256_in1k_20220426-07450f99.pth 

backbone.stages.2.block.12.norm2.weight - torch.Size([128]): 
PretrainedInit: load from weights/densenet121_4xb256_in1k_20220426-07450f99.pth 

backbone.stages.2.block.12.norm2.bias - torch.Size([128]): 
PretrainedInit: load from weights/densenet121_4xb256_in1k_20220426-07450f99.pth 

backbone.stages.2.block.12.conv2.weight - torch.Size([32, 128, 3, 3]): 
PretrainedInit: load from weights/densenet121_4xb256_in1k_20220426-07450f99.pth 

backbone.stages.2.block.13.norm1.weight - torch.Size([672]): 
PretrainedInit: load from weights/densenet121_4xb256_in1k_20220426-07450f99.pth 

backbone.stages.2.block.13.norm1.bias - torch.Size([672]): 
PretrainedInit: load from weights/densenet121_4xb256_in1k_20220426-07450f99.pth 

backbone.stages.2.block.13.conv1.weight - torch.Size([128, 672, 1, 1]): 
PretrainedInit: load from weights/densenet121_4xb256_in1k_20220426-07450f99.pth 

backbone.stages.2.block.13.norm2.weight - torch.Size([128]): 
PretrainedInit: load from weights/densenet121_4xb256_in1k_20220426-07450f99.pth 

backbone.stages.2.block.13.norm2.bias - torch.Size([128]): 
PretrainedInit: load from weights/densenet121_4xb256_in1k_20220426-07450f99.pth 

backbone.stages.2.block.13.conv2.weight - torch.Size([32, 128, 3, 3]): 
PretrainedInit: load from weights/densenet121_4xb256_in1k_20220426-07450f99.pth 

backbone.stages.2.block.14.norm1.weight - torch.Size([704]): 
PretrainedInit: load from weights/densenet121_4xb256_in1k_20220426-07450f99.pth 

backbone.stages.2.block.14.norm1.bias - torch.Size([704]): 
PretrainedInit: load from weights/densenet121_4xb256_in1k_20220426-07450f99.pth 

backbone.stages.2.block.14.conv1.weight - torch.Size([128, 704, 1, 1]): 
PretrainedInit: load from weights/densenet121_4xb256_in1k_20220426-07450f99.pth 

backbone.stages.2.block.14.norm2.weight - torch.Size([128]): 
PretrainedInit: load from weights/densenet121_4xb256_in1k_20220426-07450f99.pth 

backbone.stages.2.block.14.norm2.bias - torch.Size([128]): 
PretrainedInit: load from weights/densenet121_4xb256_in1k_20220426-07450f99.pth 

backbone.stages.2.block.14.conv2.weight - torch.Size([32, 128, 3, 3]): 
PretrainedInit: load from weights/densenet121_4xb256_in1k_20220426-07450f99.pth 

backbone.stages.2.block.15.norm1.weight - torch.Size([736]): 
PretrainedInit: load from weights/densenet121_4xb256_in1k_20220426-07450f99.pth 

backbone.stages.2.block.15.norm1.bias - torch.Size([736]): 
PretrainedInit: load from weights/densenet121_4xb256_in1k_20220426-07450f99.pth 

backbone.stages.2.block.15.conv1.weight - torch.Size([128, 736, 1, 1]): 
PretrainedInit: load from weights/densenet121_4xb256_in1k_20220426-07450f99.pth 

backbone.stages.2.block.15.norm2.weight - torch.Size([128]): 
PretrainedInit: load from weights/densenet121_4xb256_in1k_20220426-07450f99.pth 

backbone.stages.2.block.15.norm2.bias - torch.Size([128]): 
PretrainedInit: load from weights/densenet121_4xb256_in1k_20220426-07450f99.pth 

backbone.stages.2.block.15.conv2.weight - torch.Size([32, 128, 3, 3]): 
PretrainedInit: load from weights/densenet121_4xb256_in1k_20220426-07450f99.pth 

backbone.stages.2.block.16.norm1.weight - torch.Size([768]): 
PretrainedInit: load from weights/densenet121_4xb256_in1k_20220426-07450f99.pth 

backbone.stages.2.block.16.norm1.bias - torch.Size([768]): 
PretrainedInit: load from weights/densenet121_4xb256_in1k_20220426-07450f99.pth 

backbone.stages.2.block.16.conv1.weight - torch.Size([128, 768, 1, 1]): 
PretrainedInit: load from weights/densenet121_4xb256_in1k_20220426-07450f99.pth 

backbone.stages.2.block.16.norm2.weight - torch.Size([128]): 
PretrainedInit: load from weights/densenet121_4xb256_in1k_20220426-07450f99.pth 

backbone.stages.2.block.16.norm2.bias - torch.Size([128]): 
PretrainedInit: load from weights/densenet121_4xb256_in1k_20220426-07450f99.pth 

backbone.stages.2.block.16.conv2.weight - torch.Size([32, 128, 3, 3]): 
PretrainedInit: load from weights/densenet121_4xb256_in1k_20220426-07450f99.pth 

backbone.stages.2.block.17.norm1.weight - torch.Size([800]): 
PretrainedInit: load from weights/densenet121_4xb256_in1k_20220426-07450f99.pth 

backbone.stages.2.block.17.norm1.bias - torch.Size([800]): 
PretrainedInit: load from weights/densenet121_4xb256_in1k_20220426-07450f99.pth 

backbone.stages.2.block.17.conv1.weight - torch.Size([128, 800, 1, 1]): 
PretrainedInit: load from weights/densenet121_4xb256_in1k_20220426-07450f99.pth 

backbone.stages.2.block.17.norm2.weight - torch.Size([128]): 
PretrainedInit: load from weights/densenet121_4xb256_in1k_20220426-07450f99.pth 

backbone.stages.2.block.17.norm2.bias - torch.Size([128]): 
PretrainedInit: load from weights/densenet121_4xb256_in1k_20220426-07450f99.pth 

backbone.stages.2.block.17.conv2.weight - torch.Size([32, 128, 3, 3]): 
PretrainedInit: load from weights/densenet121_4xb256_in1k_20220426-07450f99.pth 

backbone.stages.2.block.18.norm1.weight - torch.Size([832]): 
PretrainedInit: load from weights/densenet121_4xb256_in1k_20220426-07450f99.pth 

backbone.stages.2.block.18.norm1.bias - torch.Size([832]): 
PretrainedInit: load from weights/densenet121_4xb256_in1k_20220426-07450f99.pth 

backbone.stages.2.block.18.conv1.weight - torch.Size([128, 832, 1, 1]): 
PretrainedInit: load from weights/densenet121_4xb256_in1k_20220426-07450f99.pth 

backbone.stages.2.block.18.norm2.weight - torch.Size([128]): 
PretrainedInit: load from weights/densenet121_4xb256_in1k_20220426-07450f99.pth 

backbone.stages.2.block.18.norm2.bias - torch.Size([128]): 
PretrainedInit: load from weights/densenet121_4xb256_in1k_20220426-07450f99.pth 

backbone.stages.2.block.18.conv2.weight - torch.Size([32, 128, 3, 3]): 
PretrainedInit: load from weights/densenet121_4xb256_in1k_20220426-07450f99.pth 

backbone.stages.2.block.19.norm1.weight - torch.Size([864]): 
PretrainedInit: load from weights/densenet121_4xb256_in1k_20220426-07450f99.pth 

backbone.stages.2.block.19.norm1.bias - torch.Size([864]): 
PretrainedInit: load from weights/densenet121_4xb256_in1k_20220426-07450f99.pth 

backbone.stages.2.block.19.conv1.weight - torch.Size([128, 864, 1, 1]): 
PretrainedInit: load from weights/densenet121_4xb256_in1k_20220426-07450f99.pth 

backbone.stages.2.block.19.norm2.weight - torch.Size([128]): 
PretrainedInit: load from weights/densenet121_4xb256_in1k_20220426-07450f99.pth 

backbone.stages.2.block.19.norm2.bias - torch.Size([128]): 
PretrainedInit: load from weights/densenet121_4xb256_in1k_20220426-07450f99.pth 

backbone.stages.2.block.19.conv2.weight - torch.Size([32, 128, 3, 3]): 
PretrainedInit: load from weights/densenet121_4xb256_in1k_20220426-07450f99.pth 

backbone.stages.2.block.20.norm1.weight - torch.Size([896]): 
PretrainedInit: load from weights/densenet121_4xb256_in1k_20220426-07450f99.pth 

backbone.stages.2.block.20.norm1.bias - torch.Size([896]): 
PretrainedInit: load from weights/densenet121_4xb256_in1k_20220426-07450f99.pth 

backbone.stages.2.block.20.conv1.weight - torch.Size([128, 896, 1, 1]): 
PretrainedInit: load from weights/densenet121_4xb256_in1k_20220426-07450f99.pth 

backbone.stages.2.block.20.norm2.weight - torch.Size([128]): 
PretrainedInit: load from weights/densenet121_4xb256_in1k_20220426-07450f99.pth 

backbone.stages.2.block.20.norm2.bias - torch.Size([128]): 
PretrainedInit: load from weights/densenet121_4xb256_in1k_20220426-07450f99.pth 

backbone.stages.2.block.20.conv2.weight - torch.Size([32, 128, 3, 3]): 
PretrainedInit: load from weights/densenet121_4xb256_in1k_20220426-07450f99.pth 

backbone.stages.2.block.21.norm1.weight - torch.Size([928]): 
PretrainedInit: load from weights/densenet121_4xb256_in1k_20220426-07450f99.pth 

backbone.stages.2.block.21.norm1.bias - torch.Size([928]): 
PretrainedInit: load from weights/densenet121_4xb256_in1k_20220426-07450f99.pth 

backbone.stages.2.block.21.conv1.weight - torch.Size([128, 928, 1, 1]): 
PretrainedInit: load from weights/densenet121_4xb256_in1k_20220426-07450f99.pth 

backbone.stages.2.block.21.norm2.weight - torch.Size([128]): 
PretrainedInit: load from weights/densenet121_4xb256_in1k_20220426-07450f99.pth 

backbone.stages.2.block.21.norm2.bias - torch.Size([128]): 
PretrainedInit: load from weights/densenet121_4xb256_in1k_20220426-07450f99.pth 

backbone.stages.2.block.21.conv2.weight - torch.Size([32, 128, 3, 3]): 
PretrainedInit: load from weights/densenet121_4xb256_in1k_20220426-07450f99.pth 

backbone.stages.2.block.22.norm1.weight - torch.Size([960]): 
PretrainedInit: load from weights/densenet121_4xb256_in1k_20220426-07450f99.pth 

backbone.stages.2.block.22.norm1.bias - torch.Size([960]): 
PretrainedInit: load from weights/densenet121_4xb256_in1k_20220426-07450f99.pth 

backbone.stages.2.block.22.conv1.weight - torch.Size([128, 960, 1, 1]): 
PretrainedInit: load from weights/densenet121_4xb256_in1k_20220426-07450f99.pth 

backbone.stages.2.block.22.norm2.weight - torch.Size([128]): 
PretrainedInit: load from weights/densenet121_4xb256_in1k_20220426-07450f99.pth 

backbone.stages.2.block.22.norm2.bias - torch.Size([128]): 
PretrainedInit: load from weights/densenet121_4xb256_in1k_20220426-07450f99.pth 

backbone.stages.2.block.22.conv2.weight - torch.Size([32, 128, 3, 3]): 
PretrainedInit: load from weights/densenet121_4xb256_in1k_20220426-07450f99.pth 

backbone.stages.2.block.23.norm1.weight - torch.Size([992]): 
PretrainedInit: load from weights/densenet121_4xb256_in1k_20220426-07450f99.pth 

backbone.stages.2.block.23.norm1.bias - torch.Size([992]): 
PretrainedInit: load from weights/densenet121_4xb256_in1k_20220426-07450f99.pth 

backbone.stages.2.block.23.conv1.weight - torch.Size([128, 992, 1, 1]): 
PretrainedInit: load from weights/densenet121_4xb256_in1k_20220426-07450f99.pth 

backbone.stages.2.block.23.norm2.weight - torch.Size([128]): 
PretrainedInit: load from weights/densenet121_4xb256_in1k_20220426-07450f99.pth 

backbone.stages.2.block.23.norm2.bias - torch.Size([128]): 
PretrainedInit: load from weights/densenet121_4xb256_in1k_20220426-07450f99.pth 

backbone.stages.2.block.23.conv2.weight - torch.Size([32, 128, 3, 3]): 
PretrainedInit: load from weights/densenet121_4xb256_in1k_20220426-07450f99.pth 

backbone.stages.3.block.0.norm1.weight - torch.Size([512]): 
PretrainedInit: load from weights/densenet121_4xb256_in1k_20220426-07450f99.pth 

backbone.stages.3.block.0.norm1.bias - torch.Size([512]): 
PretrainedInit: load from weights/densenet121_4xb256_in1k_20220426-07450f99.pth 

backbone.stages.3.block.0.conv1.weight - torch.Size([128, 512, 1, 1]): 
PretrainedInit: load from weights/densenet121_4xb256_in1k_20220426-07450f99.pth 

backbone.stages.3.block.0.norm2.weight - torch.Size([128]): 
PretrainedInit: load from weights/densenet121_4xb256_in1k_20220426-07450f99.pth 

backbone.stages.3.block.0.norm2.bias - torch.Size([128]): 
PretrainedInit: load from weights/densenet121_4xb256_in1k_20220426-07450f99.pth 

backbone.stages.3.block.0.conv2.weight - torch.Size([32, 128, 3, 3]): 
PretrainedInit: load from weights/densenet121_4xb256_in1k_20220426-07450f99.pth 

backbone.stages.3.block.1.norm1.weight - torch.Size([544]): 
PretrainedInit: load from weights/densenet121_4xb256_in1k_20220426-07450f99.pth 

backbone.stages.3.block.1.norm1.bias - torch.Size([544]): 
PretrainedInit: load from weights/densenet121_4xb256_in1k_20220426-07450f99.pth 

backbone.stages.3.block.1.conv1.weight - torch.Size([128, 544, 1, 1]): 
PretrainedInit: load from weights/densenet121_4xb256_in1k_20220426-07450f99.pth 

backbone.stages.3.block.1.norm2.weight - torch.Size([128]): 
PretrainedInit: load from weights/densenet121_4xb256_in1k_20220426-07450f99.pth 

backbone.stages.3.block.1.norm2.bias - torch.Size([128]): 
PretrainedInit: load from weights/densenet121_4xb256_in1k_20220426-07450f99.pth 

backbone.stages.3.block.1.conv2.weight - torch.Size([32, 128, 3, 3]): 
PretrainedInit: load from weights/densenet121_4xb256_in1k_20220426-07450f99.pth 

backbone.stages.3.block.2.norm1.weight - torch.Size([576]): 
PretrainedInit: load from weights/densenet121_4xb256_in1k_20220426-07450f99.pth 

backbone.stages.3.block.2.norm1.bias - torch.Size([576]): 
PretrainedInit: load from weights/densenet121_4xb256_in1k_20220426-07450f99.pth 

backbone.stages.3.block.2.conv1.weight - torch.Size([128, 576, 1, 1]): 
PretrainedInit: load from weights/densenet121_4xb256_in1k_20220426-07450f99.pth 

backbone.stages.3.block.2.norm2.weight - torch.Size([128]): 
PretrainedInit: load from weights/densenet121_4xb256_in1k_20220426-07450f99.pth 

backbone.stages.3.block.2.norm2.bias - torch.Size([128]): 
PretrainedInit: load from weights/densenet121_4xb256_in1k_20220426-07450f99.pth 

backbone.stages.3.block.2.conv2.weight - torch.Size([32, 128, 3, 3]): 
PretrainedInit: load from weights/densenet121_4xb256_in1k_20220426-07450f99.pth 

backbone.stages.3.block.3.norm1.weight - torch.Size([608]): 
PretrainedInit: load from weights/densenet121_4xb256_in1k_20220426-07450f99.pth 

backbone.stages.3.block.3.norm1.bias - torch.Size([608]): 
PretrainedInit: load from weights/densenet121_4xb256_in1k_20220426-07450f99.pth 

backbone.stages.3.block.3.conv1.weight - torch.Size([128, 608, 1, 1]): 
PretrainedInit: load from weights/densenet121_4xb256_in1k_20220426-07450f99.pth 

backbone.stages.3.block.3.norm2.weight - torch.Size([128]): 
PretrainedInit: load from weights/densenet121_4xb256_in1k_20220426-07450f99.pth 

backbone.stages.3.block.3.norm2.bias - torch.Size([128]): 
PretrainedInit: load from weights/densenet121_4xb256_in1k_20220426-07450f99.pth 

backbone.stages.3.block.3.conv2.weight - torch.Size([32, 128, 3, 3]): 
PretrainedInit: load from weights/densenet121_4xb256_in1k_20220426-07450f99.pth 

backbone.stages.3.block.4.norm1.weight - torch.Size([640]): 
PretrainedInit: load from weights/densenet121_4xb256_in1k_20220426-07450f99.pth 

backbone.stages.3.block.4.norm1.bias - torch.Size([640]): 
PretrainedInit: load from weights/densenet121_4xb256_in1k_20220426-07450f99.pth 

backbone.stages.3.block.4.conv1.weight - torch.Size([128, 640, 1, 1]): 
PretrainedInit: load from weights/densenet121_4xb256_in1k_20220426-07450f99.pth 

backbone.stages.3.block.4.norm2.weight - torch.Size([128]): 
PretrainedInit: load from weights/densenet121_4xb256_in1k_20220426-07450f99.pth 

backbone.stages.3.block.4.norm2.bias - torch.Size([128]): 
PretrainedInit: load from weights/densenet121_4xb256_in1k_20220426-07450f99.pth 

backbone.stages.3.block.4.conv2.weight - torch.Size([32, 128, 3, 3]): 
PretrainedInit: load from weights/densenet121_4xb256_in1k_20220426-07450f99.pth 

backbone.stages.3.block.5.norm1.weight - torch.Size([672]): 
PretrainedInit: load from weights/densenet121_4xb256_in1k_20220426-07450f99.pth 

backbone.stages.3.block.5.norm1.bias - torch.Size([672]): 
PretrainedInit: load from weights/densenet121_4xb256_in1k_20220426-07450f99.pth 

backbone.stages.3.block.5.conv1.weight - torch.Size([128, 672, 1, 1]): 
PretrainedInit: load from weights/densenet121_4xb256_in1k_20220426-07450f99.pth 

backbone.stages.3.block.5.norm2.weight - torch.Size([128]): 
PretrainedInit: load from weights/densenet121_4xb256_in1k_20220426-07450f99.pth 

backbone.stages.3.block.5.norm2.bias - torch.Size([128]): 
PretrainedInit: load from weights/densenet121_4xb256_in1k_20220426-07450f99.pth 

backbone.stages.3.block.5.conv2.weight - torch.Size([32, 128, 3, 3]): 
PretrainedInit: load from weights/densenet121_4xb256_in1k_20220426-07450f99.pth 

backbone.stages.3.block.6.norm1.weight - torch.Size([704]): 
PretrainedInit: load from weights/densenet121_4xb256_in1k_20220426-07450f99.pth 

backbone.stages.3.block.6.norm1.bias - torch.Size([704]): 
PretrainedInit: load from weights/densenet121_4xb256_in1k_20220426-07450f99.pth 

backbone.stages.3.block.6.conv1.weight - torch.Size([128, 704, 1, 1]): 
PretrainedInit: load from weights/densenet121_4xb256_in1k_20220426-07450f99.pth 

backbone.stages.3.block.6.norm2.weight - torch.Size([128]): 
PretrainedInit: load from weights/densenet121_4xb256_in1k_20220426-07450f99.pth 

backbone.stages.3.block.6.norm2.bias - torch.Size([128]): 
PretrainedInit: load from weights/densenet121_4xb256_in1k_20220426-07450f99.pth 

backbone.stages.3.block.6.conv2.weight - torch.Size([32, 128, 3, 3]): 
PretrainedInit: load from weights/densenet121_4xb256_in1k_20220426-07450f99.pth 

backbone.stages.3.block.7.norm1.weight - torch.Size([736]): 
PretrainedInit: load from weights/densenet121_4xb256_in1k_20220426-07450f99.pth 

backbone.stages.3.block.7.norm1.bias - torch.Size([736]): 
PretrainedInit: load from weights/densenet121_4xb256_in1k_20220426-07450f99.pth 

backbone.stages.3.block.7.conv1.weight - torch.Size([128, 736, 1, 1]): 
PretrainedInit: load from weights/densenet121_4xb256_in1k_20220426-07450f99.pth 

backbone.stages.3.block.7.norm2.weight - torch.Size([128]): 
PretrainedInit: load from weights/densenet121_4xb256_in1k_20220426-07450f99.pth 

backbone.stages.3.block.7.norm2.bias - torch.Size([128]): 
PretrainedInit: load from weights/densenet121_4xb256_in1k_20220426-07450f99.pth 

backbone.stages.3.block.7.conv2.weight - torch.Size([32, 128, 3, 3]): 
PretrainedInit: load from weights/densenet121_4xb256_in1k_20220426-07450f99.pth 

backbone.stages.3.block.8.norm1.weight - torch.Size([768]): 
PretrainedInit: load from weights/densenet121_4xb256_in1k_20220426-07450f99.pth 

backbone.stages.3.block.8.norm1.bias - torch.Size([768]): 
PretrainedInit: load from weights/densenet121_4xb256_in1k_20220426-07450f99.pth 

backbone.stages.3.block.8.conv1.weight - torch.Size([128, 768, 1, 1]): 
PretrainedInit: load from weights/densenet121_4xb256_in1k_20220426-07450f99.pth 

backbone.stages.3.block.8.norm2.weight - torch.Size([128]): 
PretrainedInit: load from weights/densenet121_4xb256_in1k_20220426-07450f99.pth 

backbone.stages.3.block.8.norm2.bias - torch.Size([128]): 
PretrainedInit: load from weights/densenet121_4xb256_in1k_20220426-07450f99.pth 

backbone.stages.3.block.8.conv2.weight - torch.Size([32, 128, 3, 3]): 
PretrainedInit: load from weights/densenet121_4xb256_in1k_20220426-07450f99.pth 

backbone.stages.3.block.9.norm1.weight - torch.Size([800]): 
PretrainedInit: load from weights/densenet121_4xb256_in1k_20220426-07450f99.pth 

backbone.stages.3.block.9.norm1.bias - torch.Size([800]): 
PretrainedInit: load from weights/densenet121_4xb256_in1k_20220426-07450f99.pth 

backbone.stages.3.block.9.conv1.weight - torch.Size([128, 800, 1, 1]): 
PretrainedInit: load from weights/densenet121_4xb256_in1k_20220426-07450f99.pth 

backbone.stages.3.block.9.norm2.weight - torch.Size([128]): 
PretrainedInit: load from weights/densenet121_4xb256_in1k_20220426-07450f99.pth 

backbone.stages.3.block.9.norm2.bias - torch.Size([128]): 
PretrainedInit: load from weights/densenet121_4xb256_in1k_20220426-07450f99.pth 

backbone.stages.3.block.9.conv2.weight - torch.Size([32, 128, 3, 3]): 
PretrainedInit: load from weights/densenet121_4xb256_in1k_20220426-07450f99.pth 

backbone.stages.3.block.10.norm1.weight - torch.Size([832]): 
PretrainedInit: load from weights/densenet121_4xb256_in1k_20220426-07450f99.pth 

backbone.stages.3.block.10.norm1.bias - torch.Size([832]): 
PretrainedInit: load from weights/densenet121_4xb256_in1k_20220426-07450f99.pth 

backbone.stages.3.block.10.conv1.weight - torch.Size([128, 832, 1, 1]): 
PretrainedInit: load from weights/densenet121_4xb256_in1k_20220426-07450f99.pth 

backbone.stages.3.block.10.norm2.weight - torch.Size([128]): 
PretrainedInit: load from weights/densenet121_4xb256_in1k_20220426-07450f99.pth 

backbone.stages.3.block.10.norm2.bias - torch.Size([128]): 
PretrainedInit: load from weights/densenet121_4xb256_in1k_20220426-07450f99.pth 

backbone.stages.3.block.10.conv2.weight - torch.Size([32, 128, 3, 3]): 
PretrainedInit: load from weights/densenet121_4xb256_in1k_20220426-07450f99.pth 

backbone.stages.3.block.11.norm1.weight - torch.Size([864]): 
PretrainedInit: load from weights/densenet121_4xb256_in1k_20220426-07450f99.pth 

backbone.stages.3.block.11.norm1.bias - torch.Size([864]): 
PretrainedInit: load from weights/densenet121_4xb256_in1k_20220426-07450f99.pth 

backbone.stages.3.block.11.conv1.weight - torch.Size([128, 864, 1, 1]): 
PretrainedInit: load from weights/densenet121_4xb256_in1k_20220426-07450f99.pth 

backbone.stages.3.block.11.norm2.weight - torch.Size([128]): 
PretrainedInit: load from weights/densenet121_4xb256_in1k_20220426-07450f99.pth 

backbone.stages.3.block.11.norm2.bias - torch.Size([128]): 
PretrainedInit: load from weights/densenet121_4xb256_in1k_20220426-07450f99.pth 

backbone.stages.3.block.11.conv2.weight - torch.Size([32, 128, 3, 3]): 
PretrainedInit: load from weights/densenet121_4xb256_in1k_20220426-07450f99.pth 

backbone.stages.3.block.12.norm1.weight - torch.Size([896]): 
PretrainedInit: load from weights/densenet121_4xb256_in1k_20220426-07450f99.pth 

backbone.stages.3.block.12.norm1.bias - torch.Size([896]): 
PretrainedInit: load from weights/densenet121_4xb256_in1k_20220426-07450f99.pth 

backbone.stages.3.block.12.conv1.weight - torch.Size([128, 896, 1, 1]): 
PretrainedInit: load from weights/densenet121_4xb256_in1k_20220426-07450f99.pth 

backbone.stages.3.block.12.norm2.weight - torch.Size([128]): 
PretrainedInit: load from weights/densenet121_4xb256_in1k_20220426-07450f99.pth 

backbone.stages.3.block.12.norm2.bias - torch.Size([128]): 
PretrainedInit: load from weights/densenet121_4xb256_in1k_20220426-07450f99.pth 

backbone.stages.3.block.12.conv2.weight - torch.Size([32, 128, 3, 3]): 
PretrainedInit: load from weights/densenet121_4xb256_in1k_20220426-07450f99.pth 

backbone.stages.3.block.13.norm1.weight - torch.Size([928]): 
PretrainedInit: load from weights/densenet121_4xb256_in1k_20220426-07450f99.pth 

backbone.stages.3.block.13.norm1.bias - torch.Size([928]): 
PretrainedInit: load from weights/densenet121_4xb256_in1k_20220426-07450f99.pth 

backbone.stages.3.block.13.conv1.weight - torch.Size([128, 928, 1, 1]): 
PretrainedInit: load from weights/densenet121_4xb256_in1k_20220426-07450f99.pth 

backbone.stages.3.block.13.norm2.weight - torch.Size([128]): 
PretrainedInit: load from weights/densenet121_4xb256_in1k_20220426-07450f99.pth 

backbone.stages.3.block.13.norm2.bias - torch.Size([128]): 
PretrainedInit: load from weights/densenet121_4xb256_in1k_20220426-07450f99.pth 

backbone.stages.3.block.13.conv2.weight - torch.Size([32, 128, 3, 3]): 
PretrainedInit: load from weights/densenet121_4xb256_in1k_20220426-07450f99.pth 

backbone.stages.3.block.14.norm1.weight - torch.Size([960]): 
PretrainedInit: load from weights/densenet121_4xb256_in1k_20220426-07450f99.pth 

backbone.stages.3.block.14.norm1.bias - torch.Size([960]): 
PretrainedInit: load from weights/densenet121_4xb256_in1k_20220426-07450f99.pth 

backbone.stages.3.block.14.conv1.weight - torch.Size([128, 960, 1, 1]): 
PretrainedInit: load from weights/densenet121_4xb256_in1k_20220426-07450f99.pth 

backbone.stages.3.block.14.norm2.weight - torch.Size([128]): 
PretrainedInit: load from weights/densenet121_4xb256_in1k_20220426-07450f99.pth 

backbone.stages.3.block.14.norm2.bias - torch.Size([128]): 
PretrainedInit: load from weights/densenet121_4xb256_in1k_20220426-07450f99.pth 

backbone.stages.3.block.14.conv2.weight - torch.Size([32, 128, 3, 3]): 
PretrainedInit: load from weights/densenet121_4xb256_in1k_20220426-07450f99.pth 

backbone.stages.3.block.15.norm1.weight - torch.Size([992]): 
PretrainedInit: load from weights/densenet121_4xb256_in1k_20220426-07450f99.pth 

backbone.stages.3.block.15.norm1.bias - torch.Size([992]): 
PretrainedInit: load from weights/densenet121_4xb256_in1k_20220426-07450f99.pth 

backbone.stages.3.block.15.conv1.weight - torch.Size([128, 992, 1, 1]): 
PretrainedInit: load from weights/densenet121_4xb256_in1k_20220426-07450f99.pth 

backbone.stages.3.block.15.norm2.weight - torch.Size([128]): 
PretrainedInit: load from weights/densenet121_4xb256_in1k_20220426-07450f99.pth 

backbone.stages.3.block.15.norm2.bias - torch.Size([128]): 
PretrainedInit: load from weights/densenet121_4xb256_in1k_20220426-07450f99.pth 

backbone.stages.3.block.15.conv2.weight - torch.Size([32, 128, 3, 3]): 
PretrainedInit: load from weights/densenet121_4xb256_in1k_20220426-07450f99.pth 

backbone.transitions.0.norm.weight - torch.Size([256]): 
PretrainedInit: load from weights/densenet121_4xb256_in1k_20220426-07450f99.pth 

backbone.transitions.0.norm.bias - torch.Size([256]): 
PretrainedInit: load from weights/densenet121_4xb256_in1k_20220426-07450f99.pth 

backbone.transitions.0.conv.weight - torch.Size([128, 256, 1, 1]): 
PretrainedInit: load from weights/densenet121_4xb256_in1k_20220426-07450f99.pth 

backbone.transitions.1.norm.weight - torch.Size([512]): 
PretrainedInit: load from weights/densenet121_4xb256_in1k_20220426-07450f99.pth 

backbone.transitions.1.norm.bias - torch.Size([512]): 
PretrainedInit: load from weights/densenet121_4xb256_in1k_20220426-07450f99.pth 

backbone.transitions.1.conv.weight - torch.Size([256, 512, 1, 1]): 
PretrainedInit: load from weights/densenet121_4xb256_in1k_20220426-07450f99.pth 

backbone.transitions.2.norm.weight - torch.Size([1024]): 
PretrainedInit: load from weights/densenet121_4xb256_in1k_20220426-07450f99.pth 

backbone.transitions.2.norm.bias - torch.Size([1024]): 
PretrainedInit: load from weights/densenet121_4xb256_in1k_20220426-07450f99.pth 

backbone.transitions.2.conv.weight - torch.Size([512, 1024, 1, 1]): 
PretrainedInit: load from weights/densenet121_4xb256_in1k_20220426-07450f99.pth 

backbone.transitions.3.0.weight - torch.Size([1024]): 
PretrainedInit: load from weights/densenet121_4xb256_in1k_20220426-07450f99.pth 

backbone.transitions.3.0.bias - torch.Size([1024]): 
PretrainedInit: load from weights/densenet121_4xb256_in1k_20220426-07450f99.pth 

head.fc.weight - torch.Size([19, 1024]): 
NormalInit: mean=0, std=0.01, bias=0 

head.fc.bias - torch.Size([19]): 
NormalInit: mean=0, std=0.01, bias=0 
2024-10-31 10:51:09,776 - mmcls - INFO - load checkpoint from local path: work_dirs/downsteam/cls/mimic/pretrain/sync5/latest.pth
2024-10-31 10:51:09,980 - mmcls - WARNING - The model and loaded state dict do not match exactly

size mismatch for head.fc.weight: copying a param with shape torch.Size([14, 1024]) from checkpoint, the shape in current model is torch.Size([19, 1024]).
size mismatch for head.fc.bias: copying a param with shape torch.Size([14]) from checkpoint, the shape in current model is torch.Size([19]).
2024-10-31 10:51:09,986 - mmcls - INFO - Start running, host: jiyuanfeng.p@SH-IDC1-10-140-1-2, work_dir: /mnt/petrelfs/jiyuanfeng.p/project/radiffuser/work_dirs/downsteam/cls/medfmc/fewshot/syn5/10_shot_exp2
2024-10-31 10:51:09,987 - mmcls - INFO - Hooks will be executed in the following order:
before_run:
(VERY_HIGH   ) CosineAnnealingLrUpdaterHook       
(NORMAL      ) CheckpointHook                     
(LOW         ) EvalHook                           
(VERY_LOW    ) TextLoggerHook                     
 -------------------- 
before_train_epoch:
(VERY_HIGH   ) CosineAnnealingLrUpdaterHook       
(LOW         ) IterTimerHook                      
(LOW         ) EvalHook                           
(VERY_LOW    ) TextLoggerHook                     
 -------------------- 
before_train_iter:
(VERY_HIGH   ) CosineAnnealingLrUpdaterHook       
(LOW         ) IterTimerHook                      
(LOW         ) EvalHook                           
 -------------------- 
after_train_iter:
(ABOVE_NORMAL) OptimizerHook                      
(NORMAL      ) CheckpointHook                     
(LOW         ) IterTimerHook                      
(LOW         ) EvalHook                           
(VERY_LOW    ) TextLoggerHook                     
 -------------------- 
after_train_epoch:
(NORMAL      ) CheckpointHook                     
(LOW         ) EvalHook                           
(VERY_LOW    ) TextLoggerHook                     
 -------------------- 
before_val_epoch:
(LOW         ) IterTimerHook                      
(VERY_LOW    ) TextLoggerHook                     
 -------------------- 
before_val_iter:
(LOW         ) IterTimerHook                      
 -------------------- 
after_val_iter:
(LOW         ) IterTimerHook                      
 -------------------- 
after_val_epoch:
(VERY_LOW    ) TextLoggerHook                     
 -------------------- 
after_run:
(VERY_LOW    ) TextLoggerHook                     
 -------------------- 
2024-10-31 10:51:09,988 - mmcls - INFO - workflow: [('train', 1)], max: 20 epochs
2024-10-31 10:51:09,989 - mmcls - INFO - Checkpoints will be saved to /mnt/petrelfs/jiyuanfeng.p/project/radiffuser/work_dirs/downsteam/cls/medfmc/fewshot/syn5/10_shot_exp2 by HardDiskBackend.
2024-10-31 10:51:16,015 - mmcls - INFO - Epoch [1][5/48]	lr: 1.000e-03, eta: 0:19:09, time: 1.204, data_time: 0.466, memory: 859, loss: 11.2099
2024-10-31 10:51:16,253 - mmcls - INFO - Epoch [1][10/48]	lr: 1.000e-03, eta: 0:09:54, time: 0.048, data_time: 0.002, memory: 859, loss: 9.1313
2024-10-31 10:51:16,492 - mmcls - INFO - Epoch [1][15/48]	lr: 1.000e-03, eta: 0:06:49, time: 0.048, data_time: 0.001, memory: 859, loss: 9.7526
2024-10-31 10:51:16,724 - mmcls - INFO - Epoch [1][20/48]	lr: 1.000e-03, eta: 0:05:16, time: 0.046, data_time: 0.001, memory: 859, loss: 9.2241
2024-10-31 10:51:16,959 - mmcls - INFO - Epoch [1][25/48]	lr: 1.000e-03, eta: 0:04:20, time: 0.047, data_time: 0.001, memory: 859, loss: 9.5920
2024-10-31 10:51:17,195 - mmcls - INFO - Epoch [1][30/48]	lr: 1.000e-03, eta: 0:03:43, time: 0.047, data_time: 0.001, memory: 859, loss: 7.8057
2024-10-31 10:51:17,451 - mmcls - INFO - Epoch [1][35/48]	lr: 1.000e-03, eta: 0:03:17, time: 0.051, data_time: 0.001, memory: 859, loss: 9.1272
2024-10-31 10:51:17,702 - mmcls - INFO - Epoch [1][40/48]	lr: 1.000e-03, eta: 0:02:57, time: 0.050, data_time: 0.001, memory: 859, loss: 7.2993
2024-10-31 10:51:17,944 - mmcls - INFO - Epoch [1][45/48]	lr: 1.000e-03, eta: 0:02:41, time: 0.048, data_time: 0.001, memory: 859, loss: 8.6102
2024-10-31 10:51:18,424 - mmcls - INFO - Saving checkpoint at 1 epochs
2024-10-31 10:51:26,779 - mmcls - INFO - Now best checkpoint is saved as best_mAP_epoch_1.pth.
2024-10-31 10:51:26,781 - mmcls - INFO - Best mAP is 25.5421 at 1 epoch.
2024-10-31 10:51:26,782 - mmcls - INFO - Epoch(val) [1][198]	mAP: 25.5421
2024-10-31 10:51:29,195 - mmcls - INFO - Epoch [2][5/48]	lr: 9.938e-04, eta: 0:02:57, time: 0.481, data_time: 0.431, memory: 859, loss: 8.6682
2024-10-31 10:51:29,448 - mmcls - INFO - Epoch [2][10/48]	lr: 9.938e-04, eta: 0:02:44, time: 0.051, data_time: 0.001, memory: 859, loss: 7.4152
2024-10-31 10:51:29,717 - mmcls - INFO - Epoch [2][15/48]	lr: 9.938e-04, eta: 0:02:34, time: 0.054, data_time: 0.001, memory: 859, loss: 8.2012
2024-10-31 10:51:29,964 - mmcls - INFO - Epoch [2][20/48]	lr: 9.938e-04, eta: 0:02:25, time: 0.049, data_time: 0.001, memory: 859, loss: 7.9048
2024-10-31 10:51:30,219 - mmcls - INFO - Epoch [2][25/48]	lr: 9.938e-04, eta: 0:02:18, time: 0.051, data_time: 0.001, memory: 859, loss: 8.9319
2024-10-31 10:51:30,472 - mmcls - INFO - Epoch [2][30/48]	lr: 9.938e-04, eta: 0:02:11, time: 0.051, data_time: 0.001, memory: 859, loss: 7.4590
2024-10-31 10:51:30,750 - mmcls - INFO - Epoch [2][35/48]	lr: 9.938e-04, eta: 0:02:05, time: 0.056, data_time: 0.001, memory: 859, loss: 8.5772
2024-10-31 10:51:31,043 - mmcls - INFO - Epoch [2][40/48]	lr: 9.938e-04, eta: 0:02:00, time: 0.059, data_time: 0.001, memory: 859, loss: 8.9665
2024-10-31 10:51:31,338 - mmcls - INFO - Epoch [2][45/48]	lr: 9.938e-04, eta: 0:01:56, time: 0.059, data_time: 0.001, memory: 859, loss: 6.7071
2024-10-31 10:51:31,509 - mmcls - INFO - Saving checkpoint at 2 epochs
2024-10-31 10:51:39,219 - mmcls - INFO - Epoch(val) [2][198]	mAP: 20.8831
2024-10-31 10:51:41,686 - mmcls - INFO - Epoch [3][5/48]	lr: 9.755e-04, eta: 0:02:07, time: 0.492, data_time: 0.431, memory: 859, loss: 8.1072
2024-10-31 10:51:41,991 - mmcls - INFO - Epoch [3][10/48]	lr: 9.755e-04, eta: 0:02:02, time: 0.061, data_time: 0.001, memory: 859, loss: 9.0984
2024-10-31 10:51:42,293 - mmcls - INFO - Epoch [3][15/48]	lr: 9.755e-04, eta: 0:01:59, time: 0.060, data_time: 0.001, memory: 859, loss: 7.2312
2024-10-31 10:51:42,595 - mmcls - INFO - Epoch [3][20/48]	lr: 9.755e-04, eta: 0:01:55, time: 0.060, data_time: 0.001, memory: 859, loss: 8.5845
2024-10-31 10:51:42,879 - mmcls - INFO - Epoch [3][25/48]	lr: 9.755e-04, eta: 0:01:51, time: 0.057, data_time: 0.001, memory: 859, loss: 8.3976
2024-10-31 10:51:43,159 - mmcls - INFO - Epoch [3][30/48]	lr: 9.755e-04, eta: 0:01:48, time: 0.056, data_time: 0.001, memory: 859, loss: 8.3914
2024-10-31 10:51:43,405 - mmcls - INFO - Epoch [3][35/48]	lr: 9.755e-04, eta: 0:01:45, time: 0.049, data_time: 0.001, memory: 859, loss: 8.6762
2024-10-31 10:51:43,677 - mmcls - INFO - Epoch [3][40/48]	lr: 9.755e-04, eta: 0:01:42, time: 0.054, data_time: 0.001, memory: 859, loss: 8.9522
2024-10-31 10:51:43,959 - mmcls - INFO - Epoch [3][45/48]	lr: 9.755e-04, eta: 0:01:40, time: 0.056, data_time: 0.001, memory: 859, loss: 8.9789
2024-10-31 10:51:44,122 - mmcls - INFO - Saving checkpoint at 3 epochs
2024-10-31 10:51:51,777 - mmcls - INFO - The previous best checkpoint /mnt/petrelfs/jiyuanfeng.p/project/radiffuser/work_dirs/downsteam/cls/medfmc/fewshot/syn5/10_shot_exp2/best_mAP_epoch_1.pth was removed
2024-10-31 10:51:52,071 - mmcls - INFO - Now best checkpoint is saved as best_mAP_epoch_3.pth.
2024-10-31 10:51:52,072 - mmcls - INFO - Best mAP is 27.5321 at 3 epoch.
2024-10-31 10:51:52,073 - mmcls - INFO - Epoch(val) [3][198]	mAP: 27.5321
2024-10-31 10:51:54,499 - mmcls - INFO - Epoch [4][5/48]	lr: 9.455e-04, eta: 0:01:46, time: 0.484, data_time: 0.433, memory: 859, loss: 8.8535
2024-10-31 10:51:54,763 - mmcls - INFO - Epoch [4][10/48]	lr: 9.455e-04, eta: 0:01:44, time: 0.053, data_time: 0.001, memory: 859, loss: 8.6189
2024-10-31 10:51:55,026 - mmcls - INFO - Epoch [4][15/48]	lr: 9.455e-04, eta: 0:01:41, time: 0.053, data_time: 0.001, memory: 859, loss: 7.8408
2024-10-31 10:51:55,286 - mmcls - INFO - Epoch [4][20/48]	lr: 9.455e-04, eta: 0:01:39, time: 0.052, data_time: 0.001, memory: 859, loss: 7.0387
2024-10-31 10:51:55,544 - mmcls - INFO - Epoch [4][25/48]	lr: 9.455e-04, eta: 0:01:36, time: 0.052, data_time: 0.001, memory: 859, loss: 7.2430
2024-10-31 10:51:55,813 - mmcls - INFO - Epoch [4][30/48]	lr: 9.455e-04, eta: 0:01:34, time: 0.054, data_time: 0.001, memory: 859, loss: 7.7141
2024-10-31 10:51:56,072 - mmcls - INFO - Epoch [4][35/48]	lr: 9.455e-04, eta: 0:01:32, time: 0.052, data_time: 0.001, memory: 859, loss: 8.0623
2024-10-31 10:51:56,328 - mmcls - INFO - Epoch [4][40/48]	lr: 9.455e-04, eta: 0:01:30, time: 0.051, data_time: 0.001, memory: 859, loss: 8.1747
2024-10-31 10:51:56,580 - mmcls - INFO - Epoch [4][45/48]	lr: 9.455e-04, eta: 0:01:28, time: 0.050, data_time: 0.001, memory: 859, loss: 7.1796
2024-10-31 10:51:56,727 - mmcls - INFO - Saving checkpoint at 4 epochs
2024-10-31 10:52:04,248 - mmcls - INFO - The previous best checkpoint /mnt/petrelfs/jiyuanfeng.p/project/radiffuser/work_dirs/downsteam/cls/medfmc/fewshot/syn5/10_shot_exp2/best_mAP_epoch_3.pth was removed
2024-10-31 10:52:04,532 - mmcls - INFO - Now best checkpoint is saved as best_mAP_epoch_4.pth.
2024-10-31 10:52:04,533 - mmcls - INFO - Best mAP is 29.7263 at 4 epoch.
2024-10-31 10:52:04,534 - mmcls - INFO - Epoch(val) [4][198]	mAP: 29.7263
2024-10-31 10:52:06,960 - mmcls - INFO - Epoch [5][5/48]	lr: 9.045e-04, eta: 0:01:33, time: 0.484, data_time: 0.430, memory: 859, loss: 6.9855
2024-10-31 10:52:07,241 - mmcls - INFO - Epoch [5][10/48]	lr: 9.045e-04, eta: 0:01:31, time: 0.056, data_time: 0.001, memory: 859, loss: 7.4432
2024-10-31 10:52:07,499 - mmcls - INFO - Epoch [5][15/48]	lr: 9.045e-04, eta: 0:01:29, time: 0.052, data_time: 0.001, memory: 859, loss: 8.5784
2024-10-31 10:52:07,763 - mmcls - INFO - Epoch [5][20/48]	lr: 9.045e-04, eta: 0:01:28, time: 0.053, data_time: 0.001, memory: 859, loss: 7.9025
2024-10-31 10:52:08,010 - mmcls - INFO - Epoch [5][25/48]	lr: 9.045e-04, eta: 0:01:26, time: 0.049, data_time: 0.001, memory: 859, loss: 7.3856
2024-10-31 10:52:08,274 - mmcls - INFO - Epoch [5][30/48]	lr: 9.045e-04, eta: 0:01:24, time: 0.053, data_time: 0.002, memory: 859, loss: 7.4721
2024-10-31 10:52:08,528 - mmcls - INFO - Epoch [5][35/48]	lr: 9.045e-04, eta: 0:01:23, time: 0.051, data_time: 0.001, memory: 859, loss: 7.6942
2024-10-31 10:52:08,800 - mmcls - INFO - Epoch [5][40/48]	lr: 9.045e-04, eta: 0:01:21, time: 0.054, data_time: 0.001, memory: 859, loss: 8.0727
2024-10-31 10:52:09,042 - mmcls - INFO - Epoch [5][45/48]	lr: 9.045e-04, eta: 0:01:20, time: 0.048, data_time: 0.001, memory: 859, loss: 7.6719
2024-10-31 10:52:09,189 - mmcls - INFO - Saving checkpoint at 5 epochs
2024-10-31 10:52:16,755 - mmcls - INFO - Epoch(val) [5][198]	mAP: 29.5669
2024-10-31 10:52:19,159 - mmcls - INFO - Epoch [6][5/48]	lr: 8.536e-04, eta: 0:01:23, time: 0.479, data_time: 0.427, memory: 859, loss: 6.7057
2024-10-31 10:52:19,434 - mmcls - INFO - Epoch [6][10/48]	lr: 8.536e-04, eta: 0:01:22, time: 0.055, data_time: 0.001, memory: 859, loss: 7.7727
2024-10-31 10:52:19,695 - mmcls - INFO - Epoch [6][15/48]	lr: 8.536e-04, eta: 0:01:20, time: 0.052, data_time: 0.001, memory: 859, loss: 7.0078
2024-10-31 10:52:19,961 - mmcls - INFO - Epoch [6][20/48]	lr: 8.536e-04, eta: 0:01:19, time: 0.053, data_time: 0.001, memory: 859, loss: 7.2491
2024-10-31 10:52:20,219 - mmcls - INFO - Epoch [6][25/48]	lr: 8.536e-04, eta: 0:01:17, time: 0.052, data_time: 0.001, memory: 859, loss: 7.7465
2024-10-31 10:52:20,468 - mmcls - INFO - Epoch [6][30/48]	lr: 8.536e-04, eta: 0:01:16, time: 0.050, data_time: 0.001, memory: 859, loss: 7.4616
2024-10-31 10:52:20,720 - mmcls - INFO - Epoch [6][35/48]	lr: 8.536e-04, eta: 0:01:15, time: 0.050, data_time: 0.001, memory: 859, loss: 7.3459
2024-10-31 10:52:20,980 - mmcls - INFO - Epoch [6][40/48]	lr: 8.536e-04, eta: 0:01:13, time: 0.052, data_time: 0.001, memory: 859, loss: 6.4337
2024-10-31 10:52:21,230 - mmcls - INFO - Epoch [6][45/48]	lr: 8.536e-04, eta: 0:01:12, time: 0.050, data_time: 0.001, memory: 859, loss: 8.6377
2024-10-31 10:52:21,384 - mmcls - INFO - Saving checkpoint at 6 epochs
2024-10-31 10:52:28,880 - mmcls - INFO - The previous best checkpoint /mnt/petrelfs/jiyuanfeng.p/project/radiffuser/work_dirs/downsteam/cls/medfmc/fewshot/syn5/10_shot_exp2/best_mAP_epoch_4.pth was removed
2024-10-31 10:52:29,146 - mmcls - INFO - Now best checkpoint is saved as best_mAP_epoch_6.pth.
2024-10-31 10:52:29,148 - mmcls - INFO - Best mAP is 33.5293 at 6 epoch.
2024-10-31 10:52:29,149 - mmcls - INFO - Epoch(val) [6][198]	mAP: 33.5293
2024-10-31 10:52:31,585 - mmcls - INFO - Epoch [7][5/48]	lr: 7.939e-04, eta: 0:01:15, time: 0.486, data_time: 0.435, memory: 859, loss: 7.6925
2024-10-31 10:52:31,848 - mmcls - INFO - Epoch [7][10/48]	lr: 7.939e-04, eta: 0:01:14, time: 0.053, data_time: 0.001, memory: 859, loss: 6.9050
2024-10-31 10:52:32,113 - mmcls - INFO - Epoch [7][15/48]	lr: 7.939e-04, eta: 0:01:12, time: 0.053, data_time: 0.001, memory: 859, loss: 7.2563
2024-10-31 10:52:32,368 - mmcls - INFO - Epoch [7][20/48]	lr: 7.939e-04, eta: 0:01:11, time: 0.051, data_time: 0.001, memory: 859, loss: 6.4320
2024-10-31 10:52:32,613 - mmcls - INFO - Epoch [7][25/48]	lr: 7.939e-04, eta: 0:01:10, time: 0.049, data_time: 0.001, memory: 859, loss: 6.3194
2024-10-31 10:52:32,879 - mmcls - INFO - Epoch [7][30/48]	lr: 7.939e-04, eta: 0:01:09, time: 0.053, data_time: 0.001, memory: 859, loss: 7.0869
2024-10-31 10:52:33,133 - mmcls - INFO - Epoch [7][35/48]	lr: 7.939e-04, eta: 0:01:08, time: 0.051, data_time: 0.001, memory: 859, loss: 7.2761
2024-10-31 10:52:33,393 - mmcls - INFO - Epoch [7][40/48]	lr: 7.939e-04, eta: 0:01:07, time: 0.052, data_time: 0.001, memory: 859, loss: 8.0412
2024-10-31 10:52:33,670 - mmcls - INFO - Epoch [7][45/48]	lr: 7.939e-04, eta: 0:01:06, time: 0.055, data_time: 0.001, memory: 859, loss: 6.9883
2024-10-31 10:52:33,814 - mmcls - INFO - Saving checkpoint at 7 epochs
2024-10-31 10:52:41,179 - mmcls - INFO - The previous best checkpoint /mnt/petrelfs/jiyuanfeng.p/project/radiffuser/work_dirs/downsteam/cls/medfmc/fewshot/syn5/10_shot_exp2/best_mAP_epoch_6.pth was removed
2024-10-31 10:52:41,444 - mmcls - INFO - Now best checkpoint is saved as best_mAP_epoch_7.pth.
2024-10-31 10:52:41,445 - mmcls - INFO - Best mAP is 35.8257 at 7 epoch.
2024-10-31 10:52:41,446 - mmcls - INFO - Epoch(val) [7][198]	mAP: 35.8257
2024-10-31 10:52:43,861 - mmcls - INFO - Epoch [8][5/48]	lr: 7.270e-04, eta: 0:01:08, time: 0.482, data_time: 0.431, memory: 859, loss: 6.7070
2024-10-31 10:52:44,115 - mmcls - INFO - Epoch [8][10/48]	lr: 7.270e-04, eta: 0:01:07, time: 0.051, data_time: 0.001, memory: 859, loss: 7.2584
2024-10-31 10:52:44,364 - mmcls - INFO - Epoch [8][15/48]	lr: 7.270e-04, eta: 0:01:06, time: 0.050, data_time: 0.001, memory: 859, loss: 6.3905
2024-10-31 10:52:44,607 - mmcls - INFO - Epoch [8][20/48]	lr: 7.270e-04, eta: 0:01:05, time: 0.049, data_time: 0.001, memory: 859, loss: 6.5786
2024-10-31 10:52:44,845 - mmcls - INFO - Epoch [8][25/48]	lr: 7.270e-04, eta: 0:01:04, time: 0.048, data_time: 0.001, memory: 859, loss: 6.0899
2024-10-31 10:52:45,090 - mmcls - INFO - Epoch [8][30/48]	lr: 7.270e-04, eta: 0:01:03, time: 0.049, data_time: 0.001, memory: 859, loss: 6.9463
2024-10-31 10:52:45,331 - mmcls - INFO - Epoch [8][35/48]	lr: 7.270e-04, eta: 0:01:02, time: 0.048, data_time: 0.001, memory: 859, loss: 6.6810
2024-10-31 10:52:45,583 - mmcls - INFO - Epoch [8][40/48]	lr: 7.270e-04, eta: 0:01:01, time: 0.050, data_time: 0.001, memory: 859, loss: 6.4309
2024-10-31 10:52:45,838 - mmcls - INFO - Epoch [8][45/48]	lr: 7.270e-04, eta: 0:01:00, time: 0.051, data_time: 0.001, memory: 859, loss: 6.9689
2024-10-31 10:52:45,981 - mmcls - INFO - Saving checkpoint at 8 epochs
2024-10-31 10:52:53,646 - mmcls - INFO - The previous best checkpoint /mnt/petrelfs/jiyuanfeng.p/project/radiffuser/work_dirs/downsteam/cls/medfmc/fewshot/syn5/10_shot_exp2/best_mAP_epoch_7.pth was removed
2024-10-31 10:52:53,914 - mmcls - INFO - Now best checkpoint is saved as best_mAP_epoch_8.pth.
2024-10-31 10:52:53,915 - mmcls - INFO - Best mAP is 40.9795 at 8 epoch.
2024-10-31 10:52:53,916 - mmcls - INFO - Epoch(val) [8][198]	mAP: 40.9795
2024-10-31 10:52:56,346 - mmcls - INFO - Epoch [9][5/48]	lr: 6.545e-04, eta: 0:01:01, time: 0.485, data_time: 0.435, memory: 859, loss: 7.2403
2024-10-31 10:52:56,597 - mmcls - INFO - Epoch [9][10/48]	lr: 6.545e-04, eta: 0:01:00, time: 0.050, data_time: 0.001, memory: 859, loss: 6.7634
2024-10-31 10:52:56,845 - mmcls - INFO - Epoch [9][15/48]	lr: 6.545e-04, eta: 0:00:59, time: 0.049, data_time: 0.001, memory: 859, loss: 6.3046
2024-10-31 10:52:57,086 - mmcls - INFO - Epoch [9][20/48]	lr: 6.545e-04, eta: 0:00:58, time: 0.048, data_time: 0.001, memory: 859, loss: 6.4032
2024-10-31 10:52:57,333 - mmcls - INFO - Epoch [9][25/48]	lr: 6.545e-04, eta: 0:00:57, time: 0.049, data_time: 0.001, memory: 859, loss: 6.9452
2024-10-31 10:52:57,576 - mmcls - INFO - Epoch [9][30/48]	lr: 6.545e-04, eta: 0:00:57, time: 0.049, data_time: 0.001, memory: 859, loss: 6.1775
2024-10-31 10:52:57,826 - mmcls - INFO - Epoch [9][35/48]	lr: 6.545e-04, eta: 0:00:56, time: 0.050, data_time: 0.001, memory: 859, loss: 6.1115
2024-10-31 10:52:58,067 - mmcls - INFO - Epoch [9][40/48]	lr: 6.545e-04, eta: 0:00:55, time: 0.048, data_time: 0.001, memory: 859, loss: 6.6061
2024-10-31 10:52:58,302 - mmcls - INFO - Epoch [9][45/48]	lr: 6.545e-04, eta: 0:00:54, time: 0.047, data_time: 0.001, memory: 859, loss: 6.1672
2024-10-31 10:52:58,446 - mmcls - INFO - Saving checkpoint at 9 epochs
2024-10-31 10:53:05,868 - mmcls - INFO - The previous best checkpoint /mnt/petrelfs/jiyuanfeng.p/project/radiffuser/work_dirs/downsteam/cls/medfmc/fewshot/syn5/10_shot_exp2/best_mAP_epoch_8.pth was removed
2024-10-31 10:53:06,149 - mmcls - INFO - Now best checkpoint is saved as best_mAP_epoch_9.pth.
2024-10-31 10:53:06,151 - mmcls - INFO - Best mAP is 41.4221 at 9 epoch.
2024-10-31 10:53:06,152 - mmcls - INFO - Epoch(val) [9][198]	mAP: 41.4221
2024-10-31 10:53:08,551 - mmcls - INFO - Epoch [10][5/48]	lr: 5.782e-04, eta: 0:00:55, time: 0.479, data_time: 0.430, memory: 859, loss: 6.8284
2024-10-31 10:53:08,806 - mmcls - INFO - Epoch [10][10/48]	lr: 5.782e-04, eta: 0:00:54, time: 0.051, data_time: 0.001, memory: 859, loss: 6.0234
2024-10-31 10:53:09,053 - mmcls - INFO - Epoch [10][15/48]	lr: 5.782e-04, eta: 0:00:53, time: 0.049, data_time: 0.001, memory: 859, loss: 5.8287
2024-10-31 10:53:09,300 - mmcls - INFO - Epoch [10][20/48]	lr: 5.782e-04, eta: 0:00:52, time: 0.049, data_time: 0.001, memory: 859, loss: 6.7412
2024-10-31 10:53:09,545 - mmcls - INFO - Epoch [10][25/48]	lr: 5.782e-04, eta: 0:00:52, time: 0.049, data_time: 0.001, memory: 859, loss: 6.0592
2024-10-31 10:53:09,796 - mmcls - INFO - Epoch [10][30/48]	lr: 5.782e-04, eta: 0:00:51, time: 0.050, data_time: 0.001, memory: 859, loss: 6.1926
2024-10-31 10:53:10,047 - mmcls - INFO - Epoch [10][35/48]	lr: 5.782e-04, eta: 0:00:50, time: 0.050, data_time: 0.001, memory: 859, loss: 6.6420
2024-10-31 10:53:10,299 - mmcls - INFO - Epoch [10][40/48]	lr: 5.782e-04, eta: 0:00:49, time: 0.050, data_time: 0.001, memory: 859, loss: 5.6063
2024-10-31 10:53:10,540 - mmcls - INFO - Epoch [10][45/48]	lr: 5.782e-04, eta: 0:00:48, time: 0.048, data_time: 0.001, memory: 859, loss: 6.0871
2024-10-31 10:53:10,677 - mmcls - INFO - Saving checkpoint at 10 epochs
2024-10-31 10:53:18,203 - mmcls - INFO - Epoch(val) [10][198]	mAP: 40.5612
2024-10-31 10:53:20,595 - mmcls - INFO - Epoch [11][5/48]	lr: 5.000e-04, eta: 0:00:49, time: 0.477, data_time: 0.428, memory: 859, loss: 6.0365
2024-10-31 10:53:20,842 - mmcls - INFO - Epoch [11][10/48]	lr: 5.000e-04, eta: 0:00:48, time: 0.049, data_time: 0.001, memory: 859, loss: 5.8720
2024-10-31 10:53:21,088 - mmcls - INFO - Epoch [11][15/48]	lr: 5.000e-04, eta: 0:00:48, time: 0.049, data_time: 0.001, memory: 859, loss: 7.0063
2024-10-31 10:53:21,342 - mmcls - INFO - Epoch [11][20/48]	lr: 5.000e-04, eta: 0:00:47, time: 0.051, data_time: 0.001, memory: 859, loss: 5.2534
2024-10-31 10:53:21,597 - mmcls - INFO - Epoch [11][25/48]	lr: 5.000e-04, eta: 0:00:46, time: 0.051, data_time: 0.001, memory: 859, loss: 5.8348
2024-10-31 10:53:21,844 - mmcls - INFO - Epoch [11][30/48]	lr: 5.000e-04, eta: 0:00:45, time: 0.049, data_time: 0.001, memory: 859, loss: 6.7117
2024-10-31 10:53:22,111 - mmcls - INFO - Epoch [11][35/48]	lr: 5.000e-04, eta: 0:00:45, time: 0.053, data_time: 0.001, memory: 859, loss: 5.8137
2024-10-31 10:53:22,359 - mmcls - INFO - Epoch [11][40/48]	lr: 5.000e-04, eta: 0:00:44, time: 0.050, data_time: 0.001, memory: 859, loss: 6.6000
2024-10-31 10:53:22,597 - mmcls - INFO - Epoch [11][45/48]	lr: 5.000e-04, eta: 0:00:43, time: 0.048, data_time: 0.001, memory: 859, loss: 6.0567
2024-10-31 10:53:22,740 - mmcls - INFO - Saving checkpoint at 11 epochs
2024-10-31 10:53:30,184 - mmcls - INFO - The previous best checkpoint /mnt/petrelfs/jiyuanfeng.p/project/radiffuser/work_dirs/downsteam/cls/medfmc/fewshot/syn5/10_shot_exp2/best_mAP_epoch_9.pth was removed
2024-10-31 10:53:30,451 - mmcls - INFO - Now best checkpoint is saved as best_mAP_epoch_11.pth.
2024-10-31 10:53:30,452 - mmcls - INFO - Best mAP is 43.8634 at 11 epoch.
2024-10-31 10:53:30,453 - mmcls - INFO - Epoch(val) [11][198]	mAP: 43.8634
2024-10-31 10:53:32,863 - mmcls - INFO - Epoch [12][5/48]	lr: 4.218e-04, eta: 0:00:44, time: 0.481, data_time: 0.433, memory: 859, loss: 5.4169
2024-10-31 10:53:33,116 - mmcls - INFO - Epoch [12][10/48]	lr: 4.218e-04, eta: 0:00:43, time: 0.051, data_time: 0.001, memory: 859, loss: 5.8493
2024-10-31 10:53:33,374 - mmcls - INFO - Epoch [12][15/48]	lr: 4.218e-04, eta: 0:00:42, time: 0.052, data_time: 0.001, memory: 859, loss: 5.2343
2024-10-31 10:53:33,626 - mmcls - INFO - Epoch [12][20/48]	lr: 4.218e-04, eta: 0:00:42, time: 0.050, data_time: 0.001, memory: 859, loss: 6.3281
2024-10-31 10:53:33,871 - mmcls - INFO - Epoch [12][25/48]	lr: 4.218e-04, eta: 0:00:41, time: 0.049, data_time: 0.001, memory: 859, loss: 4.6180
2024-10-31 10:53:34,145 - mmcls - INFO - Epoch [12][30/48]	lr: 4.218e-04, eta: 0:00:40, time: 0.055, data_time: 0.001, memory: 859, loss: 6.1249
2024-10-31 10:53:34,395 - mmcls - INFO - Epoch [12][35/48]	lr: 4.218e-04, eta: 0:00:39, time: 0.050, data_time: 0.001, memory: 859, loss: 4.8015
2024-10-31 10:53:34,657 - mmcls - INFO - Epoch [12][40/48]	lr: 4.218e-04, eta: 0:00:39, time: 0.052, data_time: 0.001, memory: 859, loss: 4.7386
2024-10-31 10:53:34,896 - mmcls - INFO - Epoch [12][45/48]	lr: 4.218e-04, eta: 0:00:38, time: 0.048, data_time: 0.001, memory: 859, loss: 6.3535
2024-10-31 10:53:35,036 - mmcls - INFO - Saving checkpoint at 12 epochs
2024-10-31 10:53:42,583 - mmcls - INFO - Epoch(val) [12][198]	mAP: 42.3683
2024-10-31 10:53:45,016 - mmcls - INFO - Epoch [13][5/48]	lr: 3.455e-04, eta: 0:00:38, time: 0.485, data_time: 0.434, memory: 859, loss: 5.2275
2024-10-31 10:53:45,262 - mmcls - INFO - Epoch [13][10/48]	lr: 3.455e-04, eta: 0:00:38, time: 0.049, data_time: 0.001, memory: 859, loss: 5.2908
2024-10-31 10:53:45,508 - mmcls - INFO - Epoch [13][15/48]	lr: 3.455e-04, eta: 0:00:37, time: 0.049, data_time: 0.001, memory: 859, loss: 4.8745
2024-10-31 10:53:45,755 - mmcls - INFO - Epoch [13][20/48]	lr: 3.455e-04, eta: 0:00:36, time: 0.049, data_time: 0.001, memory: 859, loss: 5.3190
2024-10-31 10:53:46,005 - mmcls - INFO - Epoch [13][25/48]	lr: 3.455e-04, eta: 0:00:36, time: 0.050, data_time: 0.001, memory: 859, loss: 5.1332
2024-10-31 10:53:46,253 - mmcls - INFO - Epoch [13][30/48]	lr: 3.455e-04, eta: 0:00:35, time: 0.050, data_time: 0.001, memory: 859, loss: 5.4757
2024-10-31 10:53:46,500 - mmcls - INFO - Epoch [13][35/48]	lr: 3.455e-04, eta: 0:00:34, time: 0.049, data_time: 0.001, memory: 859, loss: 5.9416
2024-10-31 10:53:46,752 - mmcls - INFO - Epoch [13][40/48]	lr: 3.455e-04, eta: 0:00:34, time: 0.050, data_time: 0.001, memory: 859, loss: 4.4551
2024-10-31 10:53:46,990 - mmcls - INFO - Epoch [13][45/48]	lr: 3.455e-04, eta: 0:00:33, time: 0.048, data_time: 0.001, memory: 859, loss: 5.3519
2024-10-31 10:53:47,133 - mmcls - INFO - Saving checkpoint at 13 epochs
2024-10-31 10:53:54,666 - mmcls - INFO - The previous best checkpoint /mnt/petrelfs/jiyuanfeng.p/project/radiffuser/work_dirs/downsteam/cls/medfmc/fewshot/syn5/10_shot_exp2/best_mAP_epoch_11.pth was removed
2024-10-31 10:53:54,935 - mmcls - INFO - Now best checkpoint is saved as best_mAP_epoch_13.pth.
2024-10-31 10:53:54,936 - mmcls - INFO - Best mAP is 45.2532 at 13 epoch.
2024-10-31 10:53:54,937 - mmcls - INFO - Epoch(val) [13][198]	mAP: 45.2532
2024-10-31 10:53:57,327 - mmcls - INFO - Epoch [14][5/48]	lr: 2.730e-04, eta: 0:00:33, time: 0.477, data_time: 0.427, memory: 859, loss: 4.9347
2024-10-31 10:53:57,576 - mmcls - INFO - Epoch [14][10/48]	lr: 2.730e-04, eta: 0:00:33, time: 0.050, data_time: 0.001, memory: 859, loss: 5.8413
2024-10-31 10:53:57,829 - mmcls - INFO - Epoch [14][15/48]	lr: 2.730e-04, eta: 0:00:32, time: 0.051, data_time: 0.001, memory: 859, loss: 5.4313
2024-10-31 10:53:58,082 - mmcls - INFO - Epoch [14][20/48]	lr: 2.730e-04, eta: 0:00:31, time: 0.051, data_time: 0.001, memory: 859, loss: 5.3083
2024-10-31 10:53:58,327 - mmcls - INFO - Epoch [14][25/48]	lr: 2.730e-04, eta: 0:00:31, time: 0.049, data_time: 0.001, memory: 859, loss: 5.0816
2024-10-31 10:53:58,570 - mmcls - INFO - Epoch [14][30/48]	lr: 2.730e-04, eta: 0:00:30, time: 0.049, data_time: 0.001, memory: 859, loss: 6.0637
2024-10-31 10:53:58,816 - mmcls - INFO - Epoch [14][35/48]	lr: 2.730e-04, eta: 0:00:29, time: 0.049, data_time: 0.001, memory: 859, loss: 6.1618
2024-10-31 10:53:59,057 - mmcls - INFO - Epoch [14][40/48]	lr: 2.730e-04, eta: 0:00:29, time: 0.048, data_time: 0.001, memory: 859, loss: 4.8992
2024-10-31 10:53:59,305 - mmcls - INFO - Epoch [14][45/48]	lr: 2.730e-04, eta: 0:00:28, time: 0.050, data_time: 0.001, memory: 859, loss: 5.2522
2024-10-31 10:53:59,447 - mmcls - INFO - Saving checkpoint at 14 epochs
2024-10-31 10:54:06,822 - mmcls - INFO - The previous best checkpoint /mnt/petrelfs/jiyuanfeng.p/project/radiffuser/work_dirs/downsteam/cls/medfmc/fewshot/syn5/10_shot_exp2/best_mAP_epoch_13.pth was removed
2024-10-31 10:54:07,096 - mmcls - INFO - Now best checkpoint is saved as best_mAP_epoch_14.pth.
2024-10-31 10:54:07,098 - mmcls - INFO - Best mAP is 47.3317 at 14 epoch.
2024-10-31 10:54:07,099 - mmcls - INFO - Epoch(val) [14][198]	mAP: 47.3317
2024-10-31 10:54:09,481 - mmcls - INFO - Epoch [15][5/48]	lr: 2.061e-04, eta: 0:00:28, time: 0.475, data_time: 0.428, memory: 859, loss: 5.2969
2024-10-31 10:54:09,724 - mmcls - INFO - Epoch [15][10/48]	lr: 2.061e-04, eta: 0:00:27, time: 0.049, data_time: 0.001, memory: 859, loss: 4.9846
2024-10-31 10:54:09,977 - mmcls - INFO - Epoch [15][15/48]	lr: 2.061e-04, eta: 0:00:27, time: 0.051, data_time: 0.001, memory: 859, loss: 6.5497
2024-10-31 10:54:10,234 - mmcls - INFO - Epoch [15][20/48]	lr: 2.061e-04, eta: 0:00:26, time: 0.051, data_time: 0.001, memory: 859, loss: 5.3079
2024-10-31 10:54:10,500 - mmcls - INFO - Epoch [15][25/48]	lr: 2.061e-04, eta: 0:00:26, time: 0.053, data_time: 0.001, memory: 859, loss: 5.0209
2024-10-31 10:54:10,743 - mmcls - INFO - Epoch [15][30/48]	lr: 2.061e-04, eta: 0:00:25, time: 0.049, data_time: 0.002, memory: 859, loss: 6.2336
2024-10-31 10:54:10,987 - mmcls - INFO - Epoch [15][35/48]	lr: 2.061e-04, eta: 0:00:24, time: 0.049, data_time: 0.001, memory: 859, loss: 4.9780
2024-10-31 10:54:11,228 - mmcls - INFO - Epoch [15][40/48]	lr: 2.061e-04, eta: 0:00:24, time: 0.048, data_time: 0.001, memory: 859, loss: 4.5362
2024-10-31 10:54:11,467 - mmcls - INFO - Epoch [15][45/48]	lr: 2.061e-04, eta: 0:00:23, time: 0.048, data_time: 0.001, memory: 859, loss: 4.2575
2024-10-31 10:54:11,610 - mmcls - INFO - Saving checkpoint at 15 epochs
2024-10-31 10:54:19,083 - mmcls - INFO - The previous best checkpoint /mnt/petrelfs/jiyuanfeng.p/project/radiffuser/work_dirs/downsteam/cls/medfmc/fewshot/syn5/10_shot_exp2/best_mAP_epoch_14.pth was removed
2024-10-31 10:54:19,358 - mmcls - INFO - Now best checkpoint is saved as best_mAP_epoch_15.pth.
2024-10-31 10:54:19,360 - mmcls - INFO - Best mAP is 47.4910 at 15 epoch.
2024-10-31 10:54:19,361 - mmcls - INFO - Epoch(val) [15][198]	mAP: 47.4910
2024-10-31 10:54:21,773 - mmcls - INFO - Epoch [16][5/48]	lr: 1.464e-04, eta: 0:00:23, time: 0.481, data_time: 0.432, memory: 859, loss: 4.5457
2024-10-31 10:54:22,026 - mmcls - INFO - Epoch [16][10/48]	lr: 1.464e-04, eta: 0:00:22, time: 0.050, data_time: 0.001, memory: 859, loss: 4.5565
2024-10-31 10:54:22,278 - mmcls - INFO - Epoch [16][15/48]	lr: 1.464e-04, eta: 0:00:22, time: 0.050, data_time: 0.001, memory: 859, loss: 6.1420
2024-10-31 10:54:22,521 - mmcls - INFO - Epoch [16][20/48]	lr: 1.464e-04, eta: 0:00:21, time: 0.049, data_time: 0.001, memory: 859, loss: 5.3717
2024-10-31 10:54:22,775 - mmcls - INFO - Epoch [16][25/48]	lr: 1.464e-04, eta: 0:00:21, time: 0.051, data_time: 0.001, memory: 859, loss: 4.3016
2024-10-31 10:54:23,027 - mmcls - INFO - Epoch [16][30/48]	lr: 1.464e-04, eta: 0:00:20, time: 0.050, data_time: 0.001, memory: 859, loss: 4.9902
2024-10-31 10:54:23,276 - mmcls - INFO - Epoch [16][35/48]	lr: 1.464e-04, eta: 0:00:20, time: 0.050, data_time: 0.001, memory: 859, loss: 4.2077
2024-10-31 10:54:23,531 - mmcls - INFO - Epoch [16][40/48]	lr: 1.464e-04, eta: 0:00:19, time: 0.051, data_time: 0.001, memory: 859, loss: 4.3571
2024-10-31 10:54:23,771 - mmcls - INFO - Epoch [16][45/48]	lr: 1.464e-04, eta: 0:00:19, time: 0.048, data_time: 0.001, memory: 859, loss: 5.2994
2024-10-31 10:54:23,913 - mmcls - INFO - Saving checkpoint at 16 epochs
2024-10-31 10:54:31,408 - mmcls - INFO - The previous best checkpoint /mnt/petrelfs/jiyuanfeng.p/project/radiffuser/work_dirs/downsteam/cls/medfmc/fewshot/syn5/10_shot_exp2/best_mAP_epoch_15.pth was removed
2024-10-31 10:54:31,665 - mmcls - INFO - Now best checkpoint is saved as best_mAP_epoch_16.pth.
2024-10-31 10:54:31,667 - mmcls - INFO - Best mAP is 48.2758 at 16 epoch.
2024-10-31 10:54:31,668 - mmcls - INFO - Epoch(val) [16][198]	mAP: 48.2758
2024-10-31 10:54:34,060 - mmcls - INFO - Epoch [17][5/48]	lr: 9.549e-05, eta: 0:00:18, time: 0.477, data_time: 0.431, memory: 859, loss: 5.2100
2024-10-31 10:54:34,301 - mmcls - INFO - Epoch [17][10/48]	lr: 9.549e-05, eta: 0:00:18, time: 0.048, data_time: 0.001, memory: 859, loss: 5.3099
2024-10-31 10:54:34,543 - mmcls - INFO - Epoch [17][15/48]	lr: 9.549e-05, eta: 0:00:17, time: 0.048, data_time: 0.001, memory: 859, loss: 5.6015
2024-10-31 10:54:34,796 - mmcls - INFO - Epoch [17][20/48]	lr: 9.549e-05, eta: 0:00:16, time: 0.051, data_time: 0.001, memory: 859, loss: 5.4126
2024-10-31 10:54:35,039 - mmcls - INFO - Epoch [17][25/48]	lr: 9.549e-05, eta: 0:00:16, time: 0.049, data_time: 0.001, memory: 859, loss: 4.9315
2024-10-31 10:54:35,277 - mmcls - INFO - Epoch [17][30/48]	lr: 9.549e-05, eta: 0:00:15, time: 0.047, data_time: 0.001, memory: 859, loss: 4.8545
2024-10-31 10:54:35,532 - mmcls - INFO - Epoch [17][35/48]	lr: 9.549e-05, eta: 0:00:15, time: 0.051, data_time: 0.001, memory: 859, loss: 4.4646
2024-10-31 10:54:35,768 - mmcls - INFO - Epoch [17][40/48]	lr: 9.549e-05, eta: 0:00:14, time: 0.047, data_time: 0.001, memory: 859, loss: 5.2075
2024-10-31 10:54:36,011 - mmcls - INFO - Epoch [17][45/48]	lr: 9.549e-05, eta: 0:00:14, time: 0.049, data_time: 0.001, memory: 859, loss: 4.6677
2024-10-31 10:54:36,150 - mmcls - INFO - Saving checkpoint at 17 epochs
2024-10-31 10:54:43,471 - mmcls - INFO - The previous best checkpoint /mnt/petrelfs/jiyuanfeng.p/project/radiffuser/work_dirs/downsteam/cls/medfmc/fewshot/syn5/10_shot_exp2/best_mAP_epoch_16.pth was removed
2024-10-31 10:54:43,752 - mmcls - INFO - Now best checkpoint is saved as best_mAP_epoch_17.pth.
2024-10-31 10:54:43,753 - mmcls - INFO - Best mAP is 48.4768 at 17 epoch.
2024-10-31 10:54:43,754 - mmcls - INFO - Epoch(val) [17][198]	mAP: 48.4768
2024-10-31 10:54:46,170 - mmcls - INFO - Epoch [18][5/48]	lr: 5.450e-05, eta: 0:00:13, time: 0.482, data_time: 0.433, memory: 859, loss: 4.1649
2024-10-31 10:54:46,434 - mmcls - INFO - Epoch [18][10/48]	lr: 5.450e-05, eta: 0:00:13, time: 0.053, data_time: 0.001, memory: 859, loss: 5.5311
2024-10-31 10:54:46,682 - mmcls - INFO - Epoch [18][15/48]	lr: 5.450e-05, eta: 0:00:12, time: 0.050, data_time: 0.001, memory: 859, loss: 4.5268
2024-10-31 10:54:46,936 - mmcls - INFO - Epoch [18][20/48]	lr: 5.450e-05, eta: 0:00:12, time: 0.051, data_time: 0.001, memory: 859, loss: 4.8374
2024-10-31 10:54:47,189 - mmcls - INFO - Epoch [18][25/48]	lr: 5.450e-05, eta: 0:00:11, time: 0.051, data_time: 0.001, memory: 859, loss: 4.4897
2024-10-31 10:54:47,437 - mmcls - INFO - Epoch [18][30/48]	lr: 5.450e-05, eta: 0:00:11, time: 0.050, data_time: 0.001, memory: 859, loss: 4.9539
2024-10-31 10:54:47,693 - mmcls - INFO - Epoch [18][35/48]	lr: 5.450e-05, eta: 0:00:10, time: 0.051, data_time: 0.001, memory: 859, loss: 4.6873
2024-10-31 10:54:47,949 - mmcls - INFO - Epoch [18][40/48]	lr: 5.450e-05, eta: 0:00:10, time: 0.051, data_time: 0.001, memory: 859, loss: 4.1584
2024-10-31 10:54:48,191 - mmcls - INFO - Epoch [18][45/48]	lr: 5.450e-05, eta: 0:00:09, time: 0.048, data_time: 0.001, memory: 859, loss: 4.1492
2024-10-31 10:54:48,340 - mmcls - INFO - Saving checkpoint at 18 epochs
2024-10-31 10:54:55,876 - mmcls - INFO - The previous best checkpoint /mnt/petrelfs/jiyuanfeng.p/project/radiffuser/work_dirs/downsteam/cls/medfmc/fewshot/syn5/10_shot_exp2/best_mAP_epoch_17.pth was removed
2024-10-31 10:54:56,137 - mmcls - INFO - Now best checkpoint is saved as best_mAP_epoch_18.pth.
2024-10-31 10:54:56,138 - mmcls - INFO - Best mAP is 48.7048 at 18 epoch.
2024-10-31 10:54:56,139 - mmcls - INFO - Epoch(val) [18][198]	mAP: 48.7048
2024-10-31 10:54:58,544 - mmcls - INFO - Epoch [19][5/48]	lr: 2.447e-05, eta: 0:00:08, time: 0.480, data_time: 0.431, memory: 859, loss: 4.4409
2024-10-31 10:54:58,810 - mmcls - INFO - Epoch [19][10/48]	lr: 2.447e-05, eta: 0:00:08, time: 0.053, data_time: 0.001, memory: 859, loss: 4.4011
2024-10-31 10:54:59,058 - mmcls - INFO - Epoch [19][15/48]	lr: 2.447e-05, eta: 0:00:07, time: 0.050, data_time: 0.001, memory: 859, loss: 4.7386
2024-10-31 10:54:59,306 - mmcls - INFO - Epoch [19][20/48]	lr: 2.447e-05, eta: 0:00:07, time: 0.050, data_time: 0.001, memory: 859, loss: 4.2383
2024-10-31 10:54:59,555 - mmcls - INFO - Epoch [19][25/48]	lr: 2.447e-05, eta: 0:00:06, time: 0.050, data_time: 0.001, memory: 859, loss: 4.7756
2024-10-31 10:54:59,805 - mmcls - INFO - Epoch [19][30/48]	lr: 2.447e-05, eta: 0:00:06, time: 0.050, data_time: 0.001, memory: 859, loss: 5.3229
2024-10-31 10:55:00,059 - mmcls - INFO - Epoch [19][35/48]	lr: 2.447e-05, eta: 0:00:05, time: 0.051, data_time: 0.001, memory: 859, loss: 5.0725
2024-10-31 10:55:00,302 - mmcls - INFO - Epoch [19][40/48]	lr: 2.447e-05, eta: 0:00:05, time: 0.049, data_time: 0.001, memory: 859, loss: 4.8552
2024-10-31 10:55:00,549 - mmcls - INFO - Epoch [19][45/48]	lr: 2.447e-05, eta: 0:00:04, time: 0.049, data_time: 0.001, memory: 859, loss: 4.2627
2024-10-31 10:55:00,694 - mmcls - INFO - Saving checkpoint at 19 epochs
2024-10-31 10:55:08,068 - mmcls - INFO - Epoch(val) [19][198]	mAP: 48.5628
2024-10-31 10:55:10,478 - mmcls - INFO - Epoch [20][5/48]	lr: 6.156e-06, eta: 0:00:04, time: 0.481, data_time: 0.431, memory: 859, loss: 5.6578
2024-10-31 10:55:10,735 - mmcls - INFO - Epoch [20][10/48]	lr: 6.156e-06, eta: 0:00:03, time: 0.051, data_time: 0.001, memory: 859, loss: 4.1270
2024-10-31 10:55:10,992 - mmcls - INFO - Epoch [20][15/48]	lr: 6.156e-06, eta: 0:00:03, time: 0.051, data_time: 0.001, memory: 859, loss: 4.6665
2024-10-31 10:55:11,237 - mmcls - INFO - Epoch [20][20/48]	lr: 6.156e-06, eta: 0:00:02, time: 0.049, data_time: 0.001, memory: 859, loss: 4.1026
2024-10-31 10:55:11,507 - mmcls - INFO - Epoch [20][25/48]	lr: 6.156e-06, eta: 0:00:02, time: 0.054, data_time: 0.001, memory: 859, loss: 5.0912
2024-10-31 10:55:11,763 - mmcls - INFO - Epoch [20][30/48]	lr: 6.156e-06, eta: 0:00:01, time: 0.051, data_time: 0.001, memory: 859, loss: 4.9921
2024-10-31 10:55:12,016 - mmcls - INFO - Epoch [20][35/48]	lr: 6.156e-06, eta: 0:00:01, time: 0.051, data_time: 0.001, memory: 859, loss: 4.8750
2024-10-31 10:55:12,262 - mmcls - INFO - Epoch [20][40/48]	lr: 6.156e-06, eta: 0:00:00, time: 0.049, data_time: 0.001, memory: 859, loss: 4.1628
2024-10-31 10:55:12,502 - mmcls - INFO - Epoch [20][45/48]	lr: 6.156e-06, eta: 0:00:00, time: 0.048, data_time: 0.001, memory: 859, loss: 4.4956
2024-10-31 10:55:12,647 - mmcls - INFO - Saving checkpoint at 20 epochs
2024-10-31 10:55:20,071 - mmcls - INFO - Epoch(val) [20][198]	mAP: 48.4096
