2024-10-31 10:51:08,916 - mmcls - INFO - Environment info:
------------------------------------------------------------
sys.platform: linux
Python: 3.9.18 (main, Sep 11 2023, 13:41:44) [GCC 11.2.0]
CUDA available: True
GPU 0: NVIDIA A100-SXM4-80GB
CUDA_HOME: /mnt/lustre/share/cuda-11.8
NVCC: Cuda compilation tools, release 11.8, V11.8.89
GCC: gcc (GCC) 7.3.0
PyTorch: 2.2.0+cu121
PyTorch compiling details: PyTorch built with:
  - GCC 9.3
  - C++ Version: 201703
  - Intel(R) oneAPI Math Kernel Library Version 2022.2-Product Build 20220804 for Intel(R) 64 architecture applications
  - Intel(R) MKL-DNN v3.3.2 (Git Hash 2dc95a2ad0841e29db8b22fbccaf3e5da7992b01)
  - OpenMP 201511 (a.k.a. OpenMP 4.5)
  - LAPACK is enabled (usually provided by MKL)
  - NNPACK is enabled
  - CPU capability usage: AVX512
  - CUDA Runtime 12.1
  - NVCC architecture flags: -gencode;arch=compute_50,code=sm_50;-gencode;arch=compute_60,code=sm_60;-gencode;arch=compute_70,code=sm_70;-gencode;arch=compute_75,code=sm_75;-gencode;arch=compute_80,code=sm_80;-gencode;arch=compute_86,code=sm_86;-gencode;arch=compute_90,code=sm_90
  - CuDNN 8.9.2
  - Magma 2.6.1
  - Build settings: BLAS_INFO=mkl, BUILD_TYPE=Release, CUDA_VERSION=12.1, CUDNN_VERSION=8.9.2, CXX_COMPILER=/opt/rh/devtoolset-9/root/usr/bin/c++, CXX_FLAGS= -D_GLIBCXX_USE_CXX11_ABI=0 -fabi-version=11 -fvisibility-inlines-hidden -DUSE_PTHREADPOOL -DNDEBUG -DUSE_KINETO -DLIBKINETO_NOROCTRACER -DUSE_FBGEMM -DUSE_QNNPACK -DUSE_PYTORCH_QNNPACK -DUSE_XNNPACK -DSYMBOLICATE_MOBILE_DEBUG_HANDLE -O2 -fPIC -Wall -Wextra -Werror=return-type -Werror=non-virtual-dtor -Werror=bool-operation -Wnarrowing -Wno-missing-field-initializers -Wno-type-limits -Wno-array-bounds -Wno-unknown-pragmas -Wno-unused-parameter -Wno-unused-function -Wno-unused-result -Wno-strict-overflow -Wno-strict-aliasing -Wno-stringop-overflow -Wsuggest-override -Wno-psabi -Wno-error=pedantic -Wno-error=old-style-cast -Wno-missing-braces -fdiagnostics-color=always -faligned-new -Wno-unused-but-set-variable -Wno-maybe-uninitialized -fno-math-errno -fno-trapping-math -Werror=format -Wno-stringop-overflow, LAPACK_INFO=mkl, PERF_WITH_AVX=1, PERF_WITH_AVX2=1, PERF_WITH_AVX512=1, TORCH_VERSION=2.2.0, USE_CUDA=ON, USE_CUDNN=ON, USE_EXCEPTION_PTR=1, USE_GFLAGS=OFF, USE_GLOG=OFF, USE_MKL=ON, USE_MKLDNN=ON, USE_MPI=OFF, USE_NCCL=1, USE_NNPACK=ON, USE_OPENMP=ON, USE_ROCM=OFF, USE_ROCM_KERNEL_ASSERT=OFF, 

TorchVision: 0.17.0+cu121
OpenCV: 4.9.0
MMCV: 1.6.0
MMCV Compiler: n/a
MMCV CUDA Compiler: n/a
MMClassification: 0.25.0+68bac71
------------------------------------------------------------

2024-10-31 10:51:08,917 - mmcls - INFO - Distributed training: False
2024-10-31 10:51:09,415 - mmcls - INFO - Config:
model = dict(
    type='ImageClassifier',
    backbone=dict(
        type='DenseNet',
        arch='121',
        init_cfg=dict(
            type='Pretrained',
            checkpoint='weights/densenet121_4xb256_in1k_20220426-07450f99.pth',
            prefix='backbone')),
    neck=dict(type='GlobalAveragePooling'),
    head=dict(
        type='MultiLabelLinearClsHead', num_classes=19, in_channels=1024))
dataset_type = 'Chest19'
img_norm_cfg = dict(
    mean=[123.675, 116.28, 103.53], std=[58.395, 57.12, 57.375], to_rgb=True)
train_pipeline = [
    dict(type='LoadImageFromFile'),
    dict(
        type='RandomResizedCrop',
        size=256,
        backend='pillow',
        interpolation='bicubic'),
    dict(type='RandomFlip', flip_prob=0.5, direction='horizontal'),
    dict(
        type='Normalize',
        mean=[123.675, 116.28, 103.53],
        std=[58.395, 57.12, 57.375],
        to_rgb=True),
    dict(type='ImageToTensor', keys=['img']),
    dict(type='ToTensor', keys=['gt_label']),
    dict(type='Collect', keys=['img', 'gt_label'])
]
test_pipeline = [
    dict(type='LoadImageFromFile'),
    dict(type='Resize', size=256, backend='pillow', interpolation='bicubic'),
    dict(
        type='Normalize',
        mean=[123.675, 116.28, 103.53],
        std=[58.395, 57.12, 57.375],
        to_rgb=True),
    dict(type='ImageToTensor', keys=['img']),
    dict(type='Collect', keys=['img'])
]
data = dict(
    samples_per_gpu=4,
    workers_per_gpu=4,
    train=dict(
        type='Chest19',
        data_prefix=
        '/mnt/petrelfs/jiyuanfeng.p/data/medfmc/MedFMC_train/chest/images',
        ann_file=
        '/mnt/petrelfs/jiyuanfeng.p/project/radiffuser/tools/downstream/medfm/data_backup/MedFMC/chest/chest_1-shot_train_exp4.txt',
        pipeline=[
            dict(type='LoadImageFromFile'),
            dict(
                type='RandomResizedCrop',
                size=256,
                backend='pillow',
                interpolation='bicubic'),
            dict(type='RandomFlip', flip_prob=0.5, direction='horizontal'),
            dict(
                type='Normalize',
                mean=[123.675, 116.28, 103.53],
                std=[58.395, 57.12, 57.375],
                to_rgb=True),
            dict(type='ImageToTensor', keys=['img']),
            dict(type='ToTensor', keys=['gt_label']),
            dict(type='Collect', keys=['img', 'gt_label'])
        ]),
    val=dict(
        type='Chest19',
        data_prefix=
        '/mnt/petrelfs/jiyuanfeng.p/data/medfmc/MedFMC_train/chest/images',
        ann_file=
        '/mnt/petrelfs/jiyuanfeng.p/project/radiffuser/tools/downstream/medfm/data_backup/MedFMC/chest/chest_1-shot_val_exp4.txt',
        pipeline=[
            dict(type='LoadImageFromFile'),
            dict(
                type='Resize',
                size=256,
                backend='pillow',
                interpolation='bicubic'),
            dict(
                type='Normalize',
                mean=[123.675, 116.28, 103.53],
                std=[58.395, 57.12, 57.375],
                to_rgb=True),
            dict(type='ImageToTensor', keys=['img']),
            dict(type='Collect', keys=['img'])
        ]),
    test=dict(
        type='Chest19',
        data_prefix=
        '/mnt/petrelfs/jiyuanfeng.p/data/medfmc/MedFMC_train/chest/images',
        ann_file=
        '/mnt/petrelfs/jiyuanfeng.p/project/radiffuser/tools/downstream/medfm/data_backup/MedFMC/chest/test_WithLabel.txt',
        pipeline=[
            dict(type='LoadImageFromFile'),
            dict(
                type='Resize',
                size=256,
                backend='pillow',
                interpolation='bicubic'),
            dict(
                type='Normalize',
                mean=[123.675, 116.28, 103.53],
                std=[58.395, 57.12, 57.375],
                to_rgb=True),
            dict(type='ImageToTensor', keys=['img']),
            dict(type='Collect', keys=['img'])
        ]))
evaluation = dict(interval=1, metric='mAP', save_best='auto')
optimizer = dict(type='SGD', lr=0.001, momentum=0.9, weight_decay=0.0001)
optimizer_config = dict(grad_clip=None)
lr_config = dict(policy='CosineAnnealing', min_lr=0)
runner = dict(type='EpochBasedRunner', max_epochs=20)
checkpoint_config = dict(interval=1, max_keep_ckpts=1)
log_config = dict(interval=5, hooks=[dict(type='TextLoggerHook')])
dist_params = dict(backend='nccl')
log_level = 'INFO'
load_from = 'work_dirs/downsteam/cls/mimic/pretrain/sync5/latest.pth'
resume_from = None
workflow = [('train', 1)]
custom_imports = dict(
    imports=[
        'medfmc.models', 'medfmc.datasets.medical_datasets',
        'medfmc.core.evaluation'
    ],
    allow_failed_imports=False)
dataset = 'chest'
nshot = 1
exp = 4
base_path = '/mnt/petrelfs/jiyuanfeng.p/project/radiffuser/tools/downstream/medfm/data_backup/MedFMC'
train_val_template = '/mnt/petrelfs/jiyuanfeng.p/project/radiffuser/tools/downstream/medfm/data_backup/MedFMC/{dataset}/{dataset}_{nshot}-shot_{split}_exp{exp}.txt'
work_dir = 'work_dirs/downsteam/cls/medfmc/fewshot/syn5/1_shot_exp4'
gpu_ids = [0]

2024-10-31 10:51:09,416 - mmcls - INFO - Set random seed to 0, deterministic: False
2024-10-31 10:51:09,523 - mmcls - INFO - initialize DenseNet with init_cfg {'type': 'Pretrained', 'checkpoint': 'weights/densenet121_4xb256_in1k_20220426-07450f99.pth', 'prefix': 'backbone'}
2024-10-31 10:51:09,729 - mmcls - INFO - initialize MultiLabelLinearClsHead with init_cfg {'type': 'Normal', 'layer': 'Linear', 'std': 0.01}
Name of parameter - Initialization information

backbone.stem.0.weight - torch.Size([64, 3, 7, 7]): 
PretrainedInit: load from weights/densenet121_4xb256_in1k_20220426-07450f99.pth 

backbone.stem.1.weight - torch.Size([64]): 
PretrainedInit: load from weights/densenet121_4xb256_in1k_20220426-07450f99.pth 

backbone.stem.1.bias - torch.Size([64]): 
PretrainedInit: load from weights/densenet121_4xb256_in1k_20220426-07450f99.pth 

backbone.stages.0.block.0.norm1.weight - torch.Size([64]): 
PretrainedInit: load from weights/densenet121_4xb256_in1k_20220426-07450f99.pth 

backbone.stages.0.block.0.norm1.bias - torch.Size([64]): 
PretrainedInit: load from weights/densenet121_4xb256_in1k_20220426-07450f99.pth 

backbone.stages.0.block.0.conv1.weight - torch.Size([128, 64, 1, 1]): 
PretrainedInit: load from weights/densenet121_4xb256_in1k_20220426-07450f99.pth 

backbone.stages.0.block.0.norm2.weight - torch.Size([128]): 
PretrainedInit: load from weights/densenet121_4xb256_in1k_20220426-07450f99.pth 

backbone.stages.0.block.0.norm2.bias - torch.Size([128]): 
PretrainedInit: load from weights/densenet121_4xb256_in1k_20220426-07450f99.pth 

backbone.stages.0.block.0.conv2.weight - torch.Size([32, 128, 3, 3]): 
PretrainedInit: load from weights/densenet121_4xb256_in1k_20220426-07450f99.pth 

backbone.stages.0.block.1.norm1.weight - torch.Size([96]): 
PretrainedInit: load from weights/densenet121_4xb256_in1k_20220426-07450f99.pth 

backbone.stages.0.block.1.norm1.bias - torch.Size([96]): 
PretrainedInit: load from weights/densenet121_4xb256_in1k_20220426-07450f99.pth 

backbone.stages.0.block.1.conv1.weight - torch.Size([128, 96, 1, 1]): 
PretrainedInit: load from weights/densenet121_4xb256_in1k_20220426-07450f99.pth 

backbone.stages.0.block.1.norm2.weight - torch.Size([128]): 
PretrainedInit: load from weights/densenet121_4xb256_in1k_20220426-07450f99.pth 

backbone.stages.0.block.1.norm2.bias - torch.Size([128]): 
PretrainedInit: load from weights/densenet121_4xb256_in1k_20220426-07450f99.pth 

backbone.stages.0.block.1.conv2.weight - torch.Size([32, 128, 3, 3]): 
PretrainedInit: load from weights/densenet121_4xb256_in1k_20220426-07450f99.pth 

backbone.stages.0.block.2.norm1.weight - torch.Size([128]): 
PretrainedInit: load from weights/densenet121_4xb256_in1k_20220426-07450f99.pth 

backbone.stages.0.block.2.norm1.bias - torch.Size([128]): 
PretrainedInit: load from weights/densenet121_4xb256_in1k_20220426-07450f99.pth 

backbone.stages.0.block.2.conv1.weight - torch.Size([128, 128, 1, 1]): 
PretrainedInit: load from weights/densenet121_4xb256_in1k_20220426-07450f99.pth 

backbone.stages.0.block.2.norm2.weight - torch.Size([128]): 
PretrainedInit: load from weights/densenet121_4xb256_in1k_20220426-07450f99.pth 

backbone.stages.0.block.2.norm2.bias - torch.Size([128]): 
PretrainedInit: load from weights/densenet121_4xb256_in1k_20220426-07450f99.pth 

backbone.stages.0.block.2.conv2.weight - torch.Size([32, 128, 3, 3]): 
PretrainedInit: load from weights/densenet121_4xb256_in1k_20220426-07450f99.pth 

backbone.stages.0.block.3.norm1.weight - torch.Size([160]): 
PretrainedInit: load from weights/densenet121_4xb256_in1k_20220426-07450f99.pth 

backbone.stages.0.block.3.norm1.bias - torch.Size([160]): 
PretrainedInit: load from weights/densenet121_4xb256_in1k_20220426-07450f99.pth 

backbone.stages.0.block.3.conv1.weight - torch.Size([128, 160, 1, 1]): 
PretrainedInit: load from weights/densenet121_4xb256_in1k_20220426-07450f99.pth 

backbone.stages.0.block.3.norm2.weight - torch.Size([128]): 
PretrainedInit: load from weights/densenet121_4xb256_in1k_20220426-07450f99.pth 

backbone.stages.0.block.3.norm2.bias - torch.Size([128]): 
PretrainedInit: load from weights/densenet121_4xb256_in1k_20220426-07450f99.pth 

backbone.stages.0.block.3.conv2.weight - torch.Size([32, 128, 3, 3]): 
PretrainedInit: load from weights/densenet121_4xb256_in1k_20220426-07450f99.pth 

backbone.stages.0.block.4.norm1.weight - torch.Size([192]): 
PretrainedInit: load from weights/densenet121_4xb256_in1k_20220426-07450f99.pth 

backbone.stages.0.block.4.norm1.bias - torch.Size([192]): 
PretrainedInit: load from weights/densenet121_4xb256_in1k_20220426-07450f99.pth 

backbone.stages.0.block.4.conv1.weight - torch.Size([128, 192, 1, 1]): 
PretrainedInit: load from weights/densenet121_4xb256_in1k_20220426-07450f99.pth 

backbone.stages.0.block.4.norm2.weight - torch.Size([128]): 
PretrainedInit: load from weights/densenet121_4xb256_in1k_20220426-07450f99.pth 

backbone.stages.0.block.4.norm2.bias - torch.Size([128]): 
PretrainedInit: load from weights/densenet121_4xb256_in1k_20220426-07450f99.pth 

backbone.stages.0.block.4.conv2.weight - torch.Size([32, 128, 3, 3]): 
PretrainedInit: load from weights/densenet121_4xb256_in1k_20220426-07450f99.pth 

backbone.stages.0.block.5.norm1.weight - torch.Size([224]): 
PretrainedInit: load from weights/densenet121_4xb256_in1k_20220426-07450f99.pth 

backbone.stages.0.block.5.norm1.bias - torch.Size([224]): 
PretrainedInit: load from weights/densenet121_4xb256_in1k_20220426-07450f99.pth 

backbone.stages.0.block.5.conv1.weight - torch.Size([128, 224, 1, 1]): 
PretrainedInit: load from weights/densenet121_4xb256_in1k_20220426-07450f99.pth 

backbone.stages.0.block.5.norm2.weight - torch.Size([128]): 
PretrainedInit: load from weights/densenet121_4xb256_in1k_20220426-07450f99.pth 

backbone.stages.0.block.5.norm2.bias - torch.Size([128]): 
PretrainedInit: load from weights/densenet121_4xb256_in1k_20220426-07450f99.pth 

backbone.stages.0.block.5.conv2.weight - torch.Size([32, 128, 3, 3]): 
PretrainedInit: load from weights/densenet121_4xb256_in1k_20220426-07450f99.pth 

backbone.stages.1.block.0.norm1.weight - torch.Size([128]): 
PretrainedInit: load from weights/densenet121_4xb256_in1k_20220426-07450f99.pth 

backbone.stages.1.block.0.norm1.bias - torch.Size([128]): 
PretrainedInit: load from weights/densenet121_4xb256_in1k_20220426-07450f99.pth 

backbone.stages.1.block.0.conv1.weight - torch.Size([128, 128, 1, 1]): 
PretrainedInit: load from weights/densenet121_4xb256_in1k_20220426-07450f99.pth 

backbone.stages.1.block.0.norm2.weight - torch.Size([128]): 
PretrainedInit: load from weights/densenet121_4xb256_in1k_20220426-07450f99.pth 

backbone.stages.1.block.0.norm2.bias - torch.Size([128]): 
PretrainedInit: load from weights/densenet121_4xb256_in1k_20220426-07450f99.pth 

backbone.stages.1.block.0.conv2.weight - torch.Size([32, 128, 3, 3]): 
PretrainedInit: load from weights/densenet121_4xb256_in1k_20220426-07450f99.pth 

backbone.stages.1.block.1.norm1.weight - torch.Size([160]): 
PretrainedInit: load from weights/densenet121_4xb256_in1k_20220426-07450f99.pth 

backbone.stages.1.block.1.norm1.bias - torch.Size([160]): 
PretrainedInit: load from weights/densenet121_4xb256_in1k_20220426-07450f99.pth 

backbone.stages.1.block.1.conv1.weight - torch.Size([128, 160, 1, 1]): 
PretrainedInit: load from weights/densenet121_4xb256_in1k_20220426-07450f99.pth 

backbone.stages.1.block.1.norm2.weight - torch.Size([128]): 
PretrainedInit: load from weights/densenet121_4xb256_in1k_20220426-07450f99.pth 

backbone.stages.1.block.1.norm2.bias - torch.Size([128]): 
PretrainedInit: load from weights/densenet121_4xb256_in1k_20220426-07450f99.pth 

backbone.stages.1.block.1.conv2.weight - torch.Size([32, 128, 3, 3]): 
PretrainedInit: load from weights/densenet121_4xb256_in1k_20220426-07450f99.pth 

backbone.stages.1.block.2.norm1.weight - torch.Size([192]): 
PretrainedInit: load from weights/densenet121_4xb256_in1k_20220426-07450f99.pth 

backbone.stages.1.block.2.norm1.bias - torch.Size([192]): 
PretrainedInit: load from weights/densenet121_4xb256_in1k_20220426-07450f99.pth 

backbone.stages.1.block.2.conv1.weight - torch.Size([128, 192, 1, 1]): 
PretrainedInit: load from weights/densenet121_4xb256_in1k_20220426-07450f99.pth 

backbone.stages.1.block.2.norm2.weight - torch.Size([128]): 
PretrainedInit: load from weights/densenet121_4xb256_in1k_20220426-07450f99.pth 

backbone.stages.1.block.2.norm2.bias - torch.Size([128]): 
PretrainedInit: load from weights/densenet121_4xb256_in1k_20220426-07450f99.pth 

backbone.stages.1.block.2.conv2.weight - torch.Size([32, 128, 3, 3]): 
PretrainedInit: load from weights/densenet121_4xb256_in1k_20220426-07450f99.pth 

backbone.stages.1.block.3.norm1.weight - torch.Size([224]): 
PretrainedInit: load from weights/densenet121_4xb256_in1k_20220426-07450f99.pth 

backbone.stages.1.block.3.norm1.bias - torch.Size([224]): 
PretrainedInit: load from weights/densenet121_4xb256_in1k_20220426-07450f99.pth 

backbone.stages.1.block.3.conv1.weight - torch.Size([128, 224, 1, 1]): 
PretrainedInit: load from weights/densenet121_4xb256_in1k_20220426-07450f99.pth 

backbone.stages.1.block.3.norm2.weight - torch.Size([128]): 
PretrainedInit: load from weights/densenet121_4xb256_in1k_20220426-07450f99.pth 

backbone.stages.1.block.3.norm2.bias - torch.Size([128]): 
PretrainedInit: load from weights/densenet121_4xb256_in1k_20220426-07450f99.pth 

backbone.stages.1.block.3.conv2.weight - torch.Size([32, 128, 3, 3]): 
PretrainedInit: load from weights/densenet121_4xb256_in1k_20220426-07450f99.pth 

backbone.stages.1.block.4.norm1.weight - torch.Size([256]): 
PretrainedInit: load from weights/densenet121_4xb256_in1k_20220426-07450f99.pth 

backbone.stages.1.block.4.norm1.bias - torch.Size([256]): 
PretrainedInit: load from weights/densenet121_4xb256_in1k_20220426-07450f99.pth 

backbone.stages.1.block.4.conv1.weight - torch.Size([128, 256, 1, 1]): 
PretrainedInit: load from weights/densenet121_4xb256_in1k_20220426-07450f99.pth 

backbone.stages.1.block.4.norm2.weight - torch.Size([128]): 
PretrainedInit: load from weights/densenet121_4xb256_in1k_20220426-07450f99.pth 

backbone.stages.1.block.4.norm2.bias - torch.Size([128]): 
PretrainedInit: load from weights/densenet121_4xb256_in1k_20220426-07450f99.pth 

backbone.stages.1.block.4.conv2.weight - torch.Size([32, 128, 3, 3]): 
PretrainedInit: load from weights/densenet121_4xb256_in1k_20220426-07450f99.pth 

backbone.stages.1.block.5.norm1.weight - torch.Size([288]): 
PretrainedInit: load from weights/densenet121_4xb256_in1k_20220426-07450f99.pth 

backbone.stages.1.block.5.norm1.bias - torch.Size([288]): 
PretrainedInit: load from weights/densenet121_4xb256_in1k_20220426-07450f99.pth 

backbone.stages.1.block.5.conv1.weight - torch.Size([128, 288, 1, 1]): 
PretrainedInit: load from weights/densenet121_4xb256_in1k_20220426-07450f99.pth 

backbone.stages.1.block.5.norm2.weight - torch.Size([128]): 
PretrainedInit: load from weights/densenet121_4xb256_in1k_20220426-07450f99.pth 

backbone.stages.1.block.5.norm2.bias - torch.Size([128]): 
PretrainedInit: load from weights/densenet121_4xb256_in1k_20220426-07450f99.pth 

backbone.stages.1.block.5.conv2.weight - torch.Size([32, 128, 3, 3]): 
PretrainedInit: load from weights/densenet121_4xb256_in1k_20220426-07450f99.pth 

backbone.stages.1.block.6.norm1.weight - torch.Size([320]): 
PretrainedInit: load from weights/densenet121_4xb256_in1k_20220426-07450f99.pth 

backbone.stages.1.block.6.norm1.bias - torch.Size([320]): 
PretrainedInit: load from weights/densenet121_4xb256_in1k_20220426-07450f99.pth 

backbone.stages.1.block.6.conv1.weight - torch.Size([128, 320, 1, 1]): 
PretrainedInit: load from weights/densenet121_4xb256_in1k_20220426-07450f99.pth 

backbone.stages.1.block.6.norm2.weight - torch.Size([128]): 
PretrainedInit: load from weights/densenet121_4xb256_in1k_20220426-07450f99.pth 

backbone.stages.1.block.6.norm2.bias - torch.Size([128]): 
PretrainedInit: load from weights/densenet121_4xb256_in1k_20220426-07450f99.pth 

backbone.stages.1.block.6.conv2.weight - torch.Size([32, 128, 3, 3]): 
PretrainedInit: load from weights/densenet121_4xb256_in1k_20220426-07450f99.pth 

backbone.stages.1.block.7.norm1.weight - torch.Size([352]): 
PretrainedInit: load from weights/densenet121_4xb256_in1k_20220426-07450f99.pth 

backbone.stages.1.block.7.norm1.bias - torch.Size([352]): 
PretrainedInit: load from weights/densenet121_4xb256_in1k_20220426-07450f99.pth 

backbone.stages.1.block.7.conv1.weight - torch.Size([128, 352, 1, 1]): 
PretrainedInit: load from weights/densenet121_4xb256_in1k_20220426-07450f99.pth 

backbone.stages.1.block.7.norm2.weight - torch.Size([128]): 
PretrainedInit: load from weights/densenet121_4xb256_in1k_20220426-07450f99.pth 

backbone.stages.1.block.7.norm2.bias - torch.Size([128]): 
PretrainedInit: load from weights/densenet121_4xb256_in1k_20220426-07450f99.pth 

backbone.stages.1.block.7.conv2.weight - torch.Size([32, 128, 3, 3]): 
PretrainedInit: load from weights/densenet121_4xb256_in1k_20220426-07450f99.pth 

backbone.stages.1.block.8.norm1.weight - torch.Size([384]): 
PretrainedInit: load from weights/densenet121_4xb256_in1k_20220426-07450f99.pth 

backbone.stages.1.block.8.norm1.bias - torch.Size([384]): 
PretrainedInit: load from weights/densenet121_4xb256_in1k_20220426-07450f99.pth 

backbone.stages.1.block.8.conv1.weight - torch.Size([128, 384, 1, 1]): 
PretrainedInit: load from weights/densenet121_4xb256_in1k_20220426-07450f99.pth 

backbone.stages.1.block.8.norm2.weight - torch.Size([128]): 
PretrainedInit: load from weights/densenet121_4xb256_in1k_20220426-07450f99.pth 

backbone.stages.1.block.8.norm2.bias - torch.Size([128]): 
PretrainedInit: load from weights/densenet121_4xb256_in1k_20220426-07450f99.pth 

backbone.stages.1.block.8.conv2.weight - torch.Size([32, 128, 3, 3]): 
PretrainedInit: load from weights/densenet121_4xb256_in1k_20220426-07450f99.pth 

backbone.stages.1.block.9.norm1.weight - torch.Size([416]): 
PretrainedInit: load from weights/densenet121_4xb256_in1k_20220426-07450f99.pth 

backbone.stages.1.block.9.norm1.bias - torch.Size([416]): 
PretrainedInit: load from weights/densenet121_4xb256_in1k_20220426-07450f99.pth 

backbone.stages.1.block.9.conv1.weight - torch.Size([128, 416, 1, 1]): 
PretrainedInit: load from weights/densenet121_4xb256_in1k_20220426-07450f99.pth 

backbone.stages.1.block.9.norm2.weight - torch.Size([128]): 
PretrainedInit: load from weights/densenet121_4xb256_in1k_20220426-07450f99.pth 

backbone.stages.1.block.9.norm2.bias - torch.Size([128]): 
PretrainedInit: load from weights/densenet121_4xb256_in1k_20220426-07450f99.pth 

backbone.stages.1.block.9.conv2.weight - torch.Size([32, 128, 3, 3]): 
PretrainedInit: load from weights/densenet121_4xb256_in1k_20220426-07450f99.pth 

backbone.stages.1.block.10.norm1.weight - torch.Size([448]): 
PretrainedInit: load from weights/densenet121_4xb256_in1k_20220426-07450f99.pth 

backbone.stages.1.block.10.norm1.bias - torch.Size([448]): 
PretrainedInit: load from weights/densenet121_4xb256_in1k_20220426-07450f99.pth 

backbone.stages.1.block.10.conv1.weight - torch.Size([128, 448, 1, 1]): 
PretrainedInit: load from weights/densenet121_4xb256_in1k_20220426-07450f99.pth 

backbone.stages.1.block.10.norm2.weight - torch.Size([128]): 
PretrainedInit: load from weights/densenet121_4xb256_in1k_20220426-07450f99.pth 

backbone.stages.1.block.10.norm2.bias - torch.Size([128]): 
PretrainedInit: load from weights/densenet121_4xb256_in1k_20220426-07450f99.pth 

backbone.stages.1.block.10.conv2.weight - torch.Size([32, 128, 3, 3]): 
PretrainedInit: load from weights/densenet121_4xb256_in1k_20220426-07450f99.pth 

backbone.stages.1.block.11.norm1.weight - torch.Size([480]): 
PretrainedInit: load from weights/densenet121_4xb256_in1k_20220426-07450f99.pth 

backbone.stages.1.block.11.norm1.bias - torch.Size([480]): 
PretrainedInit: load from weights/densenet121_4xb256_in1k_20220426-07450f99.pth 

backbone.stages.1.block.11.conv1.weight - torch.Size([128, 480, 1, 1]): 
PretrainedInit: load from weights/densenet121_4xb256_in1k_20220426-07450f99.pth 

backbone.stages.1.block.11.norm2.weight - torch.Size([128]): 
PretrainedInit: load from weights/densenet121_4xb256_in1k_20220426-07450f99.pth 

backbone.stages.1.block.11.norm2.bias - torch.Size([128]): 
PretrainedInit: load from weights/densenet121_4xb256_in1k_20220426-07450f99.pth 

backbone.stages.1.block.11.conv2.weight - torch.Size([32, 128, 3, 3]): 
PretrainedInit: load from weights/densenet121_4xb256_in1k_20220426-07450f99.pth 

backbone.stages.2.block.0.norm1.weight - torch.Size([256]): 
PretrainedInit: load from weights/densenet121_4xb256_in1k_20220426-07450f99.pth 

backbone.stages.2.block.0.norm1.bias - torch.Size([256]): 
PretrainedInit: load from weights/densenet121_4xb256_in1k_20220426-07450f99.pth 

backbone.stages.2.block.0.conv1.weight - torch.Size([128, 256, 1, 1]): 
PretrainedInit: load from weights/densenet121_4xb256_in1k_20220426-07450f99.pth 

backbone.stages.2.block.0.norm2.weight - torch.Size([128]): 
PretrainedInit: load from weights/densenet121_4xb256_in1k_20220426-07450f99.pth 

backbone.stages.2.block.0.norm2.bias - torch.Size([128]): 
PretrainedInit: load from weights/densenet121_4xb256_in1k_20220426-07450f99.pth 

backbone.stages.2.block.0.conv2.weight - torch.Size([32, 128, 3, 3]): 
PretrainedInit: load from weights/densenet121_4xb256_in1k_20220426-07450f99.pth 

backbone.stages.2.block.1.norm1.weight - torch.Size([288]): 
PretrainedInit: load from weights/densenet121_4xb256_in1k_20220426-07450f99.pth 

backbone.stages.2.block.1.norm1.bias - torch.Size([288]): 
PretrainedInit: load from weights/densenet121_4xb256_in1k_20220426-07450f99.pth 

backbone.stages.2.block.1.conv1.weight - torch.Size([128, 288, 1, 1]): 
PretrainedInit: load from weights/densenet121_4xb256_in1k_20220426-07450f99.pth 

backbone.stages.2.block.1.norm2.weight - torch.Size([128]): 
PretrainedInit: load from weights/densenet121_4xb256_in1k_20220426-07450f99.pth 

backbone.stages.2.block.1.norm2.bias - torch.Size([128]): 
PretrainedInit: load from weights/densenet121_4xb256_in1k_20220426-07450f99.pth 

backbone.stages.2.block.1.conv2.weight - torch.Size([32, 128, 3, 3]): 
PretrainedInit: load from weights/densenet121_4xb256_in1k_20220426-07450f99.pth 

backbone.stages.2.block.2.norm1.weight - torch.Size([320]): 
PretrainedInit: load from weights/densenet121_4xb256_in1k_20220426-07450f99.pth 

backbone.stages.2.block.2.norm1.bias - torch.Size([320]): 
PretrainedInit: load from weights/densenet121_4xb256_in1k_20220426-07450f99.pth 

backbone.stages.2.block.2.conv1.weight - torch.Size([128, 320, 1, 1]): 
PretrainedInit: load from weights/densenet121_4xb256_in1k_20220426-07450f99.pth 

backbone.stages.2.block.2.norm2.weight - torch.Size([128]): 
PretrainedInit: load from weights/densenet121_4xb256_in1k_20220426-07450f99.pth 

backbone.stages.2.block.2.norm2.bias - torch.Size([128]): 
PretrainedInit: load from weights/densenet121_4xb256_in1k_20220426-07450f99.pth 

backbone.stages.2.block.2.conv2.weight - torch.Size([32, 128, 3, 3]): 
PretrainedInit: load from weights/densenet121_4xb256_in1k_20220426-07450f99.pth 

backbone.stages.2.block.3.norm1.weight - torch.Size([352]): 
PretrainedInit: load from weights/densenet121_4xb256_in1k_20220426-07450f99.pth 

backbone.stages.2.block.3.norm1.bias - torch.Size([352]): 
PretrainedInit: load from weights/densenet121_4xb256_in1k_20220426-07450f99.pth 

backbone.stages.2.block.3.conv1.weight - torch.Size([128, 352, 1, 1]): 
PretrainedInit: load from weights/densenet121_4xb256_in1k_20220426-07450f99.pth 

backbone.stages.2.block.3.norm2.weight - torch.Size([128]): 
PretrainedInit: load from weights/densenet121_4xb256_in1k_20220426-07450f99.pth 

backbone.stages.2.block.3.norm2.bias - torch.Size([128]): 
PretrainedInit: load from weights/densenet121_4xb256_in1k_20220426-07450f99.pth 

backbone.stages.2.block.3.conv2.weight - torch.Size([32, 128, 3, 3]): 
PretrainedInit: load from weights/densenet121_4xb256_in1k_20220426-07450f99.pth 

backbone.stages.2.block.4.norm1.weight - torch.Size([384]): 
PretrainedInit: load from weights/densenet121_4xb256_in1k_20220426-07450f99.pth 

backbone.stages.2.block.4.norm1.bias - torch.Size([384]): 
PretrainedInit: load from weights/densenet121_4xb256_in1k_20220426-07450f99.pth 

backbone.stages.2.block.4.conv1.weight - torch.Size([128, 384, 1, 1]): 
PretrainedInit: load from weights/densenet121_4xb256_in1k_20220426-07450f99.pth 

backbone.stages.2.block.4.norm2.weight - torch.Size([128]): 
PretrainedInit: load from weights/densenet121_4xb256_in1k_20220426-07450f99.pth 

backbone.stages.2.block.4.norm2.bias - torch.Size([128]): 
PretrainedInit: load from weights/densenet121_4xb256_in1k_20220426-07450f99.pth 

backbone.stages.2.block.4.conv2.weight - torch.Size([32, 128, 3, 3]): 
PretrainedInit: load from weights/densenet121_4xb256_in1k_20220426-07450f99.pth 

backbone.stages.2.block.5.norm1.weight - torch.Size([416]): 
PretrainedInit: load from weights/densenet121_4xb256_in1k_20220426-07450f99.pth 

backbone.stages.2.block.5.norm1.bias - torch.Size([416]): 
PretrainedInit: load from weights/densenet121_4xb256_in1k_20220426-07450f99.pth 

backbone.stages.2.block.5.conv1.weight - torch.Size([128, 416, 1, 1]): 
PretrainedInit: load from weights/densenet121_4xb256_in1k_20220426-07450f99.pth 

backbone.stages.2.block.5.norm2.weight - torch.Size([128]): 
PretrainedInit: load from weights/densenet121_4xb256_in1k_20220426-07450f99.pth 

backbone.stages.2.block.5.norm2.bias - torch.Size([128]): 
PretrainedInit: load from weights/densenet121_4xb256_in1k_20220426-07450f99.pth 

backbone.stages.2.block.5.conv2.weight - torch.Size([32, 128, 3, 3]): 
PretrainedInit: load from weights/densenet121_4xb256_in1k_20220426-07450f99.pth 

backbone.stages.2.block.6.norm1.weight - torch.Size([448]): 
PretrainedInit: load from weights/densenet121_4xb256_in1k_20220426-07450f99.pth 

backbone.stages.2.block.6.norm1.bias - torch.Size([448]): 
PretrainedInit: load from weights/densenet121_4xb256_in1k_20220426-07450f99.pth 

backbone.stages.2.block.6.conv1.weight - torch.Size([128, 448, 1, 1]): 
PretrainedInit: load from weights/densenet121_4xb256_in1k_20220426-07450f99.pth 

backbone.stages.2.block.6.norm2.weight - torch.Size([128]): 
PretrainedInit: load from weights/densenet121_4xb256_in1k_20220426-07450f99.pth 

backbone.stages.2.block.6.norm2.bias - torch.Size([128]): 
PretrainedInit: load from weights/densenet121_4xb256_in1k_20220426-07450f99.pth 

backbone.stages.2.block.6.conv2.weight - torch.Size([32, 128, 3, 3]): 
PretrainedInit: load from weights/densenet121_4xb256_in1k_20220426-07450f99.pth 

backbone.stages.2.block.7.norm1.weight - torch.Size([480]): 
PretrainedInit: load from weights/densenet121_4xb256_in1k_20220426-07450f99.pth 

backbone.stages.2.block.7.norm1.bias - torch.Size([480]): 
PretrainedInit: load from weights/densenet121_4xb256_in1k_20220426-07450f99.pth 

backbone.stages.2.block.7.conv1.weight - torch.Size([128, 480, 1, 1]): 
PretrainedInit: load from weights/densenet121_4xb256_in1k_20220426-07450f99.pth 

backbone.stages.2.block.7.norm2.weight - torch.Size([128]): 
PretrainedInit: load from weights/densenet121_4xb256_in1k_20220426-07450f99.pth 

backbone.stages.2.block.7.norm2.bias - torch.Size([128]): 
PretrainedInit: load from weights/densenet121_4xb256_in1k_20220426-07450f99.pth 

backbone.stages.2.block.7.conv2.weight - torch.Size([32, 128, 3, 3]): 
PretrainedInit: load from weights/densenet121_4xb256_in1k_20220426-07450f99.pth 

backbone.stages.2.block.8.norm1.weight - torch.Size([512]): 
PretrainedInit: load from weights/densenet121_4xb256_in1k_20220426-07450f99.pth 

backbone.stages.2.block.8.norm1.bias - torch.Size([512]): 
PretrainedInit: load from weights/densenet121_4xb256_in1k_20220426-07450f99.pth 

backbone.stages.2.block.8.conv1.weight - torch.Size([128, 512, 1, 1]): 
PretrainedInit: load from weights/densenet121_4xb256_in1k_20220426-07450f99.pth 

backbone.stages.2.block.8.norm2.weight - torch.Size([128]): 
PretrainedInit: load from weights/densenet121_4xb256_in1k_20220426-07450f99.pth 

backbone.stages.2.block.8.norm2.bias - torch.Size([128]): 
PretrainedInit: load from weights/densenet121_4xb256_in1k_20220426-07450f99.pth 

backbone.stages.2.block.8.conv2.weight - torch.Size([32, 128, 3, 3]): 
PretrainedInit: load from weights/densenet121_4xb256_in1k_20220426-07450f99.pth 

backbone.stages.2.block.9.norm1.weight - torch.Size([544]): 
PretrainedInit: load from weights/densenet121_4xb256_in1k_20220426-07450f99.pth 

backbone.stages.2.block.9.norm1.bias - torch.Size([544]): 
PretrainedInit: load from weights/densenet121_4xb256_in1k_20220426-07450f99.pth 

backbone.stages.2.block.9.conv1.weight - torch.Size([128, 544, 1, 1]): 
PretrainedInit: load from weights/densenet121_4xb256_in1k_20220426-07450f99.pth 

backbone.stages.2.block.9.norm2.weight - torch.Size([128]): 
PretrainedInit: load from weights/densenet121_4xb256_in1k_20220426-07450f99.pth 

backbone.stages.2.block.9.norm2.bias - torch.Size([128]): 
PretrainedInit: load from weights/densenet121_4xb256_in1k_20220426-07450f99.pth 

backbone.stages.2.block.9.conv2.weight - torch.Size([32, 128, 3, 3]): 
PretrainedInit: load from weights/densenet121_4xb256_in1k_20220426-07450f99.pth 

backbone.stages.2.block.10.norm1.weight - torch.Size([576]): 
PretrainedInit: load from weights/densenet121_4xb256_in1k_20220426-07450f99.pth 

backbone.stages.2.block.10.norm1.bias - torch.Size([576]): 
PretrainedInit: load from weights/densenet121_4xb256_in1k_20220426-07450f99.pth 

backbone.stages.2.block.10.conv1.weight - torch.Size([128, 576, 1, 1]): 
PretrainedInit: load from weights/densenet121_4xb256_in1k_20220426-07450f99.pth 

backbone.stages.2.block.10.norm2.weight - torch.Size([128]): 
PretrainedInit: load from weights/densenet121_4xb256_in1k_20220426-07450f99.pth 

backbone.stages.2.block.10.norm2.bias - torch.Size([128]): 
PretrainedInit: load from weights/densenet121_4xb256_in1k_20220426-07450f99.pth 

backbone.stages.2.block.10.conv2.weight - torch.Size([32, 128, 3, 3]): 
PretrainedInit: load from weights/densenet121_4xb256_in1k_20220426-07450f99.pth 

backbone.stages.2.block.11.norm1.weight - torch.Size([608]): 
PretrainedInit: load from weights/densenet121_4xb256_in1k_20220426-07450f99.pth 

backbone.stages.2.block.11.norm1.bias - torch.Size([608]): 
PretrainedInit: load from weights/densenet121_4xb256_in1k_20220426-07450f99.pth 

backbone.stages.2.block.11.conv1.weight - torch.Size([128, 608, 1, 1]): 
PretrainedInit: load from weights/densenet121_4xb256_in1k_20220426-07450f99.pth 

backbone.stages.2.block.11.norm2.weight - torch.Size([128]): 
PretrainedInit: load from weights/densenet121_4xb256_in1k_20220426-07450f99.pth 

backbone.stages.2.block.11.norm2.bias - torch.Size([128]): 
PretrainedInit: load from weights/densenet121_4xb256_in1k_20220426-07450f99.pth 

backbone.stages.2.block.11.conv2.weight - torch.Size([32, 128, 3, 3]): 
PretrainedInit: load from weights/densenet121_4xb256_in1k_20220426-07450f99.pth 

backbone.stages.2.block.12.norm1.weight - torch.Size([640]): 
PretrainedInit: load from weights/densenet121_4xb256_in1k_20220426-07450f99.pth 

backbone.stages.2.block.12.norm1.bias - torch.Size([640]): 
PretrainedInit: load from weights/densenet121_4xb256_in1k_20220426-07450f99.pth 

backbone.stages.2.block.12.conv1.weight - torch.Size([128, 640, 1, 1]): 
PretrainedInit: load from weights/densenet121_4xb256_in1k_20220426-07450f99.pth 

backbone.stages.2.block.12.norm2.weight - torch.Size([128]): 
PretrainedInit: load from weights/densenet121_4xb256_in1k_20220426-07450f99.pth 

backbone.stages.2.block.12.norm2.bias - torch.Size([128]): 
PretrainedInit: load from weights/densenet121_4xb256_in1k_20220426-07450f99.pth 

backbone.stages.2.block.12.conv2.weight - torch.Size([32, 128, 3, 3]): 
PretrainedInit: load from weights/densenet121_4xb256_in1k_20220426-07450f99.pth 

backbone.stages.2.block.13.norm1.weight - torch.Size([672]): 
PretrainedInit: load from weights/densenet121_4xb256_in1k_20220426-07450f99.pth 

backbone.stages.2.block.13.norm1.bias - torch.Size([672]): 
PretrainedInit: load from weights/densenet121_4xb256_in1k_20220426-07450f99.pth 

backbone.stages.2.block.13.conv1.weight - torch.Size([128, 672, 1, 1]): 
PretrainedInit: load from weights/densenet121_4xb256_in1k_20220426-07450f99.pth 

backbone.stages.2.block.13.norm2.weight - torch.Size([128]): 
PretrainedInit: load from weights/densenet121_4xb256_in1k_20220426-07450f99.pth 

backbone.stages.2.block.13.norm2.bias - torch.Size([128]): 
PretrainedInit: load from weights/densenet121_4xb256_in1k_20220426-07450f99.pth 

backbone.stages.2.block.13.conv2.weight - torch.Size([32, 128, 3, 3]): 
PretrainedInit: load from weights/densenet121_4xb256_in1k_20220426-07450f99.pth 

backbone.stages.2.block.14.norm1.weight - torch.Size([704]): 
PretrainedInit: load from weights/densenet121_4xb256_in1k_20220426-07450f99.pth 

backbone.stages.2.block.14.norm1.bias - torch.Size([704]): 
PretrainedInit: load from weights/densenet121_4xb256_in1k_20220426-07450f99.pth 

backbone.stages.2.block.14.conv1.weight - torch.Size([128, 704, 1, 1]): 
PretrainedInit: load from weights/densenet121_4xb256_in1k_20220426-07450f99.pth 

backbone.stages.2.block.14.norm2.weight - torch.Size([128]): 
PretrainedInit: load from weights/densenet121_4xb256_in1k_20220426-07450f99.pth 

backbone.stages.2.block.14.norm2.bias - torch.Size([128]): 
PretrainedInit: load from weights/densenet121_4xb256_in1k_20220426-07450f99.pth 

backbone.stages.2.block.14.conv2.weight - torch.Size([32, 128, 3, 3]): 
PretrainedInit: load from weights/densenet121_4xb256_in1k_20220426-07450f99.pth 

backbone.stages.2.block.15.norm1.weight - torch.Size([736]): 
PretrainedInit: load from weights/densenet121_4xb256_in1k_20220426-07450f99.pth 

backbone.stages.2.block.15.norm1.bias - torch.Size([736]): 
PretrainedInit: load from weights/densenet121_4xb256_in1k_20220426-07450f99.pth 

backbone.stages.2.block.15.conv1.weight - torch.Size([128, 736, 1, 1]): 
PretrainedInit: load from weights/densenet121_4xb256_in1k_20220426-07450f99.pth 

backbone.stages.2.block.15.norm2.weight - torch.Size([128]): 
PretrainedInit: load from weights/densenet121_4xb256_in1k_20220426-07450f99.pth 

backbone.stages.2.block.15.norm2.bias - torch.Size([128]): 
PretrainedInit: load from weights/densenet121_4xb256_in1k_20220426-07450f99.pth 

backbone.stages.2.block.15.conv2.weight - torch.Size([32, 128, 3, 3]): 
PretrainedInit: load from weights/densenet121_4xb256_in1k_20220426-07450f99.pth 

backbone.stages.2.block.16.norm1.weight - torch.Size([768]): 
PretrainedInit: load from weights/densenet121_4xb256_in1k_20220426-07450f99.pth 

backbone.stages.2.block.16.norm1.bias - torch.Size([768]): 
PretrainedInit: load from weights/densenet121_4xb256_in1k_20220426-07450f99.pth 

backbone.stages.2.block.16.conv1.weight - torch.Size([128, 768, 1, 1]): 
PretrainedInit: load from weights/densenet121_4xb256_in1k_20220426-07450f99.pth 

backbone.stages.2.block.16.norm2.weight - torch.Size([128]): 
PretrainedInit: load from weights/densenet121_4xb256_in1k_20220426-07450f99.pth 

backbone.stages.2.block.16.norm2.bias - torch.Size([128]): 
PretrainedInit: load from weights/densenet121_4xb256_in1k_20220426-07450f99.pth 

backbone.stages.2.block.16.conv2.weight - torch.Size([32, 128, 3, 3]): 
PretrainedInit: load from weights/densenet121_4xb256_in1k_20220426-07450f99.pth 

backbone.stages.2.block.17.norm1.weight - torch.Size([800]): 
PretrainedInit: load from weights/densenet121_4xb256_in1k_20220426-07450f99.pth 

backbone.stages.2.block.17.norm1.bias - torch.Size([800]): 
PretrainedInit: load from weights/densenet121_4xb256_in1k_20220426-07450f99.pth 

backbone.stages.2.block.17.conv1.weight - torch.Size([128, 800, 1, 1]): 
PretrainedInit: load from weights/densenet121_4xb256_in1k_20220426-07450f99.pth 

backbone.stages.2.block.17.norm2.weight - torch.Size([128]): 
PretrainedInit: load from weights/densenet121_4xb256_in1k_20220426-07450f99.pth 

backbone.stages.2.block.17.norm2.bias - torch.Size([128]): 
PretrainedInit: load from weights/densenet121_4xb256_in1k_20220426-07450f99.pth 

backbone.stages.2.block.17.conv2.weight - torch.Size([32, 128, 3, 3]): 
PretrainedInit: load from weights/densenet121_4xb256_in1k_20220426-07450f99.pth 

backbone.stages.2.block.18.norm1.weight - torch.Size([832]): 
PretrainedInit: load from weights/densenet121_4xb256_in1k_20220426-07450f99.pth 

backbone.stages.2.block.18.norm1.bias - torch.Size([832]): 
PretrainedInit: load from weights/densenet121_4xb256_in1k_20220426-07450f99.pth 

backbone.stages.2.block.18.conv1.weight - torch.Size([128, 832, 1, 1]): 
PretrainedInit: load from weights/densenet121_4xb256_in1k_20220426-07450f99.pth 

backbone.stages.2.block.18.norm2.weight - torch.Size([128]): 
PretrainedInit: load from weights/densenet121_4xb256_in1k_20220426-07450f99.pth 

backbone.stages.2.block.18.norm2.bias - torch.Size([128]): 
PretrainedInit: load from weights/densenet121_4xb256_in1k_20220426-07450f99.pth 

backbone.stages.2.block.18.conv2.weight - torch.Size([32, 128, 3, 3]): 
PretrainedInit: load from weights/densenet121_4xb256_in1k_20220426-07450f99.pth 

backbone.stages.2.block.19.norm1.weight - torch.Size([864]): 
PretrainedInit: load from weights/densenet121_4xb256_in1k_20220426-07450f99.pth 

backbone.stages.2.block.19.norm1.bias - torch.Size([864]): 
PretrainedInit: load from weights/densenet121_4xb256_in1k_20220426-07450f99.pth 

backbone.stages.2.block.19.conv1.weight - torch.Size([128, 864, 1, 1]): 
PretrainedInit: load from weights/densenet121_4xb256_in1k_20220426-07450f99.pth 

backbone.stages.2.block.19.norm2.weight - torch.Size([128]): 
PretrainedInit: load from weights/densenet121_4xb256_in1k_20220426-07450f99.pth 

backbone.stages.2.block.19.norm2.bias - torch.Size([128]): 
PretrainedInit: load from weights/densenet121_4xb256_in1k_20220426-07450f99.pth 

backbone.stages.2.block.19.conv2.weight - torch.Size([32, 128, 3, 3]): 
PretrainedInit: load from weights/densenet121_4xb256_in1k_20220426-07450f99.pth 

backbone.stages.2.block.20.norm1.weight - torch.Size([896]): 
PretrainedInit: load from weights/densenet121_4xb256_in1k_20220426-07450f99.pth 

backbone.stages.2.block.20.norm1.bias - torch.Size([896]): 
PretrainedInit: load from weights/densenet121_4xb256_in1k_20220426-07450f99.pth 

backbone.stages.2.block.20.conv1.weight - torch.Size([128, 896, 1, 1]): 
PretrainedInit: load from weights/densenet121_4xb256_in1k_20220426-07450f99.pth 

backbone.stages.2.block.20.norm2.weight - torch.Size([128]): 
PretrainedInit: load from weights/densenet121_4xb256_in1k_20220426-07450f99.pth 

backbone.stages.2.block.20.norm2.bias - torch.Size([128]): 
PretrainedInit: load from weights/densenet121_4xb256_in1k_20220426-07450f99.pth 

backbone.stages.2.block.20.conv2.weight - torch.Size([32, 128, 3, 3]): 
PretrainedInit: load from weights/densenet121_4xb256_in1k_20220426-07450f99.pth 

backbone.stages.2.block.21.norm1.weight - torch.Size([928]): 
PretrainedInit: load from weights/densenet121_4xb256_in1k_20220426-07450f99.pth 

backbone.stages.2.block.21.norm1.bias - torch.Size([928]): 
PretrainedInit: load from weights/densenet121_4xb256_in1k_20220426-07450f99.pth 

backbone.stages.2.block.21.conv1.weight - torch.Size([128, 928, 1, 1]): 
PretrainedInit: load from weights/densenet121_4xb256_in1k_20220426-07450f99.pth 

backbone.stages.2.block.21.norm2.weight - torch.Size([128]): 
PretrainedInit: load from weights/densenet121_4xb256_in1k_20220426-07450f99.pth 

backbone.stages.2.block.21.norm2.bias - torch.Size([128]): 
PretrainedInit: load from weights/densenet121_4xb256_in1k_20220426-07450f99.pth 

backbone.stages.2.block.21.conv2.weight - torch.Size([32, 128, 3, 3]): 
PretrainedInit: load from weights/densenet121_4xb256_in1k_20220426-07450f99.pth 

backbone.stages.2.block.22.norm1.weight - torch.Size([960]): 
PretrainedInit: load from weights/densenet121_4xb256_in1k_20220426-07450f99.pth 

backbone.stages.2.block.22.norm1.bias - torch.Size([960]): 
PretrainedInit: load from weights/densenet121_4xb256_in1k_20220426-07450f99.pth 

backbone.stages.2.block.22.conv1.weight - torch.Size([128, 960, 1, 1]): 
PretrainedInit: load from weights/densenet121_4xb256_in1k_20220426-07450f99.pth 

backbone.stages.2.block.22.norm2.weight - torch.Size([128]): 
PretrainedInit: load from weights/densenet121_4xb256_in1k_20220426-07450f99.pth 

backbone.stages.2.block.22.norm2.bias - torch.Size([128]): 
PretrainedInit: load from weights/densenet121_4xb256_in1k_20220426-07450f99.pth 

backbone.stages.2.block.22.conv2.weight - torch.Size([32, 128, 3, 3]): 
PretrainedInit: load from weights/densenet121_4xb256_in1k_20220426-07450f99.pth 

backbone.stages.2.block.23.norm1.weight - torch.Size([992]): 
PretrainedInit: load from weights/densenet121_4xb256_in1k_20220426-07450f99.pth 

backbone.stages.2.block.23.norm1.bias - torch.Size([992]): 
PretrainedInit: load from weights/densenet121_4xb256_in1k_20220426-07450f99.pth 

backbone.stages.2.block.23.conv1.weight - torch.Size([128, 992, 1, 1]): 
PretrainedInit: load from weights/densenet121_4xb256_in1k_20220426-07450f99.pth 

backbone.stages.2.block.23.norm2.weight - torch.Size([128]): 
PretrainedInit: load from weights/densenet121_4xb256_in1k_20220426-07450f99.pth 

backbone.stages.2.block.23.norm2.bias - torch.Size([128]): 
PretrainedInit: load from weights/densenet121_4xb256_in1k_20220426-07450f99.pth 

backbone.stages.2.block.23.conv2.weight - torch.Size([32, 128, 3, 3]): 
PretrainedInit: load from weights/densenet121_4xb256_in1k_20220426-07450f99.pth 

backbone.stages.3.block.0.norm1.weight - torch.Size([512]): 
PretrainedInit: load from weights/densenet121_4xb256_in1k_20220426-07450f99.pth 

backbone.stages.3.block.0.norm1.bias - torch.Size([512]): 
PretrainedInit: load from weights/densenet121_4xb256_in1k_20220426-07450f99.pth 

backbone.stages.3.block.0.conv1.weight - torch.Size([128, 512, 1, 1]): 
PretrainedInit: load from weights/densenet121_4xb256_in1k_20220426-07450f99.pth 

backbone.stages.3.block.0.norm2.weight - torch.Size([128]): 
PretrainedInit: load from weights/densenet121_4xb256_in1k_20220426-07450f99.pth 

backbone.stages.3.block.0.norm2.bias - torch.Size([128]): 
PretrainedInit: load from weights/densenet121_4xb256_in1k_20220426-07450f99.pth 

backbone.stages.3.block.0.conv2.weight - torch.Size([32, 128, 3, 3]): 
PretrainedInit: load from weights/densenet121_4xb256_in1k_20220426-07450f99.pth 

backbone.stages.3.block.1.norm1.weight - torch.Size([544]): 
PretrainedInit: load from weights/densenet121_4xb256_in1k_20220426-07450f99.pth 

backbone.stages.3.block.1.norm1.bias - torch.Size([544]): 
PretrainedInit: load from weights/densenet121_4xb256_in1k_20220426-07450f99.pth 

backbone.stages.3.block.1.conv1.weight - torch.Size([128, 544, 1, 1]): 
PretrainedInit: load from weights/densenet121_4xb256_in1k_20220426-07450f99.pth 

backbone.stages.3.block.1.norm2.weight - torch.Size([128]): 
PretrainedInit: load from weights/densenet121_4xb256_in1k_20220426-07450f99.pth 

backbone.stages.3.block.1.norm2.bias - torch.Size([128]): 
PretrainedInit: load from weights/densenet121_4xb256_in1k_20220426-07450f99.pth 

backbone.stages.3.block.1.conv2.weight - torch.Size([32, 128, 3, 3]): 
PretrainedInit: load from weights/densenet121_4xb256_in1k_20220426-07450f99.pth 

backbone.stages.3.block.2.norm1.weight - torch.Size([576]): 
PretrainedInit: load from weights/densenet121_4xb256_in1k_20220426-07450f99.pth 

backbone.stages.3.block.2.norm1.bias - torch.Size([576]): 
PretrainedInit: load from weights/densenet121_4xb256_in1k_20220426-07450f99.pth 

backbone.stages.3.block.2.conv1.weight - torch.Size([128, 576, 1, 1]): 
PretrainedInit: load from weights/densenet121_4xb256_in1k_20220426-07450f99.pth 

backbone.stages.3.block.2.norm2.weight - torch.Size([128]): 
PretrainedInit: load from weights/densenet121_4xb256_in1k_20220426-07450f99.pth 

backbone.stages.3.block.2.norm2.bias - torch.Size([128]): 
PretrainedInit: load from weights/densenet121_4xb256_in1k_20220426-07450f99.pth 

backbone.stages.3.block.2.conv2.weight - torch.Size([32, 128, 3, 3]): 
PretrainedInit: load from weights/densenet121_4xb256_in1k_20220426-07450f99.pth 

backbone.stages.3.block.3.norm1.weight - torch.Size([608]): 
PretrainedInit: load from weights/densenet121_4xb256_in1k_20220426-07450f99.pth 

backbone.stages.3.block.3.norm1.bias - torch.Size([608]): 
PretrainedInit: load from weights/densenet121_4xb256_in1k_20220426-07450f99.pth 

backbone.stages.3.block.3.conv1.weight - torch.Size([128, 608, 1, 1]): 
PretrainedInit: load from weights/densenet121_4xb256_in1k_20220426-07450f99.pth 

backbone.stages.3.block.3.norm2.weight - torch.Size([128]): 
PretrainedInit: load from weights/densenet121_4xb256_in1k_20220426-07450f99.pth 

backbone.stages.3.block.3.norm2.bias - torch.Size([128]): 
PretrainedInit: load from weights/densenet121_4xb256_in1k_20220426-07450f99.pth 

backbone.stages.3.block.3.conv2.weight - torch.Size([32, 128, 3, 3]): 
PretrainedInit: load from weights/densenet121_4xb256_in1k_20220426-07450f99.pth 

backbone.stages.3.block.4.norm1.weight - torch.Size([640]): 
PretrainedInit: load from weights/densenet121_4xb256_in1k_20220426-07450f99.pth 

backbone.stages.3.block.4.norm1.bias - torch.Size([640]): 
PretrainedInit: load from weights/densenet121_4xb256_in1k_20220426-07450f99.pth 

backbone.stages.3.block.4.conv1.weight - torch.Size([128, 640, 1, 1]): 
PretrainedInit: load from weights/densenet121_4xb256_in1k_20220426-07450f99.pth 

backbone.stages.3.block.4.norm2.weight - torch.Size([128]): 
PretrainedInit: load from weights/densenet121_4xb256_in1k_20220426-07450f99.pth 

backbone.stages.3.block.4.norm2.bias - torch.Size([128]): 
PretrainedInit: load from weights/densenet121_4xb256_in1k_20220426-07450f99.pth 

backbone.stages.3.block.4.conv2.weight - torch.Size([32, 128, 3, 3]): 
PretrainedInit: load from weights/densenet121_4xb256_in1k_20220426-07450f99.pth 

backbone.stages.3.block.5.norm1.weight - torch.Size([672]): 
PretrainedInit: load from weights/densenet121_4xb256_in1k_20220426-07450f99.pth 

backbone.stages.3.block.5.norm1.bias - torch.Size([672]): 
PretrainedInit: load from weights/densenet121_4xb256_in1k_20220426-07450f99.pth 

backbone.stages.3.block.5.conv1.weight - torch.Size([128, 672, 1, 1]): 
PretrainedInit: load from weights/densenet121_4xb256_in1k_20220426-07450f99.pth 

backbone.stages.3.block.5.norm2.weight - torch.Size([128]): 
PretrainedInit: load from weights/densenet121_4xb256_in1k_20220426-07450f99.pth 

backbone.stages.3.block.5.norm2.bias - torch.Size([128]): 
PretrainedInit: load from weights/densenet121_4xb256_in1k_20220426-07450f99.pth 

backbone.stages.3.block.5.conv2.weight - torch.Size([32, 128, 3, 3]): 
PretrainedInit: load from weights/densenet121_4xb256_in1k_20220426-07450f99.pth 

backbone.stages.3.block.6.norm1.weight - torch.Size([704]): 
PretrainedInit: load from weights/densenet121_4xb256_in1k_20220426-07450f99.pth 

backbone.stages.3.block.6.norm1.bias - torch.Size([704]): 
PretrainedInit: load from weights/densenet121_4xb256_in1k_20220426-07450f99.pth 

backbone.stages.3.block.6.conv1.weight - torch.Size([128, 704, 1, 1]): 
PretrainedInit: load from weights/densenet121_4xb256_in1k_20220426-07450f99.pth 

backbone.stages.3.block.6.norm2.weight - torch.Size([128]): 
PretrainedInit: load from weights/densenet121_4xb256_in1k_20220426-07450f99.pth 

backbone.stages.3.block.6.norm2.bias - torch.Size([128]): 
PretrainedInit: load from weights/densenet121_4xb256_in1k_20220426-07450f99.pth 

backbone.stages.3.block.6.conv2.weight - torch.Size([32, 128, 3, 3]): 
PretrainedInit: load from weights/densenet121_4xb256_in1k_20220426-07450f99.pth 

backbone.stages.3.block.7.norm1.weight - torch.Size([736]): 
PretrainedInit: load from weights/densenet121_4xb256_in1k_20220426-07450f99.pth 

backbone.stages.3.block.7.norm1.bias - torch.Size([736]): 
PretrainedInit: load from weights/densenet121_4xb256_in1k_20220426-07450f99.pth 

backbone.stages.3.block.7.conv1.weight - torch.Size([128, 736, 1, 1]): 
PretrainedInit: load from weights/densenet121_4xb256_in1k_20220426-07450f99.pth 

backbone.stages.3.block.7.norm2.weight - torch.Size([128]): 
PretrainedInit: load from weights/densenet121_4xb256_in1k_20220426-07450f99.pth 

backbone.stages.3.block.7.norm2.bias - torch.Size([128]): 
PretrainedInit: load from weights/densenet121_4xb256_in1k_20220426-07450f99.pth 

backbone.stages.3.block.7.conv2.weight - torch.Size([32, 128, 3, 3]): 
PretrainedInit: load from weights/densenet121_4xb256_in1k_20220426-07450f99.pth 

backbone.stages.3.block.8.norm1.weight - torch.Size([768]): 
PretrainedInit: load from weights/densenet121_4xb256_in1k_20220426-07450f99.pth 

backbone.stages.3.block.8.norm1.bias - torch.Size([768]): 
PretrainedInit: load from weights/densenet121_4xb256_in1k_20220426-07450f99.pth 

backbone.stages.3.block.8.conv1.weight - torch.Size([128, 768, 1, 1]): 
PretrainedInit: load from weights/densenet121_4xb256_in1k_20220426-07450f99.pth 

backbone.stages.3.block.8.norm2.weight - torch.Size([128]): 
PretrainedInit: load from weights/densenet121_4xb256_in1k_20220426-07450f99.pth 

backbone.stages.3.block.8.norm2.bias - torch.Size([128]): 
PretrainedInit: load from weights/densenet121_4xb256_in1k_20220426-07450f99.pth 

backbone.stages.3.block.8.conv2.weight - torch.Size([32, 128, 3, 3]): 
PretrainedInit: load from weights/densenet121_4xb256_in1k_20220426-07450f99.pth 

backbone.stages.3.block.9.norm1.weight - torch.Size([800]): 
PretrainedInit: load from weights/densenet121_4xb256_in1k_20220426-07450f99.pth 

backbone.stages.3.block.9.norm1.bias - torch.Size([800]): 
PretrainedInit: load from weights/densenet121_4xb256_in1k_20220426-07450f99.pth 

backbone.stages.3.block.9.conv1.weight - torch.Size([128, 800, 1, 1]): 
PretrainedInit: load from weights/densenet121_4xb256_in1k_20220426-07450f99.pth 

backbone.stages.3.block.9.norm2.weight - torch.Size([128]): 
PretrainedInit: load from weights/densenet121_4xb256_in1k_20220426-07450f99.pth 

backbone.stages.3.block.9.norm2.bias - torch.Size([128]): 
PretrainedInit: load from weights/densenet121_4xb256_in1k_20220426-07450f99.pth 

backbone.stages.3.block.9.conv2.weight - torch.Size([32, 128, 3, 3]): 
PretrainedInit: load from weights/densenet121_4xb256_in1k_20220426-07450f99.pth 

backbone.stages.3.block.10.norm1.weight - torch.Size([832]): 
PretrainedInit: load from weights/densenet121_4xb256_in1k_20220426-07450f99.pth 

backbone.stages.3.block.10.norm1.bias - torch.Size([832]): 
PretrainedInit: load from weights/densenet121_4xb256_in1k_20220426-07450f99.pth 

backbone.stages.3.block.10.conv1.weight - torch.Size([128, 832, 1, 1]): 
PretrainedInit: load from weights/densenet121_4xb256_in1k_20220426-07450f99.pth 

backbone.stages.3.block.10.norm2.weight - torch.Size([128]): 
PretrainedInit: load from weights/densenet121_4xb256_in1k_20220426-07450f99.pth 

backbone.stages.3.block.10.norm2.bias - torch.Size([128]): 
PretrainedInit: load from weights/densenet121_4xb256_in1k_20220426-07450f99.pth 

backbone.stages.3.block.10.conv2.weight - torch.Size([32, 128, 3, 3]): 
PretrainedInit: load from weights/densenet121_4xb256_in1k_20220426-07450f99.pth 

backbone.stages.3.block.11.norm1.weight - torch.Size([864]): 
PretrainedInit: load from weights/densenet121_4xb256_in1k_20220426-07450f99.pth 

backbone.stages.3.block.11.norm1.bias - torch.Size([864]): 
PretrainedInit: load from weights/densenet121_4xb256_in1k_20220426-07450f99.pth 

backbone.stages.3.block.11.conv1.weight - torch.Size([128, 864, 1, 1]): 
PretrainedInit: load from weights/densenet121_4xb256_in1k_20220426-07450f99.pth 

backbone.stages.3.block.11.norm2.weight - torch.Size([128]): 
PretrainedInit: load from weights/densenet121_4xb256_in1k_20220426-07450f99.pth 

backbone.stages.3.block.11.norm2.bias - torch.Size([128]): 
PretrainedInit: load from weights/densenet121_4xb256_in1k_20220426-07450f99.pth 

backbone.stages.3.block.11.conv2.weight - torch.Size([32, 128, 3, 3]): 
PretrainedInit: load from weights/densenet121_4xb256_in1k_20220426-07450f99.pth 

backbone.stages.3.block.12.norm1.weight - torch.Size([896]): 
PretrainedInit: load from weights/densenet121_4xb256_in1k_20220426-07450f99.pth 

backbone.stages.3.block.12.norm1.bias - torch.Size([896]): 
PretrainedInit: load from weights/densenet121_4xb256_in1k_20220426-07450f99.pth 

backbone.stages.3.block.12.conv1.weight - torch.Size([128, 896, 1, 1]): 
PretrainedInit: load from weights/densenet121_4xb256_in1k_20220426-07450f99.pth 

backbone.stages.3.block.12.norm2.weight - torch.Size([128]): 
PretrainedInit: load from weights/densenet121_4xb256_in1k_20220426-07450f99.pth 

backbone.stages.3.block.12.norm2.bias - torch.Size([128]): 
PretrainedInit: load from weights/densenet121_4xb256_in1k_20220426-07450f99.pth 

backbone.stages.3.block.12.conv2.weight - torch.Size([32, 128, 3, 3]): 
PretrainedInit: load from weights/densenet121_4xb256_in1k_20220426-07450f99.pth 

backbone.stages.3.block.13.norm1.weight - torch.Size([928]): 
PretrainedInit: load from weights/densenet121_4xb256_in1k_20220426-07450f99.pth 

backbone.stages.3.block.13.norm1.bias - torch.Size([928]): 
PretrainedInit: load from weights/densenet121_4xb256_in1k_20220426-07450f99.pth 

backbone.stages.3.block.13.conv1.weight - torch.Size([128, 928, 1, 1]): 
PretrainedInit: load from weights/densenet121_4xb256_in1k_20220426-07450f99.pth 

backbone.stages.3.block.13.norm2.weight - torch.Size([128]): 
PretrainedInit: load from weights/densenet121_4xb256_in1k_20220426-07450f99.pth 

backbone.stages.3.block.13.norm2.bias - torch.Size([128]): 
PretrainedInit: load from weights/densenet121_4xb256_in1k_20220426-07450f99.pth 

backbone.stages.3.block.13.conv2.weight - torch.Size([32, 128, 3, 3]): 
PretrainedInit: load from weights/densenet121_4xb256_in1k_20220426-07450f99.pth 

backbone.stages.3.block.14.norm1.weight - torch.Size([960]): 
PretrainedInit: load from weights/densenet121_4xb256_in1k_20220426-07450f99.pth 

backbone.stages.3.block.14.norm1.bias - torch.Size([960]): 
PretrainedInit: load from weights/densenet121_4xb256_in1k_20220426-07450f99.pth 

backbone.stages.3.block.14.conv1.weight - torch.Size([128, 960, 1, 1]): 
PretrainedInit: load from weights/densenet121_4xb256_in1k_20220426-07450f99.pth 

backbone.stages.3.block.14.norm2.weight - torch.Size([128]): 
PretrainedInit: load from weights/densenet121_4xb256_in1k_20220426-07450f99.pth 

backbone.stages.3.block.14.norm2.bias - torch.Size([128]): 
PretrainedInit: load from weights/densenet121_4xb256_in1k_20220426-07450f99.pth 

backbone.stages.3.block.14.conv2.weight - torch.Size([32, 128, 3, 3]): 
PretrainedInit: load from weights/densenet121_4xb256_in1k_20220426-07450f99.pth 

backbone.stages.3.block.15.norm1.weight - torch.Size([992]): 
PretrainedInit: load from weights/densenet121_4xb256_in1k_20220426-07450f99.pth 

backbone.stages.3.block.15.norm1.bias - torch.Size([992]): 
PretrainedInit: load from weights/densenet121_4xb256_in1k_20220426-07450f99.pth 

backbone.stages.3.block.15.conv1.weight - torch.Size([128, 992, 1, 1]): 
PretrainedInit: load from weights/densenet121_4xb256_in1k_20220426-07450f99.pth 

backbone.stages.3.block.15.norm2.weight - torch.Size([128]): 
PretrainedInit: load from weights/densenet121_4xb256_in1k_20220426-07450f99.pth 

backbone.stages.3.block.15.norm2.bias - torch.Size([128]): 
PretrainedInit: load from weights/densenet121_4xb256_in1k_20220426-07450f99.pth 

backbone.stages.3.block.15.conv2.weight - torch.Size([32, 128, 3, 3]): 
PretrainedInit: load from weights/densenet121_4xb256_in1k_20220426-07450f99.pth 

backbone.transitions.0.norm.weight - torch.Size([256]): 
PretrainedInit: load from weights/densenet121_4xb256_in1k_20220426-07450f99.pth 

backbone.transitions.0.norm.bias - torch.Size([256]): 
PretrainedInit: load from weights/densenet121_4xb256_in1k_20220426-07450f99.pth 

backbone.transitions.0.conv.weight - torch.Size([128, 256, 1, 1]): 
PretrainedInit: load from weights/densenet121_4xb256_in1k_20220426-07450f99.pth 

backbone.transitions.1.norm.weight - torch.Size([512]): 
PretrainedInit: load from weights/densenet121_4xb256_in1k_20220426-07450f99.pth 

backbone.transitions.1.norm.bias - torch.Size([512]): 
PretrainedInit: load from weights/densenet121_4xb256_in1k_20220426-07450f99.pth 

backbone.transitions.1.conv.weight - torch.Size([256, 512, 1, 1]): 
PretrainedInit: load from weights/densenet121_4xb256_in1k_20220426-07450f99.pth 

backbone.transitions.2.norm.weight - torch.Size([1024]): 
PretrainedInit: load from weights/densenet121_4xb256_in1k_20220426-07450f99.pth 

backbone.transitions.2.norm.bias - torch.Size([1024]): 
PretrainedInit: load from weights/densenet121_4xb256_in1k_20220426-07450f99.pth 

backbone.transitions.2.conv.weight - torch.Size([512, 1024, 1, 1]): 
PretrainedInit: load from weights/densenet121_4xb256_in1k_20220426-07450f99.pth 

backbone.transitions.3.0.weight - torch.Size([1024]): 
PretrainedInit: load from weights/densenet121_4xb256_in1k_20220426-07450f99.pth 

backbone.transitions.3.0.bias - torch.Size([1024]): 
PretrainedInit: load from weights/densenet121_4xb256_in1k_20220426-07450f99.pth 

head.fc.weight - torch.Size([19, 1024]): 
NormalInit: mean=0, std=0.01, bias=0 

head.fc.bias - torch.Size([19]): 
NormalInit: mean=0, std=0.01, bias=0 
2024-10-31 10:51:11,689 - mmcls - INFO - load checkpoint from local path: work_dirs/downsteam/cls/mimic/pretrain/sync5/latest.pth
2024-10-31 10:51:11,878 - mmcls - WARNING - The model and loaded state dict do not match exactly

size mismatch for head.fc.weight: copying a param with shape torch.Size([14, 1024]) from checkpoint, the shape in current model is torch.Size([19, 1024]).
size mismatch for head.fc.bias: copying a param with shape torch.Size([14]) from checkpoint, the shape in current model is torch.Size([19]).
2024-10-31 10:51:11,885 - mmcls - INFO - Start running, host: jiyuanfeng.p@SH-IDC1-10-140-0-134, work_dir: /mnt/petrelfs/jiyuanfeng.p/project/radiffuser/work_dirs/downsteam/cls/medfmc/fewshot/syn5/1_shot_exp4
2024-10-31 10:51:11,887 - mmcls - INFO - Hooks will be executed in the following order:
before_run:
(VERY_HIGH   ) CosineAnnealingLrUpdaterHook       
(NORMAL      ) CheckpointHook                     
(LOW         ) EvalHook                           
(VERY_LOW    ) TextLoggerHook                     
 -------------------- 
before_train_epoch:
(VERY_HIGH   ) CosineAnnealingLrUpdaterHook       
(LOW         ) IterTimerHook                      
(LOW         ) EvalHook                           
(VERY_LOW    ) TextLoggerHook                     
 -------------------- 
before_train_iter:
(VERY_HIGH   ) CosineAnnealingLrUpdaterHook       
(LOW         ) IterTimerHook                      
(LOW         ) EvalHook                           
 -------------------- 
after_train_iter:
(ABOVE_NORMAL) OptimizerHook                      
(NORMAL      ) CheckpointHook                     
(LOW         ) IterTimerHook                      
(LOW         ) EvalHook                           
(VERY_LOW    ) TextLoggerHook                     
 -------------------- 
after_train_epoch:
(NORMAL      ) CheckpointHook                     
(LOW         ) EvalHook                           
(VERY_LOW    ) TextLoggerHook                     
 -------------------- 
before_val_epoch:
(LOW         ) IterTimerHook                      
(VERY_LOW    ) TextLoggerHook                     
 -------------------- 
before_val_iter:
(LOW         ) IterTimerHook                      
 -------------------- 
after_val_iter:
(LOW         ) IterTimerHook                      
 -------------------- 
after_val_epoch:
(VERY_LOW    ) TextLoggerHook                     
 -------------------- 
after_run:
(VERY_LOW    ) TextLoggerHook                     
 -------------------- 
2024-10-31 10:51:11,888 - mmcls - INFO - workflow: [('train', 1)], max: 20 epochs
2024-10-31 10:51:11,889 - mmcls - INFO - Checkpoints will be saved to /mnt/petrelfs/jiyuanfeng.p/project/radiffuser/work_dirs/downsteam/cls/medfmc/fewshot/syn5/1_shot_exp4 by HardDiskBackend.
2024-10-31 10:51:18,149 - mmcls - INFO - Epoch [1][5/5]	lr: 1.000e-03, eta: 0:01:58, time: 1.251, data_time: 0.464, memory: 859, loss: 10.8708
2024-10-31 10:51:18,155 - mmcls - INFO - Saving checkpoint at 1 epochs
2024-10-31 10:51:27,269 - mmcls - INFO - Now best checkpoint is saved as best_mAP_epoch_1.pth.
2024-10-31 10:51:27,270 - mmcls - INFO - Best mAP is 14.3357 at 1 epoch.
2024-10-31 10:51:27,271 - mmcls - INFO - Epoch(val) [1][240]	mAP: 14.3357
2024-10-31 10:51:29,634 - mmcls - INFO - Epoch [2][5/5]	lr: 9.938e-04, eta: 0:01:17, time: 0.471, data_time: 0.429, memory: 859, loss: 7.4072
2024-10-31 10:51:29,638 - mmcls - INFO - Saving checkpoint at 2 epochs
2024-10-31 10:51:38,173 - mmcls - INFO - The previous best checkpoint /mnt/petrelfs/jiyuanfeng.p/project/radiffuser/work_dirs/downsteam/cls/medfmc/fewshot/syn5/1_shot_exp4/best_mAP_epoch_1.pth was removed
2024-10-31 10:51:38,424 - mmcls - INFO - Now best checkpoint is saved as best_mAP_epoch_2.pth.
2024-10-31 10:51:38,425 - mmcls - INFO - Best mAP is 17.3089 at 2 epoch.
2024-10-31 10:51:38,426 - mmcls - INFO - Epoch(val) [2][240]	mAP: 17.3089
2024-10-31 10:51:40,794 - mmcls - INFO - Epoch [3][5/5]	lr: 9.755e-04, eta: 0:01:02, time: 0.473, data_time: 0.429, memory: 859, loss: 7.6906
2024-10-31 10:51:40,798 - mmcls - INFO - Saving checkpoint at 3 epochs
2024-10-31 10:51:49,341 - mmcls - INFO - The previous best checkpoint /mnt/petrelfs/jiyuanfeng.p/project/radiffuser/work_dirs/downsteam/cls/medfmc/fewshot/syn5/1_shot_exp4/best_mAP_epoch_2.pth was removed
2024-10-31 10:51:49,592 - mmcls - INFO - Now best checkpoint is saved as best_mAP_epoch_3.pth.
2024-10-31 10:51:49,594 - mmcls - INFO - Best mAP is 18.5483 at 3 epoch.
2024-10-31 10:51:49,595 - mmcls - INFO - Epoch(val) [3][240]	mAP: 18.5483
2024-10-31 10:51:51,959 - mmcls - INFO - Epoch [4][5/5]	lr: 9.455e-04, eta: 0:00:53, time: 0.472, data_time: 0.429, memory: 859, loss: 7.6348
2024-10-31 10:51:51,965 - mmcls - INFO - Saving checkpoint at 4 epochs
2024-10-31 10:52:00,451 - mmcls - INFO - Epoch(val) [4][240]	mAP: 18.4657
2024-10-31 10:52:02,824 - mmcls - INFO - Epoch [5][5/5]	lr: 9.045e-04, eta: 0:00:47, time: 0.473, data_time: 0.431, memory: 859, loss: 6.6909
2024-10-31 10:52:02,829 - mmcls - INFO - Saving checkpoint at 5 epochs
2024-10-31 10:52:11,430 - mmcls - INFO - The previous best checkpoint /mnt/petrelfs/jiyuanfeng.p/project/radiffuser/work_dirs/downsteam/cls/medfmc/fewshot/syn5/1_shot_exp4/best_mAP_epoch_3.pth was removed
2024-10-31 10:52:11,690 - mmcls - INFO - Now best checkpoint is saved as best_mAP_epoch_5.pth.
2024-10-31 10:52:11,691 - mmcls - INFO - Best mAP is 19.1205 at 5 epoch.
2024-10-31 10:52:11,692 - mmcls - INFO - Epoch(val) [5][240]	mAP: 19.1205
2024-10-31 10:52:14,080 - mmcls - INFO - Epoch [6][5/5]	lr: 8.536e-04, eta: 0:00:42, time: 0.477, data_time: 0.434, memory: 859, loss: 6.1515
2024-10-31 10:52:14,086 - mmcls - INFO - Saving checkpoint at 6 epochs
2024-10-31 10:52:22,685 - mmcls - INFO - Epoch(val) [6][240]	mAP: 18.1550
2024-10-31 10:52:25,077 - mmcls - INFO - Epoch [7][5/5]	lr: 7.939e-04, eta: 0:00:38, time: 0.477, data_time: 0.434, memory: 859, loss: 5.8367
2024-10-31 10:52:25,082 - mmcls - INFO - Saving checkpoint at 7 epochs
2024-10-31 10:52:33,583 - mmcls - INFO - Epoch(val) [7][240]	mAP: 19.1166
2024-10-31 10:52:35,946 - mmcls - INFO - Epoch [8][5/5]	lr: 7.270e-04, eta: 0:00:34, time: 0.471, data_time: 0.430, memory: 859, loss: 5.8784
2024-10-31 10:52:35,951 - mmcls - INFO - Saving checkpoint at 8 epochs
2024-10-31 10:52:44,404 - mmcls - INFO - The previous best checkpoint /mnt/petrelfs/jiyuanfeng.p/project/radiffuser/work_dirs/downsteam/cls/medfmc/fewshot/syn5/1_shot_exp4/best_mAP_epoch_5.pth was removed
2024-10-31 10:52:44,661 - mmcls - INFO - Now best checkpoint is saved as best_mAP_epoch_8.pth.
2024-10-31 10:52:44,662 - mmcls - INFO - Best mAP is 19.5660 at 8 epoch.
2024-10-31 10:52:44,663 - mmcls - INFO - Epoch(val) [8][240]	mAP: 19.5660
2024-10-31 10:52:47,035 - mmcls - INFO - Epoch [9][5/5]	lr: 6.545e-04, eta: 0:00:30, time: 0.473, data_time: 0.432, memory: 859, loss: 5.1490
2024-10-31 10:52:47,041 - mmcls - INFO - Saving checkpoint at 9 epochs
2024-10-31 10:52:55,454 - mmcls - INFO - The previous best checkpoint /mnt/petrelfs/jiyuanfeng.p/project/radiffuser/work_dirs/downsteam/cls/medfmc/fewshot/syn5/1_shot_exp4/best_mAP_epoch_8.pth was removed
2024-10-31 10:52:55,713 - mmcls - INFO - Now best checkpoint is saved as best_mAP_epoch_9.pth.
2024-10-31 10:52:55,714 - mmcls - INFO - Best mAP is 19.9267 at 9 epoch.
2024-10-31 10:52:55,715 - mmcls - INFO - Epoch(val) [9][240]	mAP: 19.9267
2024-10-31 10:52:58,067 - mmcls - INFO - Epoch [10][5/5]	lr: 5.782e-04, eta: 0:00:27, time: 0.469, data_time: 0.426, memory: 859, loss: 5.4784
2024-10-31 10:52:58,072 - mmcls - INFO - Saving checkpoint at 10 epochs
2024-10-31 10:53:06,480 - mmcls - INFO - Epoch(val) [10][240]	mAP: 19.7581
2024-10-31 10:53:08,825 - mmcls - INFO - Epoch [11][5/5]	lr: 5.000e-04, eta: 0:00:24, time: 0.468, data_time: 0.425, memory: 859, loss: 4.8382
2024-10-31 10:53:08,831 - mmcls - INFO - Saving checkpoint at 11 epochs
2024-10-31 10:53:17,339 - mmcls - INFO - Epoch(val) [11][240]	mAP: 19.7797
2024-10-31 10:53:19,690 - mmcls - INFO - Epoch [12][5/5]	lr: 4.218e-04, eta: 0:00:21, time: 0.469, data_time: 0.428, memory: 859, loss: 5.2296
2024-10-31 10:53:19,694 - mmcls - INFO - Saving checkpoint at 12 epochs
2024-10-31 10:53:28,111 - mmcls - INFO - The previous best checkpoint /mnt/petrelfs/jiyuanfeng.p/project/radiffuser/work_dirs/downsteam/cls/medfmc/fewshot/syn5/1_shot_exp4/best_mAP_epoch_9.pth was removed
2024-10-31 10:53:28,379 - mmcls - INFO - Now best checkpoint is saved as best_mAP_epoch_12.pth.
2024-10-31 10:53:28,380 - mmcls - INFO - Best mAP is 20.0593 at 12 epoch.
2024-10-31 10:53:28,381 - mmcls - INFO - Epoch(val) [12][240]	mAP: 20.0593
2024-10-31 10:53:30,761 - mmcls - INFO - Epoch [13][5/5]	lr: 3.455e-04, eta: 0:00:18, time: 0.475, data_time: 0.431, memory: 859, loss: 4.7538
2024-10-31 10:53:30,765 - mmcls - INFO - Saving checkpoint at 13 epochs
2024-10-31 10:53:39,145 - mmcls - INFO - The previous best checkpoint /mnt/petrelfs/jiyuanfeng.p/project/radiffuser/work_dirs/downsteam/cls/medfmc/fewshot/syn5/1_shot_exp4/best_mAP_epoch_12.pth was removed
2024-10-31 10:53:39,412 - mmcls - INFO - Now best checkpoint is saved as best_mAP_epoch_13.pth.
2024-10-31 10:53:39,414 - mmcls - INFO - Best mAP is 20.3661 at 13 epoch.
2024-10-31 10:53:39,415 - mmcls - INFO - Epoch(val) [13][240]	mAP: 20.3661
2024-10-31 10:53:41,777 - mmcls - INFO - Epoch [14][5/5]	lr: 2.730e-04, eta: 0:00:15, time: 0.471, data_time: 0.428, memory: 859, loss: 4.6328
2024-10-31 10:53:41,781 - mmcls - INFO - Saving checkpoint at 14 epochs
2024-10-31 10:53:50,151 - mmcls - INFO - The previous best checkpoint /mnt/petrelfs/jiyuanfeng.p/project/radiffuser/work_dirs/downsteam/cls/medfmc/fewshot/syn5/1_shot_exp4/best_mAP_epoch_13.pth was removed
2024-10-31 10:53:50,592 - mmcls - INFO - Now best checkpoint is saved as best_mAP_epoch_14.pth.
2024-10-31 10:53:50,593 - mmcls - INFO - Best mAP is 20.3898 at 14 epoch.
2024-10-31 10:53:50,594 - mmcls - INFO - Epoch(val) [14][240]	mAP: 20.3898
2024-10-31 10:53:52,956 - mmcls - INFO - Epoch [15][5/5]	lr: 2.061e-04, eta: 0:00:13, time: 0.471, data_time: 0.430, memory: 859, loss: 4.2279
2024-10-31 10:53:52,961 - mmcls - INFO - Saving checkpoint at 15 epochs
2024-10-31 10:54:01,337 - mmcls - INFO - The previous best checkpoint /mnt/petrelfs/jiyuanfeng.p/project/radiffuser/work_dirs/downsteam/cls/medfmc/fewshot/syn5/1_shot_exp4/best_mAP_epoch_14.pth was removed
2024-10-31 10:54:01,597 - mmcls - INFO - Now best checkpoint is saved as best_mAP_epoch_15.pth.
2024-10-31 10:54:01,599 - mmcls - INFO - Best mAP is 20.3957 at 15 epoch.
2024-10-31 10:54:01,600 - mmcls - INFO - Epoch(val) [15][240]	mAP: 20.3957
2024-10-31 10:54:03,954 - mmcls - INFO - Epoch [16][5/5]	lr: 1.464e-04, eta: 0:00:10, time: 0.470, data_time: 0.429, memory: 859, loss: 4.4305
2024-10-31 10:54:03,958 - mmcls - INFO - Saving checkpoint at 16 epochs
2024-10-31 10:54:12,360 - mmcls - INFO - Epoch(val) [16][240]	mAP: 20.2506
2024-10-31 10:54:14,715 - mmcls - INFO - Epoch [17][5/5]	lr: 9.549e-05, eta: 0:00:07, time: 0.470, data_time: 0.428, memory: 859, loss: 4.5242
2024-10-31 10:54:14,719 - mmcls - INFO - Saving checkpoint at 17 epochs
2024-10-31 10:54:23,137 - mmcls - INFO - Epoch(val) [17][240]	mAP: 20.2791
2024-10-31 10:54:25,478 - mmcls - INFO - Epoch [18][5/5]	lr: 5.450e-05, eta: 0:00:05, time: 0.467, data_time: 0.424, memory: 859, loss: 4.5182
2024-10-31 10:54:25,482 - mmcls - INFO - Saving checkpoint at 18 epochs
2024-10-31 10:54:33,888 - mmcls - INFO - Epoch(val) [18][240]	mAP: 20.3643
2024-10-31 10:54:36,278 - mmcls - INFO - Epoch [19][5/5]	lr: 2.447e-05, eta: 0:00:02, time: 0.477, data_time: 0.431, memory: 859, loss: 4.7284
2024-10-31 10:54:36,283 - mmcls - INFO - Saving checkpoint at 19 epochs
2024-10-31 10:54:44,633 - mmcls - INFO - Epoch(val) [19][240]	mAP: 20.3656
2024-10-31 10:54:46,988 - mmcls - INFO - Epoch [20][5/5]	lr: 6.156e-06, eta: 0:00:00, time: 0.470, data_time: 0.425, memory: 859, loss: 4.7366
2024-10-31 10:54:46,993 - mmcls - INFO - Saving checkpoint at 20 epochs
2024-10-31 10:54:55,398 - mmcls - INFO - The previous best checkpoint /mnt/petrelfs/jiyuanfeng.p/project/radiffuser/work_dirs/downsteam/cls/medfmc/fewshot/syn5/1_shot_exp4/best_mAP_epoch_15.pth was removed
2024-10-31 10:54:55,665 - mmcls - INFO - Now best checkpoint is saved as best_mAP_epoch_20.pth.
2024-10-31 10:54:55,667 - mmcls - INFO - Best mAP is 20.4316 at 20 epoch.
2024-10-31 10:54:55,668 - mmcls - INFO - Epoch(val) [20][240]	mAP: 20.4316
