2024-10-31 09:19:14,505 - mmcls - INFO - Environment info:
------------------------------------------------------------
sys.platform: linux
Python: 3.9.18 (main, Sep 11 2023, 13:41:44) [GCC 11.2.0]
CUDA available: True
GPU 0: NVIDIA A100-SXM4-80GB
CUDA_HOME: /mnt/lustre/share/cuda-11.8
NVCC: Cuda compilation tools, release 11.8, V11.8.89
GCC: gcc (GCC) 7.3.0
PyTorch: 2.2.0+cu121
PyTorch compiling details: PyTorch built with:
  - GCC 9.3
  - C++ Version: 201703
  - Intel(R) oneAPI Math Kernel Library Version 2022.2-Product Build 20220804 for Intel(R) 64 architecture applications
  - Intel(R) MKL-DNN v3.3.2 (Git Hash 2dc95a2ad0841e29db8b22fbccaf3e5da7992b01)
  - OpenMP 201511 (a.k.a. OpenMP 4.5)
  - LAPACK is enabled (usually provided by MKL)
  - NNPACK is enabled
  - CPU capability usage: AVX512
  - CUDA Runtime 12.1
  - NVCC architecture flags: -gencode;arch=compute_50,code=sm_50;-gencode;arch=compute_60,code=sm_60;-gencode;arch=compute_70,code=sm_70;-gencode;arch=compute_75,code=sm_75;-gencode;arch=compute_80,code=sm_80;-gencode;arch=compute_86,code=sm_86;-gencode;arch=compute_90,code=sm_90
  - CuDNN 8.9.2
  - Magma 2.6.1
  - Build settings: BLAS_INFO=mkl, BUILD_TYPE=Release, CUDA_VERSION=12.1, CUDNN_VERSION=8.9.2, CXX_COMPILER=/opt/rh/devtoolset-9/root/usr/bin/c++, CXX_FLAGS= -D_GLIBCXX_USE_CXX11_ABI=0 -fabi-version=11 -fvisibility-inlines-hidden -DUSE_PTHREADPOOL -DNDEBUG -DUSE_KINETO -DLIBKINETO_NOROCTRACER -DUSE_FBGEMM -DUSE_QNNPACK -DUSE_PYTORCH_QNNPACK -DUSE_XNNPACK -DSYMBOLICATE_MOBILE_DEBUG_HANDLE -O2 -fPIC -Wall -Wextra -Werror=return-type -Werror=non-virtual-dtor -Werror=bool-operation -Wnarrowing -Wno-missing-field-initializers -Wno-type-limits -Wno-array-bounds -Wno-unknown-pragmas -Wno-unused-parameter -Wno-unused-function -Wno-unused-result -Wno-strict-overflow -Wno-strict-aliasing -Wno-stringop-overflow -Wsuggest-override -Wno-psabi -Wno-error=pedantic -Wno-error=old-style-cast -Wno-missing-braces -fdiagnostics-color=always -faligned-new -Wno-unused-but-set-variable -Wno-maybe-uninitialized -fno-math-errno -fno-trapping-math -Werror=format -Wno-stringop-overflow, LAPACK_INFO=mkl, PERF_WITH_AVX=1, PERF_WITH_AVX2=1, PERF_WITH_AVX512=1, TORCH_VERSION=2.2.0, USE_CUDA=ON, USE_CUDNN=ON, USE_EXCEPTION_PTR=1, USE_GFLAGS=OFF, USE_GLOG=OFF, USE_MKL=ON, USE_MKLDNN=ON, USE_MPI=OFF, USE_NCCL=1, USE_NNPACK=ON, USE_OPENMP=ON, USE_ROCM=OFF, USE_ROCM_KERNEL_ASSERT=OFF, 

TorchVision: 0.17.0+cu121
OpenCV: 4.9.0
MMCV: 1.6.0
MMCV Compiler: n/a
MMCV CUDA Compiler: n/a
MMClassification: 0.25.0+68bac71
------------------------------------------------------------

2024-10-31 09:19:14,507 - mmcls - INFO - Distributed training: False
2024-10-31 09:19:15,006 - mmcls - INFO - Config:
model = dict(
    type='ImageClassifier',
    backbone=dict(
        type='DenseNet',
        arch='121',
        init_cfg=dict(
            type='Pretrained',
            checkpoint='weights/densenet121_4xb256_in1k_20220426-07450f99.pth',
            prefix='backbone')),
    neck=dict(type='GlobalAveragePooling'),
    head=dict(
        type='MultiLabelLinearClsHead', num_classes=19, in_channels=1024))
dataset_type = 'Chest19'
img_norm_cfg = dict(
    mean=[123.675, 116.28, 103.53], std=[58.395, 57.12, 57.375], to_rgb=True)
train_pipeline = [
    dict(type='LoadImageFromFile'),
    dict(
        type='RandomResizedCrop',
        size=256,
        backend='pillow',
        interpolation='bicubic'),
    dict(type='RandomFlip', flip_prob=0.5, direction='horizontal'),
    dict(
        type='Normalize',
        mean=[123.675, 116.28, 103.53],
        std=[58.395, 57.12, 57.375],
        to_rgb=True),
    dict(type='ImageToTensor', keys=['img']),
    dict(type='ToTensor', keys=['gt_label']),
    dict(type='Collect', keys=['img', 'gt_label'])
]
test_pipeline = [
    dict(type='LoadImageFromFile'),
    dict(type='Resize', size=256, backend='pillow', interpolation='bicubic'),
    dict(
        type='Normalize',
        mean=[123.675, 116.28, 103.53],
        std=[58.395, 57.12, 57.375],
        to_rgb=True),
    dict(type='ImageToTensor', keys=['img']),
    dict(type='Collect', keys=['img'])
]
data = dict(
    samples_per_gpu=4,
    workers_per_gpu=4,
    train=dict(
        type='Chest19',
        data_prefix=
        '/mnt/petrelfs/jiyuanfeng.p/data/medfmc/MedFMC_train/chest/images',
        ann_file=
        '/mnt/petrelfs/jiyuanfeng.p/project/radiffuser/tools/downstream/medfm/data_backup/MedFMC/chest/chest_10-shot_train_exp5.txt',
        pipeline=[
            dict(type='LoadImageFromFile'),
            dict(
                type='RandomResizedCrop',
                size=256,
                backend='pillow',
                interpolation='bicubic'),
            dict(type='RandomFlip', flip_prob=0.5, direction='horizontal'),
            dict(
                type='Normalize',
                mean=[123.675, 116.28, 103.53],
                std=[58.395, 57.12, 57.375],
                to_rgb=True),
            dict(type='ImageToTensor', keys=['img']),
            dict(type='ToTensor', keys=['gt_label']),
            dict(type='Collect', keys=['img', 'gt_label'])
        ]),
    val=dict(
        type='Chest19',
        data_prefix=
        '/mnt/petrelfs/jiyuanfeng.p/data/medfmc/MedFMC_train/chest/images',
        ann_file=
        '/mnt/petrelfs/jiyuanfeng.p/project/radiffuser/tools/downstream/medfm/data_backup/MedFMC/chest/chest_10-shot_val_exp5.txt',
        pipeline=[
            dict(type='LoadImageFromFile'),
            dict(
                type='Resize',
                size=256,
                backend='pillow',
                interpolation='bicubic'),
            dict(
                type='Normalize',
                mean=[123.675, 116.28, 103.53],
                std=[58.395, 57.12, 57.375],
                to_rgb=True),
            dict(type='ImageToTensor', keys=['img']),
            dict(type='Collect', keys=['img'])
        ]),
    test=dict(
        type='Chest19',
        data_prefix=
        '/mnt/petrelfs/jiyuanfeng.p/data/medfmc/MedFMC_train/chest/images',
        ann_file=
        '/mnt/petrelfs/jiyuanfeng.p/project/radiffuser/tools/downstream/medfm/data_backup/MedFMC/chest/test_WithLabel.txt',
        pipeline=[
            dict(type='LoadImageFromFile'),
            dict(
                type='Resize',
                size=256,
                backend='pillow',
                interpolation='bicubic'),
            dict(
                type='Normalize',
                mean=[123.675, 116.28, 103.53],
                std=[58.395, 57.12, 57.375],
                to_rgb=True),
            dict(type='ImageToTensor', keys=['img']),
            dict(type='Collect', keys=['img'])
        ]))
evaluation = dict(interval=1, metric='mAP', save_best='auto')
optimizer = dict(type='SGD', lr=0.001, momentum=0.9, weight_decay=0.0001)
optimizer_config = dict(grad_clip=None)
lr_config = dict(policy='CosineAnnealing', min_lr=0)
runner = dict(type='EpochBasedRunner', max_epochs=20)
checkpoint_config = dict(interval=1, max_keep_ckpts=1)
log_config = dict(interval=5, hooks=[dict(type='TextLoggerHook')])
dist_params = dict(backend='nccl')
log_level = 'INFO'
load_from = None
resume_from = None
workflow = [('train', 1)]
custom_imports = dict(
    imports=[
        'medfmc.models', 'medfmc.datasets.medical_datasets',
        'medfmc.core.evaluation'
    ],
    allow_failed_imports=False)
dataset = 'chest'
nshot = 10
exp = 5
base_path = '/mnt/petrelfs/jiyuanfeng.p/project/radiffuser/tools/downstream/medfm/data_backup/MedFMC'
train_val_template = '/mnt/petrelfs/jiyuanfeng.p/project/radiffuser/tools/downstream/medfm/data_backup/MedFMC/{dataset}/{dataset}_{nshot}-shot_{split}_exp{exp}.txt'
work_dir = 'work_dirs/downsteam/cls/medfmc/fewshot/base/10_shot_exp5'
gpu_ids = [0]

2024-10-31 09:19:15,007 - mmcls - INFO - Set random seed to 0, deterministic: False
2024-10-31 09:19:15,103 - mmcls - INFO - initialize DenseNet with init_cfg {'type': 'Pretrained', 'checkpoint': 'weights/densenet121_4xb256_in1k_20220426-07450f99.pth', 'prefix': 'backbone'}
2024-10-31 09:19:15,209 - mmcls - INFO - initialize MultiLabelLinearClsHead with init_cfg {'type': 'Normal', 'layer': 'Linear', 'std': 0.01}
Name of parameter - Initialization information

backbone.stem.0.weight - torch.Size([64, 3, 7, 7]): 
PretrainedInit: load from weights/densenet121_4xb256_in1k_20220426-07450f99.pth 

backbone.stem.1.weight - torch.Size([64]): 
PretrainedInit: load from weights/densenet121_4xb256_in1k_20220426-07450f99.pth 

backbone.stem.1.bias - torch.Size([64]): 
PretrainedInit: load from weights/densenet121_4xb256_in1k_20220426-07450f99.pth 

backbone.stages.0.block.0.norm1.weight - torch.Size([64]): 
PretrainedInit: load from weights/densenet121_4xb256_in1k_20220426-07450f99.pth 

backbone.stages.0.block.0.norm1.bias - torch.Size([64]): 
PretrainedInit: load from weights/densenet121_4xb256_in1k_20220426-07450f99.pth 

backbone.stages.0.block.0.conv1.weight - torch.Size([128, 64, 1, 1]): 
PretrainedInit: load from weights/densenet121_4xb256_in1k_20220426-07450f99.pth 

backbone.stages.0.block.0.norm2.weight - torch.Size([128]): 
PretrainedInit: load from weights/densenet121_4xb256_in1k_20220426-07450f99.pth 

backbone.stages.0.block.0.norm2.bias - torch.Size([128]): 
PretrainedInit: load from weights/densenet121_4xb256_in1k_20220426-07450f99.pth 

backbone.stages.0.block.0.conv2.weight - torch.Size([32, 128, 3, 3]): 
PretrainedInit: load from weights/densenet121_4xb256_in1k_20220426-07450f99.pth 

backbone.stages.0.block.1.norm1.weight - torch.Size([96]): 
PretrainedInit: load from weights/densenet121_4xb256_in1k_20220426-07450f99.pth 

backbone.stages.0.block.1.norm1.bias - torch.Size([96]): 
PretrainedInit: load from weights/densenet121_4xb256_in1k_20220426-07450f99.pth 

backbone.stages.0.block.1.conv1.weight - torch.Size([128, 96, 1, 1]): 
PretrainedInit: load from weights/densenet121_4xb256_in1k_20220426-07450f99.pth 

backbone.stages.0.block.1.norm2.weight - torch.Size([128]): 
PretrainedInit: load from weights/densenet121_4xb256_in1k_20220426-07450f99.pth 

backbone.stages.0.block.1.norm2.bias - torch.Size([128]): 
PretrainedInit: load from weights/densenet121_4xb256_in1k_20220426-07450f99.pth 

backbone.stages.0.block.1.conv2.weight - torch.Size([32, 128, 3, 3]): 
PretrainedInit: load from weights/densenet121_4xb256_in1k_20220426-07450f99.pth 

backbone.stages.0.block.2.norm1.weight - torch.Size([128]): 
PretrainedInit: load from weights/densenet121_4xb256_in1k_20220426-07450f99.pth 

backbone.stages.0.block.2.norm1.bias - torch.Size([128]): 
PretrainedInit: load from weights/densenet121_4xb256_in1k_20220426-07450f99.pth 

backbone.stages.0.block.2.conv1.weight - torch.Size([128, 128, 1, 1]): 
PretrainedInit: load from weights/densenet121_4xb256_in1k_20220426-07450f99.pth 

backbone.stages.0.block.2.norm2.weight - torch.Size([128]): 
PretrainedInit: load from weights/densenet121_4xb256_in1k_20220426-07450f99.pth 

backbone.stages.0.block.2.norm2.bias - torch.Size([128]): 
PretrainedInit: load from weights/densenet121_4xb256_in1k_20220426-07450f99.pth 

backbone.stages.0.block.2.conv2.weight - torch.Size([32, 128, 3, 3]): 
PretrainedInit: load from weights/densenet121_4xb256_in1k_20220426-07450f99.pth 

backbone.stages.0.block.3.norm1.weight - torch.Size([160]): 
PretrainedInit: load from weights/densenet121_4xb256_in1k_20220426-07450f99.pth 

backbone.stages.0.block.3.norm1.bias - torch.Size([160]): 
PretrainedInit: load from weights/densenet121_4xb256_in1k_20220426-07450f99.pth 

backbone.stages.0.block.3.conv1.weight - torch.Size([128, 160, 1, 1]): 
PretrainedInit: load from weights/densenet121_4xb256_in1k_20220426-07450f99.pth 

backbone.stages.0.block.3.norm2.weight - torch.Size([128]): 
PretrainedInit: load from weights/densenet121_4xb256_in1k_20220426-07450f99.pth 

backbone.stages.0.block.3.norm2.bias - torch.Size([128]): 
PretrainedInit: load from weights/densenet121_4xb256_in1k_20220426-07450f99.pth 

backbone.stages.0.block.3.conv2.weight - torch.Size([32, 128, 3, 3]): 
PretrainedInit: load from weights/densenet121_4xb256_in1k_20220426-07450f99.pth 

backbone.stages.0.block.4.norm1.weight - torch.Size([192]): 
PretrainedInit: load from weights/densenet121_4xb256_in1k_20220426-07450f99.pth 

backbone.stages.0.block.4.norm1.bias - torch.Size([192]): 
PretrainedInit: load from weights/densenet121_4xb256_in1k_20220426-07450f99.pth 

backbone.stages.0.block.4.conv1.weight - torch.Size([128, 192, 1, 1]): 
PretrainedInit: load from weights/densenet121_4xb256_in1k_20220426-07450f99.pth 

backbone.stages.0.block.4.norm2.weight - torch.Size([128]): 
PretrainedInit: load from weights/densenet121_4xb256_in1k_20220426-07450f99.pth 

backbone.stages.0.block.4.norm2.bias - torch.Size([128]): 
PretrainedInit: load from weights/densenet121_4xb256_in1k_20220426-07450f99.pth 

backbone.stages.0.block.4.conv2.weight - torch.Size([32, 128, 3, 3]): 
PretrainedInit: load from weights/densenet121_4xb256_in1k_20220426-07450f99.pth 

backbone.stages.0.block.5.norm1.weight - torch.Size([224]): 
PretrainedInit: load from weights/densenet121_4xb256_in1k_20220426-07450f99.pth 

backbone.stages.0.block.5.norm1.bias - torch.Size([224]): 
PretrainedInit: load from weights/densenet121_4xb256_in1k_20220426-07450f99.pth 

backbone.stages.0.block.5.conv1.weight - torch.Size([128, 224, 1, 1]): 
PretrainedInit: load from weights/densenet121_4xb256_in1k_20220426-07450f99.pth 

backbone.stages.0.block.5.norm2.weight - torch.Size([128]): 
PretrainedInit: load from weights/densenet121_4xb256_in1k_20220426-07450f99.pth 

backbone.stages.0.block.5.norm2.bias - torch.Size([128]): 
PretrainedInit: load from weights/densenet121_4xb256_in1k_20220426-07450f99.pth 

backbone.stages.0.block.5.conv2.weight - torch.Size([32, 128, 3, 3]): 
PretrainedInit: load from weights/densenet121_4xb256_in1k_20220426-07450f99.pth 

backbone.stages.1.block.0.norm1.weight - torch.Size([128]): 
PretrainedInit: load from weights/densenet121_4xb256_in1k_20220426-07450f99.pth 

backbone.stages.1.block.0.norm1.bias - torch.Size([128]): 
PretrainedInit: load from weights/densenet121_4xb256_in1k_20220426-07450f99.pth 

backbone.stages.1.block.0.conv1.weight - torch.Size([128, 128, 1, 1]): 
PretrainedInit: load from weights/densenet121_4xb256_in1k_20220426-07450f99.pth 

backbone.stages.1.block.0.norm2.weight - torch.Size([128]): 
PretrainedInit: load from weights/densenet121_4xb256_in1k_20220426-07450f99.pth 

backbone.stages.1.block.0.norm2.bias - torch.Size([128]): 
PretrainedInit: load from weights/densenet121_4xb256_in1k_20220426-07450f99.pth 

backbone.stages.1.block.0.conv2.weight - torch.Size([32, 128, 3, 3]): 
PretrainedInit: load from weights/densenet121_4xb256_in1k_20220426-07450f99.pth 

backbone.stages.1.block.1.norm1.weight - torch.Size([160]): 
PretrainedInit: load from weights/densenet121_4xb256_in1k_20220426-07450f99.pth 

backbone.stages.1.block.1.norm1.bias - torch.Size([160]): 
PretrainedInit: load from weights/densenet121_4xb256_in1k_20220426-07450f99.pth 

backbone.stages.1.block.1.conv1.weight - torch.Size([128, 160, 1, 1]): 
PretrainedInit: load from weights/densenet121_4xb256_in1k_20220426-07450f99.pth 

backbone.stages.1.block.1.norm2.weight - torch.Size([128]): 
PretrainedInit: load from weights/densenet121_4xb256_in1k_20220426-07450f99.pth 

backbone.stages.1.block.1.norm2.bias - torch.Size([128]): 
PretrainedInit: load from weights/densenet121_4xb256_in1k_20220426-07450f99.pth 

backbone.stages.1.block.1.conv2.weight - torch.Size([32, 128, 3, 3]): 
PretrainedInit: load from weights/densenet121_4xb256_in1k_20220426-07450f99.pth 

backbone.stages.1.block.2.norm1.weight - torch.Size([192]): 
PretrainedInit: load from weights/densenet121_4xb256_in1k_20220426-07450f99.pth 

backbone.stages.1.block.2.norm1.bias - torch.Size([192]): 
PretrainedInit: load from weights/densenet121_4xb256_in1k_20220426-07450f99.pth 

backbone.stages.1.block.2.conv1.weight - torch.Size([128, 192, 1, 1]): 
PretrainedInit: load from weights/densenet121_4xb256_in1k_20220426-07450f99.pth 

backbone.stages.1.block.2.norm2.weight - torch.Size([128]): 
PretrainedInit: load from weights/densenet121_4xb256_in1k_20220426-07450f99.pth 

backbone.stages.1.block.2.norm2.bias - torch.Size([128]): 
PretrainedInit: load from weights/densenet121_4xb256_in1k_20220426-07450f99.pth 

backbone.stages.1.block.2.conv2.weight - torch.Size([32, 128, 3, 3]): 
PretrainedInit: load from weights/densenet121_4xb256_in1k_20220426-07450f99.pth 

backbone.stages.1.block.3.norm1.weight - torch.Size([224]): 
PretrainedInit: load from weights/densenet121_4xb256_in1k_20220426-07450f99.pth 

backbone.stages.1.block.3.norm1.bias - torch.Size([224]): 
PretrainedInit: load from weights/densenet121_4xb256_in1k_20220426-07450f99.pth 

backbone.stages.1.block.3.conv1.weight - torch.Size([128, 224, 1, 1]): 
PretrainedInit: load from weights/densenet121_4xb256_in1k_20220426-07450f99.pth 

backbone.stages.1.block.3.norm2.weight - torch.Size([128]): 
PretrainedInit: load from weights/densenet121_4xb256_in1k_20220426-07450f99.pth 

backbone.stages.1.block.3.norm2.bias - torch.Size([128]): 
PretrainedInit: load from weights/densenet121_4xb256_in1k_20220426-07450f99.pth 

backbone.stages.1.block.3.conv2.weight - torch.Size([32, 128, 3, 3]): 
PretrainedInit: load from weights/densenet121_4xb256_in1k_20220426-07450f99.pth 

backbone.stages.1.block.4.norm1.weight - torch.Size([256]): 
PretrainedInit: load from weights/densenet121_4xb256_in1k_20220426-07450f99.pth 

backbone.stages.1.block.4.norm1.bias - torch.Size([256]): 
PretrainedInit: load from weights/densenet121_4xb256_in1k_20220426-07450f99.pth 

backbone.stages.1.block.4.conv1.weight - torch.Size([128, 256, 1, 1]): 
PretrainedInit: load from weights/densenet121_4xb256_in1k_20220426-07450f99.pth 

backbone.stages.1.block.4.norm2.weight - torch.Size([128]): 
PretrainedInit: load from weights/densenet121_4xb256_in1k_20220426-07450f99.pth 

backbone.stages.1.block.4.norm2.bias - torch.Size([128]): 
PretrainedInit: load from weights/densenet121_4xb256_in1k_20220426-07450f99.pth 

backbone.stages.1.block.4.conv2.weight - torch.Size([32, 128, 3, 3]): 
PretrainedInit: load from weights/densenet121_4xb256_in1k_20220426-07450f99.pth 

backbone.stages.1.block.5.norm1.weight - torch.Size([288]): 
PretrainedInit: load from weights/densenet121_4xb256_in1k_20220426-07450f99.pth 

backbone.stages.1.block.5.norm1.bias - torch.Size([288]): 
PretrainedInit: load from weights/densenet121_4xb256_in1k_20220426-07450f99.pth 

backbone.stages.1.block.5.conv1.weight - torch.Size([128, 288, 1, 1]): 
PretrainedInit: load from weights/densenet121_4xb256_in1k_20220426-07450f99.pth 

backbone.stages.1.block.5.norm2.weight - torch.Size([128]): 
PretrainedInit: load from weights/densenet121_4xb256_in1k_20220426-07450f99.pth 

backbone.stages.1.block.5.norm2.bias - torch.Size([128]): 
PretrainedInit: load from weights/densenet121_4xb256_in1k_20220426-07450f99.pth 

backbone.stages.1.block.5.conv2.weight - torch.Size([32, 128, 3, 3]): 
PretrainedInit: load from weights/densenet121_4xb256_in1k_20220426-07450f99.pth 

backbone.stages.1.block.6.norm1.weight - torch.Size([320]): 
PretrainedInit: load from weights/densenet121_4xb256_in1k_20220426-07450f99.pth 

backbone.stages.1.block.6.norm1.bias - torch.Size([320]): 
PretrainedInit: load from weights/densenet121_4xb256_in1k_20220426-07450f99.pth 

backbone.stages.1.block.6.conv1.weight - torch.Size([128, 320, 1, 1]): 
PretrainedInit: load from weights/densenet121_4xb256_in1k_20220426-07450f99.pth 

backbone.stages.1.block.6.norm2.weight - torch.Size([128]): 
PretrainedInit: load from weights/densenet121_4xb256_in1k_20220426-07450f99.pth 

backbone.stages.1.block.6.norm2.bias - torch.Size([128]): 
PretrainedInit: load from weights/densenet121_4xb256_in1k_20220426-07450f99.pth 

backbone.stages.1.block.6.conv2.weight - torch.Size([32, 128, 3, 3]): 
PretrainedInit: load from weights/densenet121_4xb256_in1k_20220426-07450f99.pth 

backbone.stages.1.block.7.norm1.weight - torch.Size([352]): 
PretrainedInit: load from weights/densenet121_4xb256_in1k_20220426-07450f99.pth 

backbone.stages.1.block.7.norm1.bias - torch.Size([352]): 
PretrainedInit: load from weights/densenet121_4xb256_in1k_20220426-07450f99.pth 

backbone.stages.1.block.7.conv1.weight - torch.Size([128, 352, 1, 1]): 
PretrainedInit: load from weights/densenet121_4xb256_in1k_20220426-07450f99.pth 

backbone.stages.1.block.7.norm2.weight - torch.Size([128]): 
PretrainedInit: load from weights/densenet121_4xb256_in1k_20220426-07450f99.pth 

backbone.stages.1.block.7.norm2.bias - torch.Size([128]): 
PretrainedInit: load from weights/densenet121_4xb256_in1k_20220426-07450f99.pth 

backbone.stages.1.block.7.conv2.weight - torch.Size([32, 128, 3, 3]): 
PretrainedInit: load from weights/densenet121_4xb256_in1k_20220426-07450f99.pth 

backbone.stages.1.block.8.norm1.weight - torch.Size([384]): 
PretrainedInit: load from weights/densenet121_4xb256_in1k_20220426-07450f99.pth 

backbone.stages.1.block.8.norm1.bias - torch.Size([384]): 
PretrainedInit: load from weights/densenet121_4xb256_in1k_20220426-07450f99.pth 

backbone.stages.1.block.8.conv1.weight - torch.Size([128, 384, 1, 1]): 
PretrainedInit: load from weights/densenet121_4xb256_in1k_20220426-07450f99.pth 

backbone.stages.1.block.8.norm2.weight - torch.Size([128]): 
PretrainedInit: load from weights/densenet121_4xb256_in1k_20220426-07450f99.pth 

backbone.stages.1.block.8.norm2.bias - torch.Size([128]): 
PretrainedInit: load from weights/densenet121_4xb256_in1k_20220426-07450f99.pth 

backbone.stages.1.block.8.conv2.weight - torch.Size([32, 128, 3, 3]): 
PretrainedInit: load from weights/densenet121_4xb256_in1k_20220426-07450f99.pth 

backbone.stages.1.block.9.norm1.weight - torch.Size([416]): 
PretrainedInit: load from weights/densenet121_4xb256_in1k_20220426-07450f99.pth 

backbone.stages.1.block.9.norm1.bias - torch.Size([416]): 
PretrainedInit: load from weights/densenet121_4xb256_in1k_20220426-07450f99.pth 

backbone.stages.1.block.9.conv1.weight - torch.Size([128, 416, 1, 1]): 
PretrainedInit: load from weights/densenet121_4xb256_in1k_20220426-07450f99.pth 

backbone.stages.1.block.9.norm2.weight - torch.Size([128]): 
PretrainedInit: load from weights/densenet121_4xb256_in1k_20220426-07450f99.pth 

backbone.stages.1.block.9.norm2.bias - torch.Size([128]): 
PretrainedInit: load from weights/densenet121_4xb256_in1k_20220426-07450f99.pth 

backbone.stages.1.block.9.conv2.weight - torch.Size([32, 128, 3, 3]): 
PretrainedInit: load from weights/densenet121_4xb256_in1k_20220426-07450f99.pth 

backbone.stages.1.block.10.norm1.weight - torch.Size([448]): 
PretrainedInit: load from weights/densenet121_4xb256_in1k_20220426-07450f99.pth 

backbone.stages.1.block.10.norm1.bias - torch.Size([448]): 
PretrainedInit: load from weights/densenet121_4xb256_in1k_20220426-07450f99.pth 

backbone.stages.1.block.10.conv1.weight - torch.Size([128, 448, 1, 1]): 
PretrainedInit: load from weights/densenet121_4xb256_in1k_20220426-07450f99.pth 

backbone.stages.1.block.10.norm2.weight - torch.Size([128]): 
PretrainedInit: load from weights/densenet121_4xb256_in1k_20220426-07450f99.pth 

backbone.stages.1.block.10.norm2.bias - torch.Size([128]): 
PretrainedInit: load from weights/densenet121_4xb256_in1k_20220426-07450f99.pth 

backbone.stages.1.block.10.conv2.weight - torch.Size([32, 128, 3, 3]): 
PretrainedInit: load from weights/densenet121_4xb256_in1k_20220426-07450f99.pth 

backbone.stages.1.block.11.norm1.weight - torch.Size([480]): 
PretrainedInit: load from weights/densenet121_4xb256_in1k_20220426-07450f99.pth 

backbone.stages.1.block.11.norm1.bias - torch.Size([480]): 
PretrainedInit: load from weights/densenet121_4xb256_in1k_20220426-07450f99.pth 

backbone.stages.1.block.11.conv1.weight - torch.Size([128, 480, 1, 1]): 
PretrainedInit: load from weights/densenet121_4xb256_in1k_20220426-07450f99.pth 

backbone.stages.1.block.11.norm2.weight - torch.Size([128]): 
PretrainedInit: load from weights/densenet121_4xb256_in1k_20220426-07450f99.pth 

backbone.stages.1.block.11.norm2.bias - torch.Size([128]): 
PretrainedInit: load from weights/densenet121_4xb256_in1k_20220426-07450f99.pth 

backbone.stages.1.block.11.conv2.weight - torch.Size([32, 128, 3, 3]): 
PretrainedInit: load from weights/densenet121_4xb256_in1k_20220426-07450f99.pth 

backbone.stages.2.block.0.norm1.weight - torch.Size([256]): 
PretrainedInit: load from weights/densenet121_4xb256_in1k_20220426-07450f99.pth 

backbone.stages.2.block.0.norm1.bias - torch.Size([256]): 
PretrainedInit: load from weights/densenet121_4xb256_in1k_20220426-07450f99.pth 

backbone.stages.2.block.0.conv1.weight - torch.Size([128, 256, 1, 1]): 
PretrainedInit: load from weights/densenet121_4xb256_in1k_20220426-07450f99.pth 

backbone.stages.2.block.0.norm2.weight - torch.Size([128]): 
PretrainedInit: load from weights/densenet121_4xb256_in1k_20220426-07450f99.pth 

backbone.stages.2.block.0.norm2.bias - torch.Size([128]): 
PretrainedInit: load from weights/densenet121_4xb256_in1k_20220426-07450f99.pth 

backbone.stages.2.block.0.conv2.weight - torch.Size([32, 128, 3, 3]): 
PretrainedInit: load from weights/densenet121_4xb256_in1k_20220426-07450f99.pth 

backbone.stages.2.block.1.norm1.weight - torch.Size([288]): 
PretrainedInit: load from weights/densenet121_4xb256_in1k_20220426-07450f99.pth 

backbone.stages.2.block.1.norm1.bias - torch.Size([288]): 
PretrainedInit: load from weights/densenet121_4xb256_in1k_20220426-07450f99.pth 

backbone.stages.2.block.1.conv1.weight - torch.Size([128, 288, 1, 1]): 
PretrainedInit: load from weights/densenet121_4xb256_in1k_20220426-07450f99.pth 

backbone.stages.2.block.1.norm2.weight - torch.Size([128]): 
PretrainedInit: load from weights/densenet121_4xb256_in1k_20220426-07450f99.pth 

backbone.stages.2.block.1.norm2.bias - torch.Size([128]): 
PretrainedInit: load from weights/densenet121_4xb256_in1k_20220426-07450f99.pth 

backbone.stages.2.block.1.conv2.weight - torch.Size([32, 128, 3, 3]): 
PretrainedInit: load from weights/densenet121_4xb256_in1k_20220426-07450f99.pth 

backbone.stages.2.block.2.norm1.weight - torch.Size([320]): 
PretrainedInit: load from weights/densenet121_4xb256_in1k_20220426-07450f99.pth 

backbone.stages.2.block.2.norm1.bias - torch.Size([320]): 
PretrainedInit: load from weights/densenet121_4xb256_in1k_20220426-07450f99.pth 

backbone.stages.2.block.2.conv1.weight - torch.Size([128, 320, 1, 1]): 
PretrainedInit: load from weights/densenet121_4xb256_in1k_20220426-07450f99.pth 

backbone.stages.2.block.2.norm2.weight - torch.Size([128]): 
PretrainedInit: load from weights/densenet121_4xb256_in1k_20220426-07450f99.pth 

backbone.stages.2.block.2.norm2.bias - torch.Size([128]): 
PretrainedInit: load from weights/densenet121_4xb256_in1k_20220426-07450f99.pth 

backbone.stages.2.block.2.conv2.weight - torch.Size([32, 128, 3, 3]): 
PretrainedInit: load from weights/densenet121_4xb256_in1k_20220426-07450f99.pth 

backbone.stages.2.block.3.norm1.weight - torch.Size([352]): 
PretrainedInit: load from weights/densenet121_4xb256_in1k_20220426-07450f99.pth 

backbone.stages.2.block.3.norm1.bias - torch.Size([352]): 
PretrainedInit: load from weights/densenet121_4xb256_in1k_20220426-07450f99.pth 

backbone.stages.2.block.3.conv1.weight - torch.Size([128, 352, 1, 1]): 
PretrainedInit: load from weights/densenet121_4xb256_in1k_20220426-07450f99.pth 

backbone.stages.2.block.3.norm2.weight - torch.Size([128]): 
PretrainedInit: load from weights/densenet121_4xb256_in1k_20220426-07450f99.pth 

backbone.stages.2.block.3.norm2.bias - torch.Size([128]): 
PretrainedInit: load from weights/densenet121_4xb256_in1k_20220426-07450f99.pth 

backbone.stages.2.block.3.conv2.weight - torch.Size([32, 128, 3, 3]): 
PretrainedInit: load from weights/densenet121_4xb256_in1k_20220426-07450f99.pth 

backbone.stages.2.block.4.norm1.weight - torch.Size([384]): 
PretrainedInit: load from weights/densenet121_4xb256_in1k_20220426-07450f99.pth 

backbone.stages.2.block.4.norm1.bias - torch.Size([384]): 
PretrainedInit: load from weights/densenet121_4xb256_in1k_20220426-07450f99.pth 

backbone.stages.2.block.4.conv1.weight - torch.Size([128, 384, 1, 1]): 
PretrainedInit: load from weights/densenet121_4xb256_in1k_20220426-07450f99.pth 

backbone.stages.2.block.4.norm2.weight - torch.Size([128]): 
PretrainedInit: load from weights/densenet121_4xb256_in1k_20220426-07450f99.pth 

backbone.stages.2.block.4.norm2.bias - torch.Size([128]): 
PretrainedInit: load from weights/densenet121_4xb256_in1k_20220426-07450f99.pth 

backbone.stages.2.block.4.conv2.weight - torch.Size([32, 128, 3, 3]): 
PretrainedInit: load from weights/densenet121_4xb256_in1k_20220426-07450f99.pth 

backbone.stages.2.block.5.norm1.weight - torch.Size([416]): 
PretrainedInit: load from weights/densenet121_4xb256_in1k_20220426-07450f99.pth 

backbone.stages.2.block.5.norm1.bias - torch.Size([416]): 
PretrainedInit: load from weights/densenet121_4xb256_in1k_20220426-07450f99.pth 

backbone.stages.2.block.5.conv1.weight - torch.Size([128, 416, 1, 1]): 
PretrainedInit: load from weights/densenet121_4xb256_in1k_20220426-07450f99.pth 

backbone.stages.2.block.5.norm2.weight - torch.Size([128]): 
PretrainedInit: load from weights/densenet121_4xb256_in1k_20220426-07450f99.pth 

backbone.stages.2.block.5.norm2.bias - torch.Size([128]): 
PretrainedInit: load from weights/densenet121_4xb256_in1k_20220426-07450f99.pth 

backbone.stages.2.block.5.conv2.weight - torch.Size([32, 128, 3, 3]): 
PretrainedInit: load from weights/densenet121_4xb256_in1k_20220426-07450f99.pth 

backbone.stages.2.block.6.norm1.weight - torch.Size([448]): 
PretrainedInit: load from weights/densenet121_4xb256_in1k_20220426-07450f99.pth 

backbone.stages.2.block.6.norm1.bias - torch.Size([448]): 
PretrainedInit: load from weights/densenet121_4xb256_in1k_20220426-07450f99.pth 

backbone.stages.2.block.6.conv1.weight - torch.Size([128, 448, 1, 1]): 
PretrainedInit: load from weights/densenet121_4xb256_in1k_20220426-07450f99.pth 

backbone.stages.2.block.6.norm2.weight - torch.Size([128]): 
PretrainedInit: load from weights/densenet121_4xb256_in1k_20220426-07450f99.pth 

backbone.stages.2.block.6.norm2.bias - torch.Size([128]): 
PretrainedInit: load from weights/densenet121_4xb256_in1k_20220426-07450f99.pth 

backbone.stages.2.block.6.conv2.weight - torch.Size([32, 128, 3, 3]): 
PretrainedInit: load from weights/densenet121_4xb256_in1k_20220426-07450f99.pth 

backbone.stages.2.block.7.norm1.weight - torch.Size([480]): 
PretrainedInit: load from weights/densenet121_4xb256_in1k_20220426-07450f99.pth 

backbone.stages.2.block.7.norm1.bias - torch.Size([480]): 
PretrainedInit: load from weights/densenet121_4xb256_in1k_20220426-07450f99.pth 

backbone.stages.2.block.7.conv1.weight - torch.Size([128, 480, 1, 1]): 
PretrainedInit: load from weights/densenet121_4xb256_in1k_20220426-07450f99.pth 

backbone.stages.2.block.7.norm2.weight - torch.Size([128]): 
PretrainedInit: load from weights/densenet121_4xb256_in1k_20220426-07450f99.pth 

backbone.stages.2.block.7.norm2.bias - torch.Size([128]): 
PretrainedInit: load from weights/densenet121_4xb256_in1k_20220426-07450f99.pth 

backbone.stages.2.block.7.conv2.weight - torch.Size([32, 128, 3, 3]): 
PretrainedInit: load from weights/densenet121_4xb256_in1k_20220426-07450f99.pth 

backbone.stages.2.block.8.norm1.weight - torch.Size([512]): 
PretrainedInit: load from weights/densenet121_4xb256_in1k_20220426-07450f99.pth 

backbone.stages.2.block.8.norm1.bias - torch.Size([512]): 
PretrainedInit: load from weights/densenet121_4xb256_in1k_20220426-07450f99.pth 

backbone.stages.2.block.8.conv1.weight - torch.Size([128, 512, 1, 1]): 
PretrainedInit: load from weights/densenet121_4xb256_in1k_20220426-07450f99.pth 

backbone.stages.2.block.8.norm2.weight - torch.Size([128]): 
PretrainedInit: load from weights/densenet121_4xb256_in1k_20220426-07450f99.pth 

backbone.stages.2.block.8.norm2.bias - torch.Size([128]): 
PretrainedInit: load from weights/densenet121_4xb256_in1k_20220426-07450f99.pth 

backbone.stages.2.block.8.conv2.weight - torch.Size([32, 128, 3, 3]): 
PretrainedInit: load from weights/densenet121_4xb256_in1k_20220426-07450f99.pth 

backbone.stages.2.block.9.norm1.weight - torch.Size([544]): 
PretrainedInit: load from weights/densenet121_4xb256_in1k_20220426-07450f99.pth 

backbone.stages.2.block.9.norm1.bias - torch.Size([544]): 
PretrainedInit: load from weights/densenet121_4xb256_in1k_20220426-07450f99.pth 

backbone.stages.2.block.9.conv1.weight - torch.Size([128, 544, 1, 1]): 
PretrainedInit: load from weights/densenet121_4xb256_in1k_20220426-07450f99.pth 

backbone.stages.2.block.9.norm2.weight - torch.Size([128]): 
PretrainedInit: load from weights/densenet121_4xb256_in1k_20220426-07450f99.pth 

backbone.stages.2.block.9.norm2.bias - torch.Size([128]): 
PretrainedInit: load from weights/densenet121_4xb256_in1k_20220426-07450f99.pth 

backbone.stages.2.block.9.conv2.weight - torch.Size([32, 128, 3, 3]): 
PretrainedInit: load from weights/densenet121_4xb256_in1k_20220426-07450f99.pth 

backbone.stages.2.block.10.norm1.weight - torch.Size([576]): 
PretrainedInit: load from weights/densenet121_4xb256_in1k_20220426-07450f99.pth 

backbone.stages.2.block.10.norm1.bias - torch.Size([576]): 
PretrainedInit: load from weights/densenet121_4xb256_in1k_20220426-07450f99.pth 

backbone.stages.2.block.10.conv1.weight - torch.Size([128, 576, 1, 1]): 
PretrainedInit: load from weights/densenet121_4xb256_in1k_20220426-07450f99.pth 

backbone.stages.2.block.10.norm2.weight - torch.Size([128]): 
PretrainedInit: load from weights/densenet121_4xb256_in1k_20220426-07450f99.pth 

backbone.stages.2.block.10.norm2.bias - torch.Size([128]): 
PretrainedInit: load from weights/densenet121_4xb256_in1k_20220426-07450f99.pth 

backbone.stages.2.block.10.conv2.weight - torch.Size([32, 128, 3, 3]): 
PretrainedInit: load from weights/densenet121_4xb256_in1k_20220426-07450f99.pth 

backbone.stages.2.block.11.norm1.weight - torch.Size([608]): 
PretrainedInit: load from weights/densenet121_4xb256_in1k_20220426-07450f99.pth 

backbone.stages.2.block.11.norm1.bias - torch.Size([608]): 
PretrainedInit: load from weights/densenet121_4xb256_in1k_20220426-07450f99.pth 

backbone.stages.2.block.11.conv1.weight - torch.Size([128, 608, 1, 1]): 
PretrainedInit: load from weights/densenet121_4xb256_in1k_20220426-07450f99.pth 

backbone.stages.2.block.11.norm2.weight - torch.Size([128]): 
PretrainedInit: load from weights/densenet121_4xb256_in1k_20220426-07450f99.pth 

backbone.stages.2.block.11.norm2.bias - torch.Size([128]): 
PretrainedInit: load from weights/densenet121_4xb256_in1k_20220426-07450f99.pth 

backbone.stages.2.block.11.conv2.weight - torch.Size([32, 128, 3, 3]): 
PretrainedInit: load from weights/densenet121_4xb256_in1k_20220426-07450f99.pth 

backbone.stages.2.block.12.norm1.weight - torch.Size([640]): 
PretrainedInit: load from weights/densenet121_4xb256_in1k_20220426-07450f99.pth 

backbone.stages.2.block.12.norm1.bias - torch.Size([640]): 
PretrainedInit: load from weights/densenet121_4xb256_in1k_20220426-07450f99.pth 

backbone.stages.2.block.12.conv1.weight - torch.Size([128, 640, 1, 1]): 
PretrainedInit: load from weights/densenet121_4xb256_in1k_20220426-07450f99.pth 

backbone.stages.2.block.12.norm2.weight - torch.Size([128]): 
PretrainedInit: load from weights/densenet121_4xb256_in1k_20220426-07450f99.pth 

backbone.stages.2.block.12.norm2.bias - torch.Size([128]): 
PretrainedInit: load from weights/densenet121_4xb256_in1k_20220426-07450f99.pth 

backbone.stages.2.block.12.conv2.weight - torch.Size([32, 128, 3, 3]): 
PretrainedInit: load from weights/densenet121_4xb256_in1k_20220426-07450f99.pth 

backbone.stages.2.block.13.norm1.weight - torch.Size([672]): 
PretrainedInit: load from weights/densenet121_4xb256_in1k_20220426-07450f99.pth 

backbone.stages.2.block.13.norm1.bias - torch.Size([672]): 
PretrainedInit: load from weights/densenet121_4xb256_in1k_20220426-07450f99.pth 

backbone.stages.2.block.13.conv1.weight - torch.Size([128, 672, 1, 1]): 
PretrainedInit: load from weights/densenet121_4xb256_in1k_20220426-07450f99.pth 

backbone.stages.2.block.13.norm2.weight - torch.Size([128]): 
PretrainedInit: load from weights/densenet121_4xb256_in1k_20220426-07450f99.pth 

backbone.stages.2.block.13.norm2.bias - torch.Size([128]): 
PretrainedInit: load from weights/densenet121_4xb256_in1k_20220426-07450f99.pth 

backbone.stages.2.block.13.conv2.weight - torch.Size([32, 128, 3, 3]): 
PretrainedInit: load from weights/densenet121_4xb256_in1k_20220426-07450f99.pth 

backbone.stages.2.block.14.norm1.weight - torch.Size([704]): 
PretrainedInit: load from weights/densenet121_4xb256_in1k_20220426-07450f99.pth 

backbone.stages.2.block.14.norm1.bias - torch.Size([704]): 
PretrainedInit: load from weights/densenet121_4xb256_in1k_20220426-07450f99.pth 

backbone.stages.2.block.14.conv1.weight - torch.Size([128, 704, 1, 1]): 
PretrainedInit: load from weights/densenet121_4xb256_in1k_20220426-07450f99.pth 

backbone.stages.2.block.14.norm2.weight - torch.Size([128]): 
PretrainedInit: load from weights/densenet121_4xb256_in1k_20220426-07450f99.pth 

backbone.stages.2.block.14.norm2.bias - torch.Size([128]): 
PretrainedInit: load from weights/densenet121_4xb256_in1k_20220426-07450f99.pth 

backbone.stages.2.block.14.conv2.weight - torch.Size([32, 128, 3, 3]): 
PretrainedInit: load from weights/densenet121_4xb256_in1k_20220426-07450f99.pth 

backbone.stages.2.block.15.norm1.weight - torch.Size([736]): 
PretrainedInit: load from weights/densenet121_4xb256_in1k_20220426-07450f99.pth 

backbone.stages.2.block.15.norm1.bias - torch.Size([736]): 
PretrainedInit: load from weights/densenet121_4xb256_in1k_20220426-07450f99.pth 

backbone.stages.2.block.15.conv1.weight - torch.Size([128, 736, 1, 1]): 
PretrainedInit: load from weights/densenet121_4xb256_in1k_20220426-07450f99.pth 

backbone.stages.2.block.15.norm2.weight - torch.Size([128]): 
PretrainedInit: load from weights/densenet121_4xb256_in1k_20220426-07450f99.pth 

backbone.stages.2.block.15.norm2.bias - torch.Size([128]): 
PretrainedInit: load from weights/densenet121_4xb256_in1k_20220426-07450f99.pth 

backbone.stages.2.block.15.conv2.weight - torch.Size([32, 128, 3, 3]): 
PretrainedInit: load from weights/densenet121_4xb256_in1k_20220426-07450f99.pth 

backbone.stages.2.block.16.norm1.weight - torch.Size([768]): 
PretrainedInit: load from weights/densenet121_4xb256_in1k_20220426-07450f99.pth 

backbone.stages.2.block.16.norm1.bias - torch.Size([768]): 
PretrainedInit: load from weights/densenet121_4xb256_in1k_20220426-07450f99.pth 

backbone.stages.2.block.16.conv1.weight - torch.Size([128, 768, 1, 1]): 
PretrainedInit: load from weights/densenet121_4xb256_in1k_20220426-07450f99.pth 

backbone.stages.2.block.16.norm2.weight - torch.Size([128]): 
PretrainedInit: load from weights/densenet121_4xb256_in1k_20220426-07450f99.pth 

backbone.stages.2.block.16.norm2.bias - torch.Size([128]): 
PretrainedInit: load from weights/densenet121_4xb256_in1k_20220426-07450f99.pth 

backbone.stages.2.block.16.conv2.weight - torch.Size([32, 128, 3, 3]): 
PretrainedInit: load from weights/densenet121_4xb256_in1k_20220426-07450f99.pth 

backbone.stages.2.block.17.norm1.weight - torch.Size([800]): 
PretrainedInit: load from weights/densenet121_4xb256_in1k_20220426-07450f99.pth 

backbone.stages.2.block.17.norm1.bias - torch.Size([800]): 
PretrainedInit: load from weights/densenet121_4xb256_in1k_20220426-07450f99.pth 

backbone.stages.2.block.17.conv1.weight - torch.Size([128, 800, 1, 1]): 
PretrainedInit: load from weights/densenet121_4xb256_in1k_20220426-07450f99.pth 

backbone.stages.2.block.17.norm2.weight - torch.Size([128]): 
PretrainedInit: load from weights/densenet121_4xb256_in1k_20220426-07450f99.pth 

backbone.stages.2.block.17.norm2.bias - torch.Size([128]): 
PretrainedInit: load from weights/densenet121_4xb256_in1k_20220426-07450f99.pth 

backbone.stages.2.block.17.conv2.weight - torch.Size([32, 128, 3, 3]): 
PretrainedInit: load from weights/densenet121_4xb256_in1k_20220426-07450f99.pth 

backbone.stages.2.block.18.norm1.weight - torch.Size([832]): 
PretrainedInit: load from weights/densenet121_4xb256_in1k_20220426-07450f99.pth 

backbone.stages.2.block.18.norm1.bias - torch.Size([832]): 
PretrainedInit: load from weights/densenet121_4xb256_in1k_20220426-07450f99.pth 

backbone.stages.2.block.18.conv1.weight - torch.Size([128, 832, 1, 1]): 
PretrainedInit: load from weights/densenet121_4xb256_in1k_20220426-07450f99.pth 

backbone.stages.2.block.18.norm2.weight - torch.Size([128]): 
PretrainedInit: load from weights/densenet121_4xb256_in1k_20220426-07450f99.pth 

backbone.stages.2.block.18.norm2.bias - torch.Size([128]): 
PretrainedInit: load from weights/densenet121_4xb256_in1k_20220426-07450f99.pth 

backbone.stages.2.block.18.conv2.weight - torch.Size([32, 128, 3, 3]): 
PretrainedInit: load from weights/densenet121_4xb256_in1k_20220426-07450f99.pth 

backbone.stages.2.block.19.norm1.weight - torch.Size([864]): 
PretrainedInit: load from weights/densenet121_4xb256_in1k_20220426-07450f99.pth 

backbone.stages.2.block.19.norm1.bias - torch.Size([864]): 
PretrainedInit: load from weights/densenet121_4xb256_in1k_20220426-07450f99.pth 

backbone.stages.2.block.19.conv1.weight - torch.Size([128, 864, 1, 1]): 
PretrainedInit: load from weights/densenet121_4xb256_in1k_20220426-07450f99.pth 

backbone.stages.2.block.19.norm2.weight - torch.Size([128]): 
PretrainedInit: load from weights/densenet121_4xb256_in1k_20220426-07450f99.pth 

backbone.stages.2.block.19.norm2.bias - torch.Size([128]): 
PretrainedInit: load from weights/densenet121_4xb256_in1k_20220426-07450f99.pth 

backbone.stages.2.block.19.conv2.weight - torch.Size([32, 128, 3, 3]): 
PretrainedInit: load from weights/densenet121_4xb256_in1k_20220426-07450f99.pth 

backbone.stages.2.block.20.norm1.weight - torch.Size([896]): 
PretrainedInit: load from weights/densenet121_4xb256_in1k_20220426-07450f99.pth 

backbone.stages.2.block.20.norm1.bias - torch.Size([896]): 
PretrainedInit: load from weights/densenet121_4xb256_in1k_20220426-07450f99.pth 

backbone.stages.2.block.20.conv1.weight - torch.Size([128, 896, 1, 1]): 
PretrainedInit: load from weights/densenet121_4xb256_in1k_20220426-07450f99.pth 

backbone.stages.2.block.20.norm2.weight - torch.Size([128]): 
PretrainedInit: load from weights/densenet121_4xb256_in1k_20220426-07450f99.pth 

backbone.stages.2.block.20.norm2.bias - torch.Size([128]): 
PretrainedInit: load from weights/densenet121_4xb256_in1k_20220426-07450f99.pth 

backbone.stages.2.block.20.conv2.weight - torch.Size([32, 128, 3, 3]): 
PretrainedInit: load from weights/densenet121_4xb256_in1k_20220426-07450f99.pth 

backbone.stages.2.block.21.norm1.weight - torch.Size([928]): 
PretrainedInit: load from weights/densenet121_4xb256_in1k_20220426-07450f99.pth 

backbone.stages.2.block.21.norm1.bias - torch.Size([928]): 
PretrainedInit: load from weights/densenet121_4xb256_in1k_20220426-07450f99.pth 

backbone.stages.2.block.21.conv1.weight - torch.Size([128, 928, 1, 1]): 
PretrainedInit: load from weights/densenet121_4xb256_in1k_20220426-07450f99.pth 

backbone.stages.2.block.21.norm2.weight - torch.Size([128]): 
PretrainedInit: load from weights/densenet121_4xb256_in1k_20220426-07450f99.pth 

backbone.stages.2.block.21.norm2.bias - torch.Size([128]): 
PretrainedInit: load from weights/densenet121_4xb256_in1k_20220426-07450f99.pth 

backbone.stages.2.block.21.conv2.weight - torch.Size([32, 128, 3, 3]): 
PretrainedInit: load from weights/densenet121_4xb256_in1k_20220426-07450f99.pth 

backbone.stages.2.block.22.norm1.weight - torch.Size([960]): 
PretrainedInit: load from weights/densenet121_4xb256_in1k_20220426-07450f99.pth 

backbone.stages.2.block.22.norm1.bias - torch.Size([960]): 
PretrainedInit: load from weights/densenet121_4xb256_in1k_20220426-07450f99.pth 

backbone.stages.2.block.22.conv1.weight - torch.Size([128, 960, 1, 1]): 
PretrainedInit: load from weights/densenet121_4xb256_in1k_20220426-07450f99.pth 

backbone.stages.2.block.22.norm2.weight - torch.Size([128]): 
PretrainedInit: load from weights/densenet121_4xb256_in1k_20220426-07450f99.pth 

backbone.stages.2.block.22.norm2.bias - torch.Size([128]): 
PretrainedInit: load from weights/densenet121_4xb256_in1k_20220426-07450f99.pth 

backbone.stages.2.block.22.conv2.weight - torch.Size([32, 128, 3, 3]): 
PretrainedInit: load from weights/densenet121_4xb256_in1k_20220426-07450f99.pth 

backbone.stages.2.block.23.norm1.weight - torch.Size([992]): 
PretrainedInit: load from weights/densenet121_4xb256_in1k_20220426-07450f99.pth 

backbone.stages.2.block.23.norm1.bias - torch.Size([992]): 
PretrainedInit: load from weights/densenet121_4xb256_in1k_20220426-07450f99.pth 

backbone.stages.2.block.23.conv1.weight - torch.Size([128, 992, 1, 1]): 
PretrainedInit: load from weights/densenet121_4xb256_in1k_20220426-07450f99.pth 

backbone.stages.2.block.23.norm2.weight - torch.Size([128]): 
PretrainedInit: load from weights/densenet121_4xb256_in1k_20220426-07450f99.pth 

backbone.stages.2.block.23.norm2.bias - torch.Size([128]): 
PretrainedInit: load from weights/densenet121_4xb256_in1k_20220426-07450f99.pth 

backbone.stages.2.block.23.conv2.weight - torch.Size([32, 128, 3, 3]): 
PretrainedInit: load from weights/densenet121_4xb256_in1k_20220426-07450f99.pth 

backbone.stages.3.block.0.norm1.weight - torch.Size([512]): 
PretrainedInit: load from weights/densenet121_4xb256_in1k_20220426-07450f99.pth 

backbone.stages.3.block.0.norm1.bias - torch.Size([512]): 
PretrainedInit: load from weights/densenet121_4xb256_in1k_20220426-07450f99.pth 

backbone.stages.3.block.0.conv1.weight - torch.Size([128, 512, 1, 1]): 
PretrainedInit: load from weights/densenet121_4xb256_in1k_20220426-07450f99.pth 

backbone.stages.3.block.0.norm2.weight - torch.Size([128]): 
PretrainedInit: load from weights/densenet121_4xb256_in1k_20220426-07450f99.pth 

backbone.stages.3.block.0.norm2.bias - torch.Size([128]): 
PretrainedInit: load from weights/densenet121_4xb256_in1k_20220426-07450f99.pth 

backbone.stages.3.block.0.conv2.weight - torch.Size([32, 128, 3, 3]): 
PretrainedInit: load from weights/densenet121_4xb256_in1k_20220426-07450f99.pth 

backbone.stages.3.block.1.norm1.weight - torch.Size([544]): 
PretrainedInit: load from weights/densenet121_4xb256_in1k_20220426-07450f99.pth 

backbone.stages.3.block.1.norm1.bias - torch.Size([544]): 
PretrainedInit: load from weights/densenet121_4xb256_in1k_20220426-07450f99.pth 

backbone.stages.3.block.1.conv1.weight - torch.Size([128, 544, 1, 1]): 
PretrainedInit: load from weights/densenet121_4xb256_in1k_20220426-07450f99.pth 

backbone.stages.3.block.1.norm2.weight - torch.Size([128]): 
PretrainedInit: load from weights/densenet121_4xb256_in1k_20220426-07450f99.pth 

backbone.stages.3.block.1.norm2.bias - torch.Size([128]): 
PretrainedInit: load from weights/densenet121_4xb256_in1k_20220426-07450f99.pth 

backbone.stages.3.block.1.conv2.weight - torch.Size([32, 128, 3, 3]): 
PretrainedInit: load from weights/densenet121_4xb256_in1k_20220426-07450f99.pth 

backbone.stages.3.block.2.norm1.weight - torch.Size([576]): 
PretrainedInit: load from weights/densenet121_4xb256_in1k_20220426-07450f99.pth 

backbone.stages.3.block.2.norm1.bias - torch.Size([576]): 
PretrainedInit: load from weights/densenet121_4xb256_in1k_20220426-07450f99.pth 

backbone.stages.3.block.2.conv1.weight - torch.Size([128, 576, 1, 1]): 
PretrainedInit: load from weights/densenet121_4xb256_in1k_20220426-07450f99.pth 

backbone.stages.3.block.2.norm2.weight - torch.Size([128]): 
PretrainedInit: load from weights/densenet121_4xb256_in1k_20220426-07450f99.pth 

backbone.stages.3.block.2.norm2.bias - torch.Size([128]): 
PretrainedInit: load from weights/densenet121_4xb256_in1k_20220426-07450f99.pth 

backbone.stages.3.block.2.conv2.weight - torch.Size([32, 128, 3, 3]): 
PretrainedInit: load from weights/densenet121_4xb256_in1k_20220426-07450f99.pth 

backbone.stages.3.block.3.norm1.weight - torch.Size([608]): 
PretrainedInit: load from weights/densenet121_4xb256_in1k_20220426-07450f99.pth 

backbone.stages.3.block.3.norm1.bias - torch.Size([608]): 
PretrainedInit: load from weights/densenet121_4xb256_in1k_20220426-07450f99.pth 

backbone.stages.3.block.3.conv1.weight - torch.Size([128, 608, 1, 1]): 
PretrainedInit: load from weights/densenet121_4xb256_in1k_20220426-07450f99.pth 

backbone.stages.3.block.3.norm2.weight - torch.Size([128]): 
PretrainedInit: load from weights/densenet121_4xb256_in1k_20220426-07450f99.pth 

backbone.stages.3.block.3.norm2.bias - torch.Size([128]): 
PretrainedInit: load from weights/densenet121_4xb256_in1k_20220426-07450f99.pth 

backbone.stages.3.block.3.conv2.weight - torch.Size([32, 128, 3, 3]): 
PretrainedInit: load from weights/densenet121_4xb256_in1k_20220426-07450f99.pth 

backbone.stages.3.block.4.norm1.weight - torch.Size([640]): 
PretrainedInit: load from weights/densenet121_4xb256_in1k_20220426-07450f99.pth 

backbone.stages.3.block.4.norm1.bias - torch.Size([640]): 
PretrainedInit: load from weights/densenet121_4xb256_in1k_20220426-07450f99.pth 

backbone.stages.3.block.4.conv1.weight - torch.Size([128, 640, 1, 1]): 
PretrainedInit: load from weights/densenet121_4xb256_in1k_20220426-07450f99.pth 

backbone.stages.3.block.4.norm2.weight - torch.Size([128]): 
PretrainedInit: load from weights/densenet121_4xb256_in1k_20220426-07450f99.pth 

backbone.stages.3.block.4.norm2.bias - torch.Size([128]): 
PretrainedInit: load from weights/densenet121_4xb256_in1k_20220426-07450f99.pth 

backbone.stages.3.block.4.conv2.weight - torch.Size([32, 128, 3, 3]): 
PretrainedInit: load from weights/densenet121_4xb256_in1k_20220426-07450f99.pth 

backbone.stages.3.block.5.norm1.weight - torch.Size([672]): 
PretrainedInit: load from weights/densenet121_4xb256_in1k_20220426-07450f99.pth 

backbone.stages.3.block.5.norm1.bias - torch.Size([672]): 
PretrainedInit: load from weights/densenet121_4xb256_in1k_20220426-07450f99.pth 

backbone.stages.3.block.5.conv1.weight - torch.Size([128, 672, 1, 1]): 
PretrainedInit: load from weights/densenet121_4xb256_in1k_20220426-07450f99.pth 

backbone.stages.3.block.5.norm2.weight - torch.Size([128]): 
PretrainedInit: load from weights/densenet121_4xb256_in1k_20220426-07450f99.pth 

backbone.stages.3.block.5.norm2.bias - torch.Size([128]): 
PretrainedInit: load from weights/densenet121_4xb256_in1k_20220426-07450f99.pth 

backbone.stages.3.block.5.conv2.weight - torch.Size([32, 128, 3, 3]): 
PretrainedInit: load from weights/densenet121_4xb256_in1k_20220426-07450f99.pth 

backbone.stages.3.block.6.norm1.weight - torch.Size([704]): 
PretrainedInit: load from weights/densenet121_4xb256_in1k_20220426-07450f99.pth 

backbone.stages.3.block.6.norm1.bias - torch.Size([704]): 
PretrainedInit: load from weights/densenet121_4xb256_in1k_20220426-07450f99.pth 

backbone.stages.3.block.6.conv1.weight - torch.Size([128, 704, 1, 1]): 
PretrainedInit: load from weights/densenet121_4xb256_in1k_20220426-07450f99.pth 

backbone.stages.3.block.6.norm2.weight - torch.Size([128]): 
PretrainedInit: load from weights/densenet121_4xb256_in1k_20220426-07450f99.pth 

backbone.stages.3.block.6.norm2.bias - torch.Size([128]): 
PretrainedInit: load from weights/densenet121_4xb256_in1k_20220426-07450f99.pth 

backbone.stages.3.block.6.conv2.weight - torch.Size([32, 128, 3, 3]): 
PretrainedInit: load from weights/densenet121_4xb256_in1k_20220426-07450f99.pth 

backbone.stages.3.block.7.norm1.weight - torch.Size([736]): 
PretrainedInit: load from weights/densenet121_4xb256_in1k_20220426-07450f99.pth 

backbone.stages.3.block.7.norm1.bias - torch.Size([736]): 
PretrainedInit: load from weights/densenet121_4xb256_in1k_20220426-07450f99.pth 

backbone.stages.3.block.7.conv1.weight - torch.Size([128, 736, 1, 1]): 
PretrainedInit: load from weights/densenet121_4xb256_in1k_20220426-07450f99.pth 

backbone.stages.3.block.7.norm2.weight - torch.Size([128]): 
PretrainedInit: load from weights/densenet121_4xb256_in1k_20220426-07450f99.pth 

backbone.stages.3.block.7.norm2.bias - torch.Size([128]): 
PretrainedInit: load from weights/densenet121_4xb256_in1k_20220426-07450f99.pth 

backbone.stages.3.block.7.conv2.weight - torch.Size([32, 128, 3, 3]): 
PretrainedInit: load from weights/densenet121_4xb256_in1k_20220426-07450f99.pth 

backbone.stages.3.block.8.norm1.weight - torch.Size([768]): 
PretrainedInit: load from weights/densenet121_4xb256_in1k_20220426-07450f99.pth 

backbone.stages.3.block.8.norm1.bias - torch.Size([768]): 
PretrainedInit: load from weights/densenet121_4xb256_in1k_20220426-07450f99.pth 

backbone.stages.3.block.8.conv1.weight - torch.Size([128, 768, 1, 1]): 
PretrainedInit: load from weights/densenet121_4xb256_in1k_20220426-07450f99.pth 

backbone.stages.3.block.8.norm2.weight - torch.Size([128]): 
PretrainedInit: load from weights/densenet121_4xb256_in1k_20220426-07450f99.pth 

backbone.stages.3.block.8.norm2.bias - torch.Size([128]): 
PretrainedInit: load from weights/densenet121_4xb256_in1k_20220426-07450f99.pth 

backbone.stages.3.block.8.conv2.weight - torch.Size([32, 128, 3, 3]): 
PretrainedInit: load from weights/densenet121_4xb256_in1k_20220426-07450f99.pth 

backbone.stages.3.block.9.norm1.weight - torch.Size([800]): 
PretrainedInit: load from weights/densenet121_4xb256_in1k_20220426-07450f99.pth 

backbone.stages.3.block.9.norm1.bias - torch.Size([800]): 
PretrainedInit: load from weights/densenet121_4xb256_in1k_20220426-07450f99.pth 

backbone.stages.3.block.9.conv1.weight - torch.Size([128, 800, 1, 1]): 
PretrainedInit: load from weights/densenet121_4xb256_in1k_20220426-07450f99.pth 

backbone.stages.3.block.9.norm2.weight - torch.Size([128]): 
PretrainedInit: load from weights/densenet121_4xb256_in1k_20220426-07450f99.pth 

backbone.stages.3.block.9.norm2.bias - torch.Size([128]): 
PretrainedInit: load from weights/densenet121_4xb256_in1k_20220426-07450f99.pth 

backbone.stages.3.block.9.conv2.weight - torch.Size([32, 128, 3, 3]): 
PretrainedInit: load from weights/densenet121_4xb256_in1k_20220426-07450f99.pth 

backbone.stages.3.block.10.norm1.weight - torch.Size([832]): 
PretrainedInit: load from weights/densenet121_4xb256_in1k_20220426-07450f99.pth 

backbone.stages.3.block.10.norm1.bias - torch.Size([832]): 
PretrainedInit: load from weights/densenet121_4xb256_in1k_20220426-07450f99.pth 

backbone.stages.3.block.10.conv1.weight - torch.Size([128, 832, 1, 1]): 
PretrainedInit: load from weights/densenet121_4xb256_in1k_20220426-07450f99.pth 

backbone.stages.3.block.10.norm2.weight - torch.Size([128]): 
PretrainedInit: load from weights/densenet121_4xb256_in1k_20220426-07450f99.pth 

backbone.stages.3.block.10.norm2.bias - torch.Size([128]): 
PretrainedInit: load from weights/densenet121_4xb256_in1k_20220426-07450f99.pth 

backbone.stages.3.block.10.conv2.weight - torch.Size([32, 128, 3, 3]): 
PretrainedInit: load from weights/densenet121_4xb256_in1k_20220426-07450f99.pth 

backbone.stages.3.block.11.norm1.weight - torch.Size([864]): 
PretrainedInit: load from weights/densenet121_4xb256_in1k_20220426-07450f99.pth 

backbone.stages.3.block.11.norm1.bias - torch.Size([864]): 
PretrainedInit: load from weights/densenet121_4xb256_in1k_20220426-07450f99.pth 

backbone.stages.3.block.11.conv1.weight - torch.Size([128, 864, 1, 1]): 
PretrainedInit: load from weights/densenet121_4xb256_in1k_20220426-07450f99.pth 

backbone.stages.3.block.11.norm2.weight - torch.Size([128]): 
PretrainedInit: load from weights/densenet121_4xb256_in1k_20220426-07450f99.pth 

backbone.stages.3.block.11.norm2.bias - torch.Size([128]): 
PretrainedInit: load from weights/densenet121_4xb256_in1k_20220426-07450f99.pth 

backbone.stages.3.block.11.conv2.weight - torch.Size([32, 128, 3, 3]): 
PretrainedInit: load from weights/densenet121_4xb256_in1k_20220426-07450f99.pth 

backbone.stages.3.block.12.norm1.weight - torch.Size([896]): 
PretrainedInit: load from weights/densenet121_4xb256_in1k_20220426-07450f99.pth 

backbone.stages.3.block.12.norm1.bias - torch.Size([896]): 
PretrainedInit: load from weights/densenet121_4xb256_in1k_20220426-07450f99.pth 

backbone.stages.3.block.12.conv1.weight - torch.Size([128, 896, 1, 1]): 
PretrainedInit: load from weights/densenet121_4xb256_in1k_20220426-07450f99.pth 

backbone.stages.3.block.12.norm2.weight - torch.Size([128]): 
PretrainedInit: load from weights/densenet121_4xb256_in1k_20220426-07450f99.pth 

backbone.stages.3.block.12.norm2.bias - torch.Size([128]): 
PretrainedInit: load from weights/densenet121_4xb256_in1k_20220426-07450f99.pth 

backbone.stages.3.block.12.conv2.weight - torch.Size([32, 128, 3, 3]): 
PretrainedInit: load from weights/densenet121_4xb256_in1k_20220426-07450f99.pth 

backbone.stages.3.block.13.norm1.weight - torch.Size([928]): 
PretrainedInit: load from weights/densenet121_4xb256_in1k_20220426-07450f99.pth 

backbone.stages.3.block.13.norm1.bias - torch.Size([928]): 
PretrainedInit: load from weights/densenet121_4xb256_in1k_20220426-07450f99.pth 

backbone.stages.3.block.13.conv1.weight - torch.Size([128, 928, 1, 1]): 
PretrainedInit: load from weights/densenet121_4xb256_in1k_20220426-07450f99.pth 

backbone.stages.3.block.13.norm2.weight - torch.Size([128]): 
PretrainedInit: load from weights/densenet121_4xb256_in1k_20220426-07450f99.pth 

backbone.stages.3.block.13.norm2.bias - torch.Size([128]): 
PretrainedInit: load from weights/densenet121_4xb256_in1k_20220426-07450f99.pth 

backbone.stages.3.block.13.conv2.weight - torch.Size([32, 128, 3, 3]): 
PretrainedInit: load from weights/densenet121_4xb256_in1k_20220426-07450f99.pth 

backbone.stages.3.block.14.norm1.weight - torch.Size([960]): 
PretrainedInit: load from weights/densenet121_4xb256_in1k_20220426-07450f99.pth 

backbone.stages.3.block.14.norm1.bias - torch.Size([960]): 
PretrainedInit: load from weights/densenet121_4xb256_in1k_20220426-07450f99.pth 

backbone.stages.3.block.14.conv1.weight - torch.Size([128, 960, 1, 1]): 
PretrainedInit: load from weights/densenet121_4xb256_in1k_20220426-07450f99.pth 

backbone.stages.3.block.14.norm2.weight - torch.Size([128]): 
PretrainedInit: load from weights/densenet121_4xb256_in1k_20220426-07450f99.pth 

backbone.stages.3.block.14.norm2.bias - torch.Size([128]): 
PretrainedInit: load from weights/densenet121_4xb256_in1k_20220426-07450f99.pth 

backbone.stages.3.block.14.conv2.weight - torch.Size([32, 128, 3, 3]): 
PretrainedInit: load from weights/densenet121_4xb256_in1k_20220426-07450f99.pth 

backbone.stages.3.block.15.norm1.weight - torch.Size([992]): 
PretrainedInit: load from weights/densenet121_4xb256_in1k_20220426-07450f99.pth 

backbone.stages.3.block.15.norm1.bias - torch.Size([992]): 
PretrainedInit: load from weights/densenet121_4xb256_in1k_20220426-07450f99.pth 

backbone.stages.3.block.15.conv1.weight - torch.Size([128, 992, 1, 1]): 
PretrainedInit: load from weights/densenet121_4xb256_in1k_20220426-07450f99.pth 

backbone.stages.3.block.15.norm2.weight - torch.Size([128]): 
PretrainedInit: load from weights/densenet121_4xb256_in1k_20220426-07450f99.pth 

backbone.stages.3.block.15.norm2.bias - torch.Size([128]): 
PretrainedInit: load from weights/densenet121_4xb256_in1k_20220426-07450f99.pth 

backbone.stages.3.block.15.conv2.weight - torch.Size([32, 128, 3, 3]): 
PretrainedInit: load from weights/densenet121_4xb256_in1k_20220426-07450f99.pth 

backbone.transitions.0.norm.weight - torch.Size([256]): 
PretrainedInit: load from weights/densenet121_4xb256_in1k_20220426-07450f99.pth 

backbone.transitions.0.norm.bias - torch.Size([256]): 
PretrainedInit: load from weights/densenet121_4xb256_in1k_20220426-07450f99.pth 

backbone.transitions.0.conv.weight - torch.Size([128, 256, 1, 1]): 
PretrainedInit: load from weights/densenet121_4xb256_in1k_20220426-07450f99.pth 

backbone.transitions.1.norm.weight - torch.Size([512]): 
PretrainedInit: load from weights/densenet121_4xb256_in1k_20220426-07450f99.pth 

backbone.transitions.1.norm.bias - torch.Size([512]): 
PretrainedInit: load from weights/densenet121_4xb256_in1k_20220426-07450f99.pth 

backbone.transitions.1.conv.weight - torch.Size([256, 512, 1, 1]): 
PretrainedInit: load from weights/densenet121_4xb256_in1k_20220426-07450f99.pth 

backbone.transitions.2.norm.weight - torch.Size([1024]): 
PretrainedInit: load from weights/densenet121_4xb256_in1k_20220426-07450f99.pth 

backbone.transitions.2.norm.bias - torch.Size([1024]): 
PretrainedInit: load from weights/densenet121_4xb256_in1k_20220426-07450f99.pth 

backbone.transitions.2.conv.weight - torch.Size([512, 1024, 1, 1]): 
PretrainedInit: load from weights/densenet121_4xb256_in1k_20220426-07450f99.pth 

backbone.transitions.3.0.weight - torch.Size([1024]): 
PretrainedInit: load from weights/densenet121_4xb256_in1k_20220426-07450f99.pth 

backbone.transitions.3.0.bias - torch.Size([1024]): 
PretrainedInit: load from weights/densenet121_4xb256_in1k_20220426-07450f99.pth 

head.fc.weight - torch.Size([19, 1024]): 
NormalInit: mean=0, std=0.01, bias=0 

head.fc.bias - torch.Size([19]): 
NormalInit: mean=0, std=0.01, bias=0 
2024-10-31 09:19:17,003 - mmcls - INFO - Start running, host: jiyuanfeng.p@SH-IDC1-10-140-1-4, work_dir: /mnt/petrelfs/jiyuanfeng.p/project/radiffuser/work_dirs/downsteam/cls/medfmc/fewshot/base/10_shot_exp5
2024-10-31 09:19:17,004 - mmcls - INFO - Hooks will be executed in the following order:
before_run:
(VERY_HIGH   ) CosineAnnealingLrUpdaterHook       
(NORMAL      ) CheckpointHook                     
(LOW         ) EvalHook                           
(VERY_LOW    ) TextLoggerHook                     
 -------------------- 
before_train_epoch:
(VERY_HIGH   ) CosineAnnealingLrUpdaterHook       
(LOW         ) IterTimerHook                      
(LOW         ) EvalHook                           
(VERY_LOW    ) TextLoggerHook                     
 -------------------- 
before_train_iter:
(VERY_HIGH   ) CosineAnnealingLrUpdaterHook       
(LOW         ) IterTimerHook                      
(LOW         ) EvalHook                           
 -------------------- 
after_train_iter:
(ABOVE_NORMAL) OptimizerHook                      
(NORMAL      ) CheckpointHook                     
(LOW         ) IterTimerHook                      
(LOW         ) EvalHook                           
(VERY_LOW    ) TextLoggerHook                     
 -------------------- 
after_train_epoch:
(NORMAL      ) CheckpointHook                     
(LOW         ) EvalHook                           
(VERY_LOW    ) TextLoggerHook                     
 -------------------- 
before_val_epoch:
(LOW         ) IterTimerHook                      
(VERY_LOW    ) TextLoggerHook                     
 -------------------- 
before_val_iter:
(LOW         ) IterTimerHook                      
 -------------------- 
after_val_iter:
(LOW         ) IterTimerHook                      
 -------------------- 
after_val_epoch:
(VERY_LOW    ) TextLoggerHook                     
 -------------------- 
after_run:
(VERY_LOW    ) TextLoggerHook                     
 -------------------- 
2024-10-31 09:19:17,005 - mmcls - INFO - workflow: [('train', 1)], max: 20 epochs
2024-10-31 09:19:17,006 - mmcls - INFO - Checkpoints will be saved to /mnt/petrelfs/jiyuanfeng.p/project/radiffuser/work_dirs/downsteam/cls/medfmc/fewshot/base/10_shot_exp5 by HardDiskBackend.
2024-10-31 09:19:23,506 - mmcls - INFO - Epoch [1][5/48]	lr: 1.000e-03, eta: 0:20:40, time: 1.299, data_time: 0.466, memory: 859, loss: 10.9301
2024-10-31 09:19:23,734 - mmcls - INFO - Epoch [1][10/48]	lr: 1.000e-03, eta: 0:10:38, time: 0.046, data_time: 0.001, memory: 859, loss: 8.4851
2024-10-31 09:19:23,957 - mmcls - INFO - Epoch [1][15/48]	lr: 1.000e-03, eta: 0:07:17, time: 0.045, data_time: 0.001, memory: 859, loss: 8.9485
2024-10-31 09:19:24,189 - mmcls - INFO - Epoch [1][20/48]	lr: 1.000e-03, eta: 0:05:37, time: 0.046, data_time: 0.001, memory: 859, loss: 8.3249
2024-10-31 09:19:24,412 - mmcls - INFO - Epoch [1][25/48]	lr: 1.000e-03, eta: 0:04:36, time: 0.045, data_time: 0.001, memory: 859, loss: 10.7577
2024-10-31 09:19:24,636 - mmcls - INFO - Epoch [1][30/48]	lr: 1.000e-03, eta: 0:03:56, time: 0.045, data_time: 0.001, memory: 859, loss: 8.2838
2024-10-31 09:19:24,875 - mmcls - INFO - Epoch [1][35/48]	lr: 1.000e-03, eta: 0:03:27, time: 0.048, data_time: 0.001, memory: 859, loss: 9.7616
2024-10-31 09:19:25,106 - mmcls - INFO - Epoch [1][40/48]	lr: 1.000e-03, eta: 0:03:06, time: 0.046, data_time: 0.001, memory: 859, loss: 8.4804
2024-10-31 09:19:25,325 - mmcls - INFO - Epoch [1][45/48]	lr: 1.000e-03, eta: 0:02:49, time: 0.044, data_time: 0.001, memory: 859, loss: 8.4121
2024-10-31 09:19:25,763 - mmcls - INFO - Saving checkpoint at 1 epochs
2024-10-31 09:19:33,349 - mmcls - INFO - Now best checkpoint is saved as best_mAP_epoch_1.pth.
2024-10-31 09:19:33,350 - mmcls - INFO - Best mAP is 15.1993 at 1 epoch.
2024-10-31 09:19:33,351 - mmcls - INFO - Epoch(val) [1][198]	mAP: 15.1993
2024-10-31 09:19:35,790 - mmcls - INFO - Epoch [2][5/48]	lr: 9.938e-04, eta: 0:03:03, time: 0.487, data_time: 0.433, memory: 859, loss: 8.6912
2024-10-31 09:19:36,029 - mmcls - INFO - Epoch [2][10/48]	lr: 9.938e-04, eta: 0:02:50, time: 0.048, data_time: 0.001, memory: 859, loss: 7.1713
2024-10-31 09:19:36,260 - mmcls - INFO - Epoch [2][15/48]	lr: 9.938e-04, eta: 0:02:39, time: 0.046, data_time: 0.001, memory: 859, loss: 9.1284
2024-10-31 09:19:36,491 - mmcls - INFO - Epoch [2][20/48]	lr: 9.938e-04, eta: 0:02:30, time: 0.046, data_time: 0.001, memory: 859, loss: 7.2077
2024-10-31 09:19:36,724 - mmcls - INFO - Epoch [2][25/48]	lr: 9.938e-04, eta: 0:02:21, time: 0.046, data_time: 0.001, memory: 859, loss: 8.2139
2024-10-31 09:19:36,953 - mmcls - INFO - Epoch [2][30/48]	lr: 9.938e-04, eta: 0:02:14, time: 0.046, data_time: 0.001, memory: 859, loss: 8.4172
2024-10-31 09:19:37,199 - mmcls - INFO - Epoch [2][35/48]	lr: 9.938e-04, eta: 0:02:08, time: 0.049, data_time: 0.001, memory: 859, loss: 8.5472
2024-10-31 09:19:37,431 - mmcls - INFO - Epoch [2][40/48]	lr: 9.938e-04, eta: 0:02:02, time: 0.046, data_time: 0.001, memory: 859, loss: 7.8787
2024-10-31 09:19:37,653 - mmcls - INFO - Epoch [2][45/48]	lr: 9.938e-04, eta: 0:01:57, time: 0.044, data_time: 0.001, memory: 859, loss: 7.4566
2024-10-31 09:19:37,788 - mmcls - INFO - Saving checkpoint at 2 epochs
2024-10-31 09:19:44,620 - mmcls - INFO - The previous best checkpoint /mnt/petrelfs/jiyuanfeng.p/project/radiffuser/work_dirs/downsteam/cls/medfmc/fewshot/base/10_shot_exp5/best_mAP_epoch_1.pth was removed
2024-10-31 09:19:44,873 - mmcls - INFO - Now best checkpoint is saved as best_mAP_epoch_2.pth.
2024-10-31 09:19:44,875 - mmcls - INFO - Best mAP is 18.6327 at 2 epoch.
2024-10-31 09:19:44,876 - mmcls - INFO - Epoch(val) [2][198]	mAP: 18.6327
2024-10-31 09:19:47,277 - mmcls - INFO - Epoch [3][5/48]	lr: 9.755e-04, eta: 0:02:07, time: 0.479, data_time: 0.431, memory: 859, loss: 7.7095
2024-10-31 09:19:47,513 - mmcls - INFO - Epoch [3][10/48]	lr: 9.755e-04, eta: 0:02:02, time: 0.047, data_time: 0.001, memory: 859, loss: 8.6563
2024-10-31 09:19:47,746 - mmcls - INFO - Epoch [3][15/48]	lr: 9.755e-04, eta: 0:01:58, time: 0.047, data_time: 0.001, memory: 859, loss: 8.1040
2024-10-31 09:19:47,990 - mmcls - INFO - Epoch [3][20/48]	lr: 9.755e-04, eta: 0:01:54, time: 0.049, data_time: 0.001, memory: 859, loss: 9.0605
2024-10-31 09:19:48,251 - mmcls - INFO - Epoch [3][25/48]	lr: 9.755e-04, eta: 0:01:50, time: 0.052, data_time: 0.001, memory: 859, loss: 8.4287
2024-10-31 09:19:48,501 - mmcls - INFO - Epoch [3][30/48]	lr: 9.755e-04, eta: 0:01:47, time: 0.050, data_time: 0.001, memory: 859, loss: 9.3365
2024-10-31 09:19:48,738 - mmcls - INFO - Epoch [3][35/48]	lr: 9.755e-04, eta: 0:01:44, time: 0.047, data_time: 0.001, memory: 859, loss: 8.0237
2024-10-31 09:19:48,976 - mmcls - INFO - Epoch [3][40/48]	lr: 9.755e-04, eta: 0:01:41, time: 0.048, data_time: 0.001, memory: 859, loss: 7.4905
2024-10-31 09:19:49,201 - mmcls - INFO - Epoch [3][45/48]	lr: 9.755e-04, eta: 0:01:38, time: 0.045, data_time: 0.001, memory: 859, loss: 7.5260
2024-10-31 09:19:49,334 - mmcls - INFO - Saving checkpoint at 3 epochs
2024-10-31 09:19:56,121 - mmcls - INFO - The previous best checkpoint /mnt/petrelfs/jiyuanfeng.p/project/radiffuser/work_dirs/downsteam/cls/medfmc/fewshot/base/10_shot_exp5/best_mAP_epoch_2.pth was removed
2024-10-31 09:19:56,392 - mmcls - INFO - Now best checkpoint is saved as best_mAP_epoch_3.pth.
2024-10-31 09:19:56,394 - mmcls - INFO - Best mAP is 20.6274 at 3 epoch.
2024-10-31 09:19:56,395 - mmcls - INFO - Epoch(val) [3][198]	mAP: 20.6274
2024-10-31 09:19:58,809 - mmcls - INFO - Epoch [4][5/48]	lr: 9.455e-04, eta: 0:01:45, time: 0.482, data_time: 0.431, memory: 859, loss: 8.4978
2024-10-31 09:19:59,058 - mmcls - INFO - Epoch [4][10/48]	lr: 9.455e-04, eta: 0:01:42, time: 0.050, data_time: 0.001, memory: 859, loss: 8.1637
2024-10-31 09:19:59,289 - mmcls - INFO - Epoch [4][15/48]	lr: 9.455e-04, eta: 0:01:39, time: 0.046, data_time: 0.001, memory: 859, loss: 8.6756
2024-10-31 09:19:59,528 - mmcls - INFO - Epoch [4][20/48]	lr: 9.455e-04, eta: 0:01:37, time: 0.048, data_time: 0.001, memory: 859, loss: 7.4998
2024-10-31 09:19:59,757 - mmcls - INFO - Epoch [4][25/48]	lr: 9.455e-04, eta: 0:01:34, time: 0.046, data_time: 0.001, memory: 859, loss: 7.1819
2024-10-31 09:19:59,990 - mmcls - INFO - Epoch [4][30/48]	lr: 9.455e-04, eta: 0:01:32, time: 0.047, data_time: 0.001, memory: 859, loss: 7.7343
2024-10-31 09:20:00,233 - mmcls - INFO - Epoch [4][35/48]	lr: 9.455e-04, eta: 0:01:30, time: 0.049, data_time: 0.001, memory: 859, loss: 7.9239
2024-10-31 09:20:00,482 - mmcls - INFO - Epoch [4][40/48]	lr: 9.455e-04, eta: 0:01:28, time: 0.050, data_time: 0.001, memory: 859, loss: 8.2926
2024-10-31 09:20:00,719 - mmcls - INFO - Epoch [4][45/48]	lr: 9.455e-04, eta: 0:01:26, time: 0.047, data_time: 0.001, memory: 859, loss: 8.7792
2024-10-31 09:20:00,866 - mmcls - INFO - Saving checkpoint at 4 epochs
2024-10-31 09:20:07,649 - mmcls - INFO - The previous best checkpoint /mnt/petrelfs/jiyuanfeng.p/project/radiffuser/work_dirs/downsteam/cls/medfmc/fewshot/base/10_shot_exp5/best_mAP_epoch_3.pth was removed
2024-10-31 09:20:07,913 - mmcls - INFO - Now best checkpoint is saved as best_mAP_epoch_4.pth.
2024-10-31 09:20:07,914 - mmcls - INFO - Best mAP is 21.8381 at 4 epoch.
2024-10-31 09:20:07,915 - mmcls - INFO - Epoch(val) [4][198]	mAP: 21.8381
2024-10-31 09:20:10,314 - mmcls - INFO - Epoch [5][5/48]	lr: 9.045e-04, eta: 0:01:31, time: 0.479, data_time: 0.427, memory: 859, loss: 8.1617
2024-10-31 09:20:10,556 - mmcls - INFO - Epoch [5][10/48]	lr: 9.045e-04, eta: 0:01:29, time: 0.048, data_time: 0.001, memory: 859, loss: 7.4669
2024-10-31 09:20:10,788 - mmcls - INFO - Epoch [5][15/48]	lr: 9.045e-04, eta: 0:01:27, time: 0.046, data_time: 0.001, memory: 859, loss: 7.2027
2024-10-31 09:20:11,024 - mmcls - INFO - Epoch [5][20/48]	lr: 9.045e-04, eta: 0:01:25, time: 0.047, data_time: 0.001, memory: 859, loss: 7.5047
2024-10-31 09:20:11,257 - mmcls - INFO - Epoch [5][25/48]	lr: 9.045e-04, eta: 0:01:24, time: 0.047, data_time: 0.001, memory: 859, loss: 8.1975
2024-10-31 09:20:11,502 - mmcls - INFO - Epoch [5][30/48]	lr: 9.045e-04, eta: 0:01:22, time: 0.049, data_time: 0.001, memory: 859, loss: 8.7728
2024-10-31 09:20:11,757 - mmcls - INFO - Epoch [5][35/48]	lr: 9.045e-04, eta: 0:01:20, time: 0.051, data_time: 0.001, memory: 859, loss: 8.4797
2024-10-31 09:20:11,990 - mmcls - INFO - Epoch [5][40/48]	lr: 9.045e-04, eta: 0:01:19, time: 0.047, data_time: 0.001, memory: 859, loss: 7.7797
2024-10-31 09:20:12,210 - mmcls - INFO - Epoch [5][45/48]	lr: 9.045e-04, eta: 0:01:17, time: 0.044, data_time: 0.001, memory: 859, loss: 7.7964
2024-10-31 09:20:12,347 - mmcls - INFO - Saving checkpoint at 5 epochs
2024-10-31 09:20:19,189 - mmcls - INFO - Epoch(val) [5][198]	mAP: 20.8098
2024-10-31 09:20:21,576 - mmcls - INFO - Epoch [6][5/48]	lr: 8.536e-04, eta: 0:01:21, time: 0.476, data_time: 0.427, memory: 859, loss: 6.8585
2024-10-31 09:20:21,811 - mmcls - INFO - Epoch [6][10/48]	lr: 8.536e-04, eta: 0:01:19, time: 0.047, data_time: 0.001, memory: 859, loss: 7.6329
2024-10-31 09:20:22,050 - mmcls - INFO - Epoch [6][15/48]	lr: 8.536e-04, eta: 0:01:18, time: 0.048, data_time: 0.001, memory: 859, loss: 6.9968
2024-10-31 09:20:22,286 - mmcls - INFO - Epoch [6][20/48]	lr: 8.536e-04, eta: 0:01:17, time: 0.047, data_time: 0.001, memory: 859, loss: 8.0112
2024-10-31 09:20:22,521 - mmcls - INFO - Epoch [6][25/48]	lr: 8.536e-04, eta: 0:01:15, time: 0.047, data_time: 0.001, memory: 859, loss: 7.4419
2024-10-31 09:20:22,751 - mmcls - INFO - Epoch [6][30/48]	lr: 8.536e-04, eta: 0:01:14, time: 0.046, data_time: 0.001, memory: 859, loss: 7.9337
2024-10-31 09:20:22,991 - mmcls - INFO - Epoch [6][35/48]	lr: 8.536e-04, eta: 0:01:13, time: 0.048, data_time: 0.001, memory: 859, loss: 8.8012
2024-10-31 09:20:23,245 - mmcls - INFO - Epoch [6][40/48]	lr: 8.536e-04, eta: 0:01:11, time: 0.051, data_time: 0.001, memory: 859, loss: 9.2778
2024-10-31 09:20:23,484 - mmcls - INFO - Epoch [6][45/48]	lr: 8.536e-04, eta: 0:01:10, time: 0.048, data_time: 0.001, memory: 859, loss: 8.7127
2024-10-31 09:20:23,618 - mmcls - INFO - Saving checkpoint at 6 epochs
2024-10-31 09:20:30,456 - mmcls - INFO - The previous best checkpoint /mnt/petrelfs/jiyuanfeng.p/project/radiffuser/work_dirs/downsteam/cls/medfmc/fewshot/base/10_shot_exp5/best_mAP_epoch_4.pth was removed
2024-10-31 09:20:30,702 - mmcls - INFO - Now best checkpoint is saved as best_mAP_epoch_6.pth.
2024-10-31 09:20:30,704 - mmcls - INFO - Best mAP is 24.2193 at 6 epoch.
2024-10-31 09:20:30,705 - mmcls - INFO - Epoch(val) [6][198]	mAP: 24.2193
2024-10-31 09:20:33,112 - mmcls - INFO - Epoch [7][5/48]	lr: 7.939e-04, eta: 0:01:13, time: 0.480, data_time: 0.432, memory: 859, loss: 7.0217
2024-10-31 09:20:33,353 - mmcls - INFO - Epoch [7][10/48]	lr: 7.939e-04, eta: 0:01:12, time: 0.048, data_time: 0.001, memory: 859, loss: 7.6516
2024-10-31 09:20:33,585 - mmcls - INFO - Epoch [7][15/48]	lr: 7.939e-04, eta: 0:01:10, time: 0.046, data_time: 0.001, memory: 859, loss: 8.4722
2024-10-31 09:20:33,820 - mmcls - INFO - Epoch [7][20/48]	lr: 7.939e-04, eta: 0:01:09, time: 0.047, data_time: 0.001, memory: 859, loss: 7.6318
2024-10-31 09:20:34,062 - mmcls - INFO - Epoch [7][25/48]	lr: 7.939e-04, eta: 0:01:08, time: 0.048, data_time: 0.001, memory: 859, loss: 7.2732
2024-10-31 09:20:34,307 - mmcls - INFO - Epoch [7][30/48]	lr: 7.939e-04, eta: 0:01:07, time: 0.049, data_time: 0.001, memory: 859, loss: 8.2446
2024-10-31 09:20:34,543 - mmcls - INFO - Epoch [7][35/48]	lr: 7.939e-04, eta: 0:01:06, time: 0.047, data_time: 0.001, memory: 859, loss: 8.3821
2024-10-31 09:20:34,793 - mmcls - INFO - Epoch [7][40/48]	lr: 7.939e-04, eta: 0:01:05, time: 0.050, data_time: 0.001, memory: 859, loss: 7.9032
2024-10-31 09:20:35,018 - mmcls - INFO - Epoch [7][45/48]	lr: 7.939e-04, eta: 0:01:04, time: 0.045, data_time: 0.001, memory: 859, loss: 7.3050
2024-10-31 09:20:35,150 - mmcls - INFO - Saving checkpoint at 7 epochs
2024-10-31 09:20:41,955 - mmcls - INFO - The previous best checkpoint /mnt/petrelfs/jiyuanfeng.p/project/radiffuser/work_dirs/downsteam/cls/medfmc/fewshot/base/10_shot_exp5/best_mAP_epoch_6.pth was removed
2024-10-31 09:20:42,200 - mmcls - INFO - Now best checkpoint is saved as best_mAP_epoch_7.pth.
2024-10-31 09:20:42,201 - mmcls - INFO - Best mAP is 26.4354 at 7 epoch.
2024-10-31 09:20:42,202 - mmcls - INFO - Epoch(val) [7][198]	mAP: 26.4354
2024-10-31 09:20:44,603 - mmcls - INFO - Epoch [8][5/48]	lr: 7.270e-04, eta: 0:01:06, time: 0.479, data_time: 0.432, memory: 859, loss: 6.6621
2024-10-31 09:20:44,836 - mmcls - INFO - Epoch [8][10/48]	lr: 7.270e-04, eta: 0:01:05, time: 0.047, data_time: 0.001, memory: 859, loss: 8.4630
2024-10-31 09:20:45,087 - mmcls - INFO - Epoch [8][15/48]	lr: 7.270e-04, eta: 0:01:04, time: 0.050, data_time: 0.001, memory: 859, loss: 7.6544
2024-10-31 09:20:45,342 - mmcls - INFO - Epoch [8][20/48]	lr: 7.270e-04, eta: 0:01:03, time: 0.051, data_time: 0.001, memory: 859, loss: 7.7513
2024-10-31 09:20:45,592 - mmcls - INFO - Epoch [8][25/48]	lr: 7.270e-04, eta: 0:01:02, time: 0.050, data_time: 0.001, memory: 859, loss: 7.5396
2024-10-31 09:20:45,823 - mmcls - INFO - Epoch [8][30/48]	lr: 7.270e-04, eta: 0:01:01, time: 0.046, data_time: 0.001, memory: 859, loss: 7.5005
2024-10-31 09:20:46,061 - mmcls - INFO - Epoch [8][35/48]	lr: 7.270e-04, eta: 0:01:00, time: 0.048, data_time: 0.001, memory: 859, loss: 7.0912
2024-10-31 09:20:46,300 - mmcls - INFO - Epoch [8][40/48]	lr: 7.270e-04, eta: 0:00:59, time: 0.048, data_time: 0.001, memory: 859, loss: 7.1722
2024-10-31 09:20:46,522 - mmcls - INFO - Epoch [8][45/48]	lr: 7.270e-04, eta: 0:00:58, time: 0.044, data_time: 0.001, memory: 859, loss: 6.8900
2024-10-31 09:20:46,654 - mmcls - INFO - Saving checkpoint at 8 epochs
2024-10-31 09:20:53,546 - mmcls - INFO - The previous best checkpoint /mnt/petrelfs/jiyuanfeng.p/project/radiffuser/work_dirs/downsteam/cls/medfmc/fewshot/base/10_shot_exp5/best_mAP_epoch_7.pth was removed
2024-10-31 09:20:53,794 - mmcls - INFO - Now best checkpoint is saved as best_mAP_epoch_8.pth.
2024-10-31 09:20:53,795 - mmcls - INFO - Best mAP is 27.1071 at 8 epoch.
2024-10-31 09:20:53,796 - mmcls - INFO - Epoch(val) [8][198]	mAP: 27.1071
2024-10-31 09:20:56,353 - mmcls - INFO - Epoch [9][5/48]	lr: 6.545e-04, eta: 0:01:00, time: 0.510, data_time: 0.432, memory: 859, loss: 7.7329
2024-10-31 09:20:56,598 - mmcls - INFO - Epoch [9][10/48]	lr: 6.545e-04, eta: 0:00:59, time: 0.049, data_time: 0.001, memory: 859, loss: 6.9497
2024-10-31 09:20:56,831 - mmcls - INFO - Epoch [9][15/48]	lr: 6.545e-04, eta: 0:00:58, time: 0.047, data_time: 0.001, memory: 859, loss: 7.2077
2024-10-31 09:20:57,073 - mmcls - INFO - Epoch [9][20/48]	lr: 6.545e-04, eta: 0:00:57, time: 0.048, data_time: 0.001, memory: 859, loss: 7.3704
2024-10-31 09:20:57,308 - mmcls - INFO - Epoch [9][25/48]	lr: 6.545e-04, eta: 0:00:56, time: 0.047, data_time: 0.001, memory: 859, loss: 7.0036
2024-10-31 09:20:57,545 - mmcls - INFO - Epoch [9][30/48]	lr: 6.545e-04, eta: 0:00:55, time: 0.047, data_time: 0.001, memory: 859, loss: 6.9998
2024-10-31 09:20:57,788 - mmcls - INFO - Epoch [9][35/48]	lr: 6.545e-04, eta: 0:00:54, time: 0.049, data_time: 0.001, memory: 859, loss: 7.2592
2024-10-31 09:20:58,033 - mmcls - INFO - Epoch [9][40/48]	lr: 6.545e-04, eta: 0:00:53, time: 0.049, data_time: 0.001, memory: 859, loss: 6.6521
2024-10-31 09:20:58,257 - mmcls - INFO - Epoch [9][45/48]	lr: 6.545e-04, eta: 0:00:53, time: 0.045, data_time: 0.001, memory: 859, loss: 6.9520
2024-10-31 09:20:58,400 - mmcls - INFO - Saving checkpoint at 9 epochs
2024-10-31 09:21:05,269 - mmcls - INFO - The previous best checkpoint /mnt/petrelfs/jiyuanfeng.p/project/radiffuser/work_dirs/downsteam/cls/medfmc/fewshot/base/10_shot_exp5/best_mAP_epoch_8.pth was removed
2024-10-31 09:21:05,510 - mmcls - INFO - Now best checkpoint is saved as best_mAP_epoch_9.pth.
2024-10-31 09:21:05,511 - mmcls - INFO - Best mAP is 31.1699 at 9 epoch.
2024-10-31 09:21:05,512 - mmcls - INFO - Epoch(val) [9][198]	mAP: 31.1699
2024-10-31 09:21:07,881 - mmcls - INFO - Epoch [10][5/48]	lr: 5.782e-04, eta: 0:00:54, time: 0.473, data_time: 0.426, memory: 859, loss: 6.1563
2024-10-31 09:21:08,113 - mmcls - INFO - Epoch [10][10/48]	lr: 5.782e-04, eta: 0:00:53, time: 0.047, data_time: 0.001, memory: 859, loss: 6.9683
2024-10-31 09:21:08,351 - mmcls - INFO - Epoch [10][15/48]	lr: 5.782e-04, eta: 0:00:52, time: 0.048, data_time: 0.001, memory: 859, loss: 7.7934
2024-10-31 09:21:08,583 - mmcls - INFO - Epoch [10][20/48]	lr: 5.782e-04, eta: 0:00:51, time: 0.046, data_time: 0.001, memory: 859, loss: 7.5841
2024-10-31 09:21:08,823 - mmcls - INFO - Epoch [10][25/48]	lr: 5.782e-04, eta: 0:00:50, time: 0.048, data_time: 0.001, memory: 859, loss: 6.4759
2024-10-31 09:21:09,057 - mmcls - INFO - Epoch [10][30/48]	lr: 5.782e-04, eta: 0:00:50, time: 0.047, data_time: 0.001, memory: 859, loss: 6.9959
2024-10-31 09:21:09,295 - mmcls - INFO - Epoch [10][35/48]	lr: 5.782e-04, eta: 0:00:49, time: 0.048, data_time: 0.001, memory: 859, loss: 5.8788
2024-10-31 09:21:09,532 - mmcls - INFO - Epoch [10][40/48]	lr: 5.782e-04, eta: 0:00:48, time: 0.047, data_time: 0.001, memory: 859, loss: 6.8364
2024-10-31 09:21:09,752 - mmcls - INFO - Epoch [10][45/48]	lr: 5.782e-04, eta: 0:00:47, time: 0.044, data_time: 0.001, memory: 859, loss: 7.6209
2024-10-31 09:21:09,883 - mmcls - INFO - Saving checkpoint at 10 epochs
2024-10-31 09:21:16,747 - mmcls - INFO - The previous best checkpoint /mnt/petrelfs/jiyuanfeng.p/project/radiffuser/work_dirs/downsteam/cls/medfmc/fewshot/base/10_shot_exp5/best_mAP_epoch_9.pth was removed
2024-10-31 09:21:16,997 - mmcls - INFO - Now best checkpoint is saved as best_mAP_epoch_10.pth.
2024-10-31 09:21:16,998 - mmcls - INFO - Best mAP is 33.0773 at 10 epoch.
2024-10-31 09:21:16,999 - mmcls - INFO - Epoch(val) [10][198]	mAP: 33.0773
2024-10-31 09:21:19,396 - mmcls - INFO - Epoch [11][5/48]	lr: 5.000e-04, eta: 0:00:48, time: 0.478, data_time: 0.430, memory: 859, loss: 6.8309
2024-10-31 09:21:19,633 - mmcls - INFO - Epoch [11][10/48]	lr: 5.000e-04, eta: 0:00:47, time: 0.047, data_time: 0.001, memory: 859, loss: 6.7649
2024-10-31 09:21:19,867 - mmcls - INFO - Epoch [11][15/48]	lr: 5.000e-04, eta: 0:00:46, time: 0.047, data_time: 0.001, memory: 859, loss: 6.5050
2024-10-31 09:21:20,099 - mmcls - INFO - Epoch [11][20/48]	lr: 5.000e-04, eta: 0:00:46, time: 0.046, data_time: 0.001, memory: 859, loss: 7.2967
2024-10-31 09:21:20,333 - mmcls - INFO - Epoch [11][25/48]	lr: 5.000e-04, eta: 0:00:45, time: 0.047, data_time: 0.001, memory: 859, loss: 5.9155
2024-10-31 09:21:20,561 - mmcls - INFO - Epoch [11][30/48]	lr: 5.000e-04, eta: 0:00:44, time: 0.046, data_time: 0.001, memory: 859, loss: 7.6043
2024-10-31 09:21:20,798 - mmcls - INFO - Epoch [11][35/48]	lr: 5.000e-04, eta: 0:00:44, time: 0.047, data_time: 0.001, memory: 859, loss: 6.6217
2024-10-31 09:21:21,026 - mmcls - INFO - Epoch [11][40/48]	lr: 5.000e-04, eta: 0:00:43, time: 0.046, data_time: 0.001, memory: 859, loss: 7.5226
2024-10-31 09:21:21,248 - mmcls - INFO - Epoch [11][45/48]	lr: 5.000e-04, eta: 0:00:42, time: 0.044, data_time: 0.001, memory: 859, loss: 7.0899
2024-10-31 09:21:21,378 - mmcls - INFO - Saving checkpoint at 11 epochs
2024-10-31 09:21:28,188 - mmcls - INFO - Epoch(val) [11][198]	mAP: 32.8424
2024-10-31 09:21:30,599 - mmcls - INFO - Epoch [12][5/48]	lr: 4.218e-04, eta: 0:00:43, time: 0.481, data_time: 0.434, memory: 859, loss: 6.2356
2024-10-31 09:21:30,833 - mmcls - INFO - Epoch [12][10/48]	lr: 4.218e-04, eta: 0:00:42, time: 0.047, data_time: 0.001, memory: 859, loss: 7.0592
2024-10-31 09:21:31,065 - mmcls - INFO - Epoch [12][15/48]	lr: 4.218e-04, eta: 0:00:41, time: 0.046, data_time: 0.001, memory: 859, loss: 7.1441
2024-10-31 09:21:31,309 - mmcls - INFO - Epoch [12][20/48]	lr: 4.218e-04, eta: 0:00:40, time: 0.049, data_time: 0.001, memory: 859, loss: 6.9747
2024-10-31 09:21:31,538 - mmcls - INFO - Epoch [12][25/48]	lr: 4.218e-04, eta: 0:00:40, time: 0.046, data_time: 0.001, memory: 859, loss: 6.2551
2024-10-31 09:21:31,776 - mmcls - INFO - Epoch [12][30/48]	lr: 4.218e-04, eta: 0:00:39, time: 0.048, data_time: 0.001, memory: 859, loss: 7.0798
2024-10-31 09:21:32,024 - mmcls - INFO - Epoch [12][35/48]	lr: 4.218e-04, eta: 0:00:38, time: 0.050, data_time: 0.001, memory: 859, loss: 5.8127
2024-10-31 09:21:32,274 - mmcls - INFO - Epoch [12][40/48]	lr: 4.218e-04, eta: 0:00:38, time: 0.050, data_time: 0.001, memory: 859, loss: 7.0716
2024-10-31 09:21:32,525 - mmcls - INFO - Epoch [12][45/48]	lr: 4.218e-04, eta: 0:00:37, time: 0.050, data_time: 0.001, memory: 859, loss: 6.9325
2024-10-31 09:21:32,671 - mmcls - INFO - Saving checkpoint at 12 epochs
2024-10-31 09:21:39,576 - mmcls - INFO - The previous best checkpoint /mnt/petrelfs/jiyuanfeng.p/project/radiffuser/work_dirs/downsteam/cls/medfmc/fewshot/base/10_shot_exp5/best_mAP_epoch_10.pth was removed
2024-10-31 09:21:39,823 - mmcls - INFO - Now best checkpoint is saved as best_mAP_epoch_12.pth.
2024-10-31 09:21:39,824 - mmcls - INFO - Best mAP is 35.2107 at 12 epoch.
2024-10-31 09:21:39,825 - mmcls - INFO - Epoch(val) [12][198]	mAP: 35.2107
2024-10-31 09:21:42,225 - mmcls - INFO - Epoch [13][5/48]	lr: 3.455e-04, eta: 0:00:37, time: 0.479, data_time: 0.433, memory: 859, loss: 6.5235
2024-10-31 09:21:42,462 - mmcls - INFO - Epoch [13][10/48]	lr: 3.455e-04, eta: 0:00:37, time: 0.048, data_time: 0.001, memory: 859, loss: 6.4211
2024-10-31 09:21:42,692 - mmcls - INFO - Epoch [13][15/48]	lr: 3.455e-04, eta: 0:00:36, time: 0.046, data_time: 0.001, memory: 859, loss: 6.4001
2024-10-31 09:21:42,931 - mmcls - INFO - Epoch [13][20/48]	lr: 3.455e-04, eta: 0:00:35, time: 0.048, data_time: 0.001, memory: 859, loss: 5.7736
2024-10-31 09:21:43,180 - mmcls - INFO - Epoch [13][25/48]	lr: 3.455e-04, eta: 0:00:35, time: 0.050, data_time: 0.001, memory: 859, loss: 6.8695
2024-10-31 09:21:43,417 - mmcls - INFO - Epoch [13][30/48]	lr: 3.455e-04, eta: 0:00:34, time: 0.047, data_time: 0.001, memory: 859, loss: 7.3193
2024-10-31 09:21:43,647 - mmcls - INFO - Epoch [13][35/48]	lr: 3.455e-04, eta: 0:00:34, time: 0.046, data_time: 0.001, memory: 859, loss: 5.8220
2024-10-31 09:21:43,873 - mmcls - INFO - Epoch [13][40/48]	lr: 3.455e-04, eta: 0:00:33, time: 0.045, data_time: 0.001, memory: 859, loss: 6.0161
2024-10-31 09:21:44,094 - mmcls - INFO - Epoch [13][45/48]	lr: 3.455e-04, eta: 0:00:32, time: 0.044, data_time: 0.001, memory: 859, loss: 7.0323
2024-10-31 09:21:44,226 - mmcls - INFO - Saving checkpoint at 13 epochs
2024-10-31 09:21:51,069 - mmcls - INFO - Epoch(val) [13][198]	mAP: 34.9318
2024-10-31 09:21:53,456 - mmcls - INFO - Epoch [14][5/48]	lr: 2.730e-04, eta: 0:00:32, time: 0.476, data_time: 0.428, memory: 859, loss: 5.7238
2024-10-31 09:21:53,709 - mmcls - INFO - Epoch [14][10/48]	lr: 2.730e-04, eta: 0:00:32, time: 0.051, data_time: 0.001, memory: 859, loss: 5.9573
2024-10-31 09:21:53,958 - mmcls - INFO - Epoch [14][15/48]	lr: 2.730e-04, eta: 0:00:31, time: 0.050, data_time: 0.001, memory: 859, loss: 6.0900
2024-10-31 09:21:54,190 - mmcls - INFO - Epoch [14][20/48]	lr: 2.730e-04, eta: 0:00:30, time: 0.046, data_time: 0.001, memory: 859, loss: 5.8429
2024-10-31 09:21:54,420 - mmcls - INFO - Epoch [14][25/48]	lr: 2.730e-04, eta: 0:00:30, time: 0.046, data_time: 0.001, memory: 859, loss: 6.5857
2024-10-31 09:21:54,648 - mmcls - INFO - Epoch [14][30/48]	lr: 2.730e-04, eta: 0:00:29, time: 0.046, data_time: 0.001, memory: 859, loss: 6.8873
2024-10-31 09:21:54,878 - mmcls - INFO - Epoch [14][35/48]	lr: 2.730e-04, eta: 0:00:29, time: 0.046, data_time: 0.001, memory: 859, loss: 6.6677
2024-10-31 09:21:55,114 - mmcls - INFO - Epoch [14][40/48]	lr: 2.730e-04, eta: 0:00:28, time: 0.047, data_time: 0.001, memory: 859, loss: 6.6463
2024-10-31 09:21:55,335 - mmcls - INFO - Epoch [14][45/48]	lr: 2.730e-04, eta: 0:00:27, time: 0.044, data_time: 0.001, memory: 859, loss: 7.0563
2024-10-31 09:21:55,467 - mmcls - INFO - Saving checkpoint at 14 epochs
2024-10-31 09:22:02,380 - mmcls - INFO - The previous best checkpoint /mnt/petrelfs/jiyuanfeng.p/project/radiffuser/work_dirs/downsteam/cls/medfmc/fewshot/base/10_shot_exp5/best_mAP_epoch_12.pth was removed
2024-10-31 09:22:02,644 - mmcls - INFO - Now best checkpoint is saved as best_mAP_epoch_14.pth.
2024-10-31 09:22:02,645 - mmcls - INFO - Best mAP is 36.3806 at 14 epoch.
2024-10-31 09:22:02,646 - mmcls - INFO - Epoch(val) [14][198]	mAP: 36.3806
2024-10-31 09:22:05,027 - mmcls - INFO - Epoch [15][5/48]	lr: 2.061e-04, eta: 0:00:27, time: 0.475, data_time: 0.428, memory: 859, loss: 5.9064
2024-10-31 09:22:05,288 - mmcls - INFO - Epoch [15][10/48]	lr: 2.061e-04, eta: 0:00:27, time: 0.052, data_time: 0.001, memory: 859, loss: 6.0475
2024-10-31 09:22:05,533 - mmcls - INFO - Epoch [15][15/48]	lr: 2.061e-04, eta: 0:00:26, time: 0.049, data_time: 0.001, memory: 859, loss: 6.2250
2024-10-31 09:22:05,789 - mmcls - INFO - Epoch [15][20/48]	lr: 2.061e-04, eta: 0:00:26, time: 0.051, data_time: 0.001, memory: 859, loss: 6.9090
2024-10-31 09:22:06,037 - mmcls - INFO - Epoch [15][25/48]	lr: 2.061e-04, eta: 0:00:25, time: 0.050, data_time: 0.001, memory: 859, loss: 6.2097
2024-10-31 09:22:06,294 - mmcls - INFO - Epoch [15][30/48]	lr: 2.061e-04, eta: 0:00:24, time: 0.052, data_time: 0.001, memory: 859, loss: 6.9773
2024-10-31 09:22:06,548 - mmcls - INFO - Epoch [15][35/48]	lr: 2.061e-04, eta: 0:00:24, time: 0.051, data_time: 0.001, memory: 859, loss: 5.4268
2024-10-31 09:22:06,805 - mmcls - INFO - Epoch [15][40/48]	lr: 2.061e-04, eta: 0:00:23, time: 0.051, data_time: 0.001, memory: 859, loss: 5.8442
2024-10-31 09:22:07,048 - mmcls - INFO - Epoch [15][45/48]	lr: 2.061e-04, eta: 0:00:23, time: 0.049, data_time: 0.001, memory: 859, loss: 5.8050
2024-10-31 09:22:07,192 - mmcls - INFO - Saving checkpoint at 15 epochs
2024-10-31 09:22:13,990 - mmcls - INFO - The previous best checkpoint /mnt/petrelfs/jiyuanfeng.p/project/radiffuser/work_dirs/downsteam/cls/medfmc/fewshot/base/10_shot_exp5/best_mAP_epoch_14.pth was removed
2024-10-31 09:22:14,236 - mmcls - INFO - Now best checkpoint is saved as best_mAP_epoch_15.pth.
2024-10-31 09:22:14,237 - mmcls - INFO - Best mAP is 38.6578 at 15 epoch.
2024-10-31 09:22:14,238 - mmcls - INFO - Epoch(val) [15][198]	mAP: 38.6578
2024-10-31 09:22:16,634 - mmcls - INFO - Epoch [16][5/48]	lr: 1.464e-04, eta: 0:00:23, time: 0.478, data_time: 0.430, memory: 859, loss: 5.9548
2024-10-31 09:22:16,873 - mmcls - INFO - Epoch [16][10/48]	lr: 1.464e-04, eta: 0:00:22, time: 0.048, data_time: 0.001, memory: 859, loss: 5.3690
2024-10-31 09:22:17,103 - mmcls - INFO - Epoch [16][15/48]	lr: 1.464e-04, eta: 0:00:21, time: 0.046, data_time: 0.001, memory: 859, loss: 7.1978
2024-10-31 09:22:17,335 - mmcls - INFO - Epoch [16][20/48]	lr: 1.464e-04, eta: 0:00:21, time: 0.046, data_time: 0.001, memory: 859, loss: 6.6675
2024-10-31 09:22:17,575 - mmcls - INFO - Epoch [16][25/48]	lr: 1.464e-04, eta: 0:00:20, time: 0.048, data_time: 0.001, memory: 859, loss: 5.8433
2024-10-31 09:22:17,825 - mmcls - INFO - Epoch [16][30/48]	lr: 1.464e-04, eta: 0:00:20, time: 0.050, data_time: 0.001, memory: 859, loss: 6.1294
2024-10-31 09:22:18,066 - mmcls - INFO - Epoch [16][35/48]	lr: 1.464e-04, eta: 0:00:19, time: 0.048, data_time: 0.001, memory: 859, loss: 5.9479
2024-10-31 09:22:18,298 - mmcls - INFO - Epoch [16][40/48]	lr: 1.464e-04, eta: 0:00:19, time: 0.046, data_time: 0.001, memory: 859, loss: 5.7798
2024-10-31 09:22:18,517 - mmcls - INFO - Epoch [16][45/48]	lr: 1.464e-04, eta: 0:00:18, time: 0.044, data_time: 0.001, memory: 859, loss: 6.3127
2024-10-31 09:22:18,649 - mmcls - INFO - Saving checkpoint at 16 epochs
2024-10-31 09:22:25,456 - mmcls - INFO - The previous best checkpoint /mnt/petrelfs/jiyuanfeng.p/project/radiffuser/work_dirs/downsteam/cls/medfmc/fewshot/base/10_shot_exp5/best_mAP_epoch_15.pth was removed
2024-10-31 09:22:25,707 - mmcls - INFO - Now best checkpoint is saved as best_mAP_epoch_16.pth.
2024-10-31 09:22:25,709 - mmcls - INFO - Best mAP is 39.7281 at 16 epoch.
2024-10-31 09:22:25,710 - mmcls - INFO - Epoch(val) [16][198]	mAP: 39.7281
2024-10-31 09:22:28,104 - mmcls - INFO - Epoch [17][5/48]	lr: 9.549e-05, eta: 0:00:18, time: 0.478, data_time: 0.431, memory: 859, loss: 6.8125
2024-10-31 09:22:28,344 - mmcls - INFO - Epoch [17][10/48]	lr: 9.549e-05, eta: 0:00:17, time: 0.048, data_time: 0.001, memory: 859, loss: 5.6809
2024-10-31 09:22:28,582 - mmcls - INFO - Epoch [17][15/48]	lr: 9.549e-05, eta: 0:00:17, time: 0.047, data_time: 0.001, memory: 859, loss: 5.9428
2024-10-31 09:22:28,820 - mmcls - INFO - Epoch [17][20/48]	lr: 9.549e-05, eta: 0:00:16, time: 0.048, data_time: 0.001, memory: 859, loss: 5.9978
2024-10-31 09:22:29,060 - mmcls - INFO - Epoch [17][25/48]	lr: 9.549e-05, eta: 0:00:16, time: 0.048, data_time: 0.001, memory: 859, loss: 5.6559
2024-10-31 09:22:29,306 - mmcls - INFO - Epoch [17][30/48]	lr: 9.549e-05, eta: 0:00:15, time: 0.049, data_time: 0.001, memory: 859, loss: 5.6019
2024-10-31 09:22:29,539 - mmcls - INFO - Epoch [17][35/48]	lr: 9.549e-05, eta: 0:00:15, time: 0.047, data_time: 0.001, memory: 859, loss: 6.3405
2024-10-31 09:22:29,775 - mmcls - INFO - Epoch [17][40/48]	lr: 9.549e-05, eta: 0:00:14, time: 0.047, data_time: 0.001, memory: 859, loss: 5.4871
2024-10-31 09:22:29,995 - mmcls - INFO - Epoch [17][45/48]	lr: 9.549e-05, eta: 0:00:13, time: 0.044, data_time: 0.001, memory: 859, loss: 5.0783
2024-10-31 09:22:30,126 - mmcls - INFO - Saving checkpoint at 17 epochs
2024-10-31 09:22:37,044 - mmcls - INFO - Epoch(val) [17][198]	mAP: 39.3239
2024-10-31 09:22:39,431 - mmcls - INFO - Epoch [18][5/48]	lr: 5.450e-05, eta: 0:00:13, time: 0.476, data_time: 0.428, memory: 859, loss: 5.5825
2024-10-31 09:22:39,664 - mmcls - INFO - Epoch [18][10/48]	lr: 5.450e-05, eta: 0:00:12, time: 0.047, data_time: 0.001, memory: 859, loss: 5.1531
2024-10-31 09:22:39,896 - mmcls - INFO - Epoch [18][15/48]	lr: 5.450e-05, eta: 0:00:12, time: 0.046, data_time: 0.001, memory: 859, loss: 4.9669
2024-10-31 09:22:40,126 - mmcls - INFO - Epoch [18][20/48]	lr: 5.450e-05, eta: 0:00:11, time: 0.046, data_time: 0.001, memory: 859, loss: 5.8987
2024-10-31 09:22:40,356 - mmcls - INFO - Epoch [18][25/48]	lr: 5.450e-05, eta: 0:00:11, time: 0.046, data_time: 0.001, memory: 859, loss: 6.1035
2024-10-31 09:22:40,586 - mmcls - INFO - Epoch [18][30/48]	lr: 5.450e-05, eta: 0:00:10, time: 0.046, data_time: 0.001, memory: 859, loss: 6.0790
2024-10-31 09:22:40,819 - mmcls - INFO - Epoch [18][35/48]	lr: 5.450e-05, eta: 0:00:10, time: 0.047, data_time: 0.001, memory: 859, loss: 6.6759
2024-10-31 09:22:41,056 - mmcls - INFO - Epoch [18][40/48]	lr: 5.450e-05, eta: 0:00:09, time: 0.047, data_time: 0.001, memory: 859, loss: 5.3890
2024-10-31 09:22:41,277 - mmcls - INFO - Epoch [18][45/48]	lr: 5.450e-05, eta: 0:00:09, time: 0.044, data_time: 0.001, memory: 859, loss: 6.0548
2024-10-31 09:22:41,408 - mmcls - INFO - Saving checkpoint at 18 epochs
2024-10-31 09:22:48,367 - mmcls - INFO - Epoch(val) [18][198]	mAP: 39.2024
2024-10-31 09:22:50,792 - mmcls - INFO - Epoch [19][5/48]	lr: 2.447e-05, eta: 0:00:08, time: 0.484, data_time: 0.433, memory: 859, loss: 5.7139
2024-10-31 09:22:51,053 - mmcls - INFO - Epoch [19][10/48]	lr: 2.447e-05, eta: 0:00:08, time: 0.052, data_time: 0.001, memory: 859, loss: 5.8084
2024-10-31 09:22:51,296 - mmcls - INFO - Epoch [19][15/48]	lr: 2.447e-05, eta: 0:00:07, time: 0.049, data_time: 0.001, memory: 859, loss: 6.6643
2024-10-31 09:22:51,532 - mmcls - INFO - Epoch [19][20/48]	lr: 2.447e-05, eta: 0:00:07, time: 0.047, data_time: 0.001, memory: 859, loss: 5.8540
2024-10-31 09:22:51,762 - mmcls - INFO - Epoch [19][25/48]	lr: 2.447e-05, eta: 0:00:06, time: 0.046, data_time: 0.001, memory: 859, loss: 5.2880
2024-10-31 09:22:51,997 - mmcls - INFO - Epoch [19][30/48]	lr: 2.447e-05, eta: 0:00:06, time: 0.047, data_time: 0.001, memory: 859, loss: 5.7311
2024-10-31 09:22:52,226 - mmcls - INFO - Epoch [19][35/48]	lr: 2.447e-05, eta: 0:00:05, time: 0.046, data_time: 0.001, memory: 859, loss: 5.4311
2024-10-31 09:22:52,457 - mmcls - INFO - Epoch [19][40/48]	lr: 2.447e-05, eta: 0:00:05, time: 0.046, data_time: 0.001, memory: 859, loss: 6.5121
2024-10-31 09:22:52,679 - mmcls - INFO - Epoch [19][45/48]	lr: 2.447e-05, eta: 0:00:04, time: 0.044, data_time: 0.001, memory: 859, loss: 6.2388
2024-10-31 09:22:52,810 - mmcls - INFO - Saving checkpoint at 19 epochs
2024-10-31 09:22:59,598 - mmcls - INFO - Epoch(val) [19][198]	mAP: 39.6183
2024-10-31 09:23:02,003 - mmcls - INFO - Epoch [20][5/48]	lr: 6.156e-06, eta: 0:00:04, time: 0.480, data_time: 0.430, memory: 859, loss: 6.1899
2024-10-31 09:23:02,255 - mmcls - INFO - Epoch [20][10/48]	lr: 6.156e-06, eta: 0:00:03, time: 0.050, data_time: 0.001, memory: 859, loss: 5.7417
2024-10-31 09:23:02,491 - mmcls - INFO - Epoch [20][15/48]	lr: 6.156e-06, eta: 0:00:03, time: 0.047, data_time: 0.001, memory: 859, loss: 5.5148
2024-10-31 09:23:02,724 - mmcls - INFO - Epoch [20][20/48]	lr: 6.156e-06, eta: 0:00:02, time: 0.047, data_time: 0.001, memory: 859, loss: 5.1900
2024-10-31 09:23:02,956 - mmcls - INFO - Epoch [20][25/48]	lr: 6.156e-06, eta: 0:00:02, time: 0.046, data_time: 0.001, memory: 859, loss: 6.1515
2024-10-31 09:23:03,190 - mmcls - INFO - Epoch [20][30/48]	lr: 6.156e-06, eta: 0:00:01, time: 0.047, data_time: 0.001, memory: 859, loss: 6.5558
2024-10-31 09:23:03,425 - mmcls - INFO - Epoch [20][35/48]	lr: 6.156e-06, eta: 0:00:01, time: 0.047, data_time: 0.001, memory: 859, loss: 6.0435
2024-10-31 09:23:03,661 - mmcls - INFO - Epoch [20][40/48]	lr: 6.156e-06, eta: 0:00:00, time: 0.047, data_time: 0.001, memory: 859, loss: 6.1575
2024-10-31 09:23:03,896 - mmcls - INFO - Epoch [20][45/48]	lr: 6.156e-06, eta: 0:00:00, time: 0.047, data_time: 0.001, memory: 859, loss: 5.7647
2024-10-31 09:23:04,034 - mmcls - INFO - Saving checkpoint at 20 epochs
2024-10-31 09:23:10,909 - mmcls - INFO - Epoch(val) [20][198]	mAP: 38.8124
